0.2652 	WARNING 	Movie2 stim could not be imported and won't be available
5.1344 	WARNING 	User requested fullscreen with size [1024  768], but screen is actually [2560, 1440]. Using actual size
57.7252 	DATA 	Keypress: return
60.6951 	DATA 	Keypress: 3
63.7107 	DATA 	Keypress: 1
66.9502 	DATA 	Keypress: 1
70.1908 	DATA 	Keypress: 1
73.3709 	DATA 	Keypress: 1
76.5207 	DATA 	Keypress: 3
79.2808 	DATA 	Keypress: 1
82.4611 	DATA 	Keypress: 1
85.5512 	DATA 	Keypress: 1
88.6268 	DATA 	Keypress: 3
91.6564 	DATA 	Keypress: 1
94.4618 	DATA 	Keypress: 3
97.4916 	DATA 	Keypress: 3
100.7323 	DATA 	Keypress: 3
104.4072 	DATA 	Keypress: 1
107.4376 	DATA 	Keypress: 3
110.4973 	DATA 	Keypress: 1
113.5726 	DATA 	Keypress: 3
116.7230 	DATA 	Keypress: 3
119.8430 	DATA 	Keypress: 3
123.3683 	DATA 	Keypress: return
125.4678 	DATA 	RatingScale unnamed RatingScale: rating=None (no response, timed out after 1.000s)
125.4678 	DATA 	RatingScale unnamed RatingScale: rating RT=1.009s
126.4857 	ERROR 	Couldn't find image file 'selected_images/grayscale_art1732.jpg'; check path?
128.5352 	DATA 	RatingScale unnamed RatingScale: rating=None (no response, timed out after 1.000s)
128.5352 	DATA 	RatingScale unnamed RatingScale: rating RT=1.016s
128.7185 	DATA 	Keypress: 2
131.3877 	DATA 	Keypress: 1
131.3880 	DATA 	RatingScale unnamed RatingScale: (key single-click) rating=1
131.3880 	DATA 	RatingScale unnamed RatingScale: rating RT=0.752
131.3880 	DATA 	RatingScale unnamed RatingScale: history=[(None, 0.0)]
134.3379 	DATA 	Keypress: 2
134.3382 	DATA 	RatingScale unnamed RatingScale: (key single-click) rating=2
134.3382 	DATA 	RatingScale unnamed RatingScale: rating RT=0.852
134.3382 	DATA 	RatingScale unnamed RatingScale: history=[(None, 0.0)]
135.3552 	ERROR 	Couldn't find image file 'selected_images/grayscale_p1010589.jpg'; check path?
136.9900 	DATA 	Keypress: 4
136.9902 	DATA 	RatingScale unnamed RatingScale: (key single-click) rating=4
136.9903 	DATA 	RatingScale unnamed RatingScale: rating RT=0.601
136.9903 	DATA 	RatingScale unnamed RatingScale: history=[(None, 0.0)]
139.4742 	DATA 	Keypress: 2
140.0894 	DATA 	RatingScale unnamed RatingScale: rating=2 (no response, timed out after 1.000s)
140.0894 	DATA 	RatingScale unnamed RatingScale: rating RT=1.001s
142.7082 	DATA 	Keypress: 4
142.7085 	DATA 	RatingScale unnamed RatingScale: (key single-click) rating=4
142.7085 	DATA 	RatingScale unnamed RatingScale: rating RT=0.518
142.7085 	DATA 	RatingScale unnamed RatingScale: history=[(None, 0.0)]
143.7239 	ERROR 	Couldn't find image file 'selected_images/grayscale_p1010186.jpg'; check path?
145.5762 	DATA 	Keypress: 2
145.5765 	DATA 	RatingScale unnamed RatingScale: (key single-click) rating=2
145.5765 	DATA 	RatingScale unnamed RatingScale: rating RT=0.802
145.5765 	DATA 	RatingScale unnamed RatingScale: history=[(None, 0.0)]
146.5920 	ERROR 	Couldn't find image file 'selected_images/grayscale_hexp12.jpg'; check path?
148.1928 	DATA 	Keypress: 4
148.1930 	DATA 	RatingScale unnamed RatingScale: (key single-click) rating=4
148.1931 	DATA 	RatingScale unnamed RatingScale: rating RT=0.551
148.1931 	DATA 	RatingScale unnamed RatingScale: history=[(None, 0.0)]
149.2090 	ERROR 	Couldn't find image file 'selected_images/grayscale_urban158.jpg'; check path?
150.5441 	DATA 	Keypress: 1
151.2593 	DATA 	RatingScale unnamed RatingScale: rating=1 (no response, timed out after 1.000s)
151.2593 	DATA 	RatingScale unnamed RatingScale: rating RT=1.000s
152.2772 	ERROR 	Couldn't find image file 'selected_images/grayscale_par123.jpg'; check path?
153.8110 	DATA 	Keypress: 2
153.8114 	DATA 	RatingScale unnamed RatingScale: (key single-click) rating=2
153.8114 	DATA 	RatingScale unnamed RatingScale: rating RT=0.502
153.8114 	DATA 	RatingScale unnamed RatingScale: history=[(None, 0.0)]
154.8282 	ERROR 	Couldn't find image file 'selected_images/grayscale_urban73.jpg'; check path?
156.4298 	DATA 	Keypress: 4
156.4301 	DATA 	RatingScale unnamed RatingScale: (key single-click) rating=4
156.4302 	DATA 	RatingScale unnamed RatingScale: rating RT=0.569
156.4302 	DATA 	RatingScale unnamed RatingScale: history=[(None, 0.0)]
158.8302 	DATA 	Keypress: 1
159.5455 	DATA 	RatingScale unnamed RatingScale: rating=1 (no response, timed out after 1.000s)
159.5456 	DATA 	RatingScale unnamed RatingScale: rating RT=1.017s
160.5635 	ERROR 	Couldn't find image file 'selected_images/grayscale_city5.jpg'; check path?
161.9813 	DATA 	Keypress: 2
162.6296 	DATA 	RatingScale unnamed RatingScale: rating=2 (no response, timed out after 1.000s)
162.6296 	DATA 	RatingScale unnamed RatingScale: rating RT=1.017s
164.3802 	DATA 	Keypress: 3
165.7477 	DATA 	RatingScale unnamed RatingScale: rating=3 (no response, timed out after 1.000s)
165.7477 	DATA 	RatingScale unnamed RatingScale: rating RT=1.017s
166.7648 	ERROR 	Couldn't find image file 'selected_images/grayscale_par85.jpg'; check path?
167.1144 	DATA 	Keypress: 1
168.8148 	DATA 	RatingScale unnamed RatingScale: rating=1 (no response, timed out after 1.000s)
168.8148 	DATA 	RatingScale unnamed RatingScale: rating RT=1.017s
170.1826 	DATA 	Keypress: 3
171.9329 	DATA 	RatingScale unnamed RatingScale: rating=3 (no response, timed out after 1.000s)
171.9329 	DATA 	RatingScale unnamed RatingScale: rating RT=1.017s
172.9511 	ERROR 	Couldn't find image file 'selected_images/grayscale_p1010073.jpg'; check path?
173.4495 	DATA 	Keypress: 2
174.9841 	DATA 	RatingScale unnamed RatingScale: rating=2 (no response, timed out after 1.000s)
174.9841 	DATA 	RatingScale unnamed RatingScale: rating RT=1.000s
176.0015 	ERROR 	Couldn't find image file 'selected_images/grayscale_sky3.jpg'; check path?
177.0531 	DATA 	Keypress: 3
178.0515 	DATA 	RatingScale unnamed RatingScale: rating=3 (no response, timed out after 1.000s)
178.0515 	DATA 	RatingScale unnamed RatingScale: rating RT=1.017s
179.0685 	ERROR 	Couldn't find image file 'selected_images/grayscale_p9110486.jpg'; check path?
180.9213 	DATA 	Keypress: 3
180.9215 	DATA 	RatingScale unnamed RatingScale: (key single-click) rating=3
180.9216 	DATA 	RatingScale unnamed RatingScale: rating RT=0.819
180.9216 	DATA 	RatingScale unnamed RatingScale: history=[(None, 0.0)]
181.9367 	ERROR 	Couldn't find image file 'selected_images/grayscale_p1010323.jpg'; check path?
182.6690 	DATA 	Keypress: 2
183.9867 	DATA 	RatingScale unnamed RatingScale: rating=2 (no response, timed out after 1.000s)
183.9867 	DATA 	RatingScale unnamed RatingScale: rating RT=1.017s
185.0047 	ERROR 	Couldn't find image file 'selected_images/grayscale_par118.jpg'; check path?
185.6372 	DATA 	Keypress: 1
187.0378 	DATA 	RatingScale unnamed RatingScale: rating=1 (no response, timed out after 1.000s)
187.0378 	DATA 	RatingScale unnamed RatingScale: rating RT=1.000s
188.0551 	ERROR 	Couldn't find image file 'selected_images/grayscale_boston255.jpg'; check path?
189.1728 	DATA 	Keypress: 3
190.1052 	DATA 	RatingScale unnamed RatingScale: rating=3 (no response, timed out after 1.000s)
190.1052 	DATA 	RatingScale unnamed RatingScale: rating RT=1.016s
191.1231 	ERROR 	Couldn't find image file 'selected_images/grayscale_par162.jpg'; check path?
192.1761 	DATA 	Keypress: 2
193.1894 	DATA 	RatingScale unnamed RatingScale: rating=2 (no response, timed out after 1.000s)
193.1894 	DATA 	RatingScale unnamed RatingScale: rating RT=1.016s
194.2071 	ERROR 	Couldn't find image file 'selected_images/grayscale_gre116.jpg'; check path?
195.0577 	DATA 	Keypress: 3
196.2412 	DATA 	RatingScale unnamed RatingScale: rating=3 (no response, timed out after 1.000s)
196.2412 	DATA 	RatingScale unnamed RatingScale: rating RT=1.001s
197.2582 	ERROR 	Couldn't find image file 'selected_images/grayscale_art1199.jpg'; check path?
198.3262 	DATA 	Keypress: 3
199.2915 	DATA 	RatingScale unnamed RatingScale: rating=3 (no response, timed out after 1.000s)
199.2915 	DATA 	RatingScale unnamed RatingScale: rating RT=1.001s
200.3096 	ERROR 	Couldn't find image file 'selected_images/grayscale_urb911.jpg'; check path?
201.3453 	DATA 	Keypress: 1
202.3595 	DATA 	RatingScale unnamed RatingScale: rating=1 (no response, timed out after 1.000s)
202.3595 	DATA 	RatingScale unnamed RatingScale: rating RT=1.017s
203.3769 	ERROR 	Couldn't find image file 'selected_images/grayscale_boston270.jpg'; check path?
204.4625 	DATA 	Keypress: 3
205.4769 	DATA 	RatingScale unnamed RatingScale: rating=3 (no response, timed out after 1.000s)
205.4769 	DATA 	RatingScale unnamed RatingScale: rating RT=1.017s
206.4941 	ERROR 	Couldn't find image file 'selected_images/grayscale_a212018.jpg'; check path?
208.2125 	DATA 	Keypress: 2
208.2128 	DATA 	RatingScale unnamed RatingScale: (key single-click) rating=2
208.2128 	DATA 	RatingScale unnamed RatingScale: rating RT=0.684
208.2129 	DATA 	RatingScale unnamed RatingScale: history=[(None, 0.0)]
209.2288 	ERROR 	Couldn't find image file 'selected_images/grayscale_a538076.jpg'; check path?
210.6638 	DATA 	Keypress: 2
211.2790 	DATA 	RatingScale unnamed RatingScale: rating=2 (no response, timed out after 1.000s)
211.2790 	DATA 	RatingScale unnamed RatingScale: rating RT=1.017s
212.2963 	ERROR 	Couldn't find image file 'selected_images/grayscale_p1010619.jpg'; check path?
213.3640 	DATA 	Keypress: 3
214.3464 	DATA 	RatingScale unnamed RatingScale: rating=3 (no response, timed out after 1.000s)
214.3464 	DATA 	RatingScale unnamed RatingScale: rating RT=1.017s
216.1479 	DATA 	Keypress: 1
217.5143 	DATA 	RatingScale unnamed RatingScale: rating=1 (no response, timed out after 1.000s)
217.5143 	DATA 	RatingScale unnamed RatingScale: rating RT=1.017s
219.4309 	DATA 	Keypress: 1
220.6317 	DATA 	RatingScale unnamed RatingScale: rating=1 (no response, timed out after 1.000s)
220.6317 	DATA 	RatingScale unnamed RatingScale: rating RT=1.016s
221.6497 	ERROR 	Couldn't find image file 'selected_images/grayscale_street02.jpg'; check path?
222.2991 	DATA 	Keypress: 4
223.6988 	DATA 	RatingScale unnamed RatingScale: rating=4 (no response, timed out after 1.000s)
223.6988 	DATA 	RatingScale unnamed RatingScale: rating RT=1.017s
226.1687 	DATA 	Keypress: 1
226.8171 	DATA 	RatingScale unnamed RatingScale: rating=1 (no response, timed out after 1.000s)
226.8171 	DATA 	RatingScale unnamed RatingScale: rating RT=1.016s
227.8348 	ERROR 	Couldn't find image file 'selected_images/grayscale_city10.jpg'; check path?
228.9528 	DATA 	Keypress: 2
229.8849 	DATA 	RatingScale unnamed RatingScale: rating=2 (no response, timed out after 1.000s)
229.8849 	DATA 	RatingScale unnamed RatingScale: rating RT=1.017s
230.9023 	ERROR 	Couldn't find image file 'selected_images/grayscale_par87.jpg'; check path?
231.5523 	DATA 	Keypress: 3
232.9522 	DATA 	RatingScale unnamed RatingScale: rating=3 (no response, timed out after 1.000s)
232.9522 	DATA 	RatingScale unnamed RatingScale: rating RT=1.016s
235.5886 	DATA 	Keypress: 2
235.6052 	DATA 	RatingScale unnamed RatingScale: (key single-click) rating=2
235.6053 	DATA 	RatingScale unnamed RatingScale: rating RT=0.552
235.6053 	DATA 	RatingScale unnamed RatingScale: history=[(None, 0.0)]
237.7222 	DATA 	Keypress: 4
238.7205 	DATA 	RatingScale unnamed RatingScale: rating=4 (no response, timed out after 1.000s)
238.7205 	DATA 	RatingScale unnamed RatingScale: rating RT=1.017s
240.7391 	DATA 	Keypress: 2
241.8218 	DATA 	RatingScale unnamed RatingScale: rating=2 (no response, timed out after 1.000s)
241.8218 	DATA 	RatingScale unnamed RatingScale: rating RT=1.000s
243.7053 	DATA 	Keypress: 3
244.9399 	DATA 	RatingScale unnamed RatingScale: rating=3 (no response, timed out after 1.000s)
244.9399 	DATA 	RatingScale unnamed RatingScale: rating RT=1.001s
246.9242 	DATA 	Keypress: 4
248.0570 	DATA 	RatingScale unnamed RatingScale: rating=4 (no response, timed out after 1.000s)
248.0570 	DATA 	RatingScale unnamed RatingScale: rating RT=1.017s
249.0743 	ERROR 	Couldn't find image file 'selected_images/grayscale_urb159.jpg'; check path?
250.1121 	DATA 	Keypress: 2
251.1244 	DATA 	RatingScale unnamed RatingScale: rating=2 (no response, timed out after 1.000s)
251.1244 	DATA 	RatingScale unnamed RatingScale: rating RT=1.015s
252.9425 	DATA 	Keypress: 4
254.2254 	DATA 	RatingScale unnamed RatingScale: rating=4 (no response, timed out after 1.000s)
254.2254 	DATA 	RatingScale unnamed RatingScale: rating RT=1.000s
256.2106 	DATA 	Keypress: 2
257.3435 	DATA 	RatingScale unnamed RatingScale: rating=2 (no response, timed out after 1.000s)
257.3435 	DATA 	RatingScale unnamed RatingScale: rating RT=1.017s
258.3614 	ERROR 	Couldn't find image file 'selected_images/grayscale_art1030.jpg'; check path?
259.8803 	DATA 	Keypress: 2
259.8806 	DATA 	RatingScale unnamed RatingScale: (key single-click) rating=2
259.8807 	DATA 	RatingScale unnamed RatingScale: rating RT=0.437
259.8807 	DATA 	RatingScale unnamed RatingScale: history=[(None, 0.0)]
260.8957 	ERROR 	Couldn't find image file 'selected_images/grayscale_urban1003.jpg'; check path?
261.8948 	DATA 	Keypress: 4
262.9288 	DATA 	RatingScale unnamed RatingScale: rating=4 (no response, timed out after 1.000s)
262.9288 	DATA 	RatingScale unnamed RatingScale: rating RT=1.000s
263.9460 	ERROR 	Couldn't find image file 'selected_images/grayscale_a487092.jpg'; check path?
265.0477 	DATA 	Keypress: 3
266.0130 	DATA 	RatingScale unnamed RatingScale: rating=3 (no response, timed out after 1.000s)
266.0130 	DATA 	RatingScale unnamed RatingScale: rating RT=1.017s
267.8802 	DATA 	Keypress: 2
269.1473 	DATA 	RatingScale unnamed RatingScale: rating=2 (no response, timed out after 1.000s)
269.1473 	DATA 	RatingScale unnamed RatingScale: rating RT=1.017s
271.2671 	DATA 	Keypress: 3
272.2483 	DATA 	RatingScale unnamed RatingScale: rating=3 (no response, timed out after 1.000s)
272.2484 	DATA 	RatingScale unnamed RatingScale: rating RT=1.000s
274.1488 	DATA 	Keypress: 2
275.3826 	DATA 	RatingScale unnamed RatingScale: rating=2 (no response, timed out after 1.000s)
275.3826 	DATA 	RatingScale unnamed RatingScale: rating RT=1.016s
276.4005 	ERROR 	Couldn't find image file 'selected_images/grayscale_urban649.jpg'; check path?
277.0337 	DATA 	Keypress: 3
278.4669 	DATA 	RatingScale unnamed RatingScale: rating=3 (no response, timed out after 1.000s)
278.4669 	DATA 	RatingScale unnamed RatingScale: rating RT=1.016s
279.4840 	ERROR 	Couldn't find image file 'selected_images/grayscale_urb274.jpg'; check path?
280.4020 	DATA 	Keypress: 3
281.5186 	DATA 	RatingScale unnamed RatingScale: rating=3 (no response, timed out after 1.000s)
281.5186 	DATA 	RatingScale unnamed RatingScale: rating RT=1.001s
282.5351 	ERROR 	Couldn't find image file 'selected_images/grayscale_a438011.jpg'; check path?
283.2345 	DATA 	Keypress: 3
284.5858 	DATA 	RatingScale unnamed RatingScale: rating=3 (no response, timed out after 1.000s)
284.5859 	DATA 	RatingScale unnamed RatingScale: rating RT=1.001s
285.6038 	ERROR 	Couldn't find image file 'selected_images/grayscale_boston373.jpg'; check path?
286.2373 	DATA 	Keypress: 2
287.6532 	DATA 	RatingScale unnamed RatingScale: rating=2 (no response, timed out after 1.000s)
287.6532 	DATA 	RatingScale unnamed RatingScale: rating RT=1.017s
289.5713 	DATA 	Keypress: 1
290.7875 	DATA 	RatingScale unnamed RatingScale: rating=1 (no response, timed out after 1.000s)
290.7875 	DATA 	RatingScale unnamed RatingScale: rating RT=1.016s
292.5216 	DATA 	Keypress: 4
293.9045 	DATA 	RatingScale unnamed RatingScale: rating=4 (no response, timed out after 1.000s)
293.9045 	DATA 	RatingScale unnamed RatingScale: rating RT=1.015s
295.6068 	DATA 	Keypress: 3
297.0396 	DATA 	RatingScale unnamed RatingScale: rating=3 (no response, timed out after 1.000s)
297.0397 	DATA 	RatingScale unnamed RatingScale: rating RT=1.017s
298.8402 	DATA 	Keypress: 2
300.1410 	DATA 	RatingScale unnamed RatingScale: rating=2 (no response, timed out after 1.000s)
300.1410 	DATA 	RatingScale unnamed RatingScale: rating RT=1.000s
301.8242 	DATA 	Keypress: 4
303.2580 	DATA 	RatingScale unnamed RatingScale: rating=4 (no response, timed out after 1.000s)
303.2580 	DATA 	RatingScale unnamed RatingScale: rating RT=1.016s
307.0819 	DATA 	Keypress: return
309.9921 	DATA 	Keypress: 3
313.0369 	DATA 	Keypress: 1
316.0672 	DATA 	Keypress: 3
319.0820 	DATA 	Keypress: 3
322.2171 	DATA 	Keypress: 3
325.3525 	DATA 	Keypress: 1
328.4126 	DATA 	Keypress: 3
331.5028 	DATA 	Keypress: 3
334.5029 	DATA 	Keypress: 3
337.6380 	DATA 	Keypress: 3
340.7131 	DATA 	Keypress: 1
343.6983 	DATA 	Keypress: 3
346.6985 	DATA 	Keypress: 1
349.7286 	DATA 	Keypress: 3
352.7437 	DATA 	Keypress: 1
355.7893 	DATA 	Keypress: 1
358.9093 	DATA 	Keypress: 1
362.0142 	DATA 	Keypress: 1
365.0896 	DATA 	Keypress: 1
368.1945 	DATA 	Keypress: 3
372.9199 	DATA 	Keypress: return
374.6333 	DATA 	Keypress: 3
374.6335 	DATA 	RatingScale unnamed RatingScale: (key single-click) rating=3
374.6336 	DATA 	RatingScale unnamed RatingScale: rating RT=0.619
374.6336 	DATA 	RatingScale unnamed RatingScale: history=[(None, 0.0)]
375.6495 	ERROR 	Couldn't find image file 'selected_images/grayscale_a804068.jpg'; check path?
376.5159 	DATA 	Keypress: 3
377.6988 	DATA 	RatingScale unnamed RatingScale: rating=3 (no response, timed out after 1.000s)
377.6988 	DATA 	RatingScale unnamed RatingScale: rating RT=1.017s
379.9178 	DATA 	Keypress: 3
380.8168 	DATA 	RatingScale unnamed RatingScale: rating=3 (no response, timed out after 1.000s)
380.8168 	DATA 	RatingScale unnamed RatingScale: rating RT=1.017s
381.8342 	ERROR 	Couldn't find image file 'selected_images/grayscale_hexp23.jpg'; check path?
382.9018 	DATA 	Keypress: 3
383.8831 	DATA 	RatingScale unnamed RatingScale: rating=3 (no response, timed out after 1.000s)
383.8831 	DATA 	RatingScale unnamed RatingScale: rating RT=1.015s
384.9023 	ERROR 	Couldn't find image file 'selected_images/grayscale_p1010536.jpg'; check path?
385.6024 	DATA 	Keypress: 3
386.9684 	DATA 	RatingScale unnamed RatingScale: rating=3 (no response, timed out after 1.000s)
386.9684 	DATA 	RatingScale unnamed RatingScale: rating RT=1.016s
387.9864 	ERROR 	Couldn't find image file 'selected_images/grayscale_archi337.jpg'; check path?
389.2879 	DATA 	Keypress: 3
390.0195 	DATA 	RatingScale unnamed RatingScale: rating=3 (no response, timed out after 1.000s)
390.0195 	DATA 	RatingScale unnamed RatingScale: rating RT=1.000s
391.8877 	DATA 	Keypress: 2
393.1366 	DATA 	RatingScale unnamed RatingScale: rating=2 (no response, timed out after 1.000s)
393.1366 	DATA 	RatingScale unnamed RatingScale: rating RT=1.016s
394.1548 	ERROR 	Couldn't find image file 'selected_images/grayscale_p9120498.jpg'; check path?
395.7066 	DATA 	Keypress: 4
395.7069 	DATA 	RatingScale unnamed RatingScale: (key single-click) rating=4
395.7069 	DATA 	RatingScale unnamed RatingScale: rating RT=0.519
395.7069 	DATA 	RatingScale unnamed RatingScale: history=[(None, 0.0)]
396.7226 	ERROR 	Couldn't find image file 'selected_images/grayscale_art760.jpg'; check path?
397.5218 	DATA 	Keypress: 2
398.7720 	DATA 	RatingScale unnamed RatingScale: rating=2 (no response, timed out after 1.000s)
398.7720 	DATA 	RatingScale unnamed RatingScale: rating RT=1.016s
400.7572 	DATA 	Keypress: 2
401.8901 	DATA 	RatingScale unnamed RatingScale: rating=2 (no response, timed out after 1.000s)
401.8901 	DATA 	RatingScale unnamed RatingScale: rating RT=1.017s
402.9079 	ERROR 	Couldn't find image file 'selected_images/grayscale_city60.jpg'; check path?
403.8075 	DATA 	Keypress: 1
404.9412 	DATA 	RatingScale unnamed RatingScale: rating=1 (no response, timed out after 1.000s)
404.9412 	DATA 	RatingScale unnamed RatingScale: rating RT=1.001s
405.9591 	ERROR 	Couldn't find image file 'selected_images/grayscale_urb907.jpg'; check path?
406.9418 	DATA 	Keypress: 1
408.0085 	DATA 	RatingScale unnamed RatingScale: rating=1 (no response, timed out after 1.000s)
408.0085 	DATA 	RatingScale unnamed RatingScale: rating RT=1.016s
409.0263 	ERROR 	Couldn't find image file 'selected_images/grayscale_art1041.jpg'; check path?
409.7766 	DATA 	Keypress: 4
411.0764 	DATA 	RatingScale unnamed RatingScale: rating=4 (no response, timed out after 1.000s)
411.0764 	DATA 	RatingScale unnamed RatingScale: rating RT=1.016s
413.3953 	DATA 	Keypress: 2
414.1937 	DATA 	RatingScale unnamed RatingScale: rating=2 (no response, timed out after 1.000s)
414.1937 	DATA 	RatingScale unnamed RatingScale: rating RT=1.016s
416.8458 	DATA 	Keypress: 2
416.8460 	DATA 	RatingScale unnamed RatingScale: (key single-click) rating=2
416.8461 	DATA 	RatingScale unnamed RatingScale: rating RT=0.551
416.8461 	DATA 	RatingScale unnamed RatingScale: history=[(None, 0.0)]
417.8622 	ERROR 	Couldn't find image file 'selected_images/grayscale_p1010266.jpg'; check path?
418.7792 	DATA 	Keypress: 4
419.8959 	DATA 	RatingScale unnamed RatingScale: rating=4 (no response, timed out after 1.000s)
419.8959 	DATA 	RatingScale unnamed RatingScale: rating RT=1.001s
421.7465 	DATA 	Keypress: 2
423.0139 	DATA 	RatingScale unnamed RatingScale: rating=2 (no response, timed out after 1.000s)
423.0139 	DATA 	RatingScale unnamed RatingScale: rating RT=1.017s
424.0311 	ERROR 	Couldn't find image file 'selected_images/grayscale_art1748.jpg'; check path?
424.9145 	DATA 	Keypress: 3
426.0805 	DATA 	RatingScale unnamed RatingScale: rating=3 (no response, timed out after 1.000s)
426.0805 	DATA 	RatingScale unnamed RatingScale: rating RT=1.016s
427.8987 	DATA 	Keypress: 2
429.1984 	DATA 	RatingScale unnamed RatingScale: rating=2 (no response, timed out after 1.000s)
429.1984 	DATA 	RatingScale unnamed RatingScale: rating RT=1.017s
431.0329 	DATA 	Keypress: 4
432.3164 	DATA 	RatingScale unnamed RatingScale: rating=4 (no response, timed out after 1.000s)
432.3164 	DATA 	RatingScale unnamed RatingScale: rating RT=1.016s
434.1001 	DATA 	Keypress: 2
435.4340 	DATA 	RatingScale unnamed RatingScale: rating=2 (no response, timed out after 1.000s)
435.4340 	DATA 	RatingScale unnamed RatingScale: rating RT=1.000s
437.4520 	DATA 	Keypress: 3
438.5511 	DATA 	RatingScale unnamed RatingScale: rating=3 (no response, timed out after 1.000s)
438.5511 	DATA 	RatingScale unnamed RatingScale: rating RT=1.016s
440.6033 	DATA 	Keypress: 3
441.6692 	DATA 	RatingScale unnamed RatingScale: rating=3 (no response, timed out after 1.000s)
441.6692 	DATA 	RatingScale unnamed RatingScale: rating RT=1.016s
442.6874 	ERROR 	Couldn't find image file 'selected_images/grayscale_p1010516.jpg'; check path?
443.6706 	DATA 	Keypress: 3
444.7204 	DATA 	RatingScale unnamed RatingScale: rating=3 (no response, timed out after 1.000s)
444.7204 	DATA 	RatingScale unnamed RatingScale: rating RT=1.000s
446.6055 	DATA 	Keypress: 1
447.8375 	DATA 	RatingScale unnamed RatingScale: rating=1 (no response, timed out after 1.000s)
447.8375 	DATA 	RatingScale unnamed RatingScale: rating RT=1.015s
448.8563 	ERROR 	Couldn't find image file 'selected_images/grayscale_p1010278.jpg'; check path?
449.6899 	DATA 	Keypress: 4
450.9057 	DATA 	RatingScale unnamed RatingScale: rating=4 (no response, timed out after 1.000s)
450.9057 	DATA 	RatingScale unnamed RatingScale: rating RT=1.015s
451.9238 	ERROR 	Couldn't find image file 'selected_images/grayscale_boston61.jpg'; check path?
452.5062 	DATA 	Keypress: 2
453.9565 	DATA 	RatingScale unnamed RatingScale: rating=2 (no response, timed out after 1.000s)
453.9565 	DATA 	RatingScale unnamed RatingScale: rating RT=1.000s
454.9748 	ERROR 	Couldn't find image file 'selected_images/grayscale_a487047.jpg'; check path?
456.6089 	DATA 	Keypress: 2
456.6091 	DATA 	RatingScale unnamed RatingScale: (key single-click) rating=2
456.6092 	DATA 	RatingScale unnamed RatingScale: rating RT=0.533
456.6092 	DATA 	RatingScale unnamed RatingScale: history=[(None, 0.0)]
458.6751 	DATA 	Keypress: 2
459.7089 	DATA 	RatingScale unnamed RatingScale: rating=2 (no response, timed out after 1.000s)
459.7089 	DATA 	RatingScale unnamed RatingScale: rating RT=1.000s
462.3610 	DATA 	Keypress: 2
462.3612 	DATA 	RatingScale unnamed RatingScale: (key single-click) rating=2
462.3613 	DATA 	RatingScale unnamed RatingScale: rating RT=0.467
462.3613 	DATA 	RatingScale unnamed RatingScale: history=[(None, 0.0)]
464.4268 	DATA 	Keypress: 2
465.5103 	DATA 	RatingScale unnamed RatingScale: rating=2 (no response, timed out after 1.000s)
465.5103 	DATA 	RatingScale unnamed RatingScale: rating RT=1.017s
466.5293 	ERROR 	Couldn't find image file 'selected_images/grayscale_urb893.jpg'; check path?
467.4118 	DATA 	Keypress: 2
468.6276 	DATA 	RatingScale unnamed RatingScale: rating=2 (no response, timed out after 1.000s)
468.6276 	DATA 	RatingScale unnamed RatingScale: rating RT=1.016s
469.6469 	ERROR 	Couldn't find image file 'selected_images/grayscale_a805043.jpg'; check path?
470.4789 	DATA 	Keypress: 2
471.7125 	DATA 	RatingScale unnamed RatingScale: rating=2 (no response, timed out after 1.000s)
471.7125 	DATA 	RatingScale unnamed RatingScale: rating RT=1.016s
472.7300 	ERROR 	Couldn't find image file 'selected_images/grayscale_art1717.jpg'; check path?
473.9145 	DATA 	Keypress: 2
474.7800 	DATA 	RatingScale unnamed RatingScale: rating=2 (no response, timed out after 1.000s)
474.7800 	DATA 	RatingScale unnamed RatingScale: rating RT=1.015s
475.7981 	ERROR 	Couldn't find image file 'selected_images/grayscale_urban157.jpg'; check path?
476.6973 	DATA 	Keypress: 4
477.8641 	DATA 	RatingScale unnamed RatingScale: rating=4 (no response, timed out after 1.000s)
477.8642 	DATA 	RatingScale unnamed RatingScale: rating RT=1.016s
478.8829 	ERROR 	Couldn't find image file 'selected_images/grayscale_par9.jpg'; check path?
479.9348 	DATA 	Keypress: 4
480.9483 	DATA 	RatingScale unnamed RatingScale: rating=4 (no response, timed out after 1.000s)
480.9483 	DATA 	RatingScale unnamed RatingScale: rating RT=1.016s
483.1848 	DATA 	Keypress: 2
484.0832 	DATA 	RatingScale unnamed RatingScale: rating=2 (no response, timed out after 1.000s)
484.0832 	DATA 	RatingScale unnamed RatingScale: rating RT=1.016s
486.7695 	DATA 	Keypress: 2
486.7700 	DATA 	RatingScale unnamed RatingScale: (key single-click) rating=2
486.7701 	DATA 	RatingScale unnamed RatingScale: rating RT=0.570
486.7701 	DATA 	RatingScale unnamed RatingScale: history=[(None, 0.0)]
487.7857 	ERROR 	Couldn't find image file 'selected_images/grayscale_p1010183.jpg'; check path?
489.0192 	DATA 	Keypress: 3
489.8516 	DATA 	RatingScale unnamed RatingScale: rating=3 (no response, timed out after 1.000s)
489.8516 	DATA 	RatingScale unnamed RatingScale: rating RT=1.017s
490.8698 	ERROR 	Couldn't find image file 'selected_images/grayscale_a806037.jpg'; check path?
492.6204 	DATA 	Keypress: 3
492.6207 	DATA 	RatingScale unnamed RatingScale: (key single-click) rating=3
492.6207 	DATA 	RatingScale unnamed RatingScale: rating RT=0.702
492.6207 	DATA 	RatingScale unnamed RatingScale: history=[(None, 0.0)]
493.6367 	ERROR 	Couldn't find image file 'selected_images/grayscale_city4.jpg'; check path?
494.6532 	DATA 	Keypress: 4
495.7038 	DATA 	RatingScale unnamed RatingScale: rating=4 (no response, timed out after 1.000s)
495.7038 	DATA 	RatingScale unnamed RatingScale: rating RT=1.017s
496.7213 	ERROR 	Couldn't find image file 'selected_images/grayscale_urb506.jpg'; check path?
497.4051 	DATA 	Keypress: 3
498.7872 	DATA 	RatingScale unnamed RatingScale: rating=3 (no response, timed out after 1.000s)
498.7873 	DATA 	RatingScale unnamed RatingScale: rating RT=1.016s
500.6724 	DATA 	Keypress: 2
501.9222 	DATA 	RatingScale unnamed RatingScale: rating=2 (no response, timed out after 1.000s)
501.9223 	DATA 	RatingScale unnamed RatingScale: rating RT=1.016s
504.0580 	DATA 	Keypress: 3
505.0564 	DATA 	RatingScale unnamed RatingScale: rating=3 (no response, timed out after 1.000s)
505.0565 	DATA 	RatingScale unnamed RatingScale: rating RT=1.017s
506.7407 	DATA 	Keypress: 2
508.2407 	DATA 	RatingScale unnamed RatingScale: rating=2 (no response, timed out after 1.000s)
508.2407 	DATA 	RatingScale unnamed RatingScale: rating RT=1.000s
510.1750 	DATA 	Keypress: 3
511.3755 	DATA 	RatingScale unnamed RatingScale: rating=3 (no response, timed out after 1.000s)
511.3755 	DATA 	RatingScale unnamed RatingScale: rating RT=1.017s
513.3258 	DATA 	Keypress: 4
514.5090 	DATA 	RatingScale unnamed RatingScale: rating=4 (no response, timed out after 1.000s)
514.5090 	DATA 	RatingScale unnamed RatingScale: rating RT=1.016s
516.3105 	DATA 	Keypress: 4
517.6431 	DATA 	RatingScale unnamed RatingScale: rating=4 (no response, timed out after 1.000s)
517.6431 	DATA 	RatingScale unnamed RatingScale: rating RT=1.015s
518.6613 	ERROR 	Couldn't find image file 'selected_images/grayscale_art1192.jpg'; check path?
519.6456 	DATA 	Keypress: 3
520.7283 	DATA 	RatingScale unnamed RatingScale: rating=3 (no response, timed out after 1.000s)
520.7283 	DATA 	RatingScale unnamed RatingScale: rating RT=1.016s
522.3956 	DATA 	Keypress: 3
522.9507 	DATA 	Keypress: 2
523.8461 	DATA 	RatingScale unnamed RatingScale: rating=2 (no response, timed out after 1.000s)
523.8461 	DATA 	RatingScale unnamed RatingScale: rating RT=1.001s
524.8644 	ERROR 	Couldn't find image file 'selected_images/grayscale_a279033.jpg'; check path?
525.7797 	DATA 	Keypress: 2
526.9296 	DATA 	RatingScale unnamed RatingScale: rating=2 (no response, timed out after 1.000s)
526.9297 	DATA 	RatingScale unnamed RatingScale: rating RT=1.016s
527.9479 	ERROR 	Couldn't find image file 'selected_images/grayscale_art861.jpg'; check path?
529.1825 	DATA 	Keypress: 2
530.0147 	DATA 	RatingScale unnamed RatingScale: rating=2 (no response, timed out after 1.000s)
530.0147 	DATA 	RatingScale unnamed RatingScale: rating RT=1.017s
531.0328 	ERROR 	Couldn't find image file 'selected_images/grayscale_art1751.jpg'; check path?
532.2164 	DATA 	Keypress: 3
533.0986 	DATA 	RatingScale unnamed RatingScale: rating=3 (no response, timed out after 1.000s)
533.0986 	DATA 	RatingScale unnamed RatingScale: rating RT=1.016s
534.1162 	ERROR 	Couldn't find image file 'selected_images/grayscale_urban989.jpg'; check path?
535.1163 	DATA 	Keypress: 2
536.1828 	DATA 	RatingScale unnamed RatingScale: rating=2 (no response, timed out after 1.000s)
536.1829 	DATA 	RatingScale unnamed RatingScale: rating RT=1.016s
537.2013 	ERROR 	Couldn't find image file 'selected_images/grayscale_a806011.jpg'; check path?
538.9186 	DATA 	Keypress: 3
538.9188 	DATA 	RatingScale unnamed RatingScale: (key single-click) rating=3
538.9189 	DATA 	RatingScale unnamed RatingScale: rating RT=0.668
538.9189 	DATA 	RatingScale unnamed RatingScale: history=[(None, 0.0)]
539.9354 	ERROR 	Couldn't find image file 'selected_images/grayscale_p9120503.jpg'; check path?
540.8187 	DATA 	Keypress: 4
542.0020 	DATA 	RatingScale unnamed RatingScale: rating=4 (no response, timed out after 1.000s)
542.0020 	DATA 	RatingScale unnamed RatingScale: rating RT=1.016s
543.0197 	ERROR 	Couldn't find image file 'selected_images/grayscale_a462093.jpg'; check path?
544.0189 	DATA 	Keypress: 3
545.0863 	DATA 	RatingScale unnamed RatingScale: rating=3 (no response, timed out after 1.000s)
545.0863 	DATA 	RatingScale unnamed RatingScale: rating RT=1.016s
546.9539 	DATA 	Keypress: 2
548.2197 	DATA 	RatingScale unnamed RatingScale: rating=2 (no response, timed out after 1.000s)
548.2197 	DATA 	RatingScale unnamed RatingScale: rating RT=1.016s
550.3744 	DATA 	Keypress: 1
551.3716 	DATA 	RatingScale unnamed RatingScale: rating=1 (no response, timed out after 1.000s)
551.3717 	DATA 	RatingScale unnamed RatingScale: rating RT=1.000s
553.6074 	DATA 	Keypress: 3
554.5050 	DATA 	RatingScale unnamed RatingScale: rating=3 (no response, timed out after 1.000s)
554.5050 	DATA 	RatingScale unnamed RatingScale: rating RT=1.016s
557.9385 	DATA 	Keypress: return
559.8747 	DATA 	Keypress: 1
563.2335 	DATA 	Keypress: 1
566.3540 	DATA 	Keypress: 1
569.3992 	DATA 	Keypress: 3
572.4740 	DATA 	Keypress: 3
575.5493 	DATA 	Keypress: 3
578.6543 	DATA 	Keypress: 1
581.8348 	DATA 	Keypress: 1
584.9099 	DATA 	Keypress: 1
587.9849 	DATA 	Keypress: 1
591.0749 	DATA 	Keypress: 3
594.1351 	DATA 	Keypress: 3
597.2101 	DATA 	Keypress: 3
600.3007 	DATA 	Keypress: 3
603.3608 	DATA 	Keypress: 3
606.4357 	DATA 	Keypress: 1
609.4657 	DATA 	Keypress: 3
612.5259 	DATA 	Keypress: 1
615.5860 	DATA 	Keypress: 3
618.6615 	DATA 	Keypress: 3
621.7514 	DATA 	Keypress: 1
623.8218 	DATA 	Keypress: return
623.8234 	ERROR 	Couldn't find image file 'selected_images/grayscale_art945.jpg'; check path?
625.0470 	DATA 	Keypress: 2
625.8787 	DATA 	RatingScale unnamed RatingScale: rating=2 (no response, timed out after 1.000s)
625.8787 	DATA 	RatingScale unnamed RatingScale: rating RT=1.016s
628.2144 	DATA 	Keypress: 3
629.0287 	DATA 	RatingScale unnamed RatingScale: rating=3 (no response, timed out after 1.000s)
629.0288 	DATA 	RatingScale unnamed RatingScale: rating RT=1.016s
630.0479 	ERROR 	Couldn't find image file 'selected_images/grayscale_art256.jpg'; check path?
631.0304 	DATA 	Keypress: 3
632.0971 	DATA 	RatingScale unnamed RatingScale: rating=3 (no response, timed out after 1.000s)
632.0971 	DATA 	RatingScale unnamed RatingScale: rating RT=1.016s
634.3326 	DATA 	Keypress: 2
635.2151 	DATA 	RatingScale unnamed RatingScale: rating=2 (no response, timed out after 1.000s)
635.2151 	DATA 	RatingScale unnamed RatingScale: rating RT=1.017s
637.3678 	DATA 	Keypress: 3
638.3331 	DATA 	RatingScale unnamed RatingScale: rating=3 (no response, timed out after 1.000s)
638.3331 	DATA 	RatingScale unnamed RatingScale: rating RT=1.017s
639.3506 	ERROR 	Couldn't find image file 'selected_images/grayscale_bost76.jpg'; check path?
640.0507 	DATA 	Keypress: 3
641.4004 	DATA 	RatingScale unnamed RatingScale: rating=3 (no response, timed out after 1.000s)
641.4005 	DATA 	RatingScale unnamed RatingScale: rating RT=1.017s
642.4184 	ERROR 	Couldn't find image file 'selected_images/grayscale_city7.jpg'; check path?
643.3677 	DATA 	Keypress: 2
644.5177 	DATA 	RatingScale unnamed RatingScale: rating=2 (no response, timed out after 1.000s)
644.5178 	DATA 	RatingScale unnamed RatingScale: rating RT=1.017s
645.5365 	ERROR 	Couldn't find image file 'selected_images/grayscale_art1754.jpg'; check path?
646.4699 	DATA 	Keypress: 2
647.6019 	DATA 	RatingScale unnamed RatingScale: rating=2 (no response, timed out after 1.000s)
647.6019 	DATA 	RatingScale unnamed RatingScale: rating RT=1.016s
648.6207 	ERROR 	Couldn't find image file 'selected_images/grayscale_urban1152.jpg'; check path?
649.3853 	DATA 	Keypress: 4
650.6536 	DATA 	RatingScale unnamed RatingScale: rating=4 (no response, timed out after 1.000s)
650.6536 	DATA 	RatingScale unnamed RatingScale: rating RT=1.000s
652.6541 	DATA 	Keypress: 2
653.7542 	DATA 	RatingScale unnamed RatingScale: rating=2 (no response, timed out after 1.000s)
653.7542 	DATA 	RatingScale unnamed RatingScale: rating RT=1.000s
654.7724 	ERROR 	Couldn't find image file 'selected_images/grayscale_p1010521.jpg'; check path?
655.4885 	DATA 	Keypress: 4
656.8214 	DATA 	RatingScale unnamed RatingScale: rating=4 (no response, timed out after 1.000s)
656.8214 	DATA 	RatingScale unnamed RatingScale: rating RT=1.016s
657.8403 	ERROR 	Couldn't find image file 'selected_images/grayscale_city65.jpg'; check path?
658.8925 	DATA 	Keypress: 4
659.9064 	DATA 	RatingScale unnamed RatingScale: rating=4 (no response, timed out after 1.000s)
659.9064 	DATA 	RatingScale unnamed RatingScale: rating RT=1.017s
662.2090 	DATA 	Keypress: 1
663.0235 	DATA 	RatingScale unnamed RatingScale: rating=1 (no response, timed out after 1.000s)
663.0236 	DATA 	RatingScale unnamed RatingScale: rating RT=1.016s
664.0415 	ERROR 	Couldn't find image file 'selected_images/grayscale_a588087.jpg'; check path?
665.4271 	DATA 	Keypress: 3
666.1086 	DATA 	RatingScale unnamed RatingScale: rating=3 (no response, timed out after 1.000s)
666.1086 	DATA 	RatingScale unnamed RatingScale: rating RT=1.016s
668.7766 	DATA 	Keypress: 4
668.7769 	DATA 	RatingScale unnamed RatingScale: (key single-click) rating=4
668.7769 	DATA 	RatingScale unnamed RatingScale: rating RT=0.568
668.7769 	DATA 	RatingScale unnamed RatingScale: history=[(None, 0.0)]
670.7272 	DATA 	Keypress: 3
671.8778 	DATA 	RatingScale unnamed RatingScale: rating=3 (no response, timed out after 1.000s)
671.8778 	DATA 	RatingScale unnamed RatingScale: rating RT=1.001s
672.8950 	ERROR 	Couldn't find image file 'selected_images/grayscale_a462057.jpg'; check path?
674.0127 	DATA 	Keypress: 2
674.9612 	DATA 	RatingScale unnamed RatingScale: rating=2 (no response, timed out after 1.000s)
674.9612 	DATA 	RatingScale unnamed RatingScale: rating RT=1.016s
677.1639 	DATA 	Keypress: 2
678.0791 	DATA 	RatingScale unnamed RatingScale: rating=2 (no response, timed out after 1.000s)
678.0792 	DATA 	RatingScale unnamed RatingScale: rating RT=1.017s
679.0973 	ERROR 	Couldn't find image file 'selected_images/grayscale_par33.jpg'; check path?
680.0968 	DATA 	Keypress: 3
681.1633 	DATA 	RatingScale unnamed RatingScale: rating=3 (no response, timed out after 1.000s)
681.1633 	DATA 	RatingScale unnamed RatingScale: rating RT=1.017s
682.1815 	ERROR 	Couldn't find image file 'selected_images/grayscale_art1316.jpg'; check path?
683.0637 	DATA 	Keypress: 2
683.4354 	DATA 	Keypress: 3
684.2305 	DATA 	RatingScale unnamed RatingScale: rating=3 (no response, timed out after 1.000s)
684.2305 	DATA 	RatingScale unnamed RatingScale: rating RT=1.017s
686.3345 	DATA 	Keypress: 3
687.3319 	DATA 	RatingScale unnamed RatingScale: rating=3 (no response, timed out after 1.000s)
687.3319 	DATA 	RatingScale unnamed RatingScale: rating RT=1.000s
688.3498 	ERROR 	Couldn't find image file 'selected_images/grayscale_art1015.jpg'; check path?
689.0153 	DATA 	Keypress: 3
690.3829 	DATA 	RatingScale unnamed RatingScale: rating=3 (no response, timed out after 1.000s)
690.3829 	DATA 	RatingScale unnamed RatingScale: rating RT=1.001s
691.4004 	ERROR 	Couldn't find image file 'selected_images/grayscale_street50.jpg'; check path?
692.4366 	DATA 	Keypress: 4
693.4340 	DATA 	RatingScale unnamed RatingScale: rating=4 (no response, timed out after 1.000s)
693.4340 	DATA 	RatingScale unnamed RatingScale: rating RT=1.001s
694.4522 	ERROR 	Couldn't find image file 'selected_images/grayscale_par94.jpg'; check path?
695.0847 	DATA 	Keypress: 3
696.5181 	DATA 	RatingScale unnamed RatingScale: rating=3 (no response, timed out after 1.000s)
696.5181 	DATA 	RatingScale unnamed RatingScale: rating RT=1.017s
698.8200 	DATA 	Keypress: 3
699.6362 	DATA 	RatingScale unnamed RatingScale: rating=3 (no response, timed out after 1.000s)
699.6362 	DATA 	RatingScale unnamed RatingScale: rating RT=1.000s
701.5199 	DATA 	Keypress: 3
702.7528 	DATA 	RatingScale unnamed RatingScale: rating=3 (no response, timed out after 1.000s)
702.7528 	DATA 	RatingScale unnamed RatingScale: rating RT=1.015s
703.7716 	ERROR 	Couldn't find image file 'selected_images/grayscale_street01.jpg'; check path?
704.8260 	DATA 	Keypress: 3
705.8378 	DATA 	RatingScale unnamed RatingScale: rating=3 (no response, timed out after 1.000s)
705.8378 	DATA 	RatingScale unnamed RatingScale: rating RT=1.015s
706.8558 	ERROR 	Couldn't find image file 'selected_images/grayscale_exp19.jpg'; check path?
707.8220 	DATA 	Keypress: 2
708.9050 	DATA 	RatingScale unnamed RatingScale: rating=2 (no response, timed out after 1.000s)
708.9050 	DATA 	RatingScale unnamed RatingScale: rating RT=1.016s
710.8565 	DATA 	Keypress: 2
712.0229 	DATA 	RatingScale unnamed RatingScale: rating=2 (no response, timed out after 1.000s)
712.0229 	DATA 	RatingScale unnamed RatingScale: rating RT=1.016s
714.4919 	DATA 	Keypress: 2
715.1574 	DATA 	RatingScale unnamed RatingScale: rating=2 (no response, timed out after 1.000s)
715.1574 	DATA 	RatingScale unnamed RatingScale: rating RT=1.016s
716.1756 	ERROR 	Couldn't find image file 'selected_images/grayscale_a812069.jpg'; check path?
716.6086 	DATA 	Keypress: 3
717.5298 	DATA 	Keypress: 3
718.2423 	DATA 	RatingScale unnamed RatingScale: rating=3 (no response, timed out after 1.000s)
718.2423 	DATA 	RatingScale unnamed RatingScale: rating RT=1.017s
720.2259 	DATA 	Keypress: 2
721.3593 	DATA 	RatingScale unnamed RatingScale: rating=2 (no response, timed out after 1.000s)
721.3593 	DATA 	RatingScale unnamed RatingScale: rating RT=1.017s
723.1768 	DATA 	Keypress: 3
724.4765 	DATA 	RatingScale unnamed RatingScale: rating=3 (no response, timed out after 1.000s)
724.4765 	DATA 	RatingScale unnamed RatingScale: rating RT=1.016s
725.4951 	ERROR 	Couldn't find image file 'selected_images/grayscale_art869.jpg'; check path?
726.0442 	DATA 	Keypress: 3
727.5616 	DATA 	RatingScale unnamed RatingScale: rating=3 (no response, timed out after 1.000s)
727.5616 	DATA 	RatingScale unnamed RatingScale: rating RT=1.017s
729.2785 	DATA 	Keypress: 3
730.6791 	DATA 	RatingScale unnamed RatingScale: rating=3 (no response, timed out after 1.000s)
730.6791 	DATA 	RatingScale unnamed RatingScale: rating RT=1.017s
731.6974 	ERROR 	Couldn't find image file 'selected_images/grayscale_art1617.jpg'; check path?
732.2297 	DATA 	Keypress: 3
733.7464 	DATA 	RatingScale unnamed RatingScale: rating=3 (no response, timed out after 1.000s)
733.7464 	DATA 	RatingScale unnamed RatingScale: rating RT=1.016s
735.4645 	DATA 	Keypress: 3
736.8644 	DATA 	RatingScale unnamed RatingScale: rating=3 (no response, timed out after 1.000s)
736.8644 	DATA 	RatingScale unnamed RatingScale: rating RT=1.015s
737.8825 	ERROR 	Couldn't find image file 'selected_images/grayscale_city8.jpg'; check path?
738.4986 	DATA 	Keypress: 3
739.9155 	DATA 	RatingScale unnamed RatingScale: rating=3 (no response, timed out after 1.000s)
739.9155 	DATA 	RatingScale unnamed RatingScale: rating RT=1.000s
740.9346 	ERROR 	Couldn't find image file 'selected_images/grayscale_art799.jpg'; check path?
741.4998 	DATA 	Keypress: 3
742.9834 	DATA 	RatingScale unnamed RatingScale: rating=3 (no response, timed out after 1.000s)
742.9834 	DATA 	RatingScale unnamed RatingScale: rating RT=1.017s
744.8680 	DATA 	Keypress: 2
746.1008 	DATA 	RatingScale unnamed RatingScale: rating=2 (no response, timed out after 1.000s)
746.1008 	DATA 	RatingScale unnamed RatingScale: rating RT=1.017s
748.2189 	DATA 	Keypress: 3
749.2177 	DATA 	RatingScale unnamed RatingScale: rating=3 (no response, timed out after 1.000s)
749.2177 	DATA 	RatingScale unnamed RatingScale: rating RT=1.016s
750.2365 	ERROR 	Couldn't find image file 'selected_images/grayscale_boston68.jpg'; check path?
751.6879 	DATA 	Keypress: 3
751.6882 	DATA 	RatingScale unnamed RatingScale: (key single-click) rating=3
751.6883 	DATA 	RatingScale unnamed RatingScale: rating RT=0.419
751.6883 	DATA 	RatingScale unnamed RatingScale: history=[(None, 0.0)]
752.7043 	ERROR 	Couldn't find image file 'selected_images/grayscale_sky21.jpg'; check path?
753.5867 	DATA 	Keypress: 2
754.7371 	DATA 	RatingScale unnamed RatingScale: rating=2 (no response, timed out after 1.000s)
754.7371 	DATA 	RatingScale unnamed RatingScale: rating RT=1.000s
756.7878 	DATA 	Keypress: 2
757.9045 	DATA 	RatingScale unnamed RatingScale: rating=2 (no response, timed out after 1.000s)
757.9045 	DATA 	RatingScale unnamed RatingScale: rating RT=1.017s
758.9219 	ERROR 	Couldn't find image file 'selected_images/grayscale_art1686.jpg'; check path?
759.7389 	DATA 	Keypress: 3
760.9724 	DATA 	RatingScale unnamed RatingScale: rating=3 (no response, timed out after 1.000s)
760.9724 	DATA 	RatingScale unnamed RatingScale: rating RT=1.017s
761.9901 	ERROR 	Couldn't find image file 'selected_images/grayscale_bost105.jpg'; check path?
762.5560 	DATA 	Keypress: 2
764.0387 	DATA 	RatingScale unnamed RatingScale: rating=2 (no response, timed out after 1.000s)
764.0387 	DATA 	RatingScale unnamed RatingScale: rating RT=1.016s
765.0581 	ERROR 	Couldn't find image file 'selected_images/grayscale_art775.jpg'; check path?
765.6910 	DATA 	Keypress: 3
767.1077 	DATA 	RatingScale unnamed RatingScale: rating=3 (no response, timed out after 1.000s)
767.1077 	DATA 	RatingScale unnamed RatingScale: rating RT=1.017s
769.5767 	DATA 	Keypress: 4
770.2091 	DATA 	RatingScale unnamed RatingScale: rating=4 (no response, timed out after 1.000s)
770.2091 	DATA 	RatingScale unnamed RatingScale: rating RT=1.001s
773.1939 	DATA 	Keypress: 2
773.1942 	DATA 	RatingScale unnamed RatingScale: (key single-click) rating=2
773.1943 	DATA 	RatingScale unnamed RatingScale: rating RT=0.885
773.1943 	DATA 	RatingScale unnamed RatingScale: history=[(None, 0.0)]
775.1105 	DATA 	Keypress: 3
776.3102 	DATA 	RatingScale unnamed RatingScale: rating=3 (no response, timed out after 1.000s)
776.3102 	DATA 	RatingScale unnamed RatingScale: rating RT=1.016s
777.3286 	ERROR 	Couldn't find image file 'selected_images/grayscale_boston18.jpg'; check path?
777.9947 	DATA 	Keypress: 4
779.3776 	DATA 	RatingScale unnamed RatingScale: rating=4 (no response, timed out after 1.000s)
779.3776 	DATA 	RatingScale unnamed RatingScale: rating RT=1.016s
780.3961 	ERROR 	Couldn't find image file 'selected_images/grayscale_boston19.jpg'; check path?
781.1299 	DATA 	Keypress: 2
781.8029 	DATA 	Keypress: 3
782.3681 	DATA 	Keypress: 2
782.3684 	DATA 	RatingScale unnamed RatingScale: (key single-click) rating=2
782.3684 	DATA 	RatingScale unnamed RatingScale: rating RT=0.940
782.3684 	DATA 	RatingScale unnamed RatingScale: history=[(None, 0.0), (2, 0.003), (3, 0.374)]
783.3801 	ERROR 	Couldn't find image file 'selected_images/grayscale_par151.jpg'; check path?
784.9484 	DATA 	Keypress: 4
784.9487 	DATA 	RatingScale unnamed RatingScale: (key single-click) rating=4
784.9487 	DATA 	RatingScale unnamed RatingScale: rating RT=0.536
784.9488 	DATA 	RatingScale unnamed RatingScale: history=[(None, 0.0)]
787.3485 	DATA 	Keypress: 3
788.0632 	DATA 	RatingScale unnamed RatingScale: rating=3 (no response, timed out after 1.000s)
788.0632 	DATA 	RatingScale unnamed RatingScale: rating RT=1.016s
789.0825 	ERROR 	Couldn't find image file 'selected_images/grayscale_gre115.jpg'; check path?
789.9985 	DATA 	Keypress: 3
791.1484 	DATA 	RatingScale unnamed RatingScale: rating=3 (no response, timed out after 1.000s)
791.1484 	DATA 	RatingScale unnamed RatingScale: rating RT=1.016s
792.1674 	ERROR 	Couldn't find image file 'selected_images/grayscale_a487062.jpg'; check path?
793.3838 	DATA 	Keypress: 4
794.2154 	DATA 	RatingScale unnamed RatingScale: rating=4 (no response, timed out after 1.000s)
794.2155 	DATA 	RatingScale unnamed RatingScale: rating RT=1.016s
795.2346 	ERROR 	Couldn't find image file 'selected_images/grayscale_a803053.jpg'; check path?
796.2345 	DATA 	Keypress: 3
797.2837 	DATA 	RatingScale unnamed RatingScale: rating=3 (no response, timed out after 1.000s)
797.2837 	DATA 	RatingScale unnamed RatingScale: rating RT=1.016s
798.3020 	ERROR 	Couldn't find image file 'selected_images/grayscale_urb866.jpg'; check path?
799.1842 	DATA 	Keypress: 3
800.3347 	DATA 	RatingScale unnamed RatingScale: rating=3 (no response, timed out after 1.000s)
800.3347 	DATA 	RatingScale unnamed RatingScale: rating RT=1.000s
803.1203 	DATA 	Keypress: 4
803.1206 	DATA 	RatingScale unnamed RatingScale: (key single-click) rating=4
803.1207 	DATA 	RatingScale unnamed RatingScale: rating RT=0.669
803.1207 	DATA 	RatingScale unnamed RatingScale: history=[(None, 0.0)]
804.1364 	ERROR 	Couldn't find image file 'selected_images/grayscale_urb906.jpg'; check path?
