3.2607 	WARNING 	User requested fullscreen with size [1024  768], but screen is actually [1680, 1050]. Using actual size
3.8739 	EXP 	Created window1 = Window(allowGUI=True, allowStencil=False, autoLog=True, bitsMode=UNKNOWN, blendMode='avg', color='black', colorSpace='named', fullscr=UNKNOWN, gamma=None, lms=UNKNOWN, monitor=<psychopy.monitors.calibTools.Monitor object at 0x11101d890>, multiSample=False, name='window1', numSamples=2, pos=[0, 0], screen=0, size=array([1680, 1050]), stereo=False, units='deg', useFBO=False, useRetina=False, viewOri=0.0, viewPos=None, viewScale=None, waitBlanking=True, winType='pyglet')
3.8739 	EXP 	window1: recordFrameIntervals = False
4.0410 	EXP 	window1: recordFrameIntervals = True
4.2241 	EXP 	window1: recordFrameIntervals = False
4.2987 	EXP 	Created fixation = TextStim(alignHoriz='center', alignVert='center', antialias=True, autoLog=True, bold=False, color='lightGrey', colorSpace='named', contrast=1.0, depth=0.0, flipHoriz=False, flipVert=False, font='Arial', fontFiles=[], height=2, italic=False, name='fixation', opacity=1.0, ori=0, pos=array([ 0.,  0.]), rgb=array([ 211.,  211.,  211.]), text=u'+', units='deg', win=Window(...), wrapWidth=15.0)
4.3019 	EXP 	Created posner = TextStim(alignHoriz='center', alignVert='center', antialias=True, autoLog=True, bold=False, color='lightGrey', colorSpace='named', contrast=1.0, depth=0.0, flipHoriz=False, flipVert=False, font='Arial', fontFiles=[], height=2, italic=False, name='posner', opacity=1.0, ori=0, pos=array([ 0.,  0.]), rgb=array([ 211.,  211.,  211.]), text=u'o', units='deg', win=Window(...), wrapWidth=15.0)
4.3052 	EXP 	Created cue_right = TextStim(alignHoriz='center', alignVert='center', antialias=True, autoLog=True, bold=False, color='lightGrey', colorSpace='named', contrast=1.0, depth=0.0, flipHoriz=False, flipVert=False, font='Arial', fontFiles=[], height=2, italic=False, name='cue_right', opacity=1.0, ori=0, pos=array([ 0.,  0.]), rgb=array([ 211.,  211.,  211.]), text=u'>', units='deg', win=Window(...), wrapWidth=15.0)
4.3084 	EXP 	Created cue_left = TextStim(alignHoriz='center', alignVert='center', antialias=True, autoLog=True, bold=False, color='lightGrey', colorSpace='named', contrast=1.0, depth=0.0, flipHoriz=False, flipVert=False, font='Arial', fontFiles=[], height=2, italic=False, name='cue_left', opacity=1.0, ori=0, pos=array([ 0.,  0.]), rgb=array([ 211.,  211.,  211.]), text=u'<', units='deg', win=Window(...), wrapWidth=15.0)
4.3548 	EXP 	Created cue_img1 = ImageStim(autoLog=True, color=array([ 1.,  1.,  1.]), colorSpace='rgb', contrast=1.0, depth=0, flipHoriz=False, flipVert=False, image='../../stim/Cue/scene_icon.png', interpolate=False, mask=None, maskParams=None, name='cue_img1', opacity=1.0, ori=0.0, pos=array([ 0.,  0.]), size=array([ 2.,  2.]), texRes=128, units='deg', win=Window(...))
4.3570 	EXP 	Created cue_img2 = ImageStim(autoLog=True, color=array([ 1.,  1.,  1.]), colorSpace='rgb', contrast=1.0, depth=0, flipHoriz=False, flipVert=False, image='../../stim/Cue/face_icon.png', interpolate=False, mask=None, maskParams=None, name='cue_img2', opacity=1.0, ori=0.0, pos=array([ 0.,  0.]), size=array([ 2.,  2.]), texRes=128, units='deg', win=Window(...))
4.3655 	EXP 	Created unnamed TextStim = TextStim(alignHoriz='center', alignVert='center', antialias=True, autoLog=True, bold=False, color=array([ 1.,  1.,  1.]), colorSpace='rgb', contrast=1.0, depth=0, flipHoriz=False, flipVert=False, font='', fontFiles=[], height=1.0, italic=False, name='unnamed TextStim', opacity=1.0, ori=0.0, pos=array([ 0.,  0.]), rgb=array([ 1.,  1.,  1.]), text=u'Hello World', units='deg', win=Window(...), wrapWidth=40)
4.3676 	EXP 	Created sequence: random, trialTypes=10, nReps=1, seed=None
4.4872 	EXP 	Created unnamed TextStim = TextStim(alignHoriz='center', alignVert='center', antialias=True, autoLog=True, bold=False, color=array([ 1.,  1.,  1.]), colorSpace='rgb', contrast=1.0, depth=0, flipHoriz=False, flipVert=False, font='', fontFiles=[], height=1.0, italic=False, name='unnamed TextStim', opacity=1.0, ori=0.0, pos=array([ 0.,  0.]), rgb=array([ 1.,  1.,  1.]), text=unicode(...), units='deg', win=Window(...), wrapWidth=40)
4.4899 	EXP 	window1: blendMode = 'avg'
4.5074 	EXP 	cue_img1: pos = array([ 0.,  2.])
4.5074 	EXP 	cue_img2: pos = array([ 0.,  2.])
4.5074 	EXP 	unnamed TextStim: autoDraw = True
4.5080 	EXP 	window1: blendMode = 'avg'
4.9492 	DATA 	Keypress: return
4.9570 	EXP 	unnamed TextStim: autoDraw = False
4.9574 	EXP 	New trial (rep=0, index=0): {}
4.9812 	EXP 	Created unnamed TextStim = TextStim(alignHoriz='center', alignVert='center', antialias=True, autoLog=True, bold=False, color=array([ 1.,  1.,  1.]), colorSpace='rgb', contrast=1.0, depth=0, flipHoriz=False, flipVert=False, font='', fontFiles=[], height=1.0, italic=False, name='unnamed TextStim', opacity=1.0, ori=0.0, pos=array([ 0.,  0.]), rgb=array([ 1.,  1.,  1.]), text=unicode(...), units='deg', win=Window(...), wrapWidth=40)
4.9816 	EXP 	window1: blendMode = 'avg'
4.9908 	EXP 	unnamed TextStim: autoDraw = True
4.9956 	EXP 	Created unnamed ImageStim = ImageStim(autoLog=True, color=array([ 1.,  1.,  1.]), colorSpace='rgb', contrast=1.0, depth=0, flipHoriz=False, flipVert=False, image=str(...), interpolate=False, mask=None, maskParams=None, name='unnamed ImageStim', opacity=1.0, ori=0.0, pos=array([ 0.,  0.]), size=array([ 7.,  7.]), texRes=128, units='deg', win=Window(...))
4.9958 	EXP 	window1: blendMode = 'avg'
5.0078 	EXP 	unnamed ImageStim: autoDraw = True
5.3847 	DATA 	Keypress: return
5.3904 	EXP 	unnamed TextStim: autoDraw = False
5.3904 	EXP 	unnamed ImageStim: autoDraw = False
5.3909 	EXP 	New trial (rep=0, index=1): {}
5.4098 	EXP 	Created unnamed TextStim = TextStim(alignHoriz='center', alignVert='center', antialias=True, autoLog=True, bold=False, color=array([ 1.,  1.,  1.]), colorSpace='rgb', contrast=1.0, depth=0, flipHoriz=False, flipVert=False, font='', fontFiles=[], height=1.0, italic=False, name='unnamed TextStim', opacity=1.0, ori=0.0, pos=array([ 0.,  0.]), rgb=array([ 1.,  1.,  1.]), text=unicode(...), units='deg', win=Window(...), wrapWidth=40)
5.4102 	EXP 	window1: blendMode = 'avg'
5.4240 	EXP 	unnamed TextStim: autoDraw = True
5.4285 	EXP 	Created unnamed ImageStim = ImageStim(autoLog=True, color=array([ 1.,  1.,  1.]), colorSpace='rgb', contrast=1.0, depth=0, flipHoriz=False, flipVert=False, image=str(...), interpolate=False, mask=None, maskParams=None, name='unnamed ImageStim', opacity=1.0, ori=0.0, pos=array([ 0.,  0.]), size=array([ 7.,  7.]), texRes=128, units='deg', win=Window(...))
5.4288 	EXP 	window1: blendMode = 'avg'
5.4411 	EXP 	unnamed ImageStim: autoDraw = True
5.7087 	DATA 	Keypress: return
5.7242 	EXP 	unnamed TextStim: autoDraw = False
5.7242 	EXP 	unnamed ImageStim: autoDraw = False
5.7251 	EXP 	New trial (rep=0, index=2): {}
5.7453 	EXP 	Created unnamed TextStim = TextStim(alignHoriz='center', alignVert='center', antialias=True, autoLog=True, bold=False, color=array([ 1.,  1.,  1.]), colorSpace='rgb', contrast=1.0, depth=0, flipHoriz=False, flipVert=False, font='', fontFiles=[], height=1.0, italic=False, name='unnamed TextStim', opacity=1.0, ori=0.0, pos=array([ 0.,  0.]), rgb=array([ 1.,  1.,  1.]), text=unicode(...), units='deg', win=Window(...), wrapWidth=40)
5.7458 	EXP 	window1: blendMode = 'avg'
5.7584 	EXP 	unnamed TextStim: autoDraw = True
5.7634 	EXP 	Created unnamed ImageStim = ImageStim(autoLog=True, color=array([ 1.,  1.,  1.]), colorSpace='rgb', contrast=1.0, depth=0, flipHoriz=False, flipVert=False, image=str(...), interpolate=False, mask=None, maskParams=None, name='unnamed ImageStim', opacity=1.0, ori=0.0, pos=array([ 0.,  0.]), size=array([ 7.,  7.]), texRes=128, units='deg', win=Window(...))
5.7638 	EXP 	window1: blendMode = 'avg'
5.7746 	EXP 	unnamed ImageStim: autoDraw = True
6.0170 	DATA 	Keypress: return
6.0236 	EXP 	unnamed TextStim: autoDraw = False
6.0236 	EXP 	unnamed ImageStim: autoDraw = False
6.0259 	EXP 	New trial (rep=0, index=3): {}
6.0684 	EXP 	Created unnamed TextStim = TextStim(alignHoriz='center', alignVert='center', antialias=True, autoLog=True, bold=False, color=array([ 1.,  1.,  1.]), colorSpace='rgb', contrast=1.0, depth=0, flipHoriz=False, flipVert=False, font='', fontFiles=[], height=1.0, italic=False, name='unnamed TextStim', opacity=1.0, ori=0.0, pos=array([ 0.,  0.]), rgb=array([ 1.,  1.,  1.]), text=unicode(...), units='deg', win=Window(...), wrapWidth=40)
6.0689 	EXP 	window1: blendMode = 'avg'
6.0748 	EXP 	unnamed TextStim: autoDraw = True
6.0752 	EXP 	window1: blendMode = 'avg'
6.3060 	DATA 	Keypress: return
6.3242 	EXP 	unnamed TextStim: autoDraw = False
6.3248 	EXP 	New trial (rep=0, index=4): {}
6.3366 	EXP 	Created unnamed TextStim = TextStim(alignHoriz='center', alignVert='center', antialias=True, autoLog=True, bold=False, color=array([ 1.,  1.,  1.]), colorSpace='rgb', contrast=1.0, depth=0, flipHoriz=False, flipVert=False, font='', fontFiles=[], height=1.0, italic=False, name='unnamed TextStim', opacity=1.0, ori=0.0, pos=array([ 0.,  0.]), rgb=array([ 1.,  1.,  1.]), text=unicode(...), units='deg', win=Window(...), wrapWidth=40)
6.3371 	EXP 	window1: blendMode = 'avg'
6.3577 	EXP 	unnamed TextStim: autoDraw = True
6.3620 	EXP 	Created unnamed ImageStim = ImageStim(autoLog=True, color=array([ 1.,  1.,  1.]), colorSpace='rgb', contrast=1.0, depth=0, flipHoriz=False, flipVert=False, image=str(...), interpolate=False, mask=None, maskParams=None, name='unnamed ImageStim', opacity=1.0, ori=0.0, pos=array([ 0.,  0.]), size=array([ 7.,  7.]), texRes=128, units='deg', win=Window(...))
6.3655 	EXP 	Created unnamed ImageStim = ImageStim(autoLog=True, color=array([ 1.,  1.,  1.]), colorSpace='rgb', contrast=1.0, depth=0, flipHoriz=False, flipVert=False, image=str(...), interpolate=False, mask=None, maskParams=None, name='unnamed ImageStim', opacity=1.0, ori=0.0, pos=array([ 0.,  0.]), size=array([ 7.,  7.]), texRes=128, units='deg', win=Window(...))
6.3663 	EXP 	window1: blendMode = 'avg'
6.3686 	EXP 	window1: blendMode = 'avg'
6.3743 	EXP 	unnamed ImageStim: pos = array([ 8.,  0.])
6.3743 	EXP 	unnamed ImageStim: pos = array([-8.,  0.])
6.3743 	EXP 	unnamed ImageStim: autoDraw = True
6.3743 	EXP 	unnamed ImageStim: autoDraw = True
6.3743 	EXP 	fixation: autoDraw = True
6.7007 	DATA 	Keypress: return
6.7079 	EXP 	unnamed TextStim: autoDraw = False
6.7079 	EXP 	unnamed ImageStim: autoDraw = False
6.7079 	EXP 	unnamed ImageStim: autoDraw = False
6.7079 	EXP 	fixation: autoDraw = False
6.7087 	EXP 	New trial (rep=0, index=5): {}
6.7244 	EXP 	Created unnamed TextStim = TextStim(alignHoriz='center', alignVert='center', antialias=True, autoLog=True, bold=False, color=array([ 1.,  1.,  1.]), colorSpace='rgb', contrast=1.0, depth=0, flipHoriz=False, flipVert=False, font='', fontFiles=[], height=1.0, italic=False, name='unnamed TextStim', opacity=1.0, ori=0.0, pos=array([ 0.,  0.]), rgb=array([ 1.,  1.,  1.]), text=unicode(...), units='deg', win=Window(...), wrapWidth=40)
6.7248 	EXP 	window1: blendMode = 'avg'
6.7408 	EXP 	unnamed TextStim: autoDraw = True
6.7412 	EXP 	window1: blendMode = 'avg'
7.0160 	DATA 	Keypress: return
7.0240 	EXP 	unnamed TextStim: autoDraw = False
7.0243 	EXP 	New trial (rep=0, index=6): {}
7.0338 	EXP 	Created unnamed TextStim = TextStim(alignHoriz='center', alignVert='center', antialias=True, autoLog=True, bold=False, color=array([ 1.,  1.,  1.]), colorSpace='rgb', contrast=1.0, depth=0, flipHoriz=False, flipVert=False, font='', fontFiles=[], height=1.0, italic=False, name='unnamed TextStim', opacity=1.0, ori=0.0, pos=array([ 0.,  0.]), rgb=array([ 1.,  1.,  1.]), text=unicode(...), units='deg', win=Window(...), wrapWidth=40)
7.0342 	EXP 	window1: blendMode = 'avg'
7.0415 	EXP 	unnamed TextStim: autoDraw = True
7.0455 	EXP 	Created unnamed ImageStim = ImageStim(autoLog=True, color=array([ 1.,  1.,  1.]), colorSpace='rgb', contrast=1.0, depth=0, flipHoriz=False, flipVert=False, image=str(...), interpolate=False, mask=None, maskParams=None, name='unnamed ImageStim', opacity=1.0, ori=0.0, pos=array([ 0.,  0.]), size=array([ 7.,  7.]), texRes=128, units='deg', win=Window(...))
7.0488 	EXP 	Created unnamed ImageStim = ImageStim(autoLog=True, color=array([ 1.,  1.,  1.]), colorSpace='rgb', contrast=1.0, depth=0, flipHoriz=False, flipVert=False, image=str(...), interpolate=False, mask=None, maskParams=None, name='unnamed ImageStim', opacity=1.0, ori=0.0, pos=array([ 0.,  0.]), size=array([ 7.,  7.]), texRes=128, units='deg', win=Window(...))
7.0495 	EXP 	window1: blendMode = 'avg'
7.0519 	EXP 	window1: blendMode = 'avg'
7.0578 	EXP 	unnamed ImageStim: pos = array([ 8.,  0.])
7.0578 	EXP 	unnamed ImageStim: pos = array([-8.,  0.])
7.0578 	EXP 	unnamed ImageStim: autoDraw = True
7.0578 	EXP 	unnamed ImageStim: autoDraw = True
7.0578 	EXP 	fixation: autoDraw = True
7.3099 	DATA 	Keypress: return
7.3247 	EXP 	unnamed TextStim: autoDraw = False
7.3247 	EXP 	unnamed ImageStim: autoDraw = False
7.3247 	EXP 	unnamed ImageStim: autoDraw = False
7.3247 	EXP 	fixation: autoDraw = False
7.3259 	EXP 	New trial (rep=0, index=7): {}
7.3714 	EXP 	Created unnamed TextStim = TextStim(alignHoriz='center', alignVert='center', antialias=True, autoLog=True, bold=False, color=array([ 1.,  1.,  1.]), colorSpace='rgb', contrast=1.0, depth=0, flipHoriz=False, flipVert=False, font='', fontFiles=[], height=1.0, italic=False, name='unnamed TextStim', opacity=1.0, ori=0.0, pos=array([ 0.,  0.]), rgb=array([ 1.,  1.,  1.]), text=unicode(...), units='deg', win=Window(...), wrapWidth=40)
7.3718 	EXP 	window1: blendMode = 'avg'
7.3907 	EXP 	unnamed TextStim: autoDraw = True
7.3929 	EXP 	Created cue_img1 = ImageStim(autoLog=True, color=array([ 1.,  1.,  1.]), colorSpace='rgb', contrast=1.0, depth=0, flipHoriz=False, flipVert=False, image='../../stim/Cue/scene_icon.png', interpolate=False, mask=None, maskParams=None, name='cue_img1', opacity=1.0, ori=0.0, pos=array([ 0.,  0.]), size=array([ 2.,  2.]), texRes=128, units='deg', win=Window(...))
7.3947 	EXP 	Created cue_img2 = ImageStim(autoLog=True, color=array([ 1.,  1.,  1.]), colorSpace='rgb', contrast=1.0, depth=0, flipHoriz=False, flipVert=False, image='../../stim/Cue/face_icon.png', interpolate=False, mask=None, maskParams=None, name='cue_img2', opacity=1.0, ori=0.0, pos=array([ 0.,  0.]), size=array([ 2.,  2.]), texRes=128, units='deg', win=Window(...))
7.3954 	EXP 	window1: blendMode = 'avg'
7.4082 	EXP 	cue_img2: pos = array([-2.5,  0. ])
7.4082 	EXP 	cue_img1: pos = array([ 2.5,  0. ])
7.4082 	EXP 	cue_img1: autoDraw = True
7.4082 	EXP 	cue_img2: autoDraw = True
7.6337 	DATA 	Keypress: return
7.6409 	EXP 	unnamed TextStim: autoDraw = False
7.6409 	EXP 	cue_img1: autoDraw = False
7.6409 	EXP 	cue_img2: autoDraw = False
7.6415 	EXP 	Created sequence: random, trialTypes=4, nReps=1, seed=None
7.6422 	EXP 	New trial (rep=0, index=0): {}
7.6430 	EXP 	window1: blendMode = 'avg'
7.6573 	EXP 	cue_right: pos = array([ 0.,  0.])
7.6573 	EXP 	cue_right: autoDraw = True
7.6573 	EXP 	cue_img1: autoDraw = True
7.6578 	EXP 	window1: blendMode = 'avg'
7.6746 	EXP 	window1: blendMode = 'avg'
7.6914 	EXP 	window1: blendMode = 'avg'
7.7072 	EXP 	window1: blendMode = 'avg'
7.7252 	EXP 	window1: blendMode = 'avg'
7.7405 	EXP 	window1: blendMode = 'avg'
7.7581 	EXP 	window1: blendMode = 'avg'
7.7747 	EXP 	window1: blendMode = 'avg'
7.7915 	EXP 	window1: blendMode = 'avg'
7.8086 	EXP 	window1: blendMode = 'avg'
7.8241 	EXP 	window1: blendMode = 'avg'
7.8418 	EXP 	window1: blendMode = 'avg'
7.8577 	EXP 	window1: blendMode = 'avg'
7.8743 	EXP 	window1: blendMode = 'avg'
7.8901 	EXP 	window1: blendMode = 'avg'
7.9079 	EXP 	window1: blendMode = 'avg'
7.9247 	EXP 	window1: blendMode = 'avg'
7.9413 	EXP 	window1: blendMode = 'avg'
7.9570 	EXP 	window1: blendMode = 'avg'
7.9739 	EXP 	window1: blendMode = 'avg'
7.9909 	EXP 	window1: blendMode = 'avg'
8.0076 	EXP 	window1: blendMode = 'avg'
8.0251 	EXP 	window1: blendMode = 'avg'
8.0411 	EXP 	window1: blendMode = 'avg'
8.0571 	EXP 	window1: blendMode = 'avg'
8.0745 	EXP 	window1: blendMode = 'avg'
8.0899 	EXP 	window1: blendMode = 'avg'
8.1074 	EXP 	window1: blendMode = 'avg'
8.1244 	EXP 	window1: blendMode = 'avg'
8.1407 	EXP 	window1: blendMode = 'avg'
8.1573 	EXP 	window1: blendMode = 'avg'
8.1741 	EXP 	window1: blendMode = 'avg'
8.1911 	EXP 	window1: blendMode = 'avg'
8.2069 	EXP 	window1: blendMode = 'avg'
8.2238 	EXP 	window1: blendMode = 'avg'
8.2408 	EXP 	window1: blendMode = 'avg'
8.2586 	EXP 	window1: blendMode = 'avg'
8.2760 	EXP 	window1: blendMode = 'avg'
8.2907 	EXP 	window1: blendMode = 'avg'
8.3081 	EXP 	window1: blendMode = 'avg'
8.3249 	EXP 	window1: blendMode = 'avg'
8.3411 	EXP 	window1: blendMode = 'avg'
8.3577 	EXP 	window1: blendMode = 'avg'
8.3745 	EXP 	window1: blendMode = 'avg'
8.3918 	EXP 	window1: blendMode = 'avg'
8.4085 	EXP 	window1: blendMode = 'avg'
8.4251 	EXP 	window1: blendMode = 'avg'
8.4409 	EXP 	window1: blendMode = 'avg'
8.4570 	EXP 	window1: blendMode = 'avg'
8.4743 	EXP 	window1: blendMode = 'avg'
8.4910 	EXP 	window1: blendMode = 'avg'
8.5083 	EXP 	window1: blendMode = 'avg'
8.5244 	EXP 	window1: blendMode = 'avg'
8.5411 	EXP 	window1: blendMode = 'avg'
8.5583 	EXP 	window1: blendMode = 'avg'
8.5743 	EXP 	window1: blendMode = 'avg'
8.5915 	EXP 	window1: blendMode = 'avg'
8.6078 	EXP 	window1: blendMode = 'avg'
8.6240 	EXP 	window1: blendMode = 'avg'
8.6410 	EXP 	window1: blendMode = 'avg'
8.6573 	EXP 	window1: blendMode = 'avg'
8.6754 	EXP 	window1: blendMode = 'avg'
8.6908 	EXP 	window1: blendMode = 'avg'
8.7074 	EXP 	window1: blendMode = 'avg'
8.7242 	EXP 	window1: blendMode = 'avg'
8.7407 	EXP 	window1: blendMode = 'avg'
8.7575 	EXP 	window1: blendMode = 'avg'
8.7751 	EXP 	window1: blendMode = 'avg'
8.7910 	EXP 	window1: blendMode = 'avg'
8.8079 	EXP 	window1: blendMode = 'avg'
8.8244 	EXP 	window1: blendMode = 'avg'
8.8409 	EXP 	window1: blendMode = 'avg'
8.8571 	EXP 	window1: blendMode = 'avg'
8.8737 	EXP 	window1: blendMode = 'avg'
8.8901 	EXP 	window1: blendMode = 'avg'
8.9070 	EXP 	window1: blendMode = 'avg'
8.9247 	EXP 	window1: blendMode = 'avg'
8.9414 	EXP 	window1: blendMode = 'avg'
8.9577 	EXP 	window1: blendMode = 'avg'
8.9743 	EXP 	window1: blendMode = 'avg'
8.9905 	EXP 	window1: blendMode = 'avg'
9.0079 	EXP 	window1: blendMode = 'avg'
9.0248 	EXP 	window1: blendMode = 'avg'
9.0407 	EXP 	window1: blendMode = 'avg'
9.0580 	EXP 	window1: blendMode = 'avg'
9.0744 	EXP 	window1: blendMode = 'avg'
9.0907 	EXP 	window1: blendMode = 'avg'
9.1077 	EXP 	window1: blendMode = 'avg'
9.1246 	EXP 	window1: blendMode = 'avg'
9.1410 	EXP 	window1: blendMode = 'avg'
9.1563 	EXP 	cue_right: autoDraw = False
9.1563 	EXP 	cue_img1: autoDraw = False
9.1563 	EXP 	fixation: autoDraw = True
9.1563 	EXP 	fixation: autoDraw = True
9.1567 	EXP 	window1: blendMode = 'avg'
9.1743 	EXP 	window1: blendMode = 'avg'
9.1906 	EXP 	window1: blendMode = 'avg'
9.2079 	EXP 	window1: blendMode = 'avg'
9.2242 	EXP 	window1: blendMode = 'avg'
9.2406 	EXP 	window1: blendMode = 'avg'
9.2575 	EXP 	window1: blendMode = 'avg'
9.2743 	EXP 	window1: blendMode = 'avg'
9.2899 	EXP 	window1: blendMode = 'avg'
9.3071 	EXP 	window1: blendMode = 'avg'
9.3243 	EXP 	window1: blendMode = 'avg'
9.3405 	EXP 	window1: blendMode = 'avg'
9.3577 	EXP 	window1: blendMode = 'avg'
9.3741 	EXP 	window1: blendMode = 'avg'
9.3909 	EXP 	window1: blendMode = 'avg'
9.4071 	EXP 	window1: blendMode = 'avg'
9.4245 	EXP 	window1: blendMode = 'avg'
9.4413 	EXP 	window1: blendMode = 'avg'
9.4574 	EXP 	window1: blendMode = 'avg'
9.4743 	EXP 	window1: blendMode = 'avg'
9.4913 	EXP 	window1: blendMode = 'avg'
9.5073 	EXP 	window1: blendMode = 'avg'
9.5243 	EXP 	window1: blendMode = 'avg'
9.5407 	EXP 	window1: blendMode = 'avg'
9.5566 	EXP 	window1: blendMode = 'avg'
9.5740 	EXP 	window1: blendMode = 'avg'
9.5906 	EXP 	window1: blendMode = 'avg'
9.6078 	EXP 	window1: blendMode = 'avg'
9.6245 	EXP 	window1: blendMode = 'avg'
9.6411 	EXP 	window1: blendMode = 'avg'
9.6574 	EXP 	window1: blendMode = 'avg'
9.6740 	EXP 	window1: blendMode = 'avg'
9.6906 	EXP 	window1: blendMode = 'avg'
9.7077 	EXP 	window1: blendMode = 'avg'
9.7246 	EXP 	window1: blendMode = 'avg'
9.7418 	EXP 	window1: blendMode = 'avg'
9.7578 	EXP 	window1: blendMode = 'avg'
9.7747 	EXP 	window1: blendMode = 'avg'
9.7915 	EXP 	window1: blendMode = 'avg'
9.8069 	EXP 	window1: blendMode = 'avg'
9.8245 	EXP 	window1: blendMode = 'avg'
9.8407 	EXP 	window1: blendMode = 'avg'
9.8574 	EXP 	window1: blendMode = 'avg'
9.8747 	EXP 	window1: blendMode = 'avg'
9.8908 	EXP 	window1: blendMode = 'avg'
9.9077 	EXP 	window1: blendMode = 'avg'
9.9253 	EXP 	window1: blendMode = 'avg'
9.9421 	EXP 	window1: blendMode = 'avg'
9.9575 	EXP 	window1: blendMode = 'avg'
9.9752 	EXP 	window1: blendMode = 'avg'
9.9917 	EXP 	window1: blendMode = 'avg'
10.0076 	EXP 	window1: blendMode = 'avg'
10.0243 	EXP 	window1: blendMode = 'avg'
10.0412 	EXP 	window1: blendMode = 'avg'
10.0579 	EXP 	window1: blendMode = 'avg'
10.0797 	EXP 	window1: blendMode = 'avg'
10.0923 	EXP 	window1: blendMode = 'avg'
10.1070 	EXP 	window1: blendMode = 'avg'
10.1252 	EXP 	window1: blendMode = 'avg'
10.1469 	EXP 	Created Probe1 = ImageStim(autoLog=True, color=array([ 1.,  1.,  1.]), colorSpace='rgb', contrast=1.0, depth=0, flipHoriz=False, flipVert=False, image=str(...), interpolate=False, mask=None, maskParams=None, name='Probe1', opacity=1.0, ori=0.0, pos=array([ 0.,  0.]), size=array([ 7.,  7.]), texRes=128, units='deg', win=Window(...))
10.1509 	EXP 	Created Probe2 = ImageStim(autoLog=True, color=array([ 1.,  1.,  1.]), colorSpace='rgb', contrast=1.0, depth=0, flipHoriz=False, flipVert=False, image=str(...), interpolate=False, mask=None, maskParams=None, name='Probe2', opacity=1.0, ori=0.0, pos=array([ 0.,  0.]), size=array([ 7.,  7.]), texRes=128, units='deg', win=Window(...))
10.1516 	EXP 	window1: blendMode = 'avg'
10.1570 	EXP 	Probe1: pos = array([ 8.,  0.])
10.1570 	EXP 	Probe2: pos = array([-8.,  0.])
10.1570 	EXP 	Probe1: autoDraw = True
10.1570 	EXP 	Probe2: autoDraw = True
10.1574 	EXP 	window1: blendMode = 'avg'
10.1739 	EXP 	window1: blendMode = 'avg'
10.1911 	EXP 	window1: blendMode = 'avg'
10.2074 	EXP 	window1: blendMode = 'avg'
10.2239 	EXP 	window1: blendMode = 'avg'
10.2404 	EXP 	window1: blendMode = 'avg'
10.2570 	EXP 	window1: blendMode = 'avg'
10.2740 	EXP 	window1: blendMode = 'avg'
10.2905 	EXP 	window1: blendMode = 'avg'
10.3078 	EXP 	window1: blendMode = 'avg'
10.3240 	EXP 	window1: blendMode = 'avg'
10.3416 	EXP 	window1: blendMode = 'avg'
10.3574 	EXP 	window1: blendMode = 'avg'
10.3740 	EXP 	window1: blendMode = 'avg'
10.3904 	EXP 	window1: blendMode = 'avg'
10.4072 	EXP 	window1: blendMode = 'avg'
10.4237 	EXP 	window1: blendMode = 'avg'
10.4406 	EXP 	window1: blendMode = 'avg'
10.4576 	EXP 	window1: blendMode = 'avg'
10.4739 	EXP 	window1: blendMode = 'avg'
10.4901 	EXP 	window1: blendMode = 'avg'
10.5069 	EXP 	window1: blendMode = 'avg'
10.5241 	EXP 	window1: blendMode = 'avg'
10.5415 	EXP 	window1: blendMode = 'avg'
10.5571 	EXP 	window1: blendMode = 'avg'
10.5734 	EXP 	window1: blendMode = 'avg'
10.5903 	EXP 	window1: blendMode = 'avg'
10.6075 	EXP 	window1: blendMode = 'avg'
10.6236 	EXP 	window1: blendMode = 'avg'
10.6416 	EXP 	window1: blendMode = 'avg'
10.6568 	EXP 	window1: blendMode = 'avg'
10.6738 	EXP 	window1: blendMode = 'avg'
10.6904 	EXP 	window1: blendMode = 'avg'
10.7072 	EXP 	window1: blendMode = 'avg'
10.7245 	EXP 	window1: blendMode = 'avg'
10.7413 	EXP 	window1: blendMode = 'avg'
10.7576 	EXP 	window1: blendMode = 'avg'
10.7741 	EXP 	window1: blendMode = 'avg'
10.7906 	EXP 	window1: blendMode = 'avg'
10.8076 	EXP 	window1: blendMode = 'avg'
10.8249 	EXP 	window1: blendMode = 'avg'
10.8409 	EXP 	window1: blendMode = 'avg'
10.8568 	EXP 	window1: blendMode = 'avg'
10.8736 	EXP 	window1: blendMode = 'avg'
10.8912 	EXP 	window1: blendMode = 'avg'
10.9070 	EXP 	window1: blendMode = 'avg'
10.9242 	EXP 	window1: blendMode = 'avg'
10.9413 	EXP 	window1: blendMode = 'avg'
10.9572 	EXP 	window1: blendMode = 'avg'
10.9742 	EXP 	window1: blendMode = 'avg'
10.9909 	EXP 	window1: blendMode = 'avg'
11.0072 	EXP 	window1: blendMode = 'avg'
11.0240 	EXP 	window1: blendMode = 'avg'
11.0406 	EXP 	window1: blendMode = 'avg'
11.0573 	EXP 	window1: blendMode = 'avg'
11.0734 	EXP 	window1: blendMode = 'avg'
11.0905 	EXP 	window1: blendMode = 'avg'
11.1069 	EXP 	window1: blendMode = 'avg'
11.1239 	EXP 	window1: blendMode = 'avg'
11.1416 	EXP 	window1: blendMode = 'avg'
11.1571 	EXP 	window1: blendMode = 'avg'
11.1737 	EXP 	window1: blendMode = 'avg'
11.1904 	EXP 	window1: blendMode = 'avg'
11.2080 	EXP 	window1: blendMode = 'avg'
11.2247 	EXP 	window1: blendMode = 'avg'
11.2405 	EXP 	window1: blendMode = 'avg'
11.2567 	EXP 	window1: blendMode = 'avg'
11.2748 	EXP 	window1: blendMode = 'avg'
11.2904 	EXP 	window1: blendMode = 'avg'
11.3072 	EXP 	window1: blendMode = 'avg'
11.3242 	EXP 	window1: blendMode = 'avg'
11.3416 	EXP 	window1: blendMode = 'avg'
11.3577 	EXP 	window1: blendMode = 'avg'
11.3734 	EXP 	window1: blendMode = 'avg'
11.3904 	EXP 	window1: blendMode = 'avg'
11.4079 	EXP 	window1: blendMode = 'avg'
11.4247 	EXP 	window1: blendMode = 'avg'
11.4411 	EXP 	window1: blendMode = 'avg'
11.4568 	EXP 	window1: blendMode = 'avg'
11.4735 	EXP 	window1: blendMode = 'avg'
11.4909 	EXP 	window1: blendMode = 'avg'
11.5069 	EXP 	window1: blendMode = 'avg'
11.5246 	EXP 	window1: blendMode = 'avg'
11.5412 	EXP 	window1: blendMode = 'avg'
11.5584 	EXP 	window1: blendMode = 'avg'
11.5737 	EXP 	window1: blendMode = 'avg'
11.5905 	EXP 	window1: blendMode = 'avg'
11.6074 	EXP 	window1: blendMode = 'avg'
11.6237 	EXP 	window1: blendMode = 'avg'
11.6414 	EXP 	window1: blendMode = 'avg'
11.6569 	EXP 	window1: blendMode = 'avg'
11.6741 	EXP 	window1: blendMode = 'avg'
11.6905 	EXP 	window1: blendMode = 'avg'
11.7079 	EXP 	window1: blendMode = 'avg'
11.7240 	EXP 	window1: blendMode = 'avg'
11.7411 	EXP 	window1: blendMode = 'avg'
11.7581 	EXP 	window1: blendMode = 'avg'
11.7736 	EXP 	window1: blendMode = 'avg'
11.7904 	EXP 	window1: blendMode = 'avg'
11.8082 	EXP 	window1: blendMode = 'avg'
11.8240 	EXP 	window1: blendMode = 'avg'
11.8405 	EXP 	window1: blendMode = 'avg'
11.8566 	EXP 	window1: blendMode = 'avg'
11.8751 	EXP 	window1: blendMode = 'avg'
11.8904 	EXP 	window1: blendMode = 'avg'
11.9077 	EXP 	window1: blendMode = 'avg'
11.9248 	EXP 	window1: blendMode = 'avg'
11.9414 	EXP 	window1: blendMode = 'avg'
11.9567 	EXP 	window1: blendMode = 'avg'
11.9738 	EXP 	window1: blendMode = 'avg'
11.9913 	EXP 	window1: blendMode = 'avg'
12.0072 	EXP 	window1: blendMode = 'avg'
12.0240 	EXP 	window1: blendMode = 'avg'
12.0412 	EXP 	window1: blendMode = 'avg'
12.0570 	EXP 	window1: blendMode = 'avg'
12.0737 	EXP 	window1: blendMode = 'avg'
12.0901 	EXP 	window1: blendMode = 'avg'
12.1069 	EXP 	window1: blendMode = 'avg'
12.1242 	EXP 	window1: blendMode = 'avg'
12.1414 	EXP 	window1: blendMode = 'avg'
12.1571 	EXP 	window1: blendMode = 'avg'
12.1735 	EXP 	window1: blendMode = 'avg'
12.1903 	EXP 	window1: blendMode = 'avg'
12.2079 	EXP 	window1: blendMode = 'avg'
12.2247 	EXP 	window1: blendMode = 'avg'
12.2405 	EXP 	window1: blendMode = 'avg'
12.2578 	EXP 	window1: blendMode = 'avg'
12.2738 	EXP 	window1: blendMode = 'avg'
12.2903 	EXP 	window1: blendMode = 'avg'
12.3072 	EXP 	window1: blendMode = 'avg'
12.3246 	EXP 	window1: blendMode = 'avg'
12.3413 	EXP 	window1: blendMode = 'avg'
12.3579 	EXP 	window1: blendMode = 'avg'
12.3742 	EXP 	window1: blendMode = 'avg'
12.3905 	EXP 	window1: blendMode = 'avg'
12.4080 	EXP 	window1: blendMode = 'avg'
12.4248 	EXP 	window1: blendMode = 'avg'
12.4416 	EXP 	window1: blendMode = 'avg'
12.4573 	EXP 	window1: blendMode = 'avg'
12.4742 	EXP 	window1: blendMode = 'avg'
12.4908 	EXP 	window1: blendMode = 'avg'
12.5070 	EXP 	window1: blendMode = 'avg'
12.5240 	EXP 	window1: blendMode = 'avg'
12.5415 	EXP 	window1: blendMode = 'avg'
12.5586 	EXP 	window1: blendMode = 'avg'
12.5739 	EXP 	window1: blendMode = 'avg'
12.5903 	EXP 	window1: blendMode = 'avg'
12.6082 	EXP 	window1: blendMode = 'avg'
12.6248 	EXP 	window1: blendMode = 'avg'
12.6406 	EXP 	window1: blendMode = 'avg'
12.6571 	EXP 	window1: blendMode = 'avg'
12.6744 	EXP 	window1: blendMode = 'avg'
12.6904 	EXP 	window1: blendMode = 'avg'
12.7079 	EXP 	window1: blendMode = 'avg'
12.7250 	EXP 	window1: blendMode = 'avg'
12.7411 	EXP 	window1: blendMode = 'avg'
12.7578 	EXP 	window1: blendMode = 'avg'
12.7737 	EXP 	window1: blendMode = 'avg'
12.7766 	DATA 	Keypress: 2
12.7914 	EXP 	window1: blendMode = 'avg'
12.8077 	EXP 	window1: blendMode = 'avg'
12.8240 	EXP 	window1: blendMode = 'avg'
12.8407 	EXP 	window1: blendMode = 'avg'
12.8567 	EXP 	window1: blendMode = 'avg'
12.8740 	EXP 	window1: blendMode = 'avg'
12.8903 	EXP 	window1: blendMode = 'avg'
12.9070 	EXP 	window1: blendMode = 'avg'
12.9243 	EXP 	window1: blendMode = 'avg'
12.9407 	EXP 	window1: blendMode = 'avg'
12.9583 	EXP 	window1: blendMode = 'avg'
12.9737 	EXP 	window1: blendMode = 'avg'
12.9908 	EXP 	window1: blendMode = 'avg'
13.0076 	EXP 	window1: blendMode = 'avg'
13.0241 	EXP 	window1: blendMode = 'avg'
13.0407 	EXP 	window1: blendMode = 'avg'
13.0575 	EXP 	window1: blendMode = 'avg'
13.0747 	EXP 	window1: blendMode = 'avg'
13.0910 	EXP 	window1: blendMode = 'avg'
13.1073 	EXP 	window1: blendMode = 'avg'
13.1238 	EXP 	window1: blendMode = 'avg'
13.1566 	EXP 	Probe1: autoDraw = False
13.1566 	EXP 	Probe2: autoDraw = False
13.1566 	EXP 	fixation: autoDraw = False
13.1571 	EXP 	New trial (rep=0, index=1): {}
13.1580 	EXP 	window1: blendMode = 'avg'
13.1734 	EXP 	cue_right: pos = array([ 0.,  0.])
13.1734 	EXP 	fixation: autoDraw = True
13.1738 	EXP 	window1: blendMode = 'avg'
13.1911 	EXP 	window1: blendMode = 'avg'
13.2083 	EXP 	window1: blendMode = 'avg'
13.2240 	EXP 	window1: blendMode = 'avg'
13.2413 	EXP 	window1: blendMode = 'avg'
13.2579 	EXP 	window1: blendMode = 'avg'
13.2741 	EXP 	window1: blendMode = 'avg'
13.2912 	EXP 	window1: blendMode = 'avg'
13.3082 	EXP 	window1: blendMode = 'avg'
13.3240 	EXP 	window1: blendMode = 'avg'
13.3416 	EXP 	window1: blendMode = 'avg'
13.3573 	EXP 	window1: blendMode = 'avg'
13.3746 	EXP 	window1: blendMode = 'avg'
13.3914 	EXP 	window1: blendMode = 'avg'
13.4076 	EXP 	window1: blendMode = 'avg'
13.4242 	EXP 	window1: blendMode = 'avg'
13.4418 	EXP 	window1: blendMode = 'avg'
13.4570 	EXP 	window1: blendMode = 'avg'
13.4739 	EXP 	window1: blendMode = 'avg'
13.4912 	EXP 	window1: blendMode = 'avg'
13.5070 	EXP 	window1: blendMode = 'avg'
13.5240 	EXP 	window1: blendMode = 'avg'
13.5414 	EXP 	window1: blendMode = 'avg'
13.5578 	EXP 	window1: blendMode = 'avg'
13.5741 	EXP 	window1: blendMode = 'avg'
13.5912 	EXP 	window1: blendMode = 'avg'
13.6073 	EXP 	window1: blendMode = 'avg'
13.6250 	EXP 	window1: blendMode = 'avg'
13.6416 	EXP 	window1: blendMode = 'avg'
13.6573 	EXP 	window1: blendMode = 'avg'
13.6746 	EXP 	window1: blendMode = 'avg'
13.6904 	EXP 	window1: blendMode = 'avg'
13.7069 	EXP 	window1: blendMode = 'avg'
13.7239 	EXP 	window1: blendMode = 'avg'
13.7411 	EXP 	window1: blendMode = 'avg'
13.7580 	EXP 	window1: blendMode = 'avg'
13.7746 	EXP 	window1: blendMode = 'avg'
13.7911 	EXP 	window1: blendMode = 'avg'
13.8073 	EXP 	window1: blendMode = 'avg'
13.8249 	EXP 	window1: blendMode = 'avg'
13.8407 	EXP 	window1: blendMode = 'avg'
13.8569 	EXP 	window1: blendMode = 'avg'
13.8744 	EXP 	window1: blendMode = 'avg'
13.8903 	EXP 	window1: blendMode = 'avg'
13.9069 	EXP 	window1: blendMode = 'avg'
13.9251 	EXP 	window1: blendMode = 'avg'
13.9413 	EXP 	window1: blendMode = 'avg'
13.9581 	EXP 	window1: blendMode = 'avg'
13.9739 	EXP 	window1: blendMode = 'avg'
13.9912 	EXP 	window1: blendMode = 'avg'
14.0075 	EXP 	window1: blendMode = 'avg'
14.0242 	EXP 	window1: blendMode = 'avg'
14.0409 	EXP 	window1: blendMode = 'avg'
14.0577 	EXP 	window1: blendMode = 'avg'
14.0748 	EXP 	window1: blendMode = 'avg'
14.0906 	EXP 	window1: blendMode = 'avg'
14.1070 	EXP 	window1: blendMode = 'avg'
14.1242 	EXP 	window1: blendMode = 'avg'
14.1416 	EXP 	window1: blendMode = 'avg'
14.1618 	EXP 	Created Probe1 = ImageStim(autoLog=True, color=array([ 1.,  1.,  1.]), colorSpace='rgb', contrast=1.0, depth=0, flipHoriz=False, flipVert=False, image=str(...), interpolate=False, mask=None, maskParams=None, name='Probe1', opacity=1.0, ori=0.0, pos=array([ 0.,  0.]), size=array([ 7.,  7.]), texRes=128, units='deg', win=Window(...))
14.1656 	EXP 	Created Probe2 = ImageStim(autoLog=True, color=array([ 1.,  1.,  1.]), colorSpace='rgb', contrast=1.0, depth=0, flipHoriz=False, flipVert=False, image=str(...), interpolate=False, mask=None, maskParams=None, name='Probe2', opacity=1.0, ori=0.0, pos=array([ 0.,  0.]), size=array([ 7.,  7.]), texRes=128, units='deg', win=Window(...))
14.1665 	EXP 	window1: blendMode = 'avg'
14.1733 	EXP 	Probe1: pos = array([ 8.,  0.])
14.1733 	EXP 	Probe2: pos = array([-8.,  0.])
14.1733 	EXP 	Probe1: autoDraw = True
14.1733 	EXP 	Probe2: autoDraw = True
14.1737 	EXP 	window1: blendMode = 'avg'
14.1913 	EXP 	window1: blendMode = 'avg'
14.2073 	EXP 	window1: blendMode = 'avg'
14.2238 	EXP 	window1: blendMode = 'avg'
14.2413 	EXP 	window1: blendMode = 'avg'
14.2567 	EXP 	window1: blendMode = 'avg'
14.2739 	EXP 	window1: blendMode = 'avg'
14.2910 	EXP 	window1: blendMode = 'avg'
14.3071 	EXP 	window1: blendMode = 'avg'
14.3241 	EXP 	window1: blendMode = 'avg'
14.3417 	EXP 	window1: blendMode = 'avg'
14.3576 	EXP 	window1: blendMode = 'avg'
14.3743 	EXP 	window1: blendMode = 'avg'
14.3913 	EXP 	window1: blendMode = 'avg'
14.4081 	EXP 	window1: blendMode = 'avg'
14.4241 	EXP 	window1: blendMode = 'avg'
14.4415 	EXP 	window1: blendMode = 'avg'
14.4570 	EXP 	window1: blendMode = 'avg'
14.4748 	EXP 	window1: blendMode = 'avg'
14.4910 	EXP 	window1: blendMode = 'avg'
14.5069 	EXP 	window1: blendMode = 'avg'
14.5247 	EXP 	window1: blendMode = 'avg'
14.5407 	EXP 	window1: blendMode = 'avg'
14.5580 	EXP 	window1: blendMode = 'avg'
14.5735 	EXP 	window1: blendMode = 'avg'
14.5913 	EXP 	window1: blendMode = 'avg'
14.6082 	EXP 	window1: blendMode = 'avg'
14.6240 	EXP 	window1: blendMode = 'avg'
14.6414 	EXP 	window1: blendMode = 'avg'
14.6568 	EXP 	window1: blendMode = 'avg'
14.6737 	EXP 	window1: blendMode = 'avg'
14.6911 	EXP 	window1: blendMode = 'avg'
14.7069 	EXP 	window1: blendMode = 'avg'
14.7238 	EXP 	window1: blendMode = 'avg'
14.7405 	EXP 	window1: blendMode = 'avg'
14.7569 	EXP 	window1: blendMode = 'avg'
14.7746 	EXP 	window1: blendMode = 'avg'
14.7905 	EXP 	window1: blendMode = 'avg'
14.8074 	EXP 	window1: blendMode = 'avg'
14.8249 	EXP 	window1: blendMode = 'avg'
14.8417 	EXP 	window1: blendMode = 'avg'
14.8570 	EXP 	window1: blendMode = 'avg'
14.8738 	EXP 	window1: blendMode = 'avg'
14.8903 	EXP 	window1: blendMode = 'avg'
14.9082 	EXP 	window1: blendMode = 'avg'
14.9243 	EXP 	window1: blendMode = 'avg'
14.9404 	EXP 	window1: blendMode = 'avg'
14.9575 	EXP 	window1: blendMode = 'avg'
14.9735 	EXP 	window1: blendMode = 'avg'
14.9905 	EXP 	window1: blendMode = 'avg'
15.0081 	EXP 	window1: blendMode = 'avg'
15.0248 	EXP 	window1: blendMode = 'avg'
15.0414 	EXP 	window1: blendMode = 'avg'
15.0568 	EXP 	window1: blendMode = 'avg'
15.0736 	EXP 	window1: blendMode = 'avg'
15.0906 	EXP 	window1: blendMode = 'avg'
15.1072 	EXP 	window1: blendMode = 'avg'
15.1248 	EXP 	window1: blendMode = 'avg'
15.1415 	EXP 	window1: blendMode = 'avg'
15.1570 	EXP 	window1: blendMode = 'avg'
15.1734 	EXP 	window1: blendMode = 'avg'
15.1903 	EXP 	window1: blendMode = 'avg'
15.2074 	EXP 	window1: blendMode = 'avg'
15.2249 	EXP 	window1: blendMode = 'avg'
15.2415 	EXP 	window1: blendMode = 'avg'
15.2576 	EXP 	window1: blendMode = 'avg'
15.2750 	EXP 	window1: blendMode = 'avg'
15.2904 	EXP 	window1: blendMode = 'avg'
15.3069 	EXP 	window1: blendMode = 'avg'
15.3241 	EXP 	window1: blendMode = 'avg'
15.3413 	EXP 	window1: blendMode = 'avg'
15.3580 	EXP 	window1: blendMode = 'avg'
15.3732 	EXP 	window1: blendMode = 'avg'
15.3903 	EXP 	window1: blendMode = 'avg'
15.4081 	EXP 	window1: blendMode = 'avg'
15.4249 	EXP 	window1: blendMode = 'avg'
15.4414 	EXP 	window1: blendMode = 'avg'
15.4569 	EXP 	window1: blendMode = 'avg'
15.4741 	EXP 	window1: blendMode = 'avg'
15.4905 	EXP 	window1: blendMode = 'avg'
15.5072 	EXP 	window1: blendMode = 'avg'
15.5240 	EXP 	window1: blendMode = 'avg'
15.5413 	EXP 	window1: blendMode = 'avg'
15.5572 	EXP 	window1: blendMode = 'avg'
15.5736 	EXP 	window1: blendMode = 'avg'
15.5913 	EXP 	window1: blendMode = 'avg'
15.6075 	EXP 	window1: blendMode = 'avg'
15.6238 	EXP 	window1: blendMode = 'avg'
15.6416 	EXP 	window1: blendMode = 'avg'
15.6569 	EXP 	window1: blendMode = 'avg'
15.6743 	EXP 	window1: blendMode = 'avg'
15.6904 	EXP 	window1: blendMode = 'avg'
15.7079 	EXP 	window1: blendMode = 'avg'
15.7251 	EXP 	window1: blendMode = 'avg'
15.7413 	EXP 	window1: blendMode = 'avg'
15.7582 	EXP 	window1: blendMode = 'avg'
15.7746 	EXP 	window1: blendMode = 'avg'
15.7904 	EXP 	window1: blendMode = 'avg'
15.8075 	EXP 	window1: blendMode = 'avg'
15.8241 	EXP 	window1: blendMode = 'avg'
15.8406 	EXP 	window1: blendMode = 'avg'
15.8576 	EXP 	window1: blendMode = 'avg'
15.8750 	EXP 	window1: blendMode = 'avg'
15.8905 	EXP 	window1: blendMode = 'avg'
15.9082 	EXP 	window1: blendMode = 'avg'
15.9248 	EXP 	window1: blendMode = 'avg'
15.9414 	EXP 	window1: blendMode = 'avg'
15.9575 	EXP 	window1: blendMode = 'avg'
15.9734 	EXP 	window1: blendMode = 'avg'
15.9904 	EXP 	window1: blendMode = 'avg'
16.0080 	EXP 	window1: blendMode = 'avg'
16.0241 	EXP 	window1: blendMode = 'avg'
16.0406 	EXP 	window1: blendMode = 'avg'
16.0579 	EXP 	window1: blendMode = 'avg'
16.0745 	EXP 	window1: blendMode = 'avg'
16.0906 	EXP 	window1: blendMode = 'avg'
16.1081 	EXP 	window1: blendMode = 'avg'
16.1241 	EXP 	window1: blendMode = 'avg'
16.1414 	EXP 	window1: blendMode = 'avg'
16.1574 	EXP 	window1: blendMode = 'avg'
16.1736 	EXP 	window1: blendMode = 'avg'
16.1914 	EXP 	window1: blendMode = 'avg'
16.2081 	EXP 	window1: blendMode = 'avg'
16.2248 	EXP 	window1: blendMode = 'avg'
16.2417 	EXP 	window1: blendMode = 'avg'
16.2571 	EXP 	window1: blendMode = 'avg'
16.2748 	EXP 	window1: blendMode = 'avg'
16.2914 	EXP 	window1: blendMode = 'avg'
16.3072 	EXP 	window1: blendMode = 'avg'
16.3241 	EXP 	window1: blendMode = 'avg'
16.3408 	EXP 	window1: blendMode = 'avg'
16.3581 	EXP 	window1: blendMode = 'avg'
16.3736 	EXP 	window1: blendMode = 'avg'
16.3907 	EXP 	window1: blendMode = 'avg'
16.4079 	EXP 	window1: blendMode = 'avg'
16.4237 	EXP 	window1: blendMode = 'avg'
16.4417 	EXP 	window1: blendMode = 'avg'
16.4571 	EXP 	window1: blendMode = 'avg'
16.4748 	EXP 	window1: blendMode = 'avg'
16.4906 	EXP 	window1: blendMode = 'avg'
16.5077 	EXP 	window1: blendMode = 'avg'
16.5245 	EXP 	window1: blendMode = 'avg'
16.5411 	EXP 	window1: blendMode = 'avg'
16.5573 	EXP 	window1: blendMode = 'avg'
16.5746 	EXP 	window1: blendMode = 'avg'
16.5909 	EXP 	window1: blendMode = 'avg'
16.6083 	EXP 	window1: blendMode = 'avg'
16.6246 	EXP 	window1: blendMode = 'avg'
16.6415 	EXP 	window1: blendMode = 'avg'
16.6566 	EXP 	window1: blendMode = 'avg'
16.6749 	EXP 	window1: blendMode = 'avg'
16.6909 	EXP 	window1: blendMode = 'avg'
16.7078 	EXP 	window1: blendMode = 'avg'
16.7246 	EXP 	window1: blendMode = 'avg'
16.7409 	EXP 	window1: blendMode = 'avg'
16.7582 	EXP 	window1: blendMode = 'avg'
16.7745 	EXP 	window1: blendMode = 'avg'
16.7904 	EXP 	window1: blendMode = 'avg'
16.8074 	EXP 	window1: blendMode = 'avg'
16.8249 	EXP 	window1: blendMode = 'avg'
16.8409 	EXP 	window1: blendMode = 'avg'
16.8575 	EXP 	window1: blendMode = 'avg'
16.8740 	EXP 	window1: blendMode = 'avg'
16.8904 	EXP 	window1: blendMode = 'avg'
16.9082 	EXP 	window1: blendMode = 'avg'
16.9246 	EXP 	window1: blendMode = 'avg'
16.9413 	EXP 	window1: blendMode = 'avg'
16.9582 	EXP 	window1: blendMode = 'avg'
16.9733 	EXP 	window1: blendMode = 'avg'
16.9903 	EXP 	window1: blendMode = 'avg'
17.0076 	EXP 	window1: blendMode = 'avg'
17.0246 	EXP 	window1: blendMode = 'avg'
17.0405 	EXP 	window1: blendMode = 'avg'
17.0575 	EXP 	window1: blendMode = 'avg'
17.0747 	EXP 	window1: blendMode = 'avg'
17.0902 	EXP 	window1: blendMode = 'avg'
17.1077 	EXP 	window1: blendMode = 'avg'
17.1249 	EXP 	window1: blendMode = 'avg'
17.1413 	EXP 	window1: blendMode = 'avg'
17.1734 	EXP 	Probe1: autoDraw = False
17.1734 	EXP 	Probe2: autoDraw = False
17.1734 	EXP 	fixation: autoDraw = False
17.1738 	EXP 	New trial (rep=0, index=2): {}
17.1745 	EXP 	window1: blendMode = 'avg'
17.1903 	EXP 	cue_right: pos = array([ 0.,  0.])
17.1903 	EXP 	fixation: autoDraw = True
17.1908 	EXP 	window1: blendMode = 'avg'
17.2083 	EXP 	window1: blendMode = 'avg'
17.2238 	EXP 	window1: blendMode = 'avg'
17.2414 	EXP 	window1: blendMode = 'avg'
17.2580 	EXP 	window1: blendMode = 'avg'
17.2744 	EXP 	window1: blendMode = 'avg'
17.2903 	EXP 	window1: blendMode = 'avg'
17.3080 	EXP 	window1: blendMode = 'avg'
17.3252 	EXP 	window1: blendMode = 'avg'
17.3412 	EXP 	window1: blendMode = 'avg'
17.3580 	EXP 	window1: blendMode = 'avg'
17.3741 	EXP 	window1: blendMode = 'avg'
17.3913 	EXP 	window1: blendMode = 'avg'
17.4078 	EXP 	window1: blendMode = 'avg'
17.4247 	EXP 	window1: blendMode = 'avg'
17.4414 	EXP 	window1: blendMode = 'avg'
17.4574 	EXP 	window1: blendMode = 'avg'
17.4742 	EXP 	window1: blendMode = 'avg'
17.4913 	EXP 	window1: blendMode = 'avg'
17.5083 	EXP 	window1: blendMode = 'avg'
17.5240 	EXP 	window1: blendMode = 'avg'
17.5417 	EXP 	window1: blendMode = 'avg'
17.5574 	EXP 	window1: blendMode = 'avg'
17.5745 	EXP 	window1: blendMode = 'avg'
17.5907 	EXP 	window1: blendMode = 'avg'
17.6082 	EXP 	window1: blendMode = 'avg'
17.6249 	EXP 	window1: blendMode = 'avg'
17.6405 	EXP 	window1: blendMode = 'avg'
17.6569 	EXP 	window1: blendMode = 'avg'
17.6740 	EXP 	window1: blendMode = 'avg'
17.6905 	EXP 	window1: blendMode = 'avg'
17.7069 	EXP 	window1: blendMode = 'avg'
17.7241 	EXP 	window1: blendMode = 'avg'
17.7407 	EXP 	window1: blendMode = 'avg'
17.7574 	EXP 	window1: blendMode = 'avg'
17.7745 	EXP 	window1: blendMode = 'avg'
17.7903 	EXP 	window1: blendMode = 'avg'
17.8074 	EXP 	window1: blendMode = 'avg'
17.8245 	EXP 	window1: blendMode = 'avg'
17.8413 	EXP 	window1: blendMode = 'avg'
17.8575 	EXP 	window1: blendMode = 'avg'
17.8740 	EXP 	window1: blendMode = 'avg'
17.8903 	EXP 	window1: blendMode = 'avg'
17.9070 	EXP 	window1: blendMode = 'avg'
17.9239 	EXP 	window1: blendMode = 'avg'
17.9416 	EXP 	window1: blendMode = 'avg'
17.9572 	EXP 	window1: blendMode = 'avg'
17.9735 	EXP 	window1: blendMode = 'avg'
17.9908 	EXP 	window1: blendMode = 'avg'
18.0082 	EXP 	window1: blendMode = 'avg'
18.0245 	EXP 	window1: blendMode = 'avg'
18.0402 	EXP 	window1: blendMode = 'avg'
18.0570 	EXP 	window1: blendMode = 'avg'
18.0744 	EXP 	window1: blendMode = 'avg'
18.0903 	EXP 	window1: blendMode = 'avg'
18.1069 	EXP 	window1: blendMode = 'avg'
18.1249 	EXP 	window1: blendMode = 'avg'
18.1416 	EXP 	window1: blendMode = 'avg'
18.1571 	EXP 	window1: blendMode = 'avg'
18.1787 	EXP 	Created Probe1 = ImageStim(autoLog=True, color=array([ 1.,  1.,  1.]), colorSpace='rgb', contrast=1.0, depth=0, flipHoriz=False, flipVert=False, image=str(...), interpolate=False, mask=None, maskParams=None, name='Probe1', opacity=1.0, ori=0.0, pos=array([ 0.,  0.]), size=array([ 7.,  7.]), texRes=128, units='deg', win=Window(...))
18.1826 	EXP 	Created Probe2 = ImageStim(autoLog=True, color=array([ 1.,  1.,  1.]), colorSpace='rgb', contrast=1.0, depth=0, flipHoriz=False, flipVert=False, image=str(...), interpolate=False, mask=None, maskParams=None, name='Probe2', opacity=1.0, ori=0.0, pos=array([ 0.,  0.]), size=array([ 7.,  7.]), texRes=128, units='deg', win=Window(...))
18.1836 	EXP 	window1: blendMode = 'avg'
18.1908 	EXP 	Probe1: pos = array([ 8.,  0.])
18.1908 	EXP 	Probe2: pos = array([-8.,  0.])
18.1908 	EXP 	Probe1: autoDraw = True
18.1908 	EXP 	Probe2: autoDraw = True
18.1912 	EXP 	window1: blendMode = 'avg'
18.2082 	EXP 	window1: blendMode = 'avg'
18.2249 	EXP 	window1: blendMode = 'avg'
18.2413 	EXP 	window1: blendMode = 'avg'
18.2577 	EXP 	window1: blendMode = 'avg'
18.2737 	EXP 	window1: blendMode = 'avg'
18.2907 	EXP 	window1: blendMode = 'avg'
18.3074 	EXP 	window1: blendMode = 'avg'
18.3250 	EXP 	window1: blendMode = 'avg'
18.3407 	EXP 	window1: blendMode = 'avg'
18.3570 	EXP 	window1: blendMode = 'avg'
18.3736 	EXP 	window1: blendMode = 'avg'
18.3905 	EXP 	window1: blendMode = 'avg'
18.4075 	EXP 	window1: blendMode = 'avg'
18.4237 	EXP 	window1: blendMode = 'avg'
18.4418 	EXP 	window1: blendMode = 'avg'
18.4572 	EXP 	window1: blendMode = 'avg'
18.4745 	EXP 	window1: blendMode = 'avg'
18.4902 	EXP 	window1: blendMode = 'avg'
18.5070 	EXP 	window1: blendMode = 'avg'
18.5243 	EXP 	window1: blendMode = 'avg'
18.5416 	EXP 	window1: blendMode = 'avg'
18.5584 	EXP 	window1: blendMode = 'avg'
18.5743 	EXP 	window1: blendMode = 'avg'
18.5904 	EXP 	window1: blendMode = 'avg'
18.6075 	EXP 	window1: blendMode = 'avg'
18.6240 	EXP 	window1: blendMode = 'avg'
18.6407 	EXP 	window1: blendMode = 'avg'
18.6569 	EXP 	window1: blendMode = 'avg'
18.6739 	EXP 	window1: blendMode = 'avg'
18.6904 	EXP 	window1: blendMode = 'avg'
18.7078 	EXP 	window1: blendMode = 'avg'
18.7241 	EXP 	window1: blendMode = 'avg'
18.7413 	EXP 	window1: blendMode = 'avg'
18.7570 	EXP 	window1: blendMode = 'avg'
18.7743 	EXP 	window1: blendMode = 'avg'
18.7907 	EXP 	window1: blendMode = 'avg'
18.8084 	EXP 	window1: blendMode = 'avg'
18.8238 	EXP 	window1: blendMode = 'avg'
18.8416 	EXP 	window1: blendMode = 'avg'
18.8569 	EXP 	window1: blendMode = 'avg'
18.8744 	EXP 	window1: blendMode = 'avg'
18.8913 	EXP 	window1: blendMode = 'avg'
18.9069 	EXP 	window1: blendMode = 'avg'
18.9242 	EXP 	window1: blendMode = 'avg'
18.9415 	EXP 	window1: blendMode = 'avg'
18.9582 	EXP 	window1: blendMode = 'avg'
18.9734 	EXP 	window1: blendMode = 'avg'
18.9903 	EXP 	window1: blendMode = 'avg'
19.0078 	EXP 	window1: blendMode = 'avg'
19.0240 	EXP 	window1: blendMode = 'avg'
19.0405 	EXP 	window1: blendMode = 'avg'
19.0573 	EXP 	window1: blendMode = 'avg'
19.0742 	EXP 	window1: blendMode = 'avg'
19.0905 	EXP 	window1: blendMode = 'avg'
19.1079 	EXP 	window1: blendMode = 'avg'
19.1248 	EXP 	window1: blendMode = 'avg'
19.1414 	EXP 	window1: blendMode = 'avg'
19.1573 	EXP 	window1: blendMode = 'avg'
19.1746 	EXP 	window1: blendMode = 'avg'
19.1902 	EXP 	window1: blendMode = 'avg'
19.2075 	EXP 	window1: blendMode = 'avg'
19.2246 	EXP 	window1: blendMode = 'avg'
19.2406 	EXP 	window1: blendMode = 'avg'
19.2570 	EXP 	window1: blendMode = 'avg'
19.2749 	EXP 	window1: blendMode = 'avg'
19.2903 	EXP 	window1: blendMode = 'avg'
19.3075 	EXP 	window1: blendMode = 'avg'
19.3252 	EXP 	window1: blendMode = 'avg'
19.3415 	EXP 	window1: blendMode = 'avg'
19.3582 	EXP 	window1: blendMode = 'avg'
19.3735 	EXP 	window1: blendMode = 'avg'
19.3907 	EXP 	window1: blendMode = 'avg'
19.4073 	EXP 	window1: blendMode = 'avg'
19.4248 	EXP 	window1: blendMode = 'avg'
19.4408 	EXP 	window1: blendMode = 'avg'
19.4567 	EXP 	window1: blendMode = 'avg'
19.4746 	EXP 	window1: blendMode = 'avg'
19.4903 	EXP 	window1: blendMode = 'avg'
19.5072 	EXP 	window1: blendMode = 'avg'
19.5247 	EXP 	window1: blendMode = 'avg'
19.5413 	EXP 	window1: blendMode = 'avg'
19.5585 	EXP 	window1: blendMode = 'avg'
19.5737 	EXP 	window1: blendMode = 'avg'
19.5911 	EXP 	window1: blendMode = 'avg'
19.6074 	EXP 	window1: blendMode = 'avg'
19.6237 	EXP 	window1: blendMode = 'avg'
19.6406 	EXP 	window1: blendMode = 'avg'
19.6571 	EXP 	window1: blendMode = 'avg'
19.6743 	EXP 	window1: blendMode = 'avg'
19.6907 	EXP 	window1: blendMode = 'avg'
19.7078 	EXP 	window1: blendMode = 'avg'
19.7238 	EXP 	window1: blendMode = 'avg'
19.7405 	EXP 	window1: blendMode = 'avg'
19.7582 	EXP 	window1: blendMode = 'avg'
19.7739 	EXP 	window1: blendMode = 'avg'
19.7911 	EXP 	window1: blendMode = 'avg'
19.8073 	EXP 	window1: blendMode = 'avg'
19.8240 	EXP 	window1: blendMode = 'avg'
19.8413 	EXP 	window1: blendMode = 'avg'
19.8570 	EXP 	window1: blendMode = 'avg'
19.8741 	EXP 	window1: blendMode = 'avg'
19.8909 	EXP 	window1: blendMode = 'avg'
19.9069 	EXP 	window1: blendMode = 'avg'
19.9239 	EXP 	window1: blendMode = 'avg'
19.9415 	EXP 	window1: blendMode = 'avg'
19.9582 	EXP 	window1: blendMode = 'avg'
19.9743 	EXP 	window1: blendMode = 'avg'
19.9901 	EXP 	window1: blendMode = 'avg'
20.0084 	EXP 	window1: blendMode = 'avg'
20.0250 	EXP 	window1: blendMode = 'avg'
20.0413 	EXP 	window1: blendMode = 'avg'
20.0568 	EXP 	window1: blendMode = 'avg'
20.0740 	EXP 	window1: blendMode = 'avg'
20.0909 	EXP 	window1: blendMode = 'avg'
20.1074 	EXP 	window1: blendMode = 'avg'
20.1239 	EXP 	window1: blendMode = 'avg'
20.1418 	EXP 	window1: blendMode = 'avg'
20.1571 	EXP 	window1: blendMode = 'avg'
20.1743 	EXP 	window1: blendMode = 'avg'
20.1902 	EXP 	window1: blendMode = 'avg'
20.2075 	EXP 	window1: blendMode = 'avg'
20.2239 	EXP 	window1: blendMode = 'avg'
20.2414 	EXP 	window1: blendMode = 'avg'
20.2579 	EXP 	window1: blendMode = 'avg'
20.2749 	EXP 	window1: blendMode = 'avg'
20.2906 	EXP 	window1: blendMode = 'avg'
20.3077 	EXP 	window1: blendMode = 'avg'
20.3249 	EXP 	window1: blendMode = 'avg'
20.3413 	EXP 	window1: blendMode = 'avg'
20.3574 	EXP 	window1: blendMode = 'avg'
20.3742 	EXP 	window1: blendMode = 'avg'
20.3913 	EXP 	window1: blendMode = 'avg'
20.4073 	EXP 	window1: blendMode = 'avg'
20.4244 	EXP 	window1: blendMode = 'avg'
20.4408 	EXP 	window1: blendMode = 'avg'
20.4568 	EXP 	window1: blendMode = 'avg'
20.4740 	EXP 	window1: blendMode = 'avg'
20.4904 	EXP 	window1: blendMode = 'avg'
20.5080 	EXP 	window1: blendMode = 'avg'
20.5239 	EXP 	window1: blendMode = 'avg'
20.5413 	EXP 	window1: blendMode = 'avg'
20.5583 	EXP 	window1: blendMode = 'avg'
20.5741 	EXP 	window1: blendMode = 'avg'
20.5911 	EXP 	window1: blendMode = 'avg'
20.6076 	EXP 	window1: blendMode = 'avg'
20.6241 	EXP 	window1: blendMode = 'avg'
20.6417 	EXP 	window1: blendMode = 'avg'
20.6568 	EXP 	window1: blendMode = 'avg'
20.6743 	EXP 	window1: blendMode = 'avg'
20.6904 	EXP 	window1: blendMode = 'avg'
20.7077 	EXP 	window1: blendMode = 'avg'
20.7252 	EXP 	window1: blendMode = 'avg'
20.7411 	EXP 	window1: blendMode = 'avg'
20.7574 	EXP 	window1: blendMode = 'avg'
20.7737 	EXP 	window1: blendMode = 'avg'
20.7908 	EXP 	window1: blendMode = 'avg'
20.8083 	EXP 	window1: blendMode = 'avg'
20.8249 	EXP 	window1: blendMode = 'avg'
20.8416 	EXP 	window1: blendMode = 'avg'
20.8571 	EXP 	window1: blendMode = 'avg'
20.8741 	EXP 	window1: blendMode = 'avg'
20.8902 	EXP 	window1: blendMode = 'avg'
20.9068 	EXP 	window1: blendMode = 'avg'
20.9239 	EXP 	window1: blendMode = 'avg'
20.9406 	EXP 	window1: blendMode = 'avg'
20.9579 	EXP 	window1: blendMode = 'avg'
20.9734 	EXP 	window1: blendMode = 'avg'
20.9906 	EXP 	window1: blendMode = 'avg'
21.0082 	EXP 	window1: blendMode = 'avg'
21.0239 	EXP 	window1: blendMode = 'avg'
21.0414 	EXP 	window1: blendMode = 'avg'
21.0578 	EXP 	window1: blendMode = 'avg'
21.0747 	EXP 	window1: blendMode = 'avg'
21.0903 	EXP 	window1: blendMode = 'avg'
21.1070 	EXP 	window1: blendMode = 'avg'
21.1239 	EXP 	window1: blendMode = 'avg'
21.1415 	EXP 	window1: blendMode = 'avg'
21.1570 	EXP 	window1: blendMode = 'avg'
21.1902 	EXP 	Probe1: autoDraw = False
21.1902 	EXP 	Probe2: autoDraw = False
21.1902 	EXP 	fixation: autoDraw = False
21.1906 	EXP 	New trial (rep=0, index=3): {}
21.1913 	EXP 	window1: blendMode = 'avg'
21.2065 	EXP 	cue_right: pos = array([ 0.,  0.])
21.2065 	EXP 	fixation: autoDraw = True
21.2070 	EXP 	window1: blendMode = 'avg'
21.2245 	EXP 	window1: blendMode = 'avg'
21.2412 	EXP 	window1: blendMode = 'avg'
21.2575 	EXP 	window1: blendMode = 'avg'
21.2746 	EXP 	window1: blendMode = 'avg'
21.2904 	EXP 	window1: blendMode = 'avg'
21.3075 	EXP 	window1: blendMode = 'avg'
21.3241 	EXP 	window1: blendMode = 'avg'
21.3414 	EXP 	window1: blendMode = 'avg'
21.3574 	EXP 	window1: blendMode = 'avg'
21.3743 	EXP 	window1: blendMode = 'avg'
21.3904 	EXP 	window1: blendMode = 'avg'
21.4082 	EXP 	window1: blendMode = 'avg'
21.4249 	EXP 	window1: blendMode = 'avg'
21.4414 	EXP 	window1: blendMode = 'avg'
21.4569 	EXP 	window1: blendMode = 'avg'
21.4738 	EXP 	window1: blendMode = 'avg'
21.4903 	EXP 	window1: blendMode = 'avg'
21.5069 	EXP 	window1: blendMode = 'avg'
21.5247 	EXP 	window1: blendMode = 'avg'
21.5415 	EXP 	window1: blendMode = 'avg'
21.5581 	EXP 	window1: blendMode = 'avg'
21.5739 	EXP 	window1: blendMode = 'avg'
21.5903 	EXP 	window1: blendMode = 'avg'
21.6074 	EXP 	window1: blendMode = 'avg'
21.6240 	EXP 	window1: blendMode = 'avg'
21.6417 	EXP 	window1: blendMode = 'avg'
21.6568 	EXP 	window1: blendMode = 'avg'
21.6739 	EXP 	window1: blendMode = 'avg'
21.6903 	EXP 	window1: blendMode = 'avg'
21.7072 	EXP 	window1: blendMode = 'avg'
21.7246 	EXP 	window1: blendMode = 'avg'
21.7412 	EXP 	window1: blendMode = 'avg'
21.7581 	EXP 	window1: blendMode = 'avg'
21.7736 	EXP 	window1: blendMode = 'avg'
21.7901 	EXP 	window1: blendMode = 'avg'
21.8076 	EXP 	window1: blendMode = 'avg'
21.8240 	EXP 	window1: blendMode = 'avg'
21.8412 	EXP 	window1: blendMode = 'avg'
21.8570 	EXP 	window1: blendMode = 'avg'
21.8738 	EXP 	window1: blendMode = 'avg'
21.8912 	EXP 	window1: blendMode = 'avg'
21.9070 	EXP 	window1: blendMode = 'avg'
21.9247 	EXP 	window1: blendMode = 'avg'
21.9415 	EXP 	window1: blendMode = 'avg'
21.9571 	EXP 	window1: blendMode = 'avg'
21.9740 	EXP 	window1: blendMode = 'avg'
21.9913 	EXP 	window1: blendMode = 'avg'
22.0077 	EXP 	window1: blendMode = 'avg'
22.0244 	EXP 	window1: blendMode = 'avg'
22.0418 	EXP 	window1: blendMode = 'avg'
22.0571 	EXP 	window1: blendMode = 'avg'
22.0743 	EXP 	window1: blendMode = 'avg'
22.0903 	EXP 	window1: blendMode = 'avg'
22.1070 	EXP 	window1: blendMode = 'avg'
22.1244 	EXP 	window1: blendMode = 'avg'
22.1407 	EXP 	window1: blendMode = 'avg'
22.1572 	EXP 	window1: blendMode = 'avg'
22.1743 	EXP 	window1: blendMode = 'avg'
22.1944 	EXP 	Created Probe1 = ImageStim(autoLog=True, color=array([ 1.,  1.,  1.]), colorSpace='rgb', contrast=1.0, depth=0, flipHoriz=False, flipVert=False, image=str(...), interpolate=False, mask=None, maskParams=None, name='Probe1', opacity=1.0, ori=0.0, pos=array([ 0.,  0.]), size=array([ 7.,  7.]), texRes=128, units='deg', win=Window(...))
22.1986 	EXP 	Created Probe2 = ImageStim(autoLog=True, color=array([ 1.,  1.,  1.]), colorSpace='rgb', contrast=1.0, depth=0, flipHoriz=False, flipVert=False, image=str(...), interpolate=False, mask=None, maskParams=None, name='Probe2', opacity=1.0, ori=0.0, pos=array([ 0.,  0.]), size=array([ 7.,  7.]), texRes=128, units='deg', win=Window(...))
22.1996 	EXP 	window1: blendMode = 'avg'
22.2068 	EXP 	Probe1: pos = array([ 8.,  0.])
22.2068 	EXP 	Probe2: pos = array([-8.,  0.])
22.2068 	EXP 	Probe1: autoDraw = True
22.2068 	EXP 	Probe2: autoDraw = True
22.2073 	EXP 	window1: blendMode = 'avg'
22.2250 	EXP 	window1: blendMode = 'avg'
22.2413 	EXP 	window1: blendMode = 'avg'
22.2577 	EXP 	window1: blendMode = 'avg'
22.2740 	EXP 	window1: blendMode = 'avg'
22.2909 	EXP 	window1: blendMode = 'avg'
22.3074 	EXP 	window1: blendMode = 'avg'
22.3244 	EXP 	window1: blendMode = 'avg'
22.3408 	EXP 	window1: blendMode = 'avg'
22.3575 	EXP 	window1: blendMode = 'avg'
22.3737 	EXP 	window1: blendMode = 'avg'
22.3904 	EXP 	window1: blendMode = 'avg'
22.4083 	EXP 	window1: blendMode = 'avg'
22.4249 	EXP 	window1: blendMode = 'avg'
22.4416 	EXP 	window1: blendMode = 'avg'
22.4571 	EXP 	window1: blendMode = 'avg'
22.4745 	EXP 	window1: blendMode = 'avg'
22.4912 	EXP 	window1: blendMode = 'avg'
22.5070 	EXP 	window1: blendMode = 'avg'
22.5246 	EXP 	window1: blendMode = 'avg'
22.5416 	EXP 	window1: blendMode = 'avg'
22.5580 	EXP 	window1: blendMode = 'avg'
22.5734 	EXP 	window1: blendMode = 'avg'
22.5903 	EXP 	window1: blendMode = 'avg'
22.6078 	EXP 	window1: blendMode = 'avg'
22.6246 	EXP 	window1: blendMode = 'avg'
22.6412 	EXP 	window1: blendMode = 'avg'
22.6566 	EXP 	window1: blendMode = 'avg'
22.6733 	EXP 	window1: blendMode = 'avg'
22.6906 	EXP 	window1: blendMode = 'avg'
22.7068 	EXP 	window1: blendMode = 'avg'
22.7240 	EXP 	window1: blendMode = 'avg'
22.7411 	EXP 	window1: blendMode = 'avg'
22.7579 	EXP 	window1: blendMode = 'avg'
22.7738 	EXP 	window1: blendMode = 'avg'
22.7911 	EXP 	window1: blendMode = 'avg'
22.8072 	EXP 	window1: blendMode = 'avg'
22.8238 	EXP 	window1: blendMode = 'avg'
22.8407 	EXP 	window1: blendMode = 'avg'
22.8574 	EXP 	window1: blendMode = 'avg'
22.8737 	EXP 	window1: blendMode = 'avg'
22.8903 	EXP 	window1: blendMode = 'avg'
22.9073 	EXP 	window1: blendMode = 'avg'
22.9247 	EXP 	window1: blendMode = 'avg'
22.9414 	EXP 	window1: blendMode = 'avg'
22.9577 	EXP 	window1: blendMode = 'avg'
22.9734 	EXP 	window1: blendMode = 'avg'
22.9906 	EXP 	window1: blendMode = 'avg'
23.0072 	EXP 	window1: blendMode = 'avg'
23.0246 	EXP 	window1: blendMode = 'avg'
23.0415 	EXP 	window1: blendMode = 'avg'
23.0570 	EXP 	window1: blendMode = 'avg'
23.0734 	EXP 	window1: blendMode = 'avg'
23.0904 	EXP 	window1: blendMode = 'avg'
23.1073 	EXP 	window1: blendMode = 'avg'
23.1241 	EXP 	window1: blendMode = 'avg'
23.1412 	EXP 	window1: blendMode = 'avg'
23.1569 	EXP 	window1: blendMode = 'avg'
23.1737 	EXP 	window1: blendMode = 'avg'
23.1900 	EXP 	window1: blendMode = 'avg'
23.2066 	EXP 	window1: blendMode = 'avg'
23.2235 	EXP 	window1: blendMode = 'avg'
23.2403 	EXP 	window1: blendMode = 'avg'
23.2568 	EXP 	window1: blendMode = 'avg'
23.2736 	EXP 	window1: blendMode = 'avg'
23.2902 	EXP 	window1: blendMode = 'avg'
23.3070 	EXP 	window1: blendMode = 'avg'
23.3240 	EXP 	window1: blendMode = 'avg'
23.3404 	EXP 	window1: blendMode = 'avg'
23.3576 	EXP 	window1: blendMode = 'avg'
23.3734 	EXP 	window1: blendMode = 'avg'
23.3904 	EXP 	window1: blendMode = 'avg'
23.4073 	EXP 	window1: blendMode = 'avg'
23.4239 	EXP 	window1: blendMode = 'avg'
23.4403 	EXP 	window1: blendMode = 'avg'
23.4570 	EXP 	window1: blendMode = 'avg'
23.4738 	EXP 	window1: blendMode = 'avg'
23.4903 	EXP 	window1: blendMode = 'avg'
23.5069 	EXP 	window1: blendMode = 'avg'
23.5242 	EXP 	window1: blendMode = 'avg'
23.5410 	EXP 	window1: blendMode = 'avg'
23.5573 	EXP 	window1: blendMode = 'avg'
23.5740 	EXP 	window1: blendMode = 'avg'
23.5903 	EXP 	window1: blendMode = 'avg'
23.6077 	EXP 	window1: blendMode = 'avg'
23.6236 	EXP 	window1: blendMode = 'avg'
23.6415 	EXP 	window1: blendMode = 'avg'
23.6570 	EXP 	window1: blendMode = 'avg'
23.6742 	EXP 	window1: blendMode = 'avg'
23.6909 	EXP 	window1: blendMode = 'avg'
23.7069 	EXP 	window1: blendMode = 'avg'
23.7238 	EXP 	window1: blendMode = 'avg'
23.7411 	EXP 	window1: blendMode = 'avg'
23.7575 	EXP 	window1: blendMode = 'avg'
23.7734 	EXP 	window1: blendMode = 'avg'
23.7911 	EXP 	window1: blendMode = 'avg'
23.8076 	EXP 	window1: blendMode = 'avg'
23.8240 	EXP 	window1: blendMode = 'avg'
23.8403 	EXP 	window1: blendMode = 'avg'
23.8569 	EXP 	window1: blendMode = 'avg'
23.8743 	EXP 	window1: blendMode = 'avg'
23.8901 	EXP 	window1: blendMode = 'avg'
23.9074 	EXP 	window1: blendMode = 'avg'
23.9245 	EXP 	window1: blendMode = 'avg'
23.9401 	EXP 	window1: blendMode = 'avg'
23.9581 	EXP 	window1: blendMode = 'avg'
23.9733 	EXP 	window1: blendMode = 'avg'
23.9905 	EXP 	window1: blendMode = 'avg'
24.0081 	EXP 	window1: blendMode = 'avg'
24.0244 	EXP 	window1: blendMode = 'avg'
24.0407 	EXP 	window1: blendMode = 'avg'
24.0573 	EXP 	window1: blendMode = 'avg'
24.0746 	EXP 	window1: blendMode = 'avg'
24.0901 	EXP 	window1: blendMode = 'avg'
24.1069 	EXP 	window1: blendMode = 'avg'
24.1240 	EXP 	window1: blendMode = 'avg'
24.1414 	EXP 	window1: blendMode = 'avg'
24.1571 	EXP 	window1: blendMode = 'avg'
24.1741 	EXP 	window1: blendMode = 'avg'
24.1900 	EXP 	window1: blendMode = 'avg'
24.2071 	EXP 	window1: blendMode = 'avg'
24.2249 	EXP 	window1: blendMode = 'avg'
24.2406 	EXP 	window1: blendMode = 'avg'
24.2575 	EXP 	window1: blendMode = 'avg'
24.2733 	EXP 	window1: blendMode = 'avg'
24.2910 	EXP 	window1: blendMode = 'avg'
24.3071 	EXP 	window1: blendMode = 'avg'
24.3239 	EXP 	window1: blendMode = 'avg'
24.3404 	EXP 	window1: blendMode = 'avg'
24.3578 	EXP 	window1: blendMode = 'avg'
24.3733 	EXP 	window1: blendMode = 'avg'
24.3904 	EXP 	window1: blendMode = 'avg'
24.4077 	EXP 	window1: blendMode = 'avg'
24.4242 	EXP 	window1: blendMode = 'avg'
24.4409 	EXP 	window1: blendMode = 'avg'
24.4566 	EXP 	window1: blendMode = 'avg'
24.4738 	EXP 	window1: blendMode = 'avg'
24.4902 	EXP 	window1: blendMode = 'avg'
24.5076 	EXP 	window1: blendMode = 'avg'
24.5240 	EXP 	window1: blendMode = 'avg'
24.5413 	EXP 	window1: blendMode = 'avg'
24.5581 	EXP 	window1: blendMode = 'avg'
24.5743 	EXP 	window1: blendMode = 'avg'
24.5902 	EXP 	window1: blendMode = 'avg'
24.6079 	EXP 	window1: blendMode = 'avg'
24.6245 	EXP 	window1: blendMode = 'avg'
24.6404 	EXP 	window1: blendMode = 'avg'
24.6566 	EXP 	window1: blendMode = 'avg'
24.6742 	EXP 	window1: blendMode = 'avg'
24.6911 	EXP 	window1: blendMode = 'avg'
24.7069 	EXP 	window1: blendMode = 'avg'
24.7239 	EXP 	window1: blendMode = 'avg'
24.7405 	EXP 	window1: blendMode = 'avg'
24.7578 	EXP 	window1: blendMode = 'avg'
24.7736 	EXP 	window1: blendMode = 'avg'
24.7912 	EXP 	window1: blendMode = 'avg'
24.8072 	EXP 	window1: blendMode = 'avg'
24.8237 	EXP 	window1: blendMode = 'avg'
24.8404 	EXP 	window1: blendMode = 'avg'
24.8572 	EXP 	window1: blendMode = 'avg'
24.8747 	EXP 	window1: blendMode = 'avg'
24.8902 	EXP 	window1: blendMode = 'avg'
24.9070 	EXP 	window1: blendMode = 'avg'
24.9246 	EXP 	window1: blendMode = 'avg'
24.9414 	EXP 	window1: blendMode = 'avg'
24.9571 	EXP 	window1: blendMode = 'avg'
24.9734 	EXP 	window1: blendMode = 'avg'
24.9902 	EXP 	window1: blendMode = 'avg'
25.0079 	EXP 	window1: blendMode = 'avg'
25.0244 	EXP 	window1: blendMode = 'avg'
25.0403 	EXP 	window1: blendMode = 'avg'
25.0573 	EXP 	window1: blendMode = 'avg'
25.0772 	EXP 	window1: blendMode = 'avg'
25.0892 	EXP 	window1: blendMode = 'avg'
25.1072 	EXP 	window1: blendMode = 'avg'
25.1239 	EXP 	window1: blendMode = 'avg'
25.1414 	EXP 	window1: blendMode = 'avg'
25.1569 	EXP 	window1: blendMode = 'avg'
25.1732 	EXP 	window1: blendMode = 'avg'
25.2067 	EXP 	Probe1: autoDraw = False
25.2067 	EXP 	Probe2: autoDraw = False
25.2067 	EXP 	fixation: autoDraw = False
25.2080 	EXP 	New trial (rep=0, index=8): {}
25.2507 	EXP 	Created unnamed TextStim = TextStim(alignHoriz='center', alignVert='center', antialias=True, autoLog=True, bold=False, color=array([ 1.,  1.,  1.]), colorSpace='rgb', contrast=1.0, depth=0, flipHoriz=False, flipVert=False, font='', fontFiles=[], height=1.0, italic=False, name='unnamed TextStim', opacity=1.0, ori=0.0, pos=array([ 0.,  0.]), rgb=array([ 1.,  1.,  1.]), text=unicode(...), units='deg', win=Window(...), wrapWidth=40)
25.2512 	EXP 	window1: blendMode = 'avg'
25.2567 	EXP 	fixation: autoDraw = False
25.2567 	EXP 	unnamed TextStim: autoDraw = True
25.2571 	EXP 	window1: blendMode = 'avg'
25.8945 	DATA 	Keypress: return
25.9077 	EXP 	unnamed TextStim: autoDraw = False
25.9081 	EXP 	Created sequence: random, trialTypes=4, nReps=1, seed=None
25.9089 	EXP 	New trial (rep=0, index=0): {}
25.9098 	EXP 	window1: blendMode = 'avg'
25.9249 	EXP 	cue_left: pos = array([ 0.,  0.])
25.9249 	EXP 	cue_left: autoDraw = True
25.9249 	EXP 	cue_img2: autoDraw = True
25.9255 	EXP 	window1: blendMode = 'avg'
25.9419 	EXP 	window1: blendMode = 'avg'
25.9588 	EXP 	window1: blendMode = 'avg'
25.9748 	EXP 	window1: blendMode = 'avg'
25.9917 	EXP 	window1: blendMode = 'avg'
26.0085 	EXP 	window1: blendMode = 'avg'
26.0239 	EXP 	window1: blendMode = 'avg'
26.0407 	EXP 	window1: blendMode = 'avg'
26.0581 	EXP 	window1: blendMode = 'avg'
26.0747 	EXP 	window1: blendMode = 'avg'
26.0910 	EXP 	window1: blendMode = 'avg'
26.1078 	EXP 	window1: blendMode = 'avg'
26.1244 	EXP 	window1: blendMode = 'avg'
26.1414 	EXP 	window1: blendMode = 'avg'
26.1575 	EXP 	window1: blendMode = 'avg'
26.1741 	EXP 	window1: blendMode = 'avg'
26.1911 	EXP 	window1: blendMode = 'avg'
26.2078 	EXP 	window1: blendMode = 'avg'
26.2244 	EXP 	window1: blendMode = 'avg'
26.2411 	EXP 	window1: blendMode = 'avg'
26.2580 	EXP 	window1: blendMode = 'avg'
26.2749 	EXP 	window1: blendMode = 'avg'
26.2906 	EXP 	window1: blendMode = 'avg'
26.3074 	EXP 	window1: blendMode = 'avg'
26.3245 	EXP 	window1: blendMode = 'avg'
26.3411 	EXP 	window1: blendMode = 'avg'
26.3576 	EXP 	window1: blendMode = 'avg'
26.3737 	EXP 	window1: blendMode = 'avg'
26.3912 	EXP 	window1: blendMode = 'avg'
26.4076 	EXP 	window1: blendMode = 'avg'
26.4240 	EXP 	window1: blendMode = 'avg'
26.4408 	EXP 	window1: blendMode = 'avg'
26.4571 	EXP 	window1: blendMode = 'avg'
26.4740 	EXP 	window1: blendMode = 'avg'
26.4908 	EXP 	window1: blendMode = 'avg'
26.5081 	EXP 	window1: blendMode = 'avg'
26.5248 	EXP 	window1: blendMode = 'avg'
26.5416 	EXP 	window1: blendMode = 'avg'
26.5583 	EXP 	window1: blendMode = 'avg'
26.5741 	EXP 	window1: blendMode = 'avg'
26.5906 	EXP 	window1: blendMode = 'avg'
26.6082 	EXP 	window1: blendMode = 'avg'
26.6249 	EXP 	window1: blendMode = 'avg'
26.6409 	EXP 	window1: blendMode = 'avg'
26.6571 	EXP 	window1: blendMode = 'avg'
26.6751 	EXP 	window1: blendMode = 'avg'
26.6908 	EXP 	window1: blendMode = 'avg'
26.7074 	EXP 	window1: blendMode = 'avg'
26.7249 	EXP 	window1: blendMode = 'avg'
26.7413 	EXP 	window1: blendMode = 'avg'
26.7587 	EXP 	window1: blendMode = 'avg'
26.7745 	EXP 	window1: blendMode = 'avg'
26.7914 	EXP 	window1: blendMode = 'avg'
26.8075 	EXP 	window1: blendMode = 'avg'
26.8240 	EXP 	window1: blendMode = 'avg'
26.8410 	EXP 	window1: blendMode = 'avg'
26.8580 	EXP 	window1: blendMode = 'avg'
26.8748 	EXP 	window1: blendMode = 'avg'
26.8917 	EXP 	window1: blendMode = 'avg'
26.9073 	EXP 	window1: blendMode = 'avg'
26.9251 	EXP 	window1: blendMode = 'avg'
26.9409 	EXP 	window1: blendMode = 'avg'
26.9583 	EXP 	window1: blendMode = 'avg'
26.9744 	EXP 	window1: blendMode = 'avg'
26.9905 	EXP 	window1: blendMode = 'avg'
27.0075 	EXP 	window1: blendMode = 'avg'
27.0250 	EXP 	window1: blendMode = 'avg'
27.0410 	EXP 	window1: blendMode = 'avg'
27.0571 	EXP 	window1: blendMode = 'avg'
27.0741 	EXP 	window1: blendMode = 'avg'
27.0912 	EXP 	window1: blendMode = 'avg'
27.1072 	EXP 	window1: blendMode = 'avg'
27.1241 	EXP 	window1: blendMode = 'avg'
27.1408 	EXP 	window1: blendMode = 'avg'
27.1577 	EXP 	window1: blendMode = 'avg'
27.1744 	EXP 	window1: blendMode = 'avg'
27.1907 	EXP 	window1: blendMode = 'avg'
27.2078 	EXP 	window1: blendMode = 'avg'
27.2248 	EXP 	window1: blendMode = 'avg'
27.2412 	EXP 	window1: blendMode = 'avg'
27.2582 	EXP 	window1: blendMode = 'avg'
27.2740 	EXP 	window1: blendMode = 'avg'
27.2912 	EXP 	window1: blendMode = 'avg'
27.3074 	EXP 	window1: blendMode = 'avg'
27.3242 	EXP 	window1: blendMode = 'avg'
27.3410 	EXP 	window1: blendMode = 'avg'
27.3573 	EXP 	window1: blendMode = 'avg'
27.3746 	EXP 	window1: blendMode = 'avg'
27.3906 	EXP 	window1: blendMode = 'avg'
27.4083 	EXP 	window1: blendMode = 'avg'
27.4248 	EXP 	cue_left: autoDraw = False
27.4248 	EXP 	cue_img2: autoDraw = False
27.4248 	EXP 	fixation: autoDraw = True
27.4254 	EXP 	window1: blendMode = 'avg'
27.4406 	EXP 	fixation: autoDraw = True
27.4412 	EXP 	window1: blendMode = 'avg'
27.4580 	EXP 	window1: blendMode = 'avg'
27.4746 	EXP 	window1: blendMode = 'avg'
27.4907 	EXP 	window1: blendMode = 'avg'
27.5082 	EXP 	window1: blendMode = 'avg'
27.5250 	EXP 	window1: blendMode = 'avg'
27.5412 	EXP 	window1: blendMode = 'avg'
27.5579 	EXP 	window1: blendMode = 'avg'
27.5740 	EXP 	window1: blendMode = 'avg'
27.5907 	EXP 	window1: blendMode = 'avg'
27.6074 	EXP 	window1: blendMode = 'avg'
27.6248 	EXP 	window1: blendMode = 'avg'
27.6415 	EXP 	window1: blendMode = 'avg'
27.6575 	EXP 	window1: blendMode = 'avg'
27.6749 	EXP 	window1: blendMode = 'avg'
27.6906 	EXP 	window1: blendMode = 'avg'
27.7074 	EXP 	window1: blendMode = 'avg'
27.7253 	EXP 	window1: blendMode = 'avg'
27.7415 	EXP 	window1: blendMode = 'avg'
27.7582 	EXP 	window1: blendMode = 'avg'
27.7739 	EXP 	window1: blendMode = 'avg'
27.7907 	EXP 	window1: blendMode = 'avg'
27.8077 	EXP 	window1: blendMode = 'avg'
27.8245 	EXP 	window1: blendMode = 'avg'
27.8408 	EXP 	window1: blendMode = 'avg'
27.8572 	EXP 	window1: blendMode = 'avg'
27.8742 	EXP 	window1: blendMode = 'avg'
27.8910 	EXP 	window1: blendMode = 'avg'
27.9083 	EXP 	window1: blendMode = 'avg'
27.9246 	EXP 	window1: blendMode = 'avg'
27.9413 	EXP 	window1: blendMode = 'avg'
27.9579 	EXP 	window1: blendMode = 'avg'
27.9749 	EXP 	window1: blendMode = 'avg'
27.9915 	EXP 	window1: blendMode = 'avg'
28.0075 	EXP 	window1: blendMode = 'avg'
28.0243 	EXP 	window1: blendMode = 'avg'
28.0416 	EXP 	window1: blendMode = 'avg'
28.0574 	EXP 	window1: blendMode = 'avg'
28.0746 	EXP 	window1: blendMode = 'avg'
28.0904 	EXP 	window1: blendMode = 'avg'
28.1071 	EXP 	window1: blendMode = 'avg'
28.1241 	EXP 	window1: blendMode = 'avg'
28.1408 	EXP 	window1: blendMode = 'avg'
28.1572 	EXP 	window1: blendMode = 'avg'
28.1738 	EXP 	window1: blendMode = 'avg'
28.1914 	EXP 	window1: blendMode = 'avg'
28.2074 	EXP 	window1: blendMode = 'avg'
28.2241 	EXP 	window1: blendMode = 'avg'
28.2407 	EXP 	window1: blendMode = 'avg'
28.2572 	EXP 	window1: blendMode = 'avg'
28.2741 	EXP 	window1: blendMode = 'avg'
28.2907 	EXP 	window1: blendMode = 'avg'
28.3079 	EXP 	window1: blendMode = 'avg'
28.3249 	EXP 	window1: blendMode = 'avg'
28.3411 	EXP 	window1: blendMode = 'avg'
28.3588 	EXP 	window1: blendMode = 'avg'
28.3744 	EXP 	window1: blendMode = 'avg'
28.3915 	EXP 	window1: blendMode = 'avg'
28.4077 	EXP 	window1: blendMode = 'avg'
28.4252 	ERROR 	Couldn't find image ../../stim/hybrids_8_1_F/10049193.thl_sunaaebuzkvqtkqiact.jpg; check path? (tried: /Users/kirstenziman/Documents/github/attention-memory-task/stim/hybrids_8_1_F/10049193.thl_sunaaebuzkvqtkqiact.jpg)
