0.0002 	WARNING 	warning
0.0002 	EXP 	experiment
0.0002 	DATA 	data
0.0002 	INFO 	info
0.0002 	INFO 	current time: 1574172635.12
18.1180 	DEBUG 	handleLineEditChange: inputFieldName=1. age, type=<type 'str'>, value=1
18.3659 	DEBUG 	handleLineEditChange: inputFieldName=1. age, type=<type 'str'>, value=19
22.2668 	DEBUG 	handleCurrentIndexChanged: inputFieldName=2. sex:, selected=Female, type: <type 'str'>
24.2090 	DEBUG 	handleCurrentIndexChanged: inputFieldName=3. Are you hispanic or latino?, selected=No, type: <type 'str'>
25.7419 	DEBUG 	handleCheckboxChange: inputFieldName=White, checked=True
39.2227 	DEBUG 	handleCurrentIndexChanged: inputFieldName=5. Highest Degree Achieved:, selected=high school graduate, type: <type 'str'>
45.1084 	DEBUG 	handleCurrentIndexChanged: inputFieldName=(e.g. dyslexia, uncorrected far-sightedness, etc.), selected=No, type: <type 'str'>
48.8939 	DEBUG 	handleCurrentIndexChanged: inputFieldName=7. Do you have normal color vision?, selected=No, type: <type 'str'>
55.3314 	DEBUG 	handleCurrentIndexChanged: inputFieldName=affect your memory or attention?, selected=Yes, type: <type 'str'>
59.7256 	DEBUG 	handleLineEditChange: inputFieldName=9. If yes to question above, describe, type=<type 'str'>, value=r
59.9256 	DEBUG 	handleLineEditChange: inputFieldName=9. If yes to question above, describe, type=<type 'str'>, value=re
60.7175 	DEBUG 	handleLineEditChange: inputFieldName=9. If yes to question above, describe, type=<type 'str'>, value=rec
60.9097 	DEBUG 	handleLineEditChange: inputFieldName=9. If yes to question above, describe, type=<type 'str'>, value=rece
61.0937 	DEBUG 	handleLineEditChange: inputFieldName=9. If yes to question above, describe, type=<type 'str'>, value=recen
61.3017 	DEBUG 	handleLineEditChange: inputFieldName=9. If yes to question above, describe, type=<type 'str'>, value=recent
61.4775 	DEBUG 	handleLineEditChange: inputFieldName=9. If yes to question above, describe, type=<type 'str'>, value=recentl
61.7737 	DEBUG 	handleLineEditChange: inputFieldName=9. If yes to question above, describe, type=<type 'str'>, value=recently
61.9575 	DEBUG 	handleLineEditChange: inputFieldName=9. If yes to question above, describe, type=<type 'str'>, value=recently 
62.3736 	DEBUG 	handleLineEditChange: inputFieldName=9. If yes to question above, describe, type=<type 'str'>, value=recently h
62.6135 	DEBUG 	handleLineEditChange: inputFieldName=9. If yes to question above, describe, type=<type 'str'>, value=recently hi
62.8297 	DEBUG 	handleLineEditChange: inputFieldName=9. If yes to question above, describe, type=<type 'str'>, value=recently hit
63.0138 	DEBUG 	handleLineEditChange: inputFieldName=9. If yes to question above, describe, type=<type 'str'>, value=recently hit 
63.2776 	DEBUG 	handleLineEditChange: inputFieldName=9. If yes to question above, describe, type=<type 'str'>, value=recently hit m
63.6067 	DEBUG 	handleLineEditChange: inputFieldName=9. If yes to question above, describe, type=<type 'str'>, value=recently hit my
63.7898 	DEBUG 	handleLineEditChange: inputFieldName=9. If yes to question above, describe, type=<type 'str'>, value=recently hit my 
63.9736 	DEBUG 	handleLineEditChange: inputFieldName=9. If yes to question above, describe, type=<type 'str'>, value=recently hit my h
64.1814 	DEBUG 	handleLineEditChange: inputFieldName=9. If yes to question above, describe, type=<type 'str'>, value=recently hit my he
64.3816 	DEBUG 	handleLineEditChange: inputFieldName=9. If yes to question above, describe, type=<type 'str'>, value=recently hit my hea
64.5578 	DEBUG 	handleLineEditChange: inputFieldName=9. If yes to question above, describe, type=<type 'str'>, value=recently hit my head
64.7095 	DEBUG 	handleLineEditChange: inputFieldName=9. If yes to question above, describe, type=<type 'str'>, value=recently hit my head 
65.0938 	DEBUG 	handleLineEditChange: inputFieldName=9. If yes to question above, describe, type=<type 'str'>, value=recently hit my head v
65.2617 	DEBUG 	handleLineEditChange: inputFieldName=9. If yes to question above, describe, type=<type 'str'>, value=recently hit my head ve
65.4698 	DEBUG 	handleLineEditChange: inputFieldName=9. If yes to question above, describe, type=<type 'str'>, value=recently hit my head ver
65.8138 	DEBUG 	handleLineEditChange: inputFieldName=9. If yes to question above, describe, type=<type 'str'>, value=recently hit my head very
66.1095 	DEBUG 	handleLineEditChange: inputFieldName=9. If yes to question above, describe, type=<type 'str'>, value=recently hit my head very 
66.3337 	DEBUG 	handleLineEditChange: inputFieldName=9. If yes to question above, describe, type=<type 'str'>, value=recently hit my head very h
66.6375 	DEBUG 	handleLineEditChange: inputFieldName=9. If yes to question above, describe, type=<type 'str'>, value=recently hit my head very ha
66.8855 	DEBUG 	handleLineEditChange: inputFieldName=9. If yes to question above, describe, type=<type 'str'>, value=recently hit my head very har
67.2216 	DEBUG 	handleLineEditChange: inputFieldName=9. If yes to question above, describe, type=<type 'str'>, value=recently hit my head very hard
90.0780 	DEBUG 	handleLineEditChange: inputFieldName=you get last night? (enter only a number), type=<type 'str'>, value=6
93.1093 	DEBUG 	handleLineEditChange: inputFieldName=have you had today? (enter only a number), type=<type 'str'>, value=0
97.7613 	DEBUG 	handleCurrentIndexChanged: inputFieldName=12. How alert are you feeling?:, selected=A little slugglish, type: <type 'str'>
99.9407 	INFO 	Loaded monitor calibration from ['2016_07_13 13:20']
99.9472 	WARNING 	User requested fullscreen with size [1024  768], but screen is actually [2048, 1152]. Using actual size
100.5405 	EXP 	Created window1 = Window(allowGUI=True, allowStencil=False, args=UNKNOWN, autoLog=True, bitsMode=UNKNOWN, blendMode='avg', color='black', colorSpace='named', fullscr=UNKNOWN, gamma=None, kwargs=UNKNOWN, lms=UNKNOWN, monitor=<psychopy.monitors.calibTools.Monitor object at 0x10e9a8090>, multiSample=False, name='window1', numSamples=2, pos=[-1024, -576], screen=0, size=array([4096, 2304]), stereo=False, units='deg', useFBO=False, useRetina=True, viewOri=0.0, viewPos=None, viewScale=None, waitBlanking=True, winType=u'pyglet')
100.5405 	EXP 	window1: recordFrameIntervals = False
100.7059 	EXP 	window1: recordFrameIntervals = True
100.8892 	DEBUG 	Screen (0) actual frame rate measured at 59.89
100.8892 	EXP 	window1: recordFrameIntervals = False
100.8893 	INFO 	Mouse: using default window
101.1438 	EXP 	Created unnamed TextStim = TextStim(alignHoriz='center', alignVert='center', antialias=True, autoLog=True, bold=False, color=array([1., 1., 1.]), colorSpace='rgb', contrast=1.0, depth=0, flipHoriz=False, flipVert=False, font='', fontFiles=[], height=1.0, italic=False, name='unnamed TextStim', opacity=1.0, ori=0.0, pos=array([0., 0.]), rgb=array([1., 1., 1.]), text=newstr(...), units='deg', win=Window(...), wrapWidth=40)
101.1737 	EXP 	unnamed TextStim: autoDraw = True
104.3784 	DATA 	Mouse: Left button down, pos=(819,130)
104.5585 	DATA 	Mouse:  Left button up, pos=(819,130)
105.8704 	DATA 	Keypress: right
105.8910 	EXP 	unnamed TextStim: autoDraw = False
105.9786 	EXP 	Created unnamed TextStim = TextStim(alignHoriz='center', alignVert='center', antialias=True, autoLog=True, bold=False, color=array([1., 1., 1.]), colorSpace='rgb', contrast=1.0, depth=0, flipHoriz=False, flipVert=False, font='', fontFiles=[], height=1.0, italic=False, name='unnamed TextStim', opacity=1.0, ori=0.0, pos=array([0., 0.]), rgb=array([1., 1., 1.]), text=newstr(...), units='deg', win=Window(...), wrapWidth=40)
106.0679 	EXP 	Created MEMORY IMAGE ../../stim/practice_composite/00002940128fb_sunaaacnosloariecpa.jpg = ImageStim(autoLog=True, color=array([1., 1., 1.]), colorSpace='rgb', contrast=1.0, depth=0, flipHoriz=False, flipVert=False, image=str(...), interpolate=False, mask=None, maskParams=None, name=str(...), opacity=1.0, ori=0.0, pos=array([0., 0.]), size=array([7., 7.]), texRes=128, units='deg', win=Window(...))
106.0909 	EXP 	MEMORY IMAGE ../../stim/practice_composite/00002940128fb_sunaaacnosloariecpa.jpg: pos = array([0., 0.])
106.0909 	EXP 	unnamed TextStim: autoDraw = True
106.0909 	EXP 	MEMORY IMAGE ../../stim/practice_composite/00002940128fb_sunaaacnosloariecpa.jpg: autoDraw = True
118.2776 	DATA 	Keypress: right
118.2933 	EXP 	unnamed TextStim: autoDraw = False
118.2933 	EXP 	MEMORY IMAGE ../../stim/practice_composite/00002940128fb_sunaaacnosloariecpa.jpg: autoDraw = False
118.3658 	EXP 	Created unnamed TextStim = TextStim(alignHoriz='center', alignVert='center', antialias=True, autoLog=True, bold=False, color=array([1., 1., 1.]), colorSpace='rgb', contrast=1.0, depth=0, flipHoriz=False, flipVert=False, font='', fontFiles=[], height=1.0, italic=False, name='unnamed TextStim', opacity=1.0, ori=0.0, pos=array([0., 0.]), rgb=array([1., 1., 1.]), text=newstr(...), units='deg', win=Window(...), wrapWidth=40)
118.3873 	EXP 	Created MEMORY IMAGE ../../stim/practice_composite/00003941121fa_sunaaaenaoynzhoyheo.jpg = ImageStim(autoLog=True, color=array([1., 1., 1.]), colorSpace='rgb', contrast=1.0, depth=0, flipHoriz=False, flipVert=False, image=str(...), interpolate=False, mask=None, maskParams=None, name=str(...), opacity=1.0, ori=0.0, pos=array([0., 0.]), size=array([7., 7.]), texRes=128, units='deg', win=Window(...))
118.4098 	EXP 	MEMORY IMAGE ../../stim/practice_composite/00003941121fa_sunaaaenaoynzhoyheo.jpg: pos = array([0., 0.])
118.4098 	EXP 	unnamed TextStim: autoDraw = True
118.4098 	EXP 	MEMORY IMAGE ../../stim/practice_composite/00003941121fa_sunaaaenaoynzhoyheo.jpg: autoDraw = True
131.9014 	DATA 	Keypress: right
131.9129 	EXP 	unnamed TextStim: autoDraw = False
131.9129 	EXP 	MEMORY IMAGE ../../stim/practice_composite/00003941121fa_sunaaaenaoynzhoyheo.jpg: autoDraw = False
131.9730 	EXP 	Created unnamed TextStim = TextStim(alignHoriz='center', alignVert='center', antialias=True, autoLog=True, bold=False, color=array([1., 1., 1.]), colorSpace='rgb', contrast=1.0, depth=0, flipHoriz=False, flipVert=False, font='', fontFiles=[], height=1.0, italic=False, name='unnamed TextStim', opacity=1.0, ori=0.0, pos=array([0., 0.]), rgb=array([1., 1., 1.]), text=newstr(...), units='deg', win=Window(...), wrapWidth=40)
131.9771 	EXP 	Created MEMORY IMAGE ../../stim/practice_composite/00013931230fb_sunaaasertfihkcjvdd.jpg = ImageStim(autoLog=True, color=array([1., 1., 1.]), colorSpace='rgb', contrast=1.0, depth=0, flipHoriz=False, flipVert=False, image=str(...), interpolate=False, mask=None, maskParams=None, name=str(...), opacity=1.0, ori=0.0, pos=array([0., 0.]), size=array([7., 7.]), texRes=128, units='deg', win=Window(...))
131.9966 	EXP 	MEMORY IMAGE ../../stim/practice_composite/00013931230fb_sunaaasertfihkcjvdd.jpg: pos = array([0., 0.])
131.9966 	EXP 	unnamed TextStim: autoDraw = True
131.9966 	EXP 	MEMORY IMAGE ../../stim/practice_composite/00013931230fb_sunaaasertfihkcjvdd.jpg: autoDraw = True
138.8456 	DATA 	Keypress: right
138.8652 	EXP 	unnamed TextStim: autoDraw = False
138.8652 	EXP 	MEMORY IMAGE ../../stim/practice_composite/00013931230fb_sunaaasertfihkcjvdd.jpg: autoDraw = False
139.0339 	EXP 	Created unnamed TextStim = TextStim(alignHoriz='center', alignVert='center', antialias=True, autoLog=True, bold=False, color=array([1., 1., 1.]), colorSpace='rgb', contrast=1.0, depth=0, flipHoriz=False, flipVert=False, font='', fontFiles=[], height=1.0, italic=False, name='unnamed TextStim', opacity=1.0, ori=0.0, pos=array([0., 0.]), rgb=array([1., 1., 1.]), text=newstr(...), units='deg', win=Window(...), wrapWidth=40)
139.0478 	EXP 	unnamed TextStim: autoDraw = True
150.2212 	DATA 	Keypress: right
150.2349 	EXP 	unnamed TextStim: autoDraw = False
150.2653 	EXP 	Created unnamed TextStim = TextStim(alignHoriz='center', alignVert='center', antialias=True, autoLog=True, bold=False, color=array([1., 1., 1.]), colorSpace='rgb', contrast=1.0, depth=0, flipHoriz=False, flipVert=False, font='', fontFiles=[], height=1.0, italic=False, name='unnamed TextStim', opacity=1.0, ori=0.0, pos=array([0., 0.]), rgb=array([1., 1., 1.]), text=newstr(...), units='deg', win=Window(...), wrapWidth=40)
150.2704 	EXP 	Created CUED COMPOSITE ../../stim/practice_composite/00020931230fa_sunaaaysslbipsngfqb.jpg = ImageStim(autoLog=True, color=array([1., 1., 1.]), colorSpace='rgb', contrast=1.0, depth=0, flipHoriz=False, flipVert=False, image=str(...), interpolate=False, mask=None, maskParams=None, name=str(...), opacity=1.0, ori=0.0, pos=array([0., 0.]), size=array([7., 7.]), texRes=128, units='deg', win=Window(...))
150.2886 	EXP 	Created UNCUED COMPOSITE ../../stim/practice_composite/00019940128facopy_sunaaaxdnsxxacahnmy.jpg = ImageStim(autoLog=True, color=array([1., 1., 1.]), colorSpace='rgb', contrast=1.0, depth=0, flipHoriz=False, flipVert=False, image=str(...), interpolate=False, mask=None, maskParams=None, name=str(...), opacity=1.0, ori=0.0, pos=array([0., 0.]), size=array([7., 7.]), texRes=128, units='deg', win=Window(...))
150.2989 	EXP 	Created fixation_cross = TextStim(alignHoriz='center', alignVert='center', antialias=True, autoLog=True, bold=False, color='lightGrey', colorSpace='named', contrast=1.0, depth=0.0, flipHoriz=False, flipVert=False, font='Arial', fontFiles=[], height=2, italic=False, name='fixation_cross', opacity=1.0, ori=0, pos=array([0., 0.]), rgb=array([211., 211., 211.]), text='+', units='deg', win=Window(...), wrapWidth=15.0)
150.3186 	EXP 	CUED COMPOSITE ../../stim/practice_composite/00020931230fa_sunaaaysslbipsngfqb.jpg: pos = array([8., 0.])
150.3186 	EXP 	UNCUED COMPOSITE ../../stim/practice_composite/00019940128facopy_sunaaaxdnsxxacahnmy.jpg: pos = array([-8.,  0.])
150.3186 	EXP 	unnamed TextStim: autoDraw = True
150.3186 	EXP 	CUED COMPOSITE ../../stim/practice_composite/00020931230fa_sunaaaysslbipsngfqb.jpg: autoDraw = True
150.3186 	EXP 	UNCUED COMPOSITE ../../stim/practice_composite/00019940128facopy_sunaaaxdnsxxacahnmy.jpg: autoDraw = True
150.3186 	EXP 	fixation_cross: autoDraw = True
164.0213 	DATA 	Keypress: right
164.0378 	EXP 	unnamed TextStim: autoDraw = False
164.0378 	EXP 	CUED COMPOSITE ../../stim/practice_composite/00020931230fa_sunaaaysslbipsngfqb.jpg: autoDraw = False
164.0378 	EXP 	UNCUED COMPOSITE ../../stim/practice_composite/00019940128facopy_sunaaaxdnsxxacahnmy.jpg: autoDraw = False
164.0378 	EXP 	fixation_cross: autoDraw = False
164.1010 	EXP 	Created unnamed TextStim = TextStim(alignHoriz='center', alignVert='center', antialias=True, autoLog=True, bold=False, color=array([1., 1., 1.]), colorSpace='rgb', contrast=1.0, depth=0, flipHoriz=False, flipVert=False, font='', fontFiles=[], height=1.0, italic=False, name='unnamed TextStim', opacity=1.0, ori=0.0, pos=array([0., 0.]), rgb=array([1., 1., 1.]), text=newstr(...), units='deg', win=Window(...), wrapWidth=40)
164.1213 	EXP 	unnamed TextStim: autoDraw = True
167.7174 	DATA 	Keypress: right
167.7390 	EXP 	unnamed TextStim: autoDraw = False
167.7694 	EXP 	Created unnamed TextStim = TextStim(alignHoriz='center', alignVert='center', antialias=True, autoLog=True, bold=False, color=array([1., 1., 1.]), colorSpace='rgb', contrast=1.0, depth=0, flipHoriz=False, flipVert=False, font='', fontFiles=[], height=1.0, italic=False, name='unnamed TextStim', opacity=1.0, ori=0.0, pos=array([0., 0.]), rgb=array([1., 1., 1.]), text=newstr(...), units='deg', win=Window(...), wrapWidth=40)
167.7734 	EXP 	Created CUED COMPOSITE ../../stim/practice_composite/00029940128facopy_sunaachpigfklgkuoyg.jpg = ImageStim(autoLog=True, color=array([1., 1., 1.]), colorSpace='rgb', contrast=1.0, depth=0, flipHoriz=False, flipVert=False, image=str(...), interpolate=False, mask=None, maskParams=None, name=str(...), opacity=1.0, ori=0.0, pos=array([0., 0.]), size=array([7., 7.]), texRes=128, units='deg', win=Window(...))
167.7864 	EXP 	Created UNCUED COMPOSITE ../../stim/practice_composite/00028940128fa_sunaabndtdcvlfkqgad.jpg = ImageStim(autoLog=True, color=array([1., 1., 1.]), colorSpace='rgb', contrast=1.0, depth=0, flipHoriz=False, flipVert=False, image=str(...), interpolate=False, mask=None, maskParams=None, name=str(...), opacity=1.0, ori=0.0, pos=array([0., 0.]), size=array([7., 7.]), texRes=128, units='deg', win=Window(...))
167.7901 	EXP 	Created fixation_cross = TextStim(alignHoriz='center', alignVert='center', antialias=True, autoLog=True, bold=False, color='lightGrey', colorSpace='named', contrast=1.0, depth=0.0, flipHoriz=False, flipVert=False, font='Arial', fontFiles=[], height=2, italic=False, name='fixation_cross', opacity=1.0, ori=0, pos=array([0., 0.]), rgb=array([211., 211., 211.]), text='+', units='deg', win=Window(...), wrapWidth=15.0)
167.8050 	EXP 	CUED COMPOSITE ../../stim/practice_composite/00029940128facopy_sunaachpigfklgkuoyg.jpg: pos = array([8., 0.])
167.8050 	EXP 	UNCUED COMPOSITE ../../stim/practice_composite/00028940128fa_sunaabndtdcvlfkqgad.jpg: pos = array([-8.,  0.])
167.8050 	EXP 	unnamed TextStim: autoDraw = True
167.8050 	EXP 	CUED COMPOSITE ../../stim/practice_composite/00029940128facopy_sunaachpigfklgkuoyg.jpg: autoDraw = True
167.8050 	EXP 	UNCUED COMPOSITE ../../stim/practice_composite/00028940128fa_sunaabndtdcvlfkqgad.jpg: autoDraw = True
167.8050 	EXP 	fixation_cross: autoDraw = True
173.5570 	DATA 	Keypress: right
173.5729 	EXP 	unnamed TextStim: autoDraw = False
173.5729 	EXP 	CUED COMPOSITE ../../stim/practice_composite/00029940128facopy_sunaachpigfklgkuoyg.jpg: autoDraw = False
173.5729 	EXP 	UNCUED COMPOSITE ../../stim/practice_composite/00028940128fa_sunaabndtdcvlfkqgad.jpg: autoDraw = False
173.5729 	EXP 	fixation_cross: autoDraw = False
173.7955 	EXP 	Created unnamed TextStim = TextStim(alignHoriz='center', alignVert='center', antialias=True, autoLog=True, bold=False, color=array([1., 1., 1.]), colorSpace='rgb', contrast=1.0, depth=0, flipHoriz=False, flipVert=False, font='', fontFiles=[], height=1.0, italic=False, name='unnamed TextStim', opacity=1.0, ori=0.0, pos=array([0., 0.]), rgb=array([1., 1., 1.]), text=newstr(...), units='deg', win=Window(...), wrapWidth=40)
173.8192 	EXP 	Created CATEGORY CUE = ImageStim(autoLog=True, color=array([1., 1., 1.]), colorSpace='rgb', contrast=1.0, depth=0, flipHoriz=False, flipVert=False, image='../../stim/cue/Face.png', interpolate=False, mask=None, maskParams=None, name='CATEGORY CUE', opacity=1.0, ori=0.0, pos=array([0., 0.]), size=array([2., 2.]), texRes=128, units='deg', win=Window(...))
173.8218 	EXP 	Created CATEGORY CUE = ImageStim(autoLog=True, color=array([1., 1., 1.]), colorSpace='rgb', contrast=1.0, depth=0, flipHoriz=False, flipVert=False, image='../../stim/cue/Place.png', interpolate=False, mask=None, maskParams=None, name='CATEGORY CUE', opacity=1.0, ori=0.0, pos=array([0., 0.]), size=array([2., 2.]), texRes=128, units='deg', win=Window(...))
173.8406 	EXP 	CATEGORY CUE: pos = array([2.5, 0. ])
173.8406 	EXP 	CATEGORY CUE: pos = array([-2.5,  0. ])
173.8406 	EXP 	unnamed TextStim: autoDraw = True
173.8406 	EXP 	CATEGORY CUE: autoDraw = True
173.8406 	EXP 	CATEGORY CUE: autoDraw = True
202.1969 	DATA 	Keypress: right
202.2136 	EXP 	unnamed TextStim: autoDraw = False
202.2136 	EXP 	CATEGORY CUE: autoDraw = False
202.2136 	EXP 	CATEGORY CUE: autoDraw = False
202.2138 	INFO 	Mouse: using default window
202.2139 	EXP 	window1: recordFrameIntervals = False
202.3801 	EXP 	window1: recordFrameIntervals = True
202.5641 	DEBUG 	Screen (0) actual frame rate measured at 60.02
202.5641 	EXP 	window1: recordFrameIntervals = False
202.5670 	EXP 	Created fixation_cross = TextStim(alignHoriz='center', alignVert='center', antialias=True, autoLog=True, bold=False, color='lightGrey', colorSpace='named', contrast=1.0, depth=0.0, flipHoriz=False, flipVert=False, font='Arial', fontFiles=[], height=2, italic=False, name='fixation_cross', opacity=1.0, ori=0, pos=array([0., 0.]), rgb=array([211., 211., 211.]), text='+', units='deg', win=Window(...), wrapWidth=15.0)
202.5864 	EXP 	Created CUED COMPOSITE ../../stim/practice_composite/00043931230fb_sunaacmaxjsazeyhcxg.jpg = ImageStim(autoLog=True, color=array([1., 1., 1.]), colorSpace='rgb', contrast=1.0, depth=0, flipHoriz=False, flipVert=False, image=str(...), interpolate=False, mask=None, maskParams=None, name=str(...), opacity=1.0, ori=0.0, pos=array([0., 0.]), size=array([7., 7.]), texRes=128, units='deg', win=Window(...))
202.5949 	EXP 	Created UNCUED COMPOSITE ../../stim/practice_composite/00044931230fa_sunaacrdvqhwlheysdg.jpg = ImageStim(autoLog=True, color=array([1., 1., 1.]), colorSpace='rgb', contrast=1.0, depth=0, flipHoriz=False, flipVert=False, image=str(...), interpolate=False, mask=None, maskParams=None, name=str(...), opacity=1.0, ori=0.0, pos=array([0., 0.]), size=array([7., 7.]), texRes=128, units='deg', win=Window(...))
202.5991 	EXP 	Created CUED COMPOSITE ../../stim/practice_composite/00046931230fa_sunaacslnbvidxeazyx.jpg = ImageStim(autoLog=True, color=array([1., 1., 1.]), colorSpace='rgb', contrast=1.0, depth=0, flipHoriz=False, flipVert=False, image=str(...), interpolate=False, mask=None, maskParams=None, name=str(...), opacity=1.0, ori=0.0, pos=array([0., 0.]), size=array([7., 7.]), texRes=128, units='deg', win=Window(...))
202.6127 	EXP 	Created UNCUED COMPOSITE ../../stim/practice_composite/00047931230fb_sunaactrphdtpvplkkz.jpg = ImageStim(autoLog=True, color=array([1., 1., 1.]), colorSpace='rgb', contrast=1.0, depth=0, flipHoriz=False, flipVert=False, image=str(...), interpolate=False, mask=None, maskParams=None, name=str(...), opacity=1.0, ori=0.0, pos=array([0., 0.]), size=array([7., 7.]), texRes=128, units='deg', win=Window(...))
202.6242 	EXP 	Created CUED COMPOSITE ../../stim/practice_composite/00049931230facopy_sunaacxaszsngweyrkv.jpg = ImageStim(autoLog=True, color=array([1., 1., 1.]), colorSpace='rgb', contrast=1.0, depth=0, flipHoriz=False, flipVert=False, image=str(...), interpolate=False, mask=None, maskParams=None, name=str(...), opacity=1.0, ori=0.0, pos=array([0., 0.]), size=array([7., 7.]), texRes=128, units='deg', win=Window(...))
202.6293 	EXP 	Created UNCUED COMPOSITE ../../stim/practice_composite/00050931230facopy_sunaaczmpbmprzjcofd.jpg = ImageStim(autoLog=True, color=array([1., 1., 1.]), colorSpace='rgb', contrast=1.0, depth=0, flipHoriz=False, flipVert=False, image=str(...), interpolate=False, mask=None, maskParams=None, name=str(...), opacity=1.0, ori=0.0, pos=array([0., 0.]), size=array([7., 7.]), texRes=128, units='deg', win=Window(...))
202.6314 	EXP 	Created unnamed ImageStim = ImageStim(autoLog=True, color=array([1., 1., 1.]), colorSpace='rgb', contrast=1.0, depth=0, flipHoriz=False, flipVert=False, image='../../stim/cue/Place.png', interpolate=False, mask=None, maskParams=None, name='unnamed ImageStim', opacity=1.0, ori=0.0, pos=array([0., 0.]), size=array([2., 2.]), texRes=128, units='deg', win=Window(...))
202.6357 	EXP 	Created cue_side = TextStim(alignHoriz='center', alignVert='center', antialias=True, autoLog=True, bold=False, color='lightGrey', colorSpace='named', contrast=1.0, depth=0.0, flipHoriz=False, flipVert=False, font='Arial', fontFiles=[], height=2, italic=False, name='cue_side', opacity=1.0, ori=0, pos=array([0., 0.]), rgb=array([211., 211., 211.]), text='>', units='deg', win=Window(...), wrapWidth=15.0)
202.6478 	EXP 	CUED COMPOSITE ../../stim/practice_composite/00043931230fb_sunaacmaxjsazeyhcxg.jpg: pos = array([8., 0.])
202.6478 	EXP 	UNCUED COMPOSITE ../../stim/practice_composite/00044931230fa_sunaacrdvqhwlheysdg.jpg: pos = array([-8.,  0.])
202.6478 	EXP 	CUED COMPOSITE ../../stim/practice_composite/00046931230fa_sunaacslnbvidxeazyx.jpg: pos = array([8., 0.])
202.6478 	EXP 	UNCUED COMPOSITE ../../stim/practice_composite/00047931230fb_sunaactrphdtpvplkkz.jpg: pos = array([-8.,  0.])
202.6478 	EXP 	CUED COMPOSITE ../../stim/practice_composite/00049931230facopy_sunaacxaszsngweyrkv.jpg: pos = array([8., 0.])
202.6478 	EXP 	UNCUED COMPOSITE ../../stim/practice_composite/00050931230facopy_sunaaczmpbmprzjcofd.jpg: pos = array([-8.,  0.])
202.6478 	EXP 	unnamed ImageStim: pos = array([0., 2.])
202.6478 	EXP 	cue_side: pos = array([0., 0.])
202.6478 	EXP 	fixation_cross: autoDraw = False
202.6478 	EXP 	unnamed ImageStim: autoDraw = True
202.6478 	EXP 	cue_side: autoDraw = True
202.6478 	EXP 	FIXATION OFF, CUES ON
204.1477 	EXP 	unnamed ImageStim: autoDraw = False
204.1477 	EXP 	cue_side: autoDraw = False
204.1477 	EXP 	fixation_cross: autoDraw = True
204.1477 	EXP 	CUES OFF, FIXATION ON
205.1485 	EXP 	CUED COMPOSITE ../../stim/practice_composite/00043931230fb_sunaacmaxjsazeyhcxg.jpg: autoDraw = True
205.1485 	EXP 	UNCUED COMPOSITE ../../stim/practice_composite/00044931230fa_sunaacrdvqhwlheysdg.jpg: autoDraw = True
205.1485 	EXP 	FIXATION OFF, COMPOSITES ON
208.1487 	EXP 	CUED COMPOSITE ../../stim/practice_composite/00043931230fb_sunaacmaxjsazeyhcxg.jpg: autoDraw = False
208.1487 	EXP 	UNCUED COMPOSITE ../../stim/practice_composite/00044931230fa_sunaacrdvqhwlheysdg.jpg: autoDraw = False
208.1487 	EXP 	COMPOSITES OFF
209.1349 	EXP 	Created unnamed ImageStim = ImageStim(autoLog=True, color=array([1., 1., 1.]), colorSpace='rgb', contrast=1.0, depth=0, flipHoriz=False, flipVert=False, image='../../stim/cue/Place.png', interpolate=False, mask=None, maskParams=None, name='unnamed ImageStim', opacity=1.0, ori=0.0, pos=array([0., 0.]), size=array([2., 2.]), texRes=128, units='deg', win=Window(...))
209.1377 	EXP 	Created cue_side = TextStim(alignHoriz='center', alignVert='center', antialias=True, autoLog=True, bold=False, color='lightGrey', colorSpace='named', contrast=1.0, depth=0.0, flipHoriz=False, flipVert=False, font='Arial', fontFiles=[], height=2, italic=False, name='cue_side', opacity=1.0, ori=0, pos=array([0., 0.]), rgb=array([211., 211., 211.]), text='>', units='deg', win=Window(...), wrapWidth=15.0)
209.1659 	EXP 	unnamed ImageStim: pos = array([0., 2.])
209.1659 	EXP 	cue_side: pos = array([0., 0.])
209.1659 	EXP 	fixation_cross: autoDraw = False
209.1659 	EXP 	unnamed ImageStim: autoDraw = True
209.1659 	EXP 	cue_side: autoDraw = True
209.1659 	EXP 	FIXATION OFF, CUES ON
210.6664 	EXP 	unnamed ImageStim: autoDraw = False
210.6664 	EXP 	cue_side: autoDraw = False
210.6664 	EXP 	fixation_cross: autoDraw = True
210.6664 	EXP 	CUES OFF, FIXATION ON
211.6663 	EXP 	CUED COMPOSITE ../../stim/practice_composite/00046931230fa_sunaacslnbvidxeazyx.jpg: autoDraw = True
211.6663 	EXP 	UNCUED COMPOSITE ../../stim/practice_composite/00047931230fb_sunaactrphdtpvplkkz.jpg: autoDraw = True
211.6663 	EXP 	FIXATION OFF, COMPOSITES ON
214.6670 	EXP 	CUED COMPOSITE ../../stim/practice_composite/00046931230fa_sunaacslnbvidxeazyx.jpg: autoDraw = False
214.6670 	EXP 	UNCUED COMPOSITE ../../stim/practice_composite/00047931230fb_sunaactrphdtpvplkkz.jpg: autoDraw = False
214.6670 	EXP 	COMPOSITES OFF
215.6531 	EXP 	Created unnamed ImageStim = ImageStim(autoLog=True, color=array([1., 1., 1.]), colorSpace='rgb', contrast=1.0, depth=0, flipHoriz=False, flipVert=False, image='../../stim/cue/Place.png', interpolate=False, mask=None, maskParams=None, name='unnamed ImageStim', opacity=1.0, ori=0.0, pos=array([0., 0.]), size=array([2., 2.]), texRes=128, units='deg', win=Window(...))
215.6563 	EXP 	Created cue_side = TextStim(alignHoriz='center', alignVert='center', antialias=True, autoLog=True, bold=False, color='lightGrey', colorSpace='named', contrast=1.0, depth=0.0, flipHoriz=False, flipVert=False, font='Arial', fontFiles=[], height=2, italic=False, name='cue_side', opacity=1.0, ori=0, pos=array([0., 0.]), rgb=array([211., 211., 211.]), text='<', units='deg', win=Window(...), wrapWidth=15.0)
215.6844 	EXP 	unnamed ImageStim: pos = array([0., 2.])
215.6844 	EXP 	cue_side: pos = array([0., 0.])
215.6844 	EXP 	fixation_cross: autoDraw = False
215.6844 	EXP 	unnamed ImageStim: autoDraw = True
215.6844 	EXP 	cue_side: autoDraw = True
215.6844 	EXP 	FIXATION OFF, CUES ON
217.1845 	EXP 	unnamed ImageStim: autoDraw = False
217.1845 	EXP 	cue_side: autoDraw = False
217.1845 	EXP 	fixation_cross: autoDraw = True
217.1845 	EXP 	CUES OFF, FIXATION ON
218.1838 	EXP 	CUED COMPOSITE ../../stim/practice_composite/00049931230facopy_sunaacxaszsngweyrkv.jpg: autoDraw = True
218.1838 	EXP 	UNCUED COMPOSITE ../../stim/practice_composite/00050931230facopy_sunaaczmpbmprzjcofd.jpg: autoDraw = True
218.1838 	EXP 	FIXATION OFF, COMPOSITES ON
221.1853 	EXP 	CUED COMPOSITE ../../stim/practice_composite/00049931230facopy_sunaacxaszsngweyrkv.jpg: autoDraw = False
221.1853 	EXP 	UNCUED COMPOSITE ../../stim/practice_composite/00050931230facopy_sunaaczmpbmprzjcofd.jpg: autoDraw = False
221.1853 	EXP 	COMPOSITES OFF
222.3187 	EXP 	Created unnamed TextStim = TextStim(alignHoriz='center', alignVert='center', antialias=True, autoLog=True, bold=False, color=array([1., 1., 1.]), colorSpace='rgb', contrast=1.0, depth=0, flipHoriz=False, flipVert=False, font='', fontFiles=[], height=1.0, italic=False, name='unnamed TextStim', opacity=1.0, ori=0.0, pos=array([0., 0.]), rgb=array([1., 1., 1.]), text=newstr(...), units='deg', win=Window(...), wrapWidth=40)
222.3347 	EXP 	fixation_cross: autoDraw = False
222.3347 	EXP 	unnamed TextStim: autoDraw = True
248.7166 	DATA 	Keypress: right
248.7413 	EXP 	unnamed TextStim: autoDraw = False
248.7416 	INFO 	Mouse: using default window
248.7418 	EXP 	window1: recordFrameIntervals = False
248.9075 	EXP 	window1: recordFrameIntervals = True
249.0910 	DEBUG 	Screen (0) actual frame rate measured at 60.16
249.0910 	EXP 	window1: recordFrameIntervals = False
249.0940 	EXP 	Created fixation_cross = TextStim(alignHoriz='center', alignVert='center', antialias=True, autoLog=True, bold=False, color='lightGrey', colorSpace='named', contrast=1.0, depth=0.0, flipHoriz=False, flipVert=False, font='Arial', fontFiles=[], height=2, italic=False, name='fixation_cross', opacity=1.0, ori=0, pos=array([0., 0.]), rgb=array([211., 211., 211.]), text='+', units='deg', win=Window(...), wrapWidth=15.0)
249.1149 	EXP 	Created CUED COMPOSITE ../../stim/practice_mem_composite/00051931230fb_sunaadakyricvbjhamx.jpg = ImageStim(autoLog=True, color=array([1., 1., 1.]), colorSpace='rgb', contrast=1.0, depth=0, flipHoriz=False, flipVert=False, image=str(...), interpolate=False, mask=None, maskParams=None, name=str(...), opacity=1.0, ori=0.0, pos=array([0., 0.]), size=array([7., 7.]), texRes=128, units='deg', win=Window(...))
249.1193 	EXP 	Created UNCUED COMPOSITE ../../stim/practice_mem_composite/00052931230fa_sunaadneptrbqhkzwag.jpg = ImageStim(autoLog=True, color=array([1., 1., 1.]), colorSpace='rgb', contrast=1.0, depth=0, flipHoriz=False, flipVert=False, image=str(...), interpolate=False, mask=None, maskParams=None, name=str(...), opacity=1.0, ori=0.0, pos=array([0., 0.]), size=array([7., 7.]), texRes=128, units='deg', win=Window(...))
249.1311 	EXP 	Created CUED COMPOSITE ../../stim/practice_mem_composite/00053931230fb_sunaadsmjtmardsqqro.jpg = ImageStim(autoLog=True, color=array([1., 1., 1.]), colorSpace='rgb', contrast=1.0, depth=0, flipHoriz=False, flipVert=False, image=str(...), interpolate=False, mask=None, maskParams=None, name=str(...), opacity=1.0, ori=0.0, pos=array([0., 0.]), size=array([7., 7.]), texRes=128, units='deg', win=Window(...))
249.1355 	EXP 	Created UNCUED COMPOSITE ../../stim/practice_mem_composite/00056931230facopy_sunaadtdbzhuhsbihxq.jpg = ImageStim(autoLog=True, color=array([1., 1., 1.]), colorSpace='rgb', contrast=1.0, depth=0, flipHoriz=False, flipVert=False, image=str(...), interpolate=False, mask=None, maskParams=None, name=str(...), opacity=1.0, ori=0.0, pos=array([0., 0.]), size=array([7., 7.]), texRes=128, units='deg', win=Window(...))
249.1395 	EXP 	Created CUED COMPOSITE ../../stim/practice_mem_composite/00058931230fa_sunaaebjpeispxohmfv.jpg = ImageStim(autoLog=True, color=array([1., 1., 1.]), colorSpace='rgb', contrast=1.0, depth=0, flipHoriz=False, flipVert=False, image=str(...), interpolate=False, mask=None, maskParams=None, name=str(...), opacity=1.0, ori=0.0, pos=array([0., 0.]), size=array([7., 7.]), texRes=128, units='deg', win=Window(...))
249.1439 	EXP 	Created UNCUED COMPOSITE ../../stim/practice_mem_composite/00059931230fb_sunaaebuzkvqtkqiact.jpg = ImageStim(autoLog=True, color=array([1., 1., 1.]), colorSpace='rgb', contrast=1.0, depth=0, flipHoriz=False, flipVert=False, image=str(...), interpolate=False, mask=None, maskParams=None, name=str(...), opacity=1.0, ori=0.0, pos=array([0., 0.]), size=array([7., 7.]), texRes=128, units='deg', win=Window(...))
249.1459 	EXP 	Created unnamed ImageStim = ImageStim(autoLog=True, color=array([1., 1., 1.]), colorSpace='rgb', contrast=1.0, depth=0, flipHoriz=False, flipVert=False, image='../../stim/cue/Place.png', interpolate=False, mask=None, maskParams=None, name='unnamed ImageStim', opacity=1.0, ori=0.0, pos=array([0., 0.]), size=array([2., 2.]), texRes=128, units='deg', win=Window(...))
249.1487 	EXP 	Created cue_side = TextStim(alignHoriz='center', alignVert='center', antialias=True, autoLog=True, bold=False, color='lightGrey', colorSpace='named', contrast=1.0, depth=0.0, flipHoriz=False, flipVert=False, font='Arial', fontFiles=[], height=2, italic=False, name='cue_side', opacity=1.0, ori=0, pos=array([0., 0.]), rgb=array([211., 211., 211.]), text='>', units='deg', win=Window(...), wrapWidth=15.0)
249.1754 	EXP 	CUED COMPOSITE ../../stim/practice_mem_composite/00051931230fb_sunaadakyricvbjhamx.jpg: pos = array([8., 0.])
249.1754 	EXP 	UNCUED COMPOSITE ../../stim/practice_mem_composite/00052931230fa_sunaadneptrbqhkzwag.jpg: pos = array([-8.,  0.])
249.1754 	EXP 	CUED COMPOSITE ../../stim/practice_mem_composite/00053931230fb_sunaadsmjtmardsqqro.jpg: pos = array([8., 0.])
249.1754 	EXP 	UNCUED COMPOSITE ../../stim/practice_mem_composite/00056931230facopy_sunaadtdbzhuhsbihxq.jpg: pos = array([-8.,  0.])
249.1754 	EXP 	CUED COMPOSITE ../../stim/practice_mem_composite/00058931230fa_sunaaebjpeispxohmfv.jpg: pos = array([8., 0.])
249.1754 	EXP 	UNCUED COMPOSITE ../../stim/practice_mem_composite/00059931230fb_sunaaebuzkvqtkqiact.jpg: pos = array([-8.,  0.])
249.1754 	EXP 	unnamed ImageStim: pos = array([0., 2.])
249.1754 	EXP 	cue_side: pos = array([0., 0.])
249.1754 	EXP 	fixation_cross: autoDraw = False
249.1754 	EXP 	unnamed ImageStim: autoDraw = True
249.1754 	EXP 	cue_side: autoDraw = True
249.1754 	EXP 	FIXATION OFF, CUES ON
250.6759 	EXP 	unnamed ImageStim: autoDraw = False
250.6759 	EXP 	cue_side: autoDraw = False
250.6759 	EXP 	fixation_cross: autoDraw = True
250.6759 	EXP 	CUES OFF, FIXATION ON
251.6762 	EXP 	CUED COMPOSITE ../../stim/practice_mem_composite/00051931230fb_sunaadakyricvbjhamx.jpg: autoDraw = True
251.6762 	EXP 	UNCUED COMPOSITE ../../stim/practice_mem_composite/00052931230fa_sunaadneptrbqhkzwag.jpg: autoDraw = True
251.6762 	EXP 	FIXATION OFF, COMPOSITES ON
251.6805 	EXP 	Created posner = TextStim(alignHoriz='center', alignVert='center', antialias=True, autoLog=True, bold=False, color='lightGrey', colorSpace='named', contrast=1.0, depth=0.0, flipHoriz=False, flipVert=False, font='Arial', fontFiles=[], height=2, italic=False, name='posner', opacity=1.0, ori=0, pos=array([0., 0.]), rgb=array([211., 211., 211.]), text='o', units='deg', win=Window(...), wrapWidth=15.0)
254.6772 	EXP 	posner: pos = array([-8.,  0.])
254.6772 	EXP 	posner: autoDraw = True
254.6772 	EXP 	CUED COMPOSITE ../../stim/practice_mem_composite/00051931230fb_sunaadakyricvbjhamx.jpg: autoDraw = False
254.6772 	EXP 	UNCUED COMPOSITE ../../stim/practice_mem_composite/00052931230fa_sunaadneptrbqhkzwag.jpg: autoDraw = False
254.6772 	EXP 	COMPOSITES OFF
255.1671 	DATA 	Keypress: 1
255.1934 	EXP 	posner: autoDraw = False
255.1934 	EXP 	WIN FLIP : ATTENTION PROBE OFF
256.1793 	EXP 	Created unnamed ImageStim = ImageStim(autoLog=True, color=array([1., 1., 1.]), colorSpace='rgb', contrast=1.0, depth=0, flipHoriz=False, flipVert=False, image='../../stim/cue/Face.png', interpolate=False, mask=None, maskParams=None, name='unnamed ImageStim', opacity=1.0, ori=0.0, pos=array([0., 0.]), size=array([2., 2.]), texRes=128, units='deg', win=Window(...))
256.1822 	EXP 	Created cue_side = TextStim(alignHoriz='center', alignVert='center', antialias=True, autoLog=True, bold=False, color='lightGrey', colorSpace='named', contrast=1.0, depth=0.0, flipHoriz=False, flipVert=False, font='Arial', fontFiles=[], height=2, italic=False, name='cue_side', opacity=1.0, ori=0, pos=array([0., 0.]), rgb=array([211., 211., 211.]), text='>', units='deg', win=Window(...), wrapWidth=15.0)
256.1938 	EXP 	unnamed ImageStim: pos = array([0., 2.])
256.1938 	EXP 	cue_side: pos = array([0., 0.])
256.1938 	EXP 	fixation_cross: autoDraw = False
256.1938 	EXP 	unnamed ImageStim: autoDraw = True
256.1938 	EXP 	cue_side: autoDraw = True
256.1938 	EXP 	FIXATION OFF, CUES ON
257.6932 	EXP 	unnamed ImageStim: autoDraw = False
257.6932 	EXP 	cue_side: autoDraw = False
257.6932 	EXP 	fixation_cross: autoDraw = True
257.6932 	EXP 	CUES OFF, FIXATION ON
258.6937 	EXP 	CUED COMPOSITE ../../stim/practice_mem_composite/00053931230fb_sunaadsmjtmardsqqro.jpg: autoDraw = True
258.6937 	EXP 	UNCUED COMPOSITE ../../stim/practice_mem_composite/00056931230facopy_sunaadtdbzhuhsbihxq.jpg: autoDraw = True
258.6937 	EXP 	FIXATION OFF, COMPOSITES ON
258.6970 	EXP 	Created posner = TextStim(alignHoriz='center', alignVert='center', antialias=True, autoLog=True, bold=False, color='lightGrey', colorSpace='named', contrast=1.0, depth=0.0, flipHoriz=False, flipVert=False, font='Arial', fontFiles=[], height=2, italic=False, name='posner', opacity=1.0, ori=0, pos=array([0., 0.]), rgb=array([211., 211., 211.]), text='o', units='deg', win=Window(...), wrapWidth=15.0)
261.6945 	EXP 	posner: pos = array([8., 0.])
261.6945 	EXP 	posner: autoDraw = True
261.6945 	EXP 	CUED COMPOSITE ../../stim/practice_mem_composite/00053931230fb_sunaadsmjtmardsqqro.jpg: autoDraw = False
261.6945 	EXP 	UNCUED COMPOSITE ../../stim/practice_mem_composite/00056931230facopy_sunaadtdbzhuhsbihxq.jpg: autoDraw = False
261.6945 	EXP 	COMPOSITES OFF
263.3568 	DATA 	Keypress: 1
263.3783 	EXP 	posner: autoDraw = False
263.3783 	EXP 	WIN FLIP : ATTENTION PROBE OFF
264.3642 	EXP 	Created unnamed ImageStim = ImageStim(autoLog=True, color=array([1., 1., 1.]), colorSpace='rgb', contrast=1.0, depth=0, flipHoriz=False, flipVert=False, image='../../stim/cue/Place.png', interpolate=False, mask=None, maskParams=None, name='unnamed ImageStim', opacity=1.0, ori=0.0, pos=array([0., 0.]), size=array([2., 2.]), texRes=128, units='deg', win=Window(...))
264.3669 	EXP 	Created cue_side = TextStim(alignHoriz='center', alignVert='center', antialias=True, autoLog=True, bold=False, color='lightGrey', colorSpace='named', contrast=1.0, depth=0.0, flipHoriz=False, flipVert=False, font='Arial', fontFiles=[], height=2, italic=False, name='cue_side', opacity=1.0, ori=0, pos=array([0., 0.]), rgb=array([211., 211., 211.]), text='>', units='deg', win=Window(...), wrapWidth=15.0)
264.3786 	EXP 	unnamed ImageStim: pos = array([0., 2.])
264.3786 	EXP 	cue_side: pos = array([0., 0.])
264.3786 	EXP 	fixation_cross: autoDraw = False
264.3786 	EXP 	unnamed ImageStim: autoDraw = True
264.3786 	EXP 	cue_side: autoDraw = True
264.3786 	EXP 	FIXATION OFF, CUES ON
265.8788 	EXP 	unnamed ImageStim: autoDraw = False
265.8788 	EXP 	cue_side: autoDraw = False
265.8788 	EXP 	fixation_cross: autoDraw = True
265.8788 	EXP 	CUES OFF, FIXATION ON
266.8796 	EXP 	CUED COMPOSITE ../../stim/practice_mem_composite/00058931230fa_sunaaebjpeispxohmfv.jpg: autoDraw = True
266.8796 	EXP 	UNCUED COMPOSITE ../../stim/practice_mem_composite/00059931230fb_sunaaebuzkvqtkqiact.jpg: autoDraw = True
266.8796 	EXP 	FIXATION OFF, COMPOSITES ON
266.8835 	EXP 	Created posner = TextStim(alignHoriz='center', alignVert='center', antialias=True, autoLog=True, bold=False, color='lightGrey', colorSpace='named', contrast=1.0, depth=0.0, flipHoriz=False, flipVert=False, font='Arial', fontFiles=[], height=2, italic=False, name='posner', opacity=1.0, ori=0, pos=array([0., 0.]), rgb=array([211., 211., 211.]), text='x', units='deg', win=Window(...), wrapWidth=15.0)
269.8828 	EXP 	posner: pos = array([8., 0.])
269.8828 	EXP 	posner: autoDraw = True
269.8828 	EXP 	CUED COMPOSITE ../../stim/practice_mem_composite/00058931230fa_sunaaebjpeispxohmfv.jpg: autoDraw = False
269.8828 	EXP 	UNCUED COMPOSITE ../../stim/practice_mem_composite/00059931230fb_sunaaebuzkvqtkqiact.jpg: autoDraw = False
269.8828 	EXP 	COMPOSITES OFF
270.6927 	DATA 	Keypress: 3
270.7137 	EXP 	posner: autoDraw = False
270.7137 	EXP 	WIN FLIP : ATTENTION PROBE OFF
271.8958 	EXP 	Created unnamed TextStim = TextStim(alignHoriz='center', alignVert='center', antialias=True, autoLog=True, bold=False, color=array([1., 1., 1.]), colorSpace='rgb', contrast=1.0, depth=0, flipHoriz=False, flipVert=False, font='', fontFiles=[], height=1.0, italic=False, name='unnamed TextStim', opacity=1.0, ori=0.0, pos=array([0., 0.]), rgb=array([1., 1., 1.]), text=newstr(...), units='deg', win=Window(...), wrapWidth=40)
271.9140 	EXP 	fixation_cross: autoDraw = False
271.9140 	EXP 	unnamed TextStim: autoDraw = True
291.9804 	DATA 	Keypress: right
292.0019 	EXP 	unnamed TextStim: autoDraw = False
292.0022 	INFO 	Mouse: using default window
292.0052 	EXP 	Created fixation_cross = TextStim(alignHoriz='center', alignVert='center', antialias=True, autoLog=True, bold=False, color='lightGrey', colorSpace='named', contrast=1.0, depth=0.0, flipHoriz=False, flipVert=False, font='Arial', fontFiles=[], height=2, italic=False, name='fixation_cross', opacity=1.0, ori=0, pos=array([0., 0.]), rgb=array([211., 211., 211.]), text='+', units='deg', win=Window(...), wrapWidth=15.0)
292.0052 	EXP 	window1: recordFrameIntervals = False
292.1676 	EXP 	window1: recordFrameIntervals = True
292.3524 	DEBUG 	Screen (0) actual frame rate measured at 59.88
292.3524 	EXP 	window1: recordFrameIntervals = False
292.3553 	EXP 	Created fixation_cross = TextStim(alignHoriz='center', alignVert='center', antialias=True, autoLog=True, bold=False, color='lightGrey', colorSpace='named', contrast=1.0, depth=0.0, flipHoriz=False, flipVert=False, font='Arial', fontFiles=[], height=2, italic=False, name='fixation_cross', opacity=1.0, ori=0, pos=array([0., 0.]), rgb=array([211., 211., 211.]), text='+', units='deg', win=Window(...), wrapWidth=15.0)
292.3787 	EXP 	Created MEMORY IMAGE ../../stim/practice_mem_single/00053931230fb.jpg = ImageStim(autoLog=True, color=array([1., 1., 1.]), colorSpace='rgb', contrast=1.0, depth=0, flipHoriz=False, flipVert=False, image=str(...), interpolate=False, mask=None, maskParams=None, name=str(...), opacity=1.0, ori=0.0, pos=array([0., 0.]), size=array([7., 7.]), texRes=128, units='deg', win=Window(...))
292.3990 	EXP 	Created MEMORY IMAGE ../../stim/practice_mem_single/sunaackkibslwddpycb.jpg = ImageStim(autoLog=True, color=array([1., 1., 1.]), colorSpace='rgb', contrast=1.0, depth=0, flipHoriz=False, flipVert=False, image=str(...), interpolate=False, mask=None, maskParams=None, name=str(...), opacity=1.0, ori=0.0, pos=array([0., 0.]), size=array([7., 7.]), texRes=128, units='deg', win=Window(...))
292.4050 	EXP 	Created MEMORY IMAGE ../../stim/practice_mem_single/sunaaebuzkvqtkqiact.jpg = ImageStim(autoLog=True, color=array([1., 1., 1.]), colorSpace='rgb', contrast=1.0, depth=0, flipHoriz=False, flipVert=False, image=str(...), interpolate=False, mask=None, maskParams=None, name=str(...), opacity=1.0, ori=0.0, pos=array([0., 0.]), size=array([7., 7.]), texRes=128, units='deg', win=Window(...))
292.4201 	EXP 	Created MEMORY IMAGE ../../stim/practice_mem_single/00038940128facopy.jpg = ImageStim(autoLog=True, color=array([1., 1., 1.]), colorSpace='rgb', contrast=1.0, depth=0, flipHoriz=False, flipVert=False, image=str(...), interpolate=False, mask=None, maskParams=None, name=str(...), opacity=1.0, ori=0.0, pos=array([0., 0.]), size=array([7., 7.]), texRes=128, units='deg', win=Window(...))
292.4348 	EXP 	MEMORY IMAGE ../../stim/practice_mem_single/00053931230fb.jpg: pos = array([0., 0.])
292.4348 	EXP 	MEMORY IMAGE ../../stim/practice_mem_single/sunaackkibslwddpycb.jpg: pos = array([0., 0.])
292.4348 	EXP 	MEMORY IMAGE ../../stim/practice_mem_single/sunaaebuzkvqtkqiact.jpg: pos = array([0., 0.])
292.4348 	EXP 	MEMORY IMAGE ../../stim/practice_mem_single/00038940128facopy.jpg: pos = array([0., 0.])
292.4348 	EXP 	fixation_cross: autoDraw = True
292.4348 	EXP 	WIN FLIP : FIXATION ON
292.5073 	EXP 	Created unnamed RatingScale = RatingScale(acceptKeys=['return'], acceptPreText=UNKNOWN, acceptSize=UNKNOWN, acceptText=UNKNOWN, autoLog=True, choices=False, depth=0, disappear=False, flipVert=False, high=4, kwargs=UNKNOWN, labels=list(...), leftKeys=['left'], lineColor='White', low=1, marker=ShapeStim(...), markerColor='Black', markerExpansion=UNKNOWN, markerStart=0, maxTime=2.0, minTime=0.0, mouseOnly=False, name='unnamed RatingScale', noMouse=True, pos=[0.0, -0.42], precision=1, respKeys=['1', '2', '3', '4'], rightKeys=['right'], scale=str(...), self=UNKNOWN, showAccept=False, showValue=True, singleClick=True, size=0.6, skipKeys=['tab'], stretch=1.0, textColor='LightGray', textFont='Helvetica Bold', textSize=0.12, tickHeight=1.0, tickMarks=3.0, win=Window(...))
293.4520 	EXP 	fixation_cross: autoDraw = False
293.4520 	EXP 	unnamed RatingScale: flipVert = False
293.4520 	EXP 	unnamed RatingScale: autoLog = True
293.4520 	EXP 	unnamed RatingScale: autoDraw = True
293.4520 	EXP 	MEMORY IMAGE ../../stim/practice_mem_single/00053931230fb.jpg: autoDraw = True
293.4520 	EXP 	WIN FLIP : FIXATION OFF, SCALE AND MEMORY ON
295.4194 	EXP 	WIN FLIP : SCALE AND MEMORY OFF, FIXATION ON
295.4194 	EXP 	unnamed RatingScale: autoDraw = False
295.4194 	EXP 	MEMORY IMAGE ../../stim/practice_mem_single/00053931230fb.jpg: autoDraw = False
295.4194 	EXP 	fixation_cross: autoDraw = True
295.4655 	EXP 	Created unnamed RatingScale = RatingScale(acceptKeys=['return'], acceptPreText=UNKNOWN, acceptSize=UNKNOWN, acceptText=UNKNOWN, autoLog=True, choices=False, depth=0, disappear=False, flipVert=False, high=4, kwargs=UNKNOWN, labels=list(...), leftKeys=['left'], lineColor='White', low=1, marker=ShapeStim(...), markerColor='Black', markerExpansion=UNKNOWN, markerStart=0, maxTime=2.0, minTime=0.0, mouseOnly=False, name='unnamed RatingScale', noMouse=True, pos=[0.0, -0.42], precision=1, respKeys=['1', '2', '3', '4'], rightKeys=['right'], scale=str(...), self=UNKNOWN, showAccept=False, showValue=True, singleClick=True, size=0.6, skipKeys=['tab'], stretch=1.0, textColor='LightGray', textFont='Helvetica Bold', textSize=0.12, tickHeight=1.0, tickMarks=3.0, win=Window(...))
296.2048 	DATA 	Keypress: 2
296.4196 	EXP 	fixation_cross: autoDraw = False
296.4196 	EXP 	unnamed RatingScale: flipVert = False
296.4196 	EXP 	unnamed RatingScale: autoLog = True
296.4196 	EXP 	unnamed RatingScale: autoDraw = True
296.4196 	EXP 	MEMORY IMAGE ../../stim/practice_mem_single/sunaackkibslwddpycb.jpg: autoDraw = True
296.4196 	EXP 	WIN FLIP : FIXATION OFF, SCALE AND MEMORY ON
297.8395 	DATA 	Keypress: 4
297.8399 	DATA 	RatingScale unnamed RatingScale: (key single-click) rating=4
297.8399 	DATA 	RatingScale unnamed RatingScale: rating RT=1.436
297.8399 	DATA 	RatingScale unnamed RatingScale: history=[(None, 0.0), (4, 1.436)]
298.4200 	EXP 	WIN FLIP : SCALE AND MEMORY OFF, FIXATION ON
298.4200 	EXP 	unnamed RatingScale: autoDraw = False
298.4200 	EXP 	MEMORY IMAGE ../../stim/practice_mem_single/sunaackkibslwddpycb.jpg: autoDraw = False
298.4200 	EXP 	fixation_cross: autoDraw = True
298.4652 	EXP 	Created unnamed RatingScale = RatingScale(acceptKeys=['return'], acceptPreText=UNKNOWN, acceptSize=UNKNOWN, acceptText=UNKNOWN, autoLog=True, choices=False, depth=0, disappear=False, flipVert=False, high=4, kwargs=UNKNOWN, labels=list(...), leftKeys=['left'], lineColor='White', low=1, marker=ShapeStim(...), markerColor='Black', markerExpansion=UNKNOWN, markerStart=0, maxTime=2.0, minTime=0.0, mouseOnly=False, name='unnamed RatingScale', noMouse=True, pos=[0.0, -0.42], precision=1, respKeys=['1', '2', '3', '4'], rightKeys=['right'], scale=str(...), self=UNKNOWN, showAccept=False, showValue=True, singleClick=True, size=0.6, skipKeys=['tab'], stretch=1.0, textColor='LightGray', textFont='Helvetica Bold', textSize=0.12, tickHeight=1.0, tickMarks=3.0, win=Window(...))
299.4202 	EXP 	fixation_cross: autoDraw = False
299.4202 	EXP 	unnamed RatingScale: flipVert = False
299.4202 	EXP 	unnamed RatingScale: autoLog = True
299.4202 	EXP 	unnamed RatingScale: autoDraw = True
299.4202 	EXP 	MEMORY IMAGE ../../stim/practice_mem_single/sunaaebuzkvqtkqiact.jpg: autoDraw = True
299.4202 	EXP 	WIN FLIP : FIXATION OFF, SCALE AND MEMORY ON
300.7071 	DATA 	Keypress: 4
300.7076 	DATA 	RatingScale unnamed RatingScale: (key single-click) rating=4
300.7076 	DATA 	RatingScale unnamed RatingScale: rating RT=1.304
300.7076 	DATA 	RatingScale unnamed RatingScale: history=[(None, 0.0), (4, 1.304)]
301.4040 	EXP 	WIN FLIP : SCALE AND MEMORY OFF, FIXATION ON
301.4040 	EXP 	unnamed RatingScale: autoDraw = False
301.4040 	EXP 	MEMORY IMAGE ../../stim/practice_mem_single/sunaaebuzkvqtkqiact.jpg: autoDraw = False
301.4040 	EXP 	fixation_cross: autoDraw = True
301.4487 	EXP 	Created unnamed RatingScale = RatingScale(acceptKeys=['return'], acceptPreText=UNKNOWN, acceptSize=UNKNOWN, acceptText=UNKNOWN, autoLog=True, choices=False, depth=0, disappear=False, flipVert=False, high=4, kwargs=UNKNOWN, labels=list(...), leftKeys=['left'], lineColor='White', low=1, marker=ShapeStim(...), markerColor='Black', markerExpansion=UNKNOWN, markerStart=0, maxTime=2.0, minTime=0.0, mouseOnly=False, name='unnamed RatingScale', noMouse=True, pos=[0.0, -0.42], precision=1, respKeys=['1', '2', '3', '4'], rightKeys=['right'], scale=str(...), self=UNKNOWN, showAccept=False, showValue=True, singleClick=True, size=0.6, skipKeys=['tab'], stretch=1.0, textColor='LightGray', textFont='Helvetica Bold', textSize=0.12, tickHeight=1.0, tickMarks=3.0, win=Window(...))
302.4046 	EXP 	fixation_cross: autoDraw = False
302.4046 	EXP 	unnamed RatingScale: flipVert = False
302.4046 	EXP 	unnamed RatingScale: autoLog = True
302.4046 	EXP 	unnamed RatingScale: autoDraw = True
302.4046 	EXP 	MEMORY IMAGE ../../stim/practice_mem_single/00038940128facopy.jpg: autoDraw = True
302.4046 	EXP 	WIN FLIP : FIXATION OFF, SCALE AND MEMORY ON
303.6067 	DATA 	Keypress: 1
303.6072 	DATA 	RatingScale unnamed RatingScale: (key single-click) rating=1
303.6072 	DATA 	RatingScale unnamed RatingScale: rating RT=1.219
303.6072 	DATA 	RatingScale unnamed RatingScale: history=[(None, 0.0), (1, 1.219)]
304.4038 	EXP 	WIN FLIP : SCALE AND MEMORY OFF, FIXATION ON
304.4038 	EXP 	unnamed RatingScale: autoDraw = False
304.4038 	EXP 	MEMORY IMAGE ../../stim/practice_mem_single/00038940128facopy.jpg: autoDraw = False
304.4038 	EXP 	fixation_cross: autoDraw = True
304.4038 	EXP 	fixation_cross: autoDraw = False
304.4038 	EXP 	WIN FLIP : FIXATION OFF
304.4500 	EXP 	Created unnamed TextStim = TextStim(alignHoriz='center', alignVert='center', antialias=True, autoLog=True, bold=False, color=array([1., 1., 1.]), colorSpace='rgb', contrast=1.0, depth=0, flipHoriz=False, flipVert=False, font='', fontFiles=[], height=1.0, italic=False, name='unnamed TextStim', opacity=1.0, ori=0.0, pos=array([0., 0.]), rgb=array([1., 1., 1.]), text=newstr(...), units='deg', win=Window(...), wrapWidth=40)
304.4713 	EXP 	unnamed TextStim: autoDraw = True
310.6283 	DATA 	Keypress: right
311.8888 	EXP 	window1: mouseVisible = True
