1.2917 	WARNING 	Movie2 stim could not be imported and won't be available
8.4617 	WARNING 	User requested fullscreen with size [1024  768], but screen is actually [2560, 1440]. Using actual size
34.0174 	DATA 	Keypress: return
38.4872 	DATA 	Keypress: 1
41.8627 	DATA 	Keypress: 1
45.2979 	DATA 	Keypress: 1
48.6131 	DATA 	Keypress: 3
52.0631 	DATA 	Keypress: 3
55.5881 	DATA 	Keypress: 3
58.9635 	DATA 	Keypress: 3
62.2788 	DATA 	Keypress: 1
65.6685 	DATA 	Keypress: 3
68.9691 	DATA 	Keypress: 3
72.1490 	DATA 	Keypress: 3
75.3889 	DATA 	Keypress: 1
78.6441 	DATA 	Keypress: 1
81.8096 	DATA 	Keypress: 3
84.9146 	DATA 	Keypress: 1
88.0349 	DATA 	Keypress: 3
91.1546 	DATA 	Keypress: 1
94.3799 	DATA 	Keypress: 1
97.7404 	DATA 	Keypress: 3
101.0551 	DATA 	Keypress: 1
109.5905 	DATA 	Keypress: return
111.6948 	DATA 	RatingScale unnamed RatingScale: rating=None (no response, timed out after 1.000s)
111.6948 	DATA 	RatingScale unnamed RatingScale: rating RT=1.009s
113.0112 	DATA 	Keypress: 1
114.7957 	DATA 	RatingScale unnamed RatingScale: rating=1 (no response, timed out after 1.000s)
114.7957 	DATA 	RatingScale unnamed RatingScale: rating RT=1.001s
115.0461 	DATA 	Keypress: 4
115.8130 	ERROR 	Couldn't find image file 'selected_images/grayscale_gre115.jpg'; check path?
117.6818 	DATA 	Keypress: 1
117.6821 	DATA 	RatingScale unnamed RatingScale: (key single-click) rating=1
117.6821 	DATA 	RatingScale unnamed RatingScale: rating RT=0.836
117.6821 	DATA 	RatingScale unnamed RatingScale: history=[(None, 0.0)]
118.6977 	ERROR 	Couldn't find image file 'selected_images/grayscale_par87.jpg'; check path?
119.5304 	DATA 	Keypress: 1
120.7810 	DATA 	RatingScale unnamed RatingScale: rating=1 (no response, timed out after 1.000s)
120.7810 	DATA 	RatingScale unnamed RatingScale: rating RT=1.000s
123.8497 	DATA 	Keypress: 1
123.8500 	DATA 	RatingScale unnamed RatingScale: (key single-click) rating=1
123.8501 	DATA 	RatingScale unnamed RatingScale: rating RT=0.968
123.8501 	DATA 	RatingScale unnamed RatingScale: history=[(None, 0.0)]
124.8662 	ERROR 	Couldn't find image file 'selected_images/grayscale_urban167.jpg'; check path?
126.9163 	DATA 	RatingScale unnamed RatingScale: rating=None (no response, timed out after 1.000s)
126.9163 	DATA 	RatingScale unnamed RatingScale: rating RT=1.017s
129.9022 	DATA 	Keypress: 4
129.9024 	DATA 	RatingScale unnamed RatingScale: (key single-click) rating=4
129.9025 	DATA 	RatingScale unnamed RatingScale: rating RT=0.885
129.9025 	DATA 	RatingScale unnamed RatingScale: history=[(None, 0.0)]
130.9187 	ERROR 	Couldn't find image file 'selected_images/grayscale_a279033.jpg'; check path?
132.2862 	DATA 	Keypress: 4
132.9678 	DATA 	RatingScale unnamed RatingScale: rating=4 (no response, timed out after 1.000s)
132.9678 	DATA 	RatingScale unnamed RatingScale: rating RT=1.017s
133.9855 	ERROR 	Couldn't find image file 'selected_images/grayscale_art1732.jpg'; check path?
135.5368 	DATA 	Keypress: 4
135.5371 	DATA 	RatingScale unnamed RatingScale: (key single-click) rating=4
135.5371 	DATA 	RatingScale unnamed RatingScale: rating RT=0.518
135.5371 	DATA 	RatingScale unnamed RatingScale: history=[(None, 0.0)]
136.5530 	ERROR 	Couldn't find image file 'selected_images/grayscale_art775.jpg'; check path?
138.1547 	DATA 	Keypress: 1
138.1549 	DATA 	RatingScale unnamed RatingScale: (key single-click) rating=1
138.1550 	DATA 	RatingScale unnamed RatingScale: rating RT=0.569
138.1550 	DATA 	RatingScale unnamed RatingScale: history=[(None, 0.0)]
141.0057 	DATA 	Keypress: 4
141.0060 	DATA 	RatingScale unnamed RatingScale: (key single-click) rating=4
141.0060 	DATA 	RatingScale unnamed RatingScale: rating RT=0.752
141.0060 	DATA 	RatingScale unnamed RatingScale: history=[(None, 0.0)]
142.0212 	ERROR 	Couldn't find image file 'selected_images/grayscale_urban158.jpg'; check path?
142.9379 	DATA 	Keypress: 4
143.3259 	DATA 	Keypress: 4
144.0706 	DATA 	RatingScale unnamed RatingScale: rating=4 (no response, timed out after 1.000s)
144.0706 	DATA 	RatingScale unnamed RatingScale: rating RT=1.016s
145.0893 	ERROR 	Couldn't find image file 'selected_images/grayscale_boston255.jpg'; check path?
146.3402 	DATA 	Keypress: 1
147.1394 	DATA 	RatingScale unnamed RatingScale: rating=1 (no response, timed out after 1.000s)
147.1394 	DATA 	RatingScale unnamed RatingScale: rating RT=1.017s
149.5251 	DATA 	Keypress: 4
150.2568 	DATA 	RatingScale unnamed RatingScale: rating=4 (no response, timed out after 1.000s)
150.2568 	DATA 	RatingScale unnamed RatingScale: rating RT=1.016s
152.5933 	DATA 	Keypress: 4
153.3748 	DATA 	RatingScale unnamed RatingScale: rating=4 (no response, timed out after 1.000s)
153.3748 	DATA 	RatingScale unnamed RatingScale: rating RT=1.016s
155.6934 	DATA 	Keypress: 4
156.4920 	DATA 	RatingScale unnamed RatingScale: rating=4 (no response, timed out after 1.000s)
156.4920 	DATA 	RatingScale unnamed RatingScale: rating RT=1.016s
157.5100 	ERROR 	Couldn't find image file 'selected_images/grayscale_art1751.jpg'; check path?
158.7445 	DATA 	Keypress: 1
159.5590 	DATA 	RatingScale unnamed RatingScale: rating=1 (no response, timed out after 1.000s)
159.5590 	DATA 	RatingScale unnamed RatingScale: rating RT=1.016s
160.5781 	ERROR 	Couldn't find image file 'selected_images/grayscale_city10.jpg'; check path?
161.9458 	DATA 	Keypress: 1
162.6274 	DATA 	RatingScale unnamed RatingScale: rating=1 (no response, timed out after 1.000s)
162.6274 	DATA 	RatingScale unnamed RatingScale: rating RT=1.017s
164.9639 	DATA 	Keypress: 4
165.7453 	DATA 	RatingScale unnamed RatingScale: rating=4 (no response, timed out after 1.000s)
165.7453 	DATA 	RatingScale unnamed RatingScale: rating RT=1.017s
166.7632 	ERROR 	Couldn't find image file 'selected_images/grayscale_a487062.jpg'; check path?
168.7143 	DATA 	Keypress: 4
168.7146 	DATA 	RatingScale unnamed RatingScale: (key single-click) rating=4
168.7146 	DATA 	RatingScale unnamed RatingScale: rating RT=0.919
168.7146 	DATA 	RatingScale unnamed RatingScale: history=[(None, 0.0)]
171.3493 	DATA 	Keypress: 1
171.3495 	DATA 	RatingScale unnamed RatingScale: (key single-click) rating=1
171.3496 	DATA 	RatingScale unnamed RatingScale: rating RT=0.436
171.3496 	DATA 	RatingScale unnamed RatingScale: history=[(None, 0.0)]
172.3648 	ERROR 	Couldn't find image file 'selected_images/grayscale_urban73.jpg'; check path?
173.9656 	DATA 	Keypress: 1
173.9659 	DATA 	RatingScale unnamed RatingScale: (key single-click) rating=1
173.9660 	DATA 	RatingScale unnamed RatingScale: rating RT=0.569
173.9660 	DATA 	RatingScale unnamed RatingScale: history=[(None, 0.0)]
176.7340 	DATA 	Keypress: 4
176.7498 	DATA 	RatingScale unnamed RatingScale: (key single-click) rating=4
176.7499 	DATA 	RatingScale unnamed RatingScale: rating RT=0.683
176.7499 	DATA 	RatingScale unnamed RatingScale: history=[(None, 0.0)]
177.7661 	ERROR 	Couldn't find image file 'selected_images/grayscale_city50.jpg'; check path?
179.0847 	DATA 	Keypress: 4
179.8162 	DATA 	RatingScale unnamed RatingScale: rating=4 (no response, timed out after 1.000s)
179.8163 	DATA 	RatingScale unnamed RatingScale: rating RT=1.017s
180.8342 	ERROR 	Couldn't find image file 'selected_images/grayscale_a805043.jpg'; check path?
182.0858 	DATA 	Keypress: 1
182.8842 	DATA 	RatingScale unnamed RatingScale: rating=1 (no response, timed out after 1.000s)
182.8842 	DATA 	RatingScale unnamed RatingScale: rating RT=1.017s
183.9021 	ERROR 	Couldn't find image file 'selected_images/grayscale_art1617.jpg'; check path?
184.7856 	DATA 	Keypress: 1
185.9516 	DATA 	RatingScale unnamed RatingScale: rating=1 (no response, timed out after 1.000s)
185.9516 	DATA 	RatingScale unnamed RatingScale: rating RT=1.016s
188.3374 	DATA 	Keypress: 4
189.0526 	DATA 	RatingScale unnamed RatingScale: rating=4 (no response, timed out after 1.000s)
189.0526 	DATA 	RatingScale unnamed RatingScale: rating RT=1.000s
190.0706 	ERROR 	Couldn't find image file 'selected_images/grayscale_a538076.jpg'; check path?
191.4885 	DATA 	Keypress: 1
192.1200 	DATA 	RatingScale unnamed RatingScale: rating=1 (no response, timed out after 1.000s)
192.1200 	DATA 	RatingScale unnamed RatingScale: rating RT=1.016s
193.1378 	ERROR 	Couldn't find image file 'selected_images/grayscale_art475.jpg'; check path?
194.4888 	DATA 	Keypress: 4
195.1880 	DATA 	RatingScale unnamed RatingScale: rating=4 (no response, timed out after 1.000s)
195.1880 	DATA 	RatingScale unnamed RatingScale: rating RT=1.016s
197.8397 	DATA 	Keypress: 1
197.8400 	DATA 	RatingScale unnamed RatingScale: (key single-click) rating=1
197.8401 	DATA 	RatingScale unnamed RatingScale: rating RT=0.534
197.8401 	DATA 	RatingScale unnamed RatingScale: history=[(None, 0.0)]
200.1757 	DATA 	Keypress: 4
200.9563 	DATA 	RatingScale unnamed RatingScale: rating=4 (no response, timed out after 1.000s)
200.9564 	DATA 	RatingScale unnamed RatingScale: rating RT=1.016s
203.5589 	DATA 	Keypress: 4
203.5592 	DATA 	RatingScale unnamed RatingScale: (key single-click) rating=4
203.5593 	DATA 	RatingScale unnamed RatingScale: rating RT=0.502
203.5593 	DATA 	RatingScale unnamed RatingScale: history=[(None, 0.0)]
204.5745 	ERROR 	Couldn't find image file 'selected_images/grayscale_a806011.jpg'; check path?
206.1770 	DATA 	Keypress: 1
206.1773 	DATA 	RatingScale unnamed RatingScale: (key single-click) rating=1
206.1774 	DATA 	RatingScale unnamed RatingScale: rating RT=0.569
206.1774 	DATA 	RatingScale unnamed RatingScale: history=[(None, 0.0)]
208.4941 	DATA 	Keypress: 4
209.2915 	DATA 	RatingScale unnamed RatingScale: rating=4 (no response, timed out after 1.000s)
209.2915 	DATA 	RatingScale unnamed RatingScale: rating RT=1.016s
212.0617 	DATA 	Keypress: 4
212.0620 	DATA 	RatingScale unnamed RatingScale: (key single-click) rating=4
212.0621 	DATA 	RatingScale unnamed RatingScale: rating RT=0.668
212.0621 	DATA 	RatingScale unnamed RatingScale: history=[(None, 0.0)]
213.0775 	ERROR 	Couldn't find image file 'selected_images/grayscale_p1010489.jpg'; check path?
214.4949 	DATA 	Keypress: 1
215.1778 	DATA 	RatingScale unnamed RatingScale: rating=1 (no response, timed out after 1.000s)
215.1779 	DATA 	RatingScale unnamed RatingScale: rating RT=1.016s
217.7465 	DATA 	Keypress: 4
217.7468 	DATA 	RatingScale unnamed RatingScale: (key single-click) rating=4
217.7468 	DATA 	RatingScale unnamed RatingScale: rating RT=0.469
217.7468 	DATA 	RatingScale unnamed RatingScale: history=[(None, 0.0)]
220.2810 	DATA 	Keypress: 4
220.2812 	DATA 	RatingScale unnamed RatingScale: (key single-click) rating=4
220.2812 	DATA 	RatingScale unnamed RatingScale: rating RT=0.435
220.2813 	DATA 	RatingScale unnamed RatingScale: history=[(None, 0.0)]
221.2973 	ERROR 	Couldn't find image file 'selected_images/grayscale_a588087.jpg'; check path?
222.8149 	DATA 	Keypress: 4
222.8152 	DATA 	RatingScale unnamed RatingScale: (key single-click) rating=4
222.8152 	DATA 	RatingScale unnamed RatingScale: rating RT=0.485
222.8152 	DATA 	RatingScale unnamed RatingScale: history=[(None, 0.0)]
225.5670 	DATA 	Keypress: 4
225.5673 	DATA 	RatingScale unnamed RatingScale: (key single-click) rating=4
225.5673 	DATA 	RatingScale unnamed RatingScale: rating RT=0.636
225.5673 	DATA 	RatingScale unnamed RatingScale: history=[(None, 0.0)]
228.3503 	DATA 	Keypress: 1
228.3506 	DATA 	RatingScale unnamed RatingScale: (key single-click) rating=1
228.3506 	DATA 	RatingScale unnamed RatingScale: rating RT=0.686
228.3506 	DATA 	RatingScale unnamed RatingScale: history=[(None, 0.0)]
230.7181 	DATA 	Keypress: 4
231.4496 	DATA 	RatingScale unnamed RatingScale: rating=4 (no response, timed out after 1.000s)
231.4496 	DATA 	RatingScale unnamed RatingScale: rating RT=1.000s
232.4676 	ERROR 	Couldn't find image file 'selected_images/grayscale_urban987.jpg'; check path?
234.0355 	DATA 	Keypress: 4
234.0358 	DATA 	RatingScale unnamed RatingScale: (key single-click) rating=4
234.0359 	DATA 	RatingScale unnamed RatingScale: rating RT=0.536
234.0359 	DATA 	RatingScale unnamed RatingScale: history=[(None, 0.0)]
236.4189 	DATA 	Keypress: 4
237.1520 	DATA 	RatingScale unnamed RatingScale: rating=4 (no response, timed out after 1.000s)
237.1520 	DATA 	RatingScale unnamed RatingScale: rating RT=1.017s
238.1694 	ERROR 	Couldn't find image file 'selected_images/grayscale_art1756.jpg'; check path?
239.4707 	DATA 	Keypress: 1
240.2023 	DATA 	RatingScale unnamed RatingScale: rating=1 (no response, timed out after 1.000s)
240.2023 	DATA 	RatingScale unnamed RatingScale: rating RT=1.000s
242.5880 	DATA 	Keypress: 4
243.3193 	DATA 	RatingScale unnamed RatingScale: rating=4 (no response, timed out after 1.000s)
243.3193 	DATA 	RatingScale unnamed RatingScale: rating RT=1.016s
245.7224 	DATA 	Keypress: 4
246.4377 	DATA 	RatingScale unnamed RatingScale: rating=4 (no response, timed out after 1.000s)
246.4377 	DATA 	RatingScale unnamed RatingScale: rating RT=1.016s
247.4554 	ERROR 	Couldn't find image file 'selected_images/grayscale_par33.jpg'; check path?
248.9735 	DATA 	Keypress: 1
248.9737 	DATA 	RatingScale unnamed RatingScale: (key single-click) rating=1
248.9738 	DATA 	RatingScale unnamed RatingScale: rating RT=0.486
248.9738 	DATA 	RatingScale unnamed RatingScale: history=[(None, 0.0)]
251.7583 	DATA 	Keypress: 4
251.7586 	DATA 	RatingScale unnamed RatingScale: (key single-click) rating=4
251.7587 	DATA 	RatingScale unnamed RatingScale: rating RT=0.686
251.7587 	DATA 	RatingScale unnamed RatingScale: history=[(None, 0.0)]
252.7737 	ERROR 	Couldn't find image file 'selected_images/grayscale_city5.jpg'; check path?
254.5585 	DATA 	Keypress: 4
254.5588 	DATA 	RatingScale unnamed RatingScale: (key single-click) rating=4
254.5588 	DATA 	RatingScale unnamed RatingScale: rating RT=0.753
254.5589 	DATA 	RatingScale unnamed RatingScale: history=[(None, 0.0)]
255.5753 	ERROR 	Couldn't find image file 'selected_images/grayscale_art869.jpg'; check path?
256.9259 	DATA 	Keypress: 4
257.6081 	DATA 	RatingScale unnamed RatingScale: rating=4 (no response, timed out after 1.000s)
257.6081 	DATA 	RatingScale unnamed RatingScale: rating RT=1.000s
260.1608 	DATA 	Keypress: 1
260.7754 	DATA 	RatingScale unnamed RatingScale: rating=1 (no response, timed out after 1.000s)
260.7755 	DATA 	RatingScale unnamed RatingScale: rating RT=1.016s
261.7935 	ERROR 	Couldn't find image file 'selected_images/grayscale_street02.jpg'; check path?
263.3783 	DATA 	Keypress: 4
263.3786 	DATA 	RatingScale unnamed RatingScale: (key single-click) rating=4
263.3786 	DATA 	RatingScale unnamed RatingScale: rating RT=0.534
263.3786 	DATA 	RatingScale unnamed RatingScale: history=[(None, 0.0)]
266.2291 	DATA 	Keypress: 4
266.2293 	DATA 	RatingScale unnamed RatingScale: (key single-click) rating=4
266.2294 	DATA 	RatingScale unnamed RatingScale: rating RT=0.752
266.2294 	DATA 	RatingScale unnamed RatingScale: history=[(None, 0.0)]
269.3286 	DATA 	RatingScale unnamed RatingScale: rating=None (no response, timed out after 1.000s)
269.3286 	DATA 	RatingScale unnamed RatingScale: rating RT=1.001s
269.3452 	DATA 	Keypress: 1
271.8143 	DATA 	Keypress: 4
272.4296 	DATA 	RatingScale unnamed RatingScale: rating=4 (no response, timed out after 1.000s)
272.4296 	DATA 	RatingScale unnamed RatingScale: rating RT=1.001s
273.4471 	ERROR 	Couldn't find image file 'selected_images/grayscale_art1041.jpg'; check path?
275.4487 	DATA 	Keypress: 4
275.4489 	DATA 	RatingScale unnamed RatingScale: (key single-click) rating=4
275.4490 	DATA 	RatingScale unnamed RatingScale: rating RT=0.967
275.4490 	DATA 	RatingScale unnamed RatingScale: history=[(None, 0.0)]
276.4652 	ERROR 	Couldn't find image file 'selected_images/grayscale_p1010527.jpg'; check path?
278.0658 	DATA 	Keypress: 4
278.0660 	DATA 	RatingScale unnamed RatingScale: (key single-click) rating=4
278.0661 	DATA 	RatingScale unnamed RatingScale: rating RT=0.569
278.0661 	DATA 	RatingScale unnamed RatingScale: history=[(None, 0.0)]
280.5341 	DATA 	Keypress: 4
281.1654 	DATA 	RatingScale unnamed RatingScale: rating=4 (no response, timed out after 1.000s)
281.1654 	DATA 	RatingScale unnamed RatingScale: rating RT=1.000s
282.1834 	ERROR 	Couldn't find image file 'selected_images/grayscale_art840.jpg'; check path?
283.9009 	DATA 	Keypress: 4
283.9011 	DATA 	RatingScale unnamed RatingScale: (key single-click) rating=4
283.9012 	DATA 	RatingScale unnamed RatingScale: rating RT=0.685
283.9012 	DATA 	RatingScale unnamed RatingScale: history=[(None, 0.0)]
289.4040 	DATA 	Keypress: return
292.9441 	DATA 	Keypress: 1
296.0946 	DATA 	Keypress: 3
299.4248 	DATA 	Keypress: 1
302.8000 	DATA 	Keypress: 1
305.9797 	DATA 	Keypress: 3
309.2052 	DATA 	Keypress: 3
312.5049 	DATA 	Keypress: 1
315.6555 	DATA 	Keypress: 1
318.8802 	DATA 	Keypress: 1
322.0906 	DATA 	Keypress: 1
325.2707 	DATA 	Keypress: 1
328.4657 	DATA 	Keypress: 3
331.6463 	DATA 	Keypress: 3
334.7364 	DATA 	Keypress: 1
337.9464 	DATA 	Keypress: 1
341.0214 	DATA 	Keypress: 1
344.4118 	DATA 	Keypress: 3
347.5320 	DATA 	Keypress: 1
350.7120 	DATA 	Keypress: 3
353.9069 	DATA 	Keypress: 3
357.7024 	DATA 	Keypress: return
357.7040 	ERROR 	Couldn't find image file 'selected_images/grayscale_sky43.jpg'; check path?
359.7091 	DATA 	Keypress: 1
359.7093 	DATA 	RatingScale unnamed RatingScale: (key single-click) rating=1
359.7094 	DATA 	RatingScale unnamed RatingScale: rating RT=0.968
359.7094 	DATA 	RatingScale unnamed RatingScale: history=[(None, 0.0)]
361.7248 	DATA 	Keypress: 1
362.8253 	DATA 	RatingScale unnamed RatingScale: rating=1 (no response, timed out after 1.000s)
362.8253 	DATA 	RatingScale unnamed RatingScale: rating RT=1.017s
363.8427 	ERROR 	Couldn't find image file 'selected_images/grayscale_city1.jpg'; check path?
364.8432 	DATA 	Keypress: 1
365.9095 	DATA 	RatingScale unnamed RatingScale: rating=1 (no response, timed out after 1.000s)
365.9095 	DATA 	RatingScale unnamed RatingScale: rating RT=1.016s
368.6284 	DATA 	Keypress: 4
368.6287 	DATA 	RatingScale unnamed RatingScale: (key single-click) rating=4
368.6288 	DATA 	RatingScale unnamed RatingScale: rating RT=0.619
368.6288 	DATA 	RatingScale unnamed RatingScale: history=[(None, 0.0)]
370.2783 	DATA 	Keypress: 4
371.7447 	DATA 	RatingScale unnamed RatingScale: rating=4 (no response, timed out after 1.000s)
371.7448 	DATA 	RatingScale unnamed RatingScale: rating RT=1.017s
373.7952 	DATA 	Keypress: 4
374.8622 	DATA 	RatingScale unnamed RatingScale: rating=4 (no response, timed out after 1.000s)
374.8622 	DATA 	RatingScale unnamed RatingScale: rating RT=1.000s
376.8133 	DATA 	Keypress: 4
377.9792 	DATA 	RatingScale unnamed RatingScale: rating=4 (no response, timed out after 1.000s)
377.9792 	DATA 	RatingScale unnamed RatingScale: rating RT=1.016s
378.9975 	ERROR 	Couldn't find image file 'selected_images/grayscale_art1192.jpg'; check path?
379.8638 	DATA 	Keypress: 1
381.0475 	DATA 	RatingScale unnamed RatingScale: rating=1 (no response, timed out after 1.000s)
381.0475 	DATA 	RatingScale unnamed RatingScale: rating RT=1.016s
382.0653 	ERROR 	Couldn't find image file 'selected_images/grayscale_a812069.jpg'; check path?
382.7986 	DATA 	Keypress: 1
384.1145 	DATA 	RatingScale unnamed RatingScale: rating=1 (no response, timed out after 1.000s)
384.1145 	DATA 	RatingScale unnamed RatingScale: rating RT=1.016s
385.1335 	ERROR 	Couldn't find image file 'selected_images/grayscale_a462057.jpg'; check path?
385.6660 	DATA 	Keypress: 1
387.1828 	DATA 	RatingScale unnamed RatingScale: rating=1 (no response, timed out after 1.000s)
387.1828 	DATA 	RatingScale unnamed RatingScale: rating RT=1.016s
389.1330 	DATA 	Keypress: 4
390.3006 	DATA 	RatingScale unnamed RatingScale: rating=4 (no response, timed out after 1.000s)
390.3006 	DATA 	RatingScale unnamed RatingScale: rating RT=1.016s
392.2514 	DATA 	Keypress: 1
393.4181 	DATA 	RatingScale unnamed RatingScale: rating=1 (no response, timed out after 1.000s)
393.4181 	DATA 	RatingScale unnamed RatingScale: rating RT=1.016s
395.4692 	DATA 	Keypress: 1
396.5523 	DATA 	RatingScale unnamed RatingScale: rating=1 (no response, timed out after 1.000s)
396.5523 	DATA 	RatingScale unnamed RatingScale: rating RT=1.016s
397.5704 	ERROR 	Couldn't find image file 'selected_images/grayscale_street50.jpg'; check path?
398.2697 	DATA 	Keypress: 1
399.6034 	DATA 	RatingScale unnamed RatingScale: rating=1 (no response, timed out after 1.000s)
399.6034 	DATA 	RatingScale unnamed RatingScale: rating RT=1.000s
400.6214 	ERROR 	Couldn't find image file 'selected_images/grayscale_art1015.jpg'; check path?
401.6208 	DATA 	Keypress: 4
402.6545 	DATA 	RatingScale unnamed RatingScale: rating=4 (no response, timed out after 1.000s)
402.6545 	DATA 	RatingScale unnamed RatingScale: rating RT=1.000s
405.5240 	DATA 	Keypress: 1
405.5243 	DATA 	RatingScale unnamed RatingScale: (key single-click) rating=1
405.5244 	DATA 	RatingScale unnamed RatingScale: rating RT=0.769
405.5244 	DATA 	RatingScale unnamed RatingScale: history=[(None, 0.0)]
407.8907 	DATA 	Keypress: 4
408.6388 	DATA 	RatingScale unnamed RatingScale: rating=4 (no response, timed out after 1.000s)
408.6389 	DATA 	RatingScale unnamed RatingScale: rating RT=1.016s
409.6578 	ERROR 	Couldn't find image file 'selected_images/grayscale_par94.jpg'; check path?
410.4573 	DATA 	Keypress: 1
411.7071 	DATA 	RatingScale unnamed RatingScale: rating=1 (no response, timed out after 1.000s)
411.7071 	DATA 	RatingScale unnamed RatingScale: rating RT=1.016s
413.8926 	DATA 	Keypress: 4
414.8751 	DATA 	RatingScale unnamed RatingScale: rating=4 (no response, timed out after 1.000s)
414.8751 	DATA 	RatingScale unnamed RatingScale: rating RT=1.017s
415.8931 	ERROR 	Couldn't find image file 'selected_images/grayscale_urb911.jpg'; check path?
416.6765 	DATA 	Keypress: 1
417.9422 	DATA 	RatingScale unnamed RatingScale: rating=1 (no response, timed out after 1.000s)
417.9422 	DATA 	RatingScale unnamed RatingScale: rating RT=1.016s
420.5951 	DATA 	Keypress: 1
420.5954 	DATA 	RatingScale unnamed RatingScale: (key single-click) rating=1
420.5955 	DATA 	RatingScale unnamed RatingScale: rating RT=0.552
420.5955 	DATA 	RatingScale unnamed RatingScale: history=[(None, 0.0)]
421.6116 	ERROR 	Couldn't find image file 'selected_images/grayscale_a438011.jpg'; check path?
423.1120 	DATA 	Keypress: 1
423.1123 	DATA 	RatingScale unnamed RatingScale: (key single-click) rating=1
423.1124 	DATA 	RatingScale unnamed RatingScale: rating RT=0.437
423.1124 	DATA 	RatingScale unnamed RatingScale: history=[(None, 0.0)]
424.1280 	ERROR 	Couldn't find image file 'selected_images/grayscale_urban1003.jpg'; check path?
425.1646 	DATA 	Keypress: 1
426.1787 	DATA 	RatingScale unnamed RatingScale: rating=1 (no response, timed out after 1.000s)
426.1787 	DATA 	RatingScale unnamed RatingScale: rating RT=1.017s
427.1966 	ERROR 	Couldn't find image file 'selected_images/grayscale_p9120503.jpg'; check path?
427.6960 	DATA 	Keypress: 1
429.2458 	DATA 	RatingScale unnamed RatingScale: rating=1 (no response, timed out after 1.000s)
429.2458 	DATA 	RatingScale unnamed RatingScale: rating RT=1.016s
430.2642 	ERROR 	Couldn't find image file 'selected_images/grayscale_boston19.jpg'; check path?
430.9811 	DATA 	Keypress: 1
432.2972 	DATA 	RatingScale unnamed RatingScale: rating=1 (no response, timed out after 1.000s)
432.2972 	DATA 	RatingScale unnamed RatingScale: rating RT=1.000s
433.3153 	ERROR 	Couldn't find image file 'selected_images/grayscale_boston373.jpg'; check path?
433.7983 	DATA 	Keypress: 1
435.3651 	DATA 	RatingScale unnamed RatingScale: rating=1 (no response, timed out after 1.000s)
435.3651 	DATA 	RatingScale unnamed RatingScale: rating RT=1.000s
437.8510 	DATA 	Keypress: 1
438.4824 	DATA 	RatingScale unnamed RatingScale: rating=1 (no response, timed out after 1.000s)
438.4824 	DATA 	RatingScale unnamed RatingScale: rating RT=1.017s
439.5003 	ERROR 	Couldn't find image file 'selected_images/grayscale_urban157.jpg'; check path?
440.7691 	DATA 	Keypress: 4
441.5504 	DATA 	RatingScale unnamed RatingScale: rating=4 (no response, timed out after 1.000s)
441.5504 	DATA 	RatingScale unnamed RatingScale: rating RT=1.016s
443.9355 	DATA 	Keypress: 4
444.6678 	DATA 	RatingScale unnamed RatingScale: rating=4 (no response, timed out after 1.000s)
444.6678 	DATA 	RatingScale unnamed RatingScale: rating RT=1.017s
445.6860 	ERROR 	Couldn't find image file 'selected_images/grayscale_a806037.jpg'; check path?
446.9873 	DATA 	Keypress: 1
447.7365 	DATA 	RatingScale unnamed RatingScale: rating=1 (no response, timed out after 1.000s)
447.7365 	DATA 	RatingScale unnamed RatingScale: rating RT=1.017s
450.4725 	DATA 	Keypress: 4
450.4728 	DATA 	RatingScale unnamed RatingScale: (key single-click) rating=4
450.4728 	DATA 	RatingScale unnamed RatingScale: rating RT=0.636
450.4729 	DATA 	RatingScale unnamed RatingScale: history=[(None, 0.0)]
451.4880 	ERROR 	Couldn't find image file 'selected_images/grayscale_p1010589.jpg'; check path?
452.7056 	DATA 	Keypress: 1
453.5209 	DATA 	RatingScale unnamed RatingScale: rating=1 (no response, timed out after 1.000s)
453.5209 	DATA 	RatingScale unnamed RatingScale: rating RT=1.001s
454.5384 	ERROR 	Couldn't find image file 'selected_images/grayscale_sky22.jpg'; check path?
456.1069 	DATA 	Keypress: 4
456.1072 	DATA 	RatingScale unnamed RatingScale: (key single-click) rating=4
456.1073 	DATA 	RatingScale unnamed RatingScale: rating RT=0.518
456.1073 	DATA 	RatingScale unnamed RatingScale: history=[(None, 0.0)]
458.8069 	DATA 	Keypress: 4
458.8071 	DATA 	RatingScale unnamed RatingScale: (key single-click) rating=4
458.8072 	DATA 	RatingScale unnamed RatingScale: rating RT=0.601
458.8072 	DATA 	RatingScale unnamed RatingScale: history=[(None, 0.0)]
459.8243 	ERROR 	Couldn't find image file 'selected_images/grayscale_art861.jpg'; check path?
461.0414 	DATA 	Keypress: 1
461.8735 	DATA 	RatingScale unnamed RatingScale: rating=1 (no response, timed out after 1.000s)
461.8735 	DATA 	RatingScale unnamed RatingScale: rating RT=1.017s
462.8909 	ERROR 	Couldn't find image file 'selected_images/grayscale_par103.jpg'; check path?
463.7577 	DATA 	Keypress: 1
464.9246 	DATA 	RatingScale unnamed RatingScale: rating=1 (no response, timed out after 1.000s)
464.9246 	DATA 	RatingScale unnamed RatingScale: rating RT=1.001s
465.9427 	ERROR 	Couldn't find image file 'selected_images/grayscale_urb907.jpg'; check path?
466.7089 	DATA 	Keypress: 1
467.9920 	DATA 	RatingScale unnamed RatingScale: rating=1 (no response, timed out after 1.000s)
467.9920 	DATA 	RatingScale unnamed RatingScale: rating RT=1.016s
469.0099 	ERROR 	Couldn't find image file 'selected_images/grayscale_art1316.jpg'; check path?
469.5423 	DATA 	Keypress: 1
471.0599 	DATA 	RatingScale unnamed RatingScale: rating=1 (no response, timed out after 1.000s)
471.0599 	DATA 	RatingScale unnamed RatingScale: rating RT=1.016s
472.0780 	ERROR 	Couldn't find image file 'selected_images/grayscale_art1546.jpg'; check path?
473.2280 	DATA 	Keypress: 1
474.1273 	DATA 	RatingScale unnamed RatingScale: rating=1 (no response, timed out after 1.000s)
474.1273 	DATA 	RatingScale unnamed RatingScale: rating RT=1.016s
476.4470 	DATA 	Keypress: 4
477.2452 	DATA 	RatingScale unnamed RatingScale: rating=4 (no response, timed out after 1.000s)
477.2452 	DATA 	RatingScale unnamed RatingScale: rating RT=1.016s
479.4971 	DATA 	Keypress: 4
480.3626 	DATA 	RatingScale unnamed RatingScale: rating=4 (no response, timed out after 1.000s)
480.3626 	DATA 	RatingScale unnamed RatingScale: rating RT=1.016s
481.3808 	ERROR 	Couldn't find image file 'selected_images/grayscale_archi296.jpg'; check path?
482.0966 	DATA 	Keypress: 1
483.4468 	DATA 	RatingScale unnamed RatingScale: rating=1 (no response, timed out after 1.000s)
483.4468 	DATA 	RatingScale unnamed RatingScale: rating RT=1.015s
484.4653 	ERROR 	Couldn't find image file 'selected_images/grayscale_city8.jpg'; check path?
485.0489 	DATA 	Keypress: 1
486.5148 	DATA 	RatingScale unnamed RatingScale: rating=1 (no response, timed out after 1.000s)
486.5148 	DATA 	RatingScale unnamed RatingScale: rating RT=1.017s
488.4654 	DATA 	Keypress: 1
489.6320 	DATA 	RatingScale unnamed RatingScale: rating=1 (no response, timed out after 1.000s)
489.6320 	DATA 	RatingScale unnamed RatingScale: rating RT=1.017s
492.1849 	DATA 	Keypress: 1
492.1851 	DATA 	RatingScale unnamed RatingScale: (key single-click) rating=1
492.1852 	DATA 	RatingScale unnamed RatingScale: rating RT=0.451
492.1852 	DATA 	RatingScale unnamed RatingScale: history=[(None, 0.0)]
493.2010 	ERROR 	Couldn't find image file 'selected_images/grayscale_art799.jpg'; check path?
494.1167 	DATA 	Keypress: 4
495.2342 	DATA 	RatingScale unnamed RatingScale: rating=4 (no response, timed out after 1.000s)
495.2343 	DATA 	RatingScale unnamed RatingScale: rating RT=1.001s
496.9016 	DATA 	Keypress: 1
498.3515 	DATA 	RatingScale unnamed RatingScale: rating=1 (no response, timed out after 1.000s)
498.3515 	DATA 	RatingScale unnamed RatingScale: rating RT=1.016s
499.3697 	ERROR 	Couldn't find image file 'selected_images/grayscale_city7.jpg'; check path?
500.1359 	DATA 	Keypress: 1
501.4195 	DATA 	RatingScale unnamed RatingScale: rating=1 (no response, timed out after 1.000s)
501.4195 	DATA 	RatingScale unnamed RatingScale: rating RT=1.017s
503.7382 	DATA 	Keypress: 1
504.5369 	DATA 	RatingScale unnamed RatingScale: rating=1 (no response, timed out after 1.000s)
504.5369 	DATA 	RatingScale unnamed RatingScale: rating RT=1.017s
505.5550 	ERROR 	Couldn't find image file 'selected_images/grayscale_urb159.jpg'; check path?
506.7724 	DATA 	Keypress: 1
507.5880 	DATA 	RatingScale unnamed RatingScale: rating=1 (no response, timed out after 1.000s)
507.5880 	DATA 	RatingScale unnamed RatingScale: rating RT=1.000s
508.6062 	ERROR 	Couldn't find image file 'selected_images/grayscale_p1010521.jpg'; check path?
509.8573 	DATA 	Keypress: 1
510.6398 	DATA 	RatingScale unnamed RatingScale: rating=1 (no response, timed out after 1.000s)
510.6398 	DATA 	RatingScale unnamed RatingScale: rating RT=1.000s
513.4416 	DATA 	Keypress: 1
513.4418 	DATA 	RatingScale unnamed RatingScale: (key single-click) rating=1
513.4419 	DATA 	RatingScale unnamed RatingScale: rating RT=0.702
513.4419 	DATA 	RatingScale unnamed RatingScale: history=[(None, 0.0)]
514.4576 	ERROR 	Couldn't find image file 'selected_images/grayscale_art1720.jpg'; check path?
515.9759 	DATA 	Keypress: 1
515.9762 	DATA 	RatingScale unnamed RatingScale: (key single-click) rating=1
515.9762 	DATA 	RatingScale unnamed RatingScale: rating RT=0.485
515.9763 	DATA 	RatingScale unnamed RatingScale: history=[(None, 0.0)]
518.2591 	DATA 	Keypress: 4
519.0921 	DATA 	RatingScale unnamed RatingScale: rating=4 (no response, timed out after 1.000s)
519.0921 	DATA 	RatingScale unnamed RatingScale: rating RT=1.017s
521.2274 	DATA 	Keypress: 4
522.1927 	DATA 	RatingScale unnamed RatingScale: rating=4 (no response, timed out after 1.000s)
522.1927 	DATA 	RatingScale unnamed RatingScale: rating RT=1.000s
523.2109 	ERROR 	Couldn't find image file 'selected_images/grayscale_urban649.jpg'; check path?
524.0601 	DATA 	Keypress: 1
525.2769 	DATA 	RatingScale unnamed RatingScale: rating=1 (no response, timed out after 1.000s)
525.2769 	DATA 	RatingScale unnamed RatingScale: rating RT=1.017s
526.9273 	DATA 	Keypress: 1
528.3941 	DATA 	RatingScale unnamed RatingScale: rating=1 (no response, timed out after 1.000s)
528.3941 	DATA 	RatingScale unnamed RatingScale: rating RT=1.016s
529.4130 	ERROR 	Couldn't find image file 'selected_images/grayscale_urb506.jpg'; check path?
529.8630 	DATA 	Keypress: 1
531.4622 	DATA 	RatingScale unnamed RatingScale: rating=1 (no response, timed out after 1.000s)
531.4622 	DATA 	RatingScale unnamed RatingScale: rating RT=1.016s
532.4804 	ERROR 	Couldn't find image file 'selected_images/grayscale_art1474.jpg'; check path?
533.0466 	DATA 	Keypress: 4
534.5463 	DATA 	RatingScale unnamed RatingScale: rating=4 (no response, timed out after 1.000s)
534.5463 	DATA 	RatingScale unnamed RatingScale: rating RT=1.016s
535.5656 	ERROR 	Couldn't find image file 'selected_images/grayscale_urb893.jpg'; check path?
537.0490 	DATA 	Keypress: 1
537.0493 	DATA 	RatingScale unnamed RatingScale: (key single-click) rating=1
537.0494 	DATA 	RatingScale unnamed RatingScale: rating RT=0.452
537.0494 	DATA 	RatingScale unnamed RatingScale: history=[(None, 0.0)]
542.9309 	DATA 	Keypress: return
546.2309 	DATA 	Keypress: 3
549.4261 	DATA 	Keypress: 1
552.6516 	DATA 	Keypress: 3
555.8618 	DATA 	Keypress: 1
559.0116 	DATA 	Keypress: 1
562.4317 	DATA 	Keypress: 3
565.8819 	DATA 	Keypress: 3
569.0472 	DATA 	Keypress: 1
572.2126 	DATA 	Keypress: 3
575.3473 	DATA 	Keypress: 3
578.5728 	DATA 	Keypress: 1
581.6777 	DATA 	Keypress: 1
584.8432 	DATA 	Keypress: 3
587.9033 	DATA 	Keypress: 1
590.9031 	DATA 	Keypress: 1
593.9335 	DATA 	Keypress: 1
597.1733 	DATA 	Keypress: 1
600.4289 	DATA 	Keypress: 3
603.6240 	DATA 	Keypress: 3
606.8488 	DATA 	Keypress: 1
609.3991 	DATA 	Keypress: return
609.4007 	ERROR 	Couldn't find image file 'selected_images/grayscale_art760.jpg'; check path?
610.9729 	DATA 	Keypress: 3
610.9731 	DATA 	RatingScale unnamed RatingScale: (key single-click) rating=3
610.9732 	DATA 	RatingScale unnamed RatingScale: rating RT=0.534
610.9732 	DATA 	RatingScale unnamed RatingScale: history=[(None, 0.0)]
611.9895 	ERROR 	Couldn't find image file 'selected_images/grayscale_urb866.jpg'; check path?
612.7724 	DATA 	Keypress: 1
614.0383 	DATA 	RatingScale unnamed RatingScale: rating=1 (no response, timed out after 1.000s)
614.0383 	DATA 	RatingScale unnamed RatingScale: rating RT=1.016s
616.1065 	DATA 	Keypress: 4
617.1566 	DATA 	RatingScale unnamed RatingScale: rating=4 (no response, timed out after 1.000s)
617.1566 	DATA 	RatingScale unnamed RatingScale: rating RT=1.016s
618.1745 	ERROR 	Couldn't find image file 'selected_images/grayscale_urb246.jpg'; check path?
618.9400 	DATA 	Keypress: 1
620.2577 	DATA 	RatingScale unnamed RatingScale: rating=1 (no response, timed out after 1.000s)
620.2577 	DATA 	RatingScale unnamed RatingScale: rating RT=1.016s
622.3248 	DATA 	Keypress: 1
623.3755 	DATA 	RatingScale unnamed RatingScale: rating=1 (no response, timed out after 1.000s)
623.3756 	DATA 	RatingScale unnamed RatingScale: rating RT=1.017s
624.3927 	ERROR 	Couldn't find image file 'selected_images/grayscale_boston270.jpg'; check path?
625.2262 	DATA 	Keypress: 4
626.4429 	DATA 	RatingScale unnamed RatingScale: rating=4 (no response, timed out after 1.000s)
626.4429 	DATA 	RatingScale unnamed RatingScale: rating RT=1.016s
627.4603 	ERROR 	Couldn't find image file 'selected_images/grayscale_urb274.jpg'; check path?
628.1442 	DATA 	Keypress: 1
629.5438 	DATA 	RatingScale unnamed RatingScale: rating=1 (no response, timed out after 1.000s)
629.5438 	DATA 	RatingScale unnamed RatingScale: rating RT=1.017s
630.5622 	ERROR 	Couldn't find image file 'selected_images/grayscale_par162.jpg'; check path?
631.1947 	DATA 	Keypress: 1
632.6119 	DATA 	RatingScale unnamed RatingScale: rating=1 (no response, timed out after 1.000s)
632.6120 	DATA 	RatingScale unnamed RatingScale: rating RT=1.016s
633.6292 	ERROR 	Couldn't find image file 'selected_images/grayscale_bost105.jpg'; check path?
634.1118 	DATA 	Keypress: 1
635.6625 	DATA 	RatingScale unnamed RatingScale: rating=1 (no response, timed out after 1.000s)
635.6625 	DATA 	RatingScale unnamed RatingScale: rating RT=1.001s
638.2321 	DATA 	Keypress: 4
638.2323 	DATA 	RatingScale unnamed RatingScale: (key single-click) rating=4
638.2324 	DATA 	RatingScale unnamed RatingScale: rating RT=0.469
638.2324 	DATA 	RatingScale unnamed RatingScale: history=[(None, 0.0)]
639.2478 	ERROR 	Couldn't find image file 'selected_images/grayscale_par123.jpg'; check path?
639.7969 	DATA 	Keypress: 1
641.2986 	DATA 	RatingScale unnamed RatingScale: rating=1 (no response, timed out after 1.000s)
641.2986 	DATA 	RatingScale unnamed RatingScale: rating RT=1.017s
642.3157 	ERROR 	Couldn't find image file 'selected_images/grayscale_art945.jpg'; check path?
642.7318 	DATA 	Keypress: 1
644.3650 	DATA 	RatingScale unnamed RatingScale: rating=1 (no response, timed out after 1.000s)
644.3650 	DATA 	RatingScale unnamed RatingScale: rating RT=1.017s
645.3833 	ERROR 	Couldn't find image file 'selected_images/grayscale_art1686.jpg'; check path?
645.7994 	DATA 	Keypress: 1
647.4328 	DATA 	RatingScale unnamed RatingScale: rating=1 (no response, timed out after 1.000s)
647.4328 	DATA 	RatingScale unnamed RatingScale: rating RT=1.016s
648.4505 	ERROR 	Couldn't find image file 'selected_images/grayscale_p9110486.jpg'; check path?
648.9495 	DATA 	Keypress: 1
650.5009 	DATA 	RatingScale unnamed RatingScale: rating=1 (no response, timed out after 1.000s)
650.5009 	DATA 	RatingScale unnamed RatingScale: rating RT=1.016s
651.5184 	ERROR 	Couldn't find image file 'selected_images/grayscale_a487092.jpg'; check path?
652.0517 	DATA 	Keypress: 1
653.5681 	DATA 	RatingScale unnamed RatingScale: rating=1 (no response, timed out after 1.000s)
653.5681 	DATA 	RatingScale unnamed RatingScale: rating RT=1.016s
655.2199 	DATA 	Keypress: 1
656.6855 	DATA 	RatingScale unnamed RatingScale: rating=1 (no response, timed out after 1.000s)
656.6855 	DATA 	RatingScale unnamed RatingScale: rating RT=1.016s
657.7040 	ERROR 	Couldn't find image file 'selected_images/grayscale_a804068.jpg'; check path?
658.2538 	DATA 	Keypress: 1
659.7529 	DATA 	RatingScale unnamed RatingScale: rating=1 (no response, timed out after 1.000s)
659.7529 	DATA 	RatingScale unnamed RatingScale: rating RT=1.016s
660.7718 	ERROR 	Couldn't find image file 'selected_images/grayscale_p1010317.jpg'; check path?
661.5548 	DATA 	Keypress: 4
662.8379 	DATA 	RatingScale unnamed RatingScale: rating=4 (no response, timed out after 1.000s)
662.8380 	DATA 	RatingScale unnamed RatingScale: rating RT=1.016s
663.8559 	ERROR 	Couldn't find image file 'selected_images/grayscale_gre181.jpg'; check path?
664.4390 	DATA 	Keypress: 1
665.9221 	DATA 	RatingScale unnamed RatingScale: rating=1 (no response, timed out after 1.000s)
665.9221 	DATA 	RatingScale unnamed RatingScale: rating RT=1.016s
667.9235 	DATA 	Keypress: 1
669.0232 	DATA 	RatingScale unnamed RatingScale: rating=1 (no response, timed out after 1.000s)
669.0232 	DATA 	RatingScale unnamed RatingScale: rating RT=1.000s
670.6576 	DATA 	Keypress: 1
672.1404 	DATA 	RatingScale unnamed RatingScale: rating=1 (no response, timed out after 1.000s)
672.1405 	DATA 	RatingScale unnamed RatingScale: rating RT=1.016s
673.1586 	ERROR 	Couldn't find image file 'selected_images/grayscale_par9.jpg'; check path?
673.8245 	DATA 	Keypress: 1
675.2085 	DATA 	RatingScale unnamed RatingScale: rating=1 (no response, timed out after 1.000s)
675.2085 	DATA 	RatingScale unnamed RatingScale: rating RT=1.016s
677.0426 	DATA 	Keypress: 1
678.3263 	DATA 	RatingScale unnamed RatingScale: rating=1 (no response, timed out after 1.000s)
678.3263 	DATA 	RatingScale unnamed RatingScale: rating RT=1.017s
680.0770 	DATA 	Keypress: 1
681.4439 	DATA 	RatingScale unnamed RatingScale: rating=1 (no response, timed out after 1.000s)
681.4439 	DATA 	RatingScale unnamed RatingScale: rating RT=1.014s
682.4621 	ERROR 	Couldn't find image file 'selected_images/grayscale_a212055.jpg'; check path?
683.0773 	DATA 	Keypress: 4
684.4949 	DATA 	RatingScale unnamed RatingScale: rating=4 (no response, timed out after 1.000s)
684.4949 	DATA 	RatingScale unnamed RatingScale: rating RT=1.000s
686.1286 	DATA 	Keypress: 1
687.6128 	DATA 	RatingScale unnamed RatingScale: rating=1 (no response, timed out after 1.000s)
687.6129 	DATA 	RatingScale unnamed RatingScale: rating RT=1.017s
688.6311 	ERROR 	Couldn't find image file 'selected_images/grayscale_p1010172.jpg'; check path?
689.0964 	DATA 	Keypress: 1
690.6633 	DATA 	RatingScale unnamed RatingScale: rating=1 (no response, timed out after 1.000s)
690.6633 	DATA 	RatingScale unnamed RatingScale: rating RT=1.001s
692.5307 	DATA 	Keypress: 1
693.7811 	DATA 	RatingScale unnamed RatingScale: rating=1 (no response, timed out after 1.000s)
693.7811 	DATA 	RatingScale unnamed RatingScale: rating RT=1.016s
694.7987 	ERROR 	Couldn't find image file 'selected_images/grayscale_urb906.jpg'; check path?
695.6659 	DATA 	Keypress: 4
696.8485 	DATA 	RatingScale unnamed RatingScale: rating=4 (no response, timed out after 1.000s)
696.8486 	DATA 	RatingScale unnamed RatingScale: rating RT=1.016s
697.8670 	ERROR 	Couldn't find image file 'selected_images/grayscale_art1717.jpg'; check path?
698.4501 	DATA 	Keypress: 4
699.9166 	DATA 	RatingScale unnamed RatingScale: rating=4 (no response, timed out after 1.000s)
699.9166 	DATA 	RatingScale unnamed RatingScale: rating RT=1.017s
701.8341 	DATA 	Keypress: 1
703.0340 	DATA 	RatingScale unnamed RatingScale: rating=1 (no response, timed out after 1.000s)
703.0341 	DATA 	RatingScale unnamed RatingScale: rating RT=1.016s
704.0519 	ERROR 	Couldn't find image file 'selected_images/grayscale_a487065.jpg'; check path?
704.6683 	DATA 	Keypress: 1
706.1019 	DATA 	RatingScale unnamed RatingScale: rating=1 (no response, timed out after 1.000s)
706.1019 	DATA 	RatingScale unnamed RatingScale: rating RT=1.017s
707.1201 	ERROR 	Couldn't find image file 'selected_images/grayscale_p1010183.jpg'; check path?
707.6697 	DATA 	Keypress: 1
709.1524 	DATA 	RatingScale unnamed RatingScale: rating=1 (no response, timed out after 1.000s)
709.1524 	DATA 	RatingScale unnamed RatingScale: rating RT=1.000s
710.1712 	ERROR 	Couldn't find image file 'selected_images/grayscale_p1010542.jpg'; check path?
710.6377 	DATA 	Keypress: 1
712.2041 	DATA 	RatingScale unnamed RatingScale: rating=1 (no response, timed out after 1.000s)
712.2041 	DATA 	RatingScale unnamed RatingScale: rating RT=1.000s
713.7046 	DATA 	Keypress: 1
715.3215 	DATA 	RatingScale unnamed RatingScale: rating=1 (no response, timed out after 1.000s)
715.3215 	DATA 	RatingScale unnamed RatingScale: rating RT=1.016s
716.3398 	ERROR 	Couldn't find image file 'selected_images/grayscale_exp19.jpg'; check path?
717.0720 	DATA 	Keypress: 4
718.3887 	DATA 	RatingScale unnamed RatingScale: rating=4 (no response, timed out after 1.000s)
718.3887 	DATA 	RatingScale unnamed RatingScale: rating RT=1.016s
720.3400 	DATA 	Keypress: 1
721.5068 	DATA 	RatingScale unnamed RatingScale: rating=1 (no response, timed out after 1.000s)
721.5068 	DATA 	RatingScale unnamed RatingScale: rating RT=1.016s
722.5249 	ERROR 	Couldn't find image file 'selected_images/grayscale_boston18.jpg'; check path?
723.2912 	DATA 	Keypress: 4
724.5577 	DATA 	RatingScale unnamed RatingScale: rating=4 (no response, timed out after 1.000s)
724.5577 	DATA 	RatingScale unnamed RatingScale: rating RT=1.000s
725.5761 	ERROR 	Couldn't find image file 'selected_images/grayscale_a212018.jpg'; check path?
726.2585 	DATA 	Keypress: 4
727.6253 	DATA 	RatingScale unnamed RatingScale: rating=4 (no response, timed out after 1.000s)
727.6253 	DATA 	RatingScale unnamed RatingScale: rating RT=1.000s
728.6435 	ERROR 	Couldn't find image file 'selected_images/grayscale_p1010186.jpg'; check path?
729.5256 	DATA 	Keypress: 4
730.6932 	DATA 	RatingScale unnamed RatingScale: rating=4 (no response, timed out after 1.000s)
730.6932 	DATA 	RatingScale unnamed RatingScale: rating RT=1.017s
731.7107 	ERROR 	Couldn't find image file 'selected_images/grayscale_par85.jpg'; check path?
732.4277 	DATA 	Keypress: 1
733.7443 	DATA 	RatingScale unnamed RatingScale: rating=1 (no response, timed out after 1.000s)
733.7443 	DATA 	RatingScale unnamed RatingScale: rating RT=1.000s
735.4449 	DATA 	Keypress: 1
736.8454 	DATA 	RatingScale unnamed RatingScale: rating=1 (no response, timed out after 1.000s)
736.8454 	DATA 	RatingScale unnamed RatingScale: rating RT=1.000s
738.5128 	DATA 	Keypress: 1
739.9627 	DATA 	RatingScale unnamed RatingScale: rating=1 (no response, timed out after 1.000s)
739.9627 	DATA 	RatingScale unnamed RatingScale: rating RT=1.001s
740.9810 	ERROR 	Couldn't find image file 'selected_images/grayscale_gre116.jpg'; check path?
741.4801 	DATA 	Keypress: 1
743.0299 	DATA 	RatingScale unnamed RatingScale: rating=1 (no response, timed out after 1.000s)
743.0299 	DATA 	RatingScale unnamed RatingScale: rating RT=1.016s
744.0484 	ERROR 	Couldn't find image file 'selected_images/grayscale_a462093.jpg'; check path?
744.9644 	DATA 	Keypress: 1
746.0981 	DATA 	RatingScale unnamed RatingScale: rating=1 (no response, timed out after 1.000s)
746.0981 	DATA 	RatingScale unnamed RatingScale: rating RT=1.017s
747.1164 	ERROR 	Couldn't find image file 'selected_images/grayscale_urban1124.jpg'; check path?
748.1690 	DATA 	Keypress: 4
749.1814 	DATA 	RatingScale unnamed RatingScale: rating=4 (no response, timed out after 1.000s)
749.1814 	DATA 	RatingScale unnamed RatingScale: rating RT=1.015s
750.2006 	ERROR 	Couldn't find image file 'selected_images/grayscale_art925.jpg'; check path?
750.7997 	DATA 	Keypress: 1
752.2665 	DATA 	RatingScale unnamed RatingScale: rating=1 (no response, timed out after 1.000s)
752.2665 	DATA 	RatingScale unnamed RatingScale: rating RT=1.016s
754.2677 	DATA 	Keypress: 4
755.3845 	DATA 	RatingScale unnamed RatingScale: rating=4 (no response, timed out after 1.000s)
755.3845 	DATA 	RatingScale unnamed RatingScale: rating RT=1.017s
756.4019 	ERROR 	Couldn't find image file 'selected_images/grayscale_sky21.jpg'; check path?
757.3349 	DATA 	Keypress: 4
758.4516 	DATA 	RatingScale unnamed RatingScale: rating=4 (no response, timed out after 1.000s)
758.4517 	DATA 	RatingScale unnamed RatingScale: rating RT=1.016s
759.4698 	ERROR 	Couldn't find image file 'selected_images/grayscale_city65.jpg'; check path?
760.3702 	DATA 	Keypress: 4
761.5198 	DATA 	RatingScale unnamed RatingScale: rating=4 (no response, timed out after 1.000s)
761.5198 	DATA 	RatingScale unnamed RatingScale: rating RT=1.017s
762.5381 	ERROR 	Couldn't find image file 'selected_images/grayscale_gre186.jpg'; check path?
763.2374 	DATA 	Keypress: 4
764.5862 	DATA 	RatingScale unnamed RatingScale: rating=4 (no response, timed out after 1.000s)
764.5862 	DATA 	RatingScale unnamed RatingScale: rating RT=1.016s
766.2554 	DATA 	Keypress: 1
767.7051 	DATA 	RatingScale unnamed RatingScale: rating=1 (no response, timed out after 1.000s)
767.7051 	DATA 	RatingScale unnamed RatingScale: rating RT=1.017s
768.7227 	ERROR 	Couldn't find image file 'selected_images/grayscale_sky38.jpg'; check path?
769.1725 	DATA 	Keypress: 1
770.7555 	DATA 	RatingScale unnamed RatingScale: rating=1 (no response, timed out after 1.000s)
770.7555 	DATA 	RatingScale unnamed RatingScale: rating RT=1.000s
771.7744 	ERROR 	Couldn't find image file 'selected_images/grayscale_art936.jpg'; check path?
772.3069 	DATA 	Keypress: 4
773.8233 	DATA 	RatingScale unnamed RatingScale: rating=4 (no response, timed out after 1.000s)
773.8233 	DATA 	RatingScale unnamed RatingScale: rating RT=1.016s
774.8418 	ERROR 	Couldn't find image file 'selected_images/grayscale_urban1152.jpg'; check path?
775.4410 	DATA 	Keypress: 4
776.8914 	DATA 	RatingScale unnamed RatingScale: rating=4 (no response, timed out after 1.000s)
776.8915 	DATA 	RatingScale unnamed RatingScale: rating RT=1.017s
777.9090 	ERROR 	Couldn't find image file 'selected_images/grayscale_city60.jpg'; check path?
778.4422 	DATA 	Keypress: 4
779.9758 	DATA 	RatingScale unnamed RatingScale: rating=4 (no response, timed out after 1.000s)
779.9758 	DATA 	RatingScale unnamed RatingScale: rating RT=1.017s
780.9940 	ERROR 	Couldn't find image file 'selected_images/grayscale_boston68.jpg'; check path?
781.5930 	DATA 	Keypress: 4
783.0431 	DATA 	RatingScale unnamed RatingScale: rating=4 (no response, timed out after 1.000s)
783.0431 	DATA 	RatingScale unnamed RatingScale: rating RT=1.016s
784.6435 	DATA 	Keypress: 4
786.1603 	DATA 	RatingScale unnamed RatingScale: rating=4 (no response, timed out after 1.000s)
786.1603 	DATA 	RatingScale unnamed RatingScale: rating RT=1.015s
787.1786 	ERROR 	Couldn't find image file 'selected_images/grayscale_boston339.jpg'; check path?
787.9786 	DATA 	Keypress: 1
789.2944 	DATA 	RatingScale unnamed RatingScale: rating=1 (no response, timed out after 1.000s)
789.2944 	DATA 	RatingScale unnamed RatingScale: rating RT=1.016s
790.3136 	ERROR 	Couldn't find image file 'selected_images/grayscale_p1010323.jpg'; check path?
