7.8316 	WARNING 	ExperimentHandler created with no dataFileName parameter. No data will be saved in the event of a crash
45.4705 	WARNING 	User requested fullscreen with size [1024  768], but screen is actually [2048, 1152]. Using actual size
401.8637 	DATA 	Keypress: 2
466.9765 	DATA 	Keypress: 1
473.2171 	DATA 	Keypress: 3
478.0323 	DATA 	Keypress: 3
481.6882 	DATA 	Keypress: 3
482.7125 	DATA 	Keypress: 3
487.4224 	DATA 	Keypress: 3
492.2381 	DATA 	Keypress: 3
496.9631 	DATA 	Keypress: 3
501.8384 	DATA 	Keypress: 3
506.5184 	DATA 	Keypress: 3
511.2889 	DATA 	Keypress: 3
515.9240 	DATA 	Keypress: 3
524.8044 	DATA 	Keypress: 1
530.8382 	DATA 	Keypress: 3
530.8386 	DATA 	RatingScale unnamed RatingScale: (key single-click) rating=3
530.8388 	DATA 	RatingScale unnamed RatingScale: rating RT=1.377
530.8388 	DATA 	RatingScale unnamed RatingScale: history=[(None, 0.0), (3, 1.377)]
534.1886 	DATA 	Keypress: 2
534.1891 	DATA 	RatingScale unnamed RatingScale: (key single-click) rating=2
534.1893 	DATA 	RatingScale unnamed RatingScale: rating RT=1.372
534.1893 	DATA 	RatingScale unnamed RatingScale: history=[(None, 0.0), (2, 1.371)]
537.3903 	DATA 	Keypress: 1
537.3907 	DATA 	RatingScale unnamed RatingScale: (key single-click) rating=1
537.3909 	DATA 	RatingScale unnamed RatingScale: rating RT=1.356
537.3910 	DATA 	RatingScale unnamed RatingScale: history=[(None, 0.0), (1, 1.356)]
540.4234 	DATA 	Keypress: 3
540.4238 	DATA 	RatingScale unnamed RatingScale: (key single-click) rating=3
540.4240 	DATA 	RatingScale unnamed RatingScale: rating RT=1.171
540.4240 	DATA 	RatingScale unnamed RatingScale: history=[(None, 0.0), (3, 1.171)]
543.9416 	DATA 	Keypress: 2
543.9420 	DATA 	RatingScale unnamed RatingScale: (key single-click) rating=2
543.9422 	DATA 	RatingScale unnamed RatingScale: rating RT=1.473
543.9422 	DATA 	RatingScale unnamed RatingScale: history=[(None, 0.0), (2, 1.472)]
547.2938 	DATA 	Keypress: 3
547.2943 	DATA 	RatingScale unnamed RatingScale: (key single-click) rating=3
547.2944 	DATA 	RatingScale unnamed RatingScale: rating RT=1.622
547.2945 	DATA 	RatingScale unnamed RatingScale: history=[(None, 0.0), (3, 1.622)]
550.1932 	DATA 	Keypress: 2
550.1936 	DATA 	RatingScale unnamed RatingScale: (key single-click) rating=2
550.1938 	DATA 	RatingScale unnamed RatingScale: rating RT=1.314
550.1938 	DATA 	RatingScale unnamed RatingScale: history=[(None, 0.0), (2, 1.314)]
552.9291 	DATA 	Keypress: 2
552.9295 	DATA 	RatingScale unnamed RatingScale: (key single-click) rating=2
552.9297 	DATA 	RatingScale unnamed RatingScale: rating RT=0.846
552.9298 	DATA 	RatingScale unnamed RatingScale: history=[(None, 0.0), (2, 0.846)]
556.3125 	DATA 	Keypress: 2
556.3129 	DATA 	RatingScale unnamed RatingScale: (key single-click) rating=2
556.3131 	DATA 	RatingScale unnamed RatingScale: rating RT=1.029
556.3131 	DATA 	RatingScale unnamed RatingScale: history=[(None, 0.0), (2, 1.029)]
559.9631 	DATA 	Keypress: 2
559.9635 	DATA 	RatingScale unnamed RatingScale: (key single-click) rating=2
559.9637 	DATA 	RatingScale unnamed RatingScale: rating RT=1.472
559.9637 	DATA 	RatingScale unnamed RatingScale: history=[(None, 0.0), (2, 1.472)]
563.1648 	DATA 	Keypress: 2
563.1652 	DATA 	RatingScale unnamed RatingScale: (key single-click) rating=2
563.1655 	DATA 	RatingScale unnamed RatingScale: rating RT=1.457
563.1655 	DATA 	RatingScale unnamed RatingScale: history=[(None, 0.0), (2, 1.457)]
565.6481 	DATA 	Keypress: 2
565.6485 	DATA 	RatingScale unnamed RatingScale: (key single-click) rating=2
565.6487 	DATA 	RatingScale unnamed RatingScale: rating RT=0.717
565.6487 	DATA 	RatingScale unnamed RatingScale: history=[(None, 0.0), (2, 0.716)]
568.9502 	DATA 	Keypress: 3
568.9506 	DATA 	RatingScale unnamed RatingScale: (key single-click) rating=3
568.9507 	DATA 	RatingScale unnamed RatingScale: rating RT=0.810
568.9508 	DATA 	RatingScale unnamed RatingScale: history=[(None, 0.0), (3, 0.81)]
572.2521 	DATA 	Keypress: 2
572.2526 	DATA 	RatingScale unnamed RatingScale: (key single-click) rating=2
572.2527 	DATA 	RatingScale unnamed RatingScale: rating RT=0.777
572.2528 	DATA 	RatingScale unnamed RatingScale: history=[(None, 0.0), (2, 0.777)]
575.8854 	DATA 	Keypress: 3
575.8858 	DATA 	RatingScale unnamed RatingScale: (key single-click) rating=3
575.8860 	DATA 	RatingScale unnamed RatingScale: rating RT=1.194
575.8860 	DATA 	RatingScale unnamed RatingScale: history=[(None, 0.0), (3, 1.194)]
578.9706 	DATA 	Keypress: 3
578.9710 	DATA 	RatingScale unnamed RatingScale: (key single-click) rating=3
578.9712 	DATA 	RatingScale unnamed RatingScale: rating RT=1.061
578.9713 	DATA 	RatingScale unnamed RatingScale: history=[(None, 0.0), (3, 1.061)]
582.3379 	DATA 	Keypress: 4
582.3384 	DATA 	RatingScale unnamed RatingScale: (key single-click) rating=4
582.3385 	DATA 	RatingScale unnamed RatingScale: rating RT=1.212
582.3386 	DATA 	RatingScale unnamed RatingScale: history=[(None, 0.0), (4, 1.212)]
585.3549 	DATA 	Keypress: 2
585.3553 	DATA 	RatingScale unnamed RatingScale: (key single-click) rating=2
585.3554 	DATA 	RatingScale unnamed RatingScale: rating RT=1.019
585.3555 	DATA 	RatingScale unnamed RatingScale: history=[(None, 0.0), (2, 1.019)]
588.7561 	DATA 	Keypress: 3
588.7565 	DATA 	RatingScale unnamed RatingScale: (key single-click) rating=3
588.7567 	DATA 	RatingScale unnamed RatingScale: rating RT=1.207
588.7567 	DATA 	RatingScale unnamed RatingScale: history=[(None, 0.0), (3, 1.207)]
592.0077 	DATA 	Keypress: 2
592.0081 	DATA 	RatingScale unnamed RatingScale: (key single-click) rating=2
592.0083 	DATA 	RatingScale unnamed RatingScale: rating RT=1.242
592.0083 	DATA 	RatingScale unnamed RatingScale: history=[(None, 0.0), (2, 1.242)]
595.0087 	DATA 	Keypress: 2
595.0091 	DATA 	RatingScale unnamed RatingScale: (key single-click) rating=2
595.0092 	DATA 	RatingScale unnamed RatingScale: rating RT=1.025
595.0092 	DATA 	RatingScale unnamed RatingScale: history=[(None, 0.0), (2, 1.025)]
598.5765 	DATA 	Keypress: 2
598.5769 	DATA 	RatingScale unnamed RatingScale: (key single-click) rating=2
598.5771 	DATA 	RatingScale unnamed RatingScale: rating RT=1.291
598.5771 	DATA 	RatingScale unnamed RatingScale: history=[(None, 0.0), (2, 1.291)]
601.6097 	DATA 	Keypress: 2
601.6102 	DATA 	RatingScale unnamed RatingScale: (key single-click) rating=2
601.6103 	DATA 	RatingScale unnamed RatingScale: rating RT=1.101
601.6104 	DATA 	RatingScale unnamed RatingScale: history=[(None, 0.0), (2, 1.101)]
605.1777 	DATA 	Keypress: 1
605.1781 	DATA 	RatingScale unnamed RatingScale: (key single-click) rating=1
605.1783 	DATA 	RatingScale unnamed RatingScale: rating RT=1.470
605.1783 	DATA 	RatingScale unnamed RatingScale: history=[(None, 0.0), (1, 1.47)]
608.2132 	DATA 	Keypress: 4
608.2138 	DATA 	RatingScale unnamed RatingScale: (key single-click) rating=4
608.2139 	DATA 	RatingScale unnamed RatingScale: rating RT=1.286
608.2139 	DATA 	RatingScale unnamed RatingScale: history=[(None, 0.0), (4, 1.285)]
611.0633 	DATA 	Keypress: 2
611.0637 	DATA 	RatingScale unnamed RatingScale: (key single-click) rating=2
611.0639 	DATA 	RatingScale unnamed RatingScale: rating RT=0.937
611.0639 	DATA 	RatingScale unnamed RatingScale: history=[(None, 0.0), (2, 0.937)]
614.3149 	DATA 	Keypress: 2
614.3154 	DATA 	RatingScale unnamed RatingScale: (key single-click) rating=2
614.3155 	DATA 	RatingScale unnamed RatingScale: rating RT=0.950
614.3155 	DATA 	RatingScale unnamed RatingScale: history=[(None, 0.0), (2, 0.95)]
617.3167 	DATA 	Keypress: 2
617.3170 	DATA 	RatingScale unnamed RatingScale: (key single-click) rating=2
617.3172 	DATA 	RatingScale unnamed RatingScale: rating RT=0.739
617.3172 	DATA 	RatingScale unnamed RatingScale: history=[(None, 0.0), (2, 0.739)]
621.1829 	DATA 	Keypress: 3
621.1834 	DATA 	RatingScale unnamed RatingScale: (key single-click) rating=3
621.1835 	DATA 	RatingScale unnamed RatingScale: rating RT=1.404
621.1836 	DATA 	RatingScale unnamed RatingScale: history=[(None, 0.0), (3, 1.404)]
623.9506 	DATA 	Keypress: 2
623.9510 	DATA 	RatingScale unnamed RatingScale: (key single-click) rating=2
623.9511 	DATA 	RatingScale unnamed RatingScale: rating RT=0.949
623.9512 	DATA 	RatingScale unnamed RatingScale: history=[(None, 0.0), (2, 0.949)]
626.8700 	DATA 	Keypress: 2
626.8705 	DATA 	RatingScale unnamed RatingScale: (key single-click) rating=2
626.8707 	DATA 	RatingScale unnamed RatingScale: rating RT=0.659
626.8707 	DATA 	RatingScale unnamed RatingScale: history=[(None, 0.0), (2, 0.659)]
630.1363 	DATA 	Keypress: 2
630.1367 	DATA 	RatingScale unnamed RatingScale: (key single-click) rating=2
630.1369 	DATA 	RatingScale unnamed RatingScale: rating RT=0.688
630.1369 	DATA 	RatingScale unnamed RatingScale: history=[(None, 0.0), (2, 0.688)]
633.5707 	DATA 	Keypress: 2
633.5711 	DATA 	RatingScale unnamed RatingScale: (key single-click) rating=2
633.5712 	DATA 	RatingScale unnamed RatingScale: rating RT=0.907
633.5713 	DATA 	RatingScale unnamed RatingScale: history=[(None, 0.0), (2, 0.906)]
636.8726 	DATA 	Keypress: 4
636.8730 	DATA 	RatingScale unnamed RatingScale: (key single-click) rating=4
636.8732 	DATA 	RatingScale unnamed RatingScale: rating RT=0.991
636.8732 	DATA 	RatingScale unnamed RatingScale: history=[(None, 0.0), (4, 0.991)]
639.9397 	DATA 	Keypress: 2
639.9402 	DATA 	RatingScale unnamed RatingScale: (key single-click) rating=2
639.9403 	DATA 	RatingScale unnamed RatingScale: rating RT=0.841
639.9404 	DATA 	RatingScale unnamed RatingScale: history=[(None, 0.0), (2, 0.841)]
643.5909 	DATA 	Keypress: 2
643.5913 	DATA 	RatingScale unnamed RatingScale: (key single-click) rating=2
643.5915 	DATA 	RatingScale unnamed RatingScale: rating RT=1.272
643.5915 	DATA 	RatingScale unnamed RatingScale: history=[(None, 0.0), (2, 1.271)]
646.6583 	DATA 	Keypress: 1
646.6587 	DATA 	RatingScale unnamed RatingScale: (key single-click) rating=1
646.6588 	DATA 	RatingScale unnamed RatingScale: rating RT=1.117
646.6588 	DATA 	RatingScale unnamed RatingScale: history=[(None, 0.0), (1, 1.117)]
649.5763 	DATA 	Keypress: 1
649.5767 	DATA 	RatingScale unnamed RatingScale: (key single-click) rating=1
649.5769 	DATA 	RatingScale unnamed RatingScale: rating RT=0.777
649.5769 	DATA 	RatingScale unnamed RatingScale: history=[(None, 0.0), (1, 0.777)]
652.8440 	DATA 	Keypress: 1
652.8445 	DATA 	RatingScale unnamed RatingScale: (key single-click) rating=1
652.8447 	DATA 	RatingScale unnamed RatingScale: rating RT=0.817
652.8447 	DATA 	RatingScale unnamed RatingScale: history=[(None, 0.0), (1, 0.817)]
664.7014 	DATA 	Keypress: 2
671.0162 	DATA 	Keypress: 3
675.9964 	DATA 	Keypress: 3
680.8270 	DATA 	Keypress: 3
685.7023 	DATA 	Keypress: 3
690.6074 	DATA 	Keypress: 3
695.4376 	DATA 	Keypress: 3
695.6732 	DATA 	Keypress: 3
700.3582 	DATA 	Keypress: 3
705.1129 	DATA 	Keypress: 3
709.8981 	DATA 	Keypress: 3
714.6833 	DATA 	Keypress: 3
717.0836 	DATA 	Keypress: 2
722.7501 	DATA 	Keypress: 1
722.7504 	DATA 	RatingScale unnamed RatingScale: (key single-click) rating=1
722.7506 	DATA 	RatingScale unnamed RatingScale: rating RT=1.158
722.7506 	DATA 	RatingScale unnamed RatingScale: history=[(None, 0.0), (1, 1.158)]
725.8501 	DATA 	Keypress: 3
725.8506 	DATA 	RatingScale unnamed RatingScale: (key single-click) rating=3
725.8507 	DATA 	RatingScale unnamed RatingScale: rating RT=1.033
725.8507 	DATA 	RatingScale unnamed RatingScale: history=[(None, 0.0), (3, 1.032)]
729.0855 	DATA 	Keypress: 2
729.0859 	DATA 	RatingScale unnamed RatingScale: (key single-click) rating=2
729.0860 	DATA 	RatingScale unnamed RatingScale: rating RT=1.071
729.0861 	DATA 	RatingScale unnamed RatingScale: history=[(None, 0.0), (2, 1.07)]
732.4530 	DATA 	Keypress: 2
732.4534 	DATA 	RatingScale unnamed RatingScale: (key single-click) rating=2
732.4535 	DATA 	RatingScale unnamed RatingScale: rating RT=1.221
732.4536 	DATA 	RatingScale unnamed RatingScale: history=[(None, 0.0), (2, 1.22)]
735.3702 	DATA 	Keypress: 2
735.3708 	DATA 	RatingScale unnamed RatingScale: (key single-click) rating=2
735.3709 	DATA 	RatingScale unnamed RatingScale: rating RT=0.922
735.3709 	DATA 	RatingScale unnamed RatingScale: history=[(None, 0.0), (2, 0.922)]
739.1884 	DATA 	Keypress: 3
739.1888 	DATA 	RatingScale unnamed RatingScale: (key single-click) rating=3
739.1889 	DATA 	RatingScale unnamed RatingScale: rating RT=1.522
739.1890 	DATA 	RatingScale unnamed RatingScale: history=[(None, 0.0), (3, 1.522)]
741.9565 	DATA 	Keypress: 2
741.9570 	DATA 	RatingScale unnamed RatingScale: (key single-click) rating=2
741.9572 	DATA 	RatingScale unnamed RatingScale: rating RT=1.089
741.9572 	DATA 	RatingScale unnamed RatingScale: history=[(None, 0.0), (2, 1.088)]
745.9404 	DATA 	Keypress: 2
745.9407 	DATA 	RatingScale unnamed RatingScale: (key single-click) rating=2
745.9409 	DATA 	RatingScale unnamed RatingScale: rating RT=1.809
745.9409 	DATA 	RatingScale unnamed RatingScale: history=[(None, 0.0), (2, 1.809)]
745.9568 	DATA 	Keypress: 3
746.5051 	DATA 	Keypress: 3
747.3576 	DATA 	RatingScale unnamed RatingScale: (key single-click) rating=3
747.3577 	DATA 	RatingScale unnamed RatingScale: (key single-click) rating=3
747.3579 	DATA 	RatingScale unnamed RatingScale: rating RT=0.003
747.3579 	DATA 	RatingScale unnamed RatingScale: history=[(None, 0.0), (3, 0.003), (3, 0.003)]
748.2409 	DATA 	Keypress: 2
750.5744 	DATA 	RatingScale unnamed RatingScale: (key single-click) rating=2
750.5746 	DATA 	RatingScale unnamed RatingScale: rating RT=0.003
750.5746 	DATA 	RatingScale unnamed RatingScale: history=[(None, 0.0), (2, 0.003)]
751.5757 	DATA 	Keypress: 2
753.9083 	DATA 	RatingScale unnamed RatingScale: (key single-click) rating=2
753.9084 	DATA 	RatingScale unnamed RatingScale: rating RT=0.003
753.9084 	DATA 	RatingScale unnamed RatingScale: history=[(None, 0.0), (2, 0.003)]
754.7766 	DATA 	Keypress: 2
757.1277 	DATA 	RatingScale unnamed RatingScale: (key single-click) rating=2
757.1279 	DATA 	RatingScale unnamed RatingScale: rating RT=0.003
757.1279 	DATA 	RatingScale unnamed RatingScale: history=[(None, 0.0), (2, 0.003)]
757.9448 	DATA 	Keypress: 1
758.9281 	DATA 	Keypress: 1
760.3284 	DATA 	RatingScale unnamed RatingScale: (key single-click) rating=1
760.3284 	DATA 	RatingScale unnamed RatingScale: (key single-click) rating=1
760.3286 	DATA 	RatingScale unnamed RatingScale: rating RT=0.003
760.3287 	DATA 	RatingScale unnamed RatingScale: history=[(None, 0.0), (1, 0.003), (1, 0.003)]
762.0961 	DATA 	Keypress: 3
763.5476 	DATA 	RatingScale unnamed RatingScale: (key single-click) rating=3
763.5477 	DATA 	RatingScale unnamed RatingScale: rating RT=0.003
763.5477 	DATA 	RatingScale unnamed RatingScale: history=[(None, 0.0), (3, 0.003)]
764.8473 	DATA 	Keypress: 1
766.7458 	DATA 	RatingScale unnamed RatingScale: (key single-click) rating=1
766.7460 	DATA 	RatingScale unnamed RatingScale: rating RT=0.003
766.7460 	DATA 	RatingScale unnamed RatingScale: history=[(None, 0.0), (1, 0.003)]
768.4806 	DATA 	Keypress: 1
769.9599 	DATA 	RatingScale unnamed RatingScale: (key single-click) rating=1
769.9600 	DATA 	RatingScale unnamed RatingScale: rating RT=0.003
769.9600 	DATA 	RatingScale unnamed RatingScale: history=[(None, 0.0), (1, 0.003)]
770.9154 	DATA 	Keypress: 3
773.1857 	DATA 	RatingScale unnamed RatingScale: (key single-click) rating=3
773.1859 	DATA 	RatingScale unnamed RatingScale: rating RT=0.003
773.1859 	DATA 	RatingScale unnamed RatingScale: history=[(None, 0.0), (3, 0.003)]
774.2996 	DATA 	Keypress: 1
776.3962 	DATA 	RatingScale unnamed RatingScale: (key single-click) rating=1
776.3963 	DATA 	RatingScale unnamed RatingScale: rating RT=0.003
776.3963 	DATA 	RatingScale unnamed RatingScale: history=[(None, 0.0), (1, 0.003)]
777.1671 	DATA 	Keypress: 3
779.6016 	DATA 	RatingScale unnamed RatingScale: (key single-click) rating=3
779.6018 	DATA 	RatingScale unnamed RatingScale: rating RT=0.003
779.6018 	DATA 	RatingScale unnamed RatingScale: history=[(None, 0.0), (3, 0.003)]
780.5684 	DATA 	Keypress: 1
782.8118 	DATA 	RatingScale unnamed RatingScale: (key single-click) rating=1
782.8120 	DATA 	RatingScale unnamed RatingScale: rating RT=0.003
782.8121 	DATA 	RatingScale unnamed RatingScale: history=[(None, 0.0), (1, 0.003)]
784.0033 	DATA 	Keypress: 1
786.0360 	DATA 	RatingScale unnamed RatingScale: (key single-click) rating=1
786.0361 	DATA 	RatingScale unnamed RatingScale: rating RT=0.003
786.0361 	DATA 	RatingScale unnamed RatingScale: history=[(None, 0.0), (1, 0.003)]
786.8377 	DATA 	Keypress: 1
789.2591 	DATA 	RatingScale unnamed RatingScale: (key single-click) rating=1
789.2592 	DATA 	RatingScale unnamed RatingScale: rating RT=0.003
789.2592 	DATA 	RatingScale unnamed RatingScale: history=[(None, 0.0), (1, 0.003)]
790.5375 	DATA 	Keypress: 2
792.4693 	DATA 	RatingScale unnamed RatingScale: (key single-click) rating=2
792.4694 	DATA 	RatingScale unnamed RatingScale: rating RT=0.003
792.4694 	DATA 	RatingScale unnamed RatingScale: history=[(None, 0.0), (2, 0.003)]
793.4230 	DATA 	Keypress: 1
795.6850 	DATA 	RatingScale unnamed RatingScale: (key single-click) rating=1
795.6851 	DATA 	RatingScale unnamed RatingScale: rating RT=0.003
795.6851 	DATA 	RatingScale unnamed RatingScale: history=[(None, 0.0), (1, 0.003)]
796.6222 	DATA 	Keypress: 1
798.9082 	DATA 	RatingScale unnamed RatingScale: (key single-click) rating=1
798.9084 	DATA 	RatingScale unnamed RatingScale: rating RT=0.004
798.9084 	DATA 	RatingScale unnamed RatingScale: history=[(None, 0.0), (1, 0.003)]
799.5411 	DATA 	Keypress: 1
802.1287 	DATA 	RatingScale unnamed RatingScale: (key single-click) rating=1
802.1289 	DATA 	RatingScale unnamed RatingScale: rating RT=0.003
802.1289 	DATA 	RatingScale unnamed RatingScale: history=[(None, 0.0), (1, 0.003)]
802.8935 	DATA 	Keypress: 1
805.3386 	DATA 	RatingScale unnamed RatingScale: (key single-click) rating=1
805.3387 	DATA 	RatingScale unnamed RatingScale: rating RT=0.003
805.3387 	DATA 	RatingScale unnamed RatingScale: history=[(None, 0.0), (1, 0.003)]
806.4434 	DATA 	Keypress: 1
808.5580 	DATA 	RatingScale unnamed RatingScale: (key single-click) rating=1
808.5581 	DATA 	RatingScale unnamed RatingScale: rating RT=0.003
808.5581 	DATA 	RatingScale unnamed RatingScale: history=[(None, 0.0), (1, 0.003)]
809.4116 	DATA 	Keypress: 1
811.7645 	DATA 	RatingScale unnamed RatingScale: (key single-click) rating=1
811.7646 	DATA 	RatingScale unnamed RatingScale: rating RT=0.004
811.7646 	DATA 	RatingScale unnamed RatingScale: history=[(None, 0.0), (1, 0.003)]
812.4957 	DATA 	Keypress: 1
814.9753 	DATA 	RatingScale unnamed RatingScale: (key single-click) rating=1
814.9755 	DATA 	RatingScale unnamed RatingScale: rating RT=0.003
814.9755 	DATA 	RatingScale unnamed RatingScale: history=[(None, 0.0), (1, 0.003)]
815.6460 	DATA 	Keypress: 1
818.1942 	DATA 	RatingScale unnamed RatingScale: (key single-click) rating=1
818.1943 	DATA 	RatingScale unnamed RatingScale: rating RT=0.003
818.1943 	DATA 	RatingScale unnamed RatingScale: history=[(None, 0.0), (1, 0.003)]
819.2306 	DATA 	Keypress: 1
821.3982 	DATA 	RatingScale unnamed RatingScale: (key single-click) rating=1
821.3983 	DATA 	RatingScale unnamed RatingScale: rating RT=0.003
821.3983 	DATA 	RatingScale unnamed RatingScale: history=[(None, 0.0), (1, 0.003)]
822.0323 	DATA 	Keypress: 1
824.5984 	DATA 	RatingScale unnamed RatingScale: (key single-click) rating=1
824.5986 	DATA 	RatingScale unnamed RatingScale: rating RT=0.003
824.5986 	DATA 	RatingScale unnamed RatingScale: history=[(None, 0.0), (1, 0.003)]
825.2326 	DATA 	Keypress: 1
827.8100 	DATA 	RatingScale unnamed RatingScale: (key single-click) rating=1
827.8103 	DATA 	RatingScale unnamed RatingScale: rating RT=0.003
827.8103 	DATA 	RatingScale unnamed RatingScale: history=[(None, 0.0), (1, 0.003)]
828.6670 	DATA 	Keypress: 1
831.0205 	DATA 	RatingScale unnamed RatingScale: (key single-click) rating=1
831.0206 	DATA 	RatingScale unnamed RatingScale: rating RT=0.003
831.0206 	DATA 	RatingScale unnamed RatingScale: history=[(None, 0.0), (1, 0.003)]
831.6513 	DATA 	Keypress: 1
834.3608 	DATA 	RatingScale unnamed RatingScale: (key single-click) rating=1
834.3611 	DATA 	RatingScale unnamed RatingScale: rating RT=0.003
834.3611 	DATA 	RatingScale unnamed RatingScale: history=[(None, 0.0), (1, 0.003)]
835.3852 	DATA 	Keypress: 1
837.5698 	DATA 	RatingScale unnamed RatingScale: (key single-click) rating=1
837.5700 	DATA 	RatingScale unnamed RatingScale: rating RT=0.003
837.5700 	DATA 	RatingScale unnamed RatingScale: history=[(None, 0.0), (1, 0.003)]
838.9704 	DATA 	Keypress: 2
840.7717 	DATA 	RatingScale unnamed RatingScale: (key single-click) rating=2
840.7718 	DATA 	RatingScale unnamed RatingScale: rating RT=0.003
840.7719 	DATA 	RatingScale unnamed RatingScale: history=[(None, 0.0), (2, 0.003)]
841.7215 	DATA 	Keypress: 1
843.9833 	DATA 	RatingScale unnamed RatingScale: (key single-click) rating=1
843.9835 	DATA 	RatingScale unnamed RatingScale: rating RT=0.003
843.9835 	DATA 	RatingScale unnamed RatingScale: history=[(None, 0.0), (1, 0.003)]
845.2226 	DATA 	Keypress: 3
848.2945 	DATA 	Keypress: 2
854.9399 	DATA 	Keypress: 1
859.6800 	DATA 	Keypress: 1
864.3756 	DATA 	Keypress: 3
869.0706 	DATA 	Keypress: 1
873.7208 	DATA 	Keypress: 1
878.3865 	DATA 	Keypress: 1
883.0363 	DATA 	Keypress: 1
887.6567 	DATA 	Keypress: 3
892.4421 	DATA 	Keypress: 1
892.4658 	DATA 	Keypress: function
897.2272 	DATA 	Keypress: 1
