0.0002 	WARNING 	warning
0.0002 	EXP 	experiment
0.0002 	DATA 	data
0.0002 	INFO 	info
7.1390 	DEBUG 	handleLineEditChange: inputFieldName=1. age, type=<type 'str'>, value=2
7.6189 	DEBUG 	handleLineEditChange: inputFieldName=1. age, type=<type 'str'>, value=20
10.6397 	DEBUG 	handleCurrentIndexChanged: inputFieldName=2. sex:, selected=Male, type: <type 'str'>
12.4134 	DEBUG 	handleCurrentIndexChanged: inputFieldName=3. Are you hispanic or latino?, selected=No, type: <type 'str'>
13.7179 	DEBUG 	handleCheckboxChange: inputFieldName=White, checked=True
19.6740 	DEBUG 	handleCurrentIndexChanged: inputFieldName=5. Highest Degree Achieved:, selected=some college, type: <type 'str'>
22.9593 	DEBUG 	handleCurrentIndexChanged: inputFieldName=(e.g. dyslexia, uncorrected far-sightedness, etc.), selected=No, type: <type 'str'>
24.7458 	DEBUG 	handleCurrentIndexChanged: inputFieldName=7. Do you have normal color vision?, selected=Yes, type: <type 'str'>
29.5940 	DEBUG 	handleCurrentIndexChanged: inputFieldName=affect your memory or attention?, selected=Yes, type: <type 'str'>
31.3141 	DEBUG 	handleCurrentIndexChanged: inputFieldName=affect your memory or attention?, selected=No, type: <type 'str'>
55.9468 	DEBUG 	handleLineEditChange: inputFieldName=you get last night? (enter only a number), type=<type 'str'>, value=8
59.0210 	DEBUG 	handleLineEditChange: inputFieldName=have you had today? (enter only a number), type=<type 'str'>, value=.
59.7534 	DEBUG 	handleLineEditChange: inputFieldName=have you had today? (enter only a number), type=<type 'str'>, value=.5
65.0597 	DEBUG 	handleCurrentIndexChanged: inputFieldName=12. How alert are you feeling?:, selected=Neutral, type: <type 'str'>
66.8501 	INFO 	Loaded monitor calibration from ['2017_10_17 14:04']
67.0165 	WARNING 	User requested fullscreen with size [1024  768], but screen is actually [2048, 1152]. Using actual size
67.8558 	EXP 	Created window1 = Window(allowGUI=True, allowStencil=False, args=UNKNOWN, autoLog=True, bitsMode=UNKNOWN, blendMode='avg', color='black', colorSpace='named', fullscr=UNKNOWN, gamma=None, kwargs=UNKNOWN, lms=UNKNOWN, monitor=<psychopy.monitors.calibTools.Monitor object at 0x10ed2c910>, multiSample=False, name='window1', numSamples=2, pos=[-1024, -576], screen=0, size=array([4096, 2304]), stereo=False, units='deg', useFBO=False, useRetina=True, viewOri=0.0, viewPos=None, viewScale=None, waitBlanking=True, winType=u'pyglet')
67.8558 	EXP 	window1: recordFrameIntervals = False
68.0222 	EXP 	window1: recordFrameIntervals = True
68.2056 	DEBUG 	Screen (0) actual frame rate measured at 59.98
68.2056 	EXP 	window1: recordFrameIntervals = False
68.2056 	INFO 	Mouse: using default window
69.2022 	EXP 	Created unnamed TextStim = TextStim(alignHoriz='center', alignVert='center', antialias=True, autoLog=True, bold=False, color=array([1., 1., 1.]), colorSpace='rgb', contrast=1.0, depth=0, flipHoriz=False, flipVert=False, font='', fontFiles=[], height=1.0, italic=False, name='unnamed TextStim', opacity=1.0, ori=0.0, pos=array([0., 0.]), rgb=array([1., 1., 1.]), text=newstr(...), units='deg', win=Window(...), wrapWidth=40)
69.2359 	EXP 	unnamed TextStim: autoDraw = True
75.2457 	DATA 	Mouse: Left button down, pos=(1061,373)
75.3797 	DATA 	Mouse:  Left button up, pos=(1061,373)
78.6605 	DATA 	Keypress: space
78.6892 	EXP 	unnamed TextStim: autoDraw = False
78.7743 	EXP 	Created unnamed TextStim = TextStim(alignHoriz='center', alignVert='center', antialias=True, autoLog=True, bold=False, color=array([1., 1., 1.]), colorSpace='rgb', contrast=1.0, depth=0, flipHoriz=False, flipVert=False, font='', fontFiles=[], height=1.0, italic=False, name='unnamed TextStim', opacity=1.0, ori=0.0, pos=array([0., 0.]), rgb=array([1., 1., 1.]), text=newstr(...), units='deg', win=Window(...), wrapWidth=40)
78.9277 	EXP 	Created MEMORY IMAGE ../../stim/practice_composite/00002940128fb_sunaaacnosloariecpa.jpg = ImageStim(autoLog=True, color=array([1., 1., 1.]), colorSpace='rgb', contrast=1.0, depth=0, flipHoriz=False, flipVert=False, image=str(...), interpolate=False, mask=None, maskParams=None, name=str(...), opacity=1.0, ori=0.0, pos=array([0., 0.]), size=array([7., 7.]), texRes=128, units='deg', win=Window(...))
78.9422 	EXP 	MEMORY IMAGE ../../stim/practice_composite/00002940128fb_sunaaacnosloariecpa.jpg: pos = array([0., 0.])
78.9422 	EXP 	unnamed TextStim: autoDraw = True
78.9422 	EXP 	MEMORY IMAGE ../../stim/practice_composite/00002940128fb_sunaaacnosloariecpa.jpg: autoDraw = True
82.6433 	DATA 	Keypress: space
82.6734 	EXP 	unnamed TextStim: autoDraw = False
82.6734 	EXP 	MEMORY IMAGE ../../stim/practice_composite/00002940128fb_sunaaacnosloariecpa.jpg: autoDraw = False
82.7462 	EXP 	Created unnamed TextStim = TextStim(alignHoriz='center', alignVert='center', antialias=True, autoLog=True, bold=False, color=array([1., 1., 1.]), colorSpace='rgb', contrast=1.0, depth=0, flipHoriz=False, flipVert=False, font='', fontFiles=[], height=1.0, italic=False, name='unnamed TextStim', opacity=1.0, ori=0.0, pos=array([0., 0.]), rgb=array([1., 1., 1.]), text=newstr(...), units='deg', win=Window(...), wrapWidth=40)
82.7653 	EXP 	Created MEMORY IMAGE ../../stim/practice_composite/00003941121fa_sunaaaenaoynzhoyheo.jpg = ImageStim(autoLog=True, color=array([1., 1., 1.]), colorSpace='rgb', contrast=1.0, depth=0, flipHoriz=False, flipVert=False, image=str(...), interpolate=False, mask=None, maskParams=None, name=str(...), opacity=1.0, ori=0.0, pos=array([0., 0.]), size=array([7., 7.]), texRes=128, units='deg', win=Window(...))
82.7771 	EXP 	MEMORY IMAGE ../../stim/practice_composite/00003941121fa_sunaaaenaoynzhoyheo.jpg: pos = array([0., 0.])
82.7771 	EXP 	unnamed TextStim: autoDraw = True
82.7771 	EXP 	MEMORY IMAGE ../../stim/practice_composite/00003941121fa_sunaaaenaoynzhoyheo.jpg: autoDraw = True
91.8592 	DATA 	Keypress: space
91.8933 	EXP 	unnamed TextStim: autoDraw = False
91.8933 	EXP 	MEMORY IMAGE ../../stim/practice_composite/00003941121fa_sunaaaenaoynzhoyheo.jpg: autoDraw = False
91.9518 	EXP 	Created unnamed TextStim = TextStim(alignHoriz='center', alignVert='center', antialias=True, autoLog=True, bold=False, color=array([1., 1., 1.]), colorSpace='rgb', contrast=1.0, depth=0, flipHoriz=False, flipVert=False, font='', fontFiles=[], height=1.0, italic=False, name='unnamed TextStim', opacity=1.0, ori=0.0, pos=array([0., 0.]), rgb=array([1., 1., 1.]), text=newstr(...), units='deg', win=Window(...), wrapWidth=40)
91.9703 	EXP 	Created MEMORY IMAGE ../../stim/practice_composite/00013931230fb_sunaaasertfihkcjvdd.jpg = ImageStim(autoLog=True, color=array([1., 1., 1.]), colorSpace='rgb', contrast=1.0, depth=0, flipHoriz=False, flipVert=False, image=str(...), interpolate=False, mask=None, maskParams=None, name=str(...), opacity=1.0, ori=0.0, pos=array([0., 0.]), size=array([7., 7.]), texRes=128, units='deg', win=Window(...))
91.9796 	EXP 	MEMORY IMAGE ../../stim/practice_composite/00013931230fb_sunaaasertfihkcjvdd.jpg: pos = array([0., 0.])
91.9796 	EXP 	unnamed TextStim: autoDraw = True
91.9796 	EXP 	MEMORY IMAGE ../../stim/practice_composite/00013931230fb_sunaaasertfihkcjvdd.jpg: autoDraw = True
99.6034 	DATA 	Keypress: space
99.6291 	EXP 	unnamed TextStim: autoDraw = False
99.6291 	EXP 	MEMORY IMAGE ../../stim/practice_composite/00013931230fb_sunaaasertfihkcjvdd.jpg: autoDraw = False
99.7646 	EXP 	Created unnamed TextStim = TextStim(alignHoriz='center', alignVert='center', antialias=True, autoLog=True, bold=False, color=array([1., 1., 1.]), colorSpace='rgb', contrast=1.0, depth=0, flipHoriz=False, flipVert=False, font='', fontFiles=[], height=1.0, italic=False, name='unnamed TextStim', opacity=1.0, ori=0.0, pos=array([0., 0.]), rgb=array([1., 1., 1.]), text=newstr(...), units='deg', win=Window(...), wrapWidth=40)
99.7820 	EXP 	unnamed TextStim: autoDraw = True
107.3712 	DATA 	Keypress: space
107.3986 	EXP 	unnamed TextStim: autoDraw = False
107.4286 	EXP 	Created unnamed TextStim = TextStim(alignHoriz='center', alignVert='center', antialias=True, autoLog=True, bold=False, color=array([1., 1., 1.]), colorSpace='rgb', contrast=1.0, depth=0, flipHoriz=False, flipVert=False, font='', fontFiles=[], height=1.0, italic=False, name='unnamed TextStim', opacity=1.0, ori=0.0, pos=array([0., 0.]), rgb=array([1., 1., 1.]), text=newstr(...), units='deg', win=Window(...), wrapWidth=40)
107.4440 	EXP 	Created CUED COMPOSITE ../../stim/practice_composite/00020931230fa_sunaaaysslbipsngfqb.jpg = ImageStim(autoLog=True, color=array([1., 1., 1.]), colorSpace='rgb', contrast=1.0, depth=0, flipHoriz=False, flipVert=False, image=str(...), interpolate=False, mask=None, maskParams=None, name=str(...), opacity=1.0, ori=0.0, pos=array([0., 0.]), size=array([7., 7.]), texRes=128, units='deg', win=Window(...))
107.4542 	EXP 	Created UNCUED COMPOSITE ../../stim/practice_composite/00019940128facopy_sunaaaxdnsxxacahnmy.jpg = ImageStim(autoLog=True, color=array([1., 1., 1.]), colorSpace='rgb', contrast=1.0, depth=0, flipHoriz=False, flipVert=False, image=str(...), interpolate=False, mask=None, maskParams=None, name=str(...), opacity=1.0, ori=0.0, pos=array([0., 0.]), size=array([7., 7.]), texRes=128, units='deg', win=Window(...))
107.5363 	EXP 	Created fixation_cross = TextStim(alignHoriz='center', alignVert='center', antialias=True, autoLog=True, bold=False, color='lightGrey', colorSpace='named', contrast=1.0, depth=0.0, flipHoriz=False, flipVert=False, font='Arial', fontFiles=[], height=2, italic=False, name='fixation_cross', opacity=1.0, ori=0, pos=array([0., 0.]), rgb=array([211., 211., 211.]), text='+', units='deg', win=Window(...), wrapWidth=15.0)
107.5513 	EXP 	CUED COMPOSITE ../../stim/practice_composite/00020931230fa_sunaaaysslbipsngfqb.jpg: pos = array([8., 0.])
107.5513 	EXP 	UNCUED COMPOSITE ../../stim/practice_composite/00019940128facopy_sunaaaxdnsxxacahnmy.jpg: pos = array([-8.,  0.])
107.5513 	EXP 	unnamed TextStim: autoDraw = True
107.5513 	EXP 	CUED COMPOSITE ../../stim/practice_composite/00020931230fa_sunaaaysslbipsngfqb.jpg: autoDraw = True
107.5513 	EXP 	UNCUED COMPOSITE ../../stim/practice_composite/00019940128facopy_sunaaaxdnsxxacahnmy.jpg: autoDraw = True
107.5513 	EXP 	fixation_cross: autoDraw = True
116.4751 	DATA 	Keypress: space
116.5012 	EXP 	unnamed TextStim: autoDraw = False
116.5012 	EXP 	CUED COMPOSITE ../../stim/practice_composite/00020931230fa_sunaaaysslbipsngfqb.jpg: autoDraw = False
116.5012 	EXP 	UNCUED COMPOSITE ../../stim/practice_composite/00019940128facopy_sunaaaxdnsxxacahnmy.jpg: autoDraw = False
116.5012 	EXP 	fixation_cross: autoDraw = False
116.5563 	EXP 	Created unnamed TextStim = TextStim(alignHoriz='center', alignVert='center', antialias=True, autoLog=True, bold=False, color=array([1., 1., 1.]), colorSpace='rgb', contrast=1.0, depth=0, flipHoriz=False, flipVert=False, font='', fontFiles=[], height=1.0, italic=False, name='unnamed TextStim', opacity=1.0, ori=0.0, pos=array([0., 0.]), rgb=array([1., 1., 1.]), text=newstr(...), units='deg', win=Window(...), wrapWidth=40)
116.5710 	EXP 	unnamed TextStim: autoDraw = True
119.8511 	DATA 	Keypress: space
119.8856 	EXP 	unnamed TextStim: autoDraw = False
119.9146 	EXP 	Created unnamed TextStim = TextStim(alignHoriz='center', alignVert='center', antialias=True, autoLog=True, bold=False, color=array([1., 1., 1.]), colorSpace='rgb', contrast=1.0, depth=0, flipHoriz=False, flipVert=False, font='', fontFiles=[], height=1.0, italic=False, name='unnamed TextStim', opacity=1.0, ori=0.0, pos=array([0., 0.]), rgb=array([1., 1., 1.]), text=newstr(...), units='deg', win=Window(...), wrapWidth=40)
119.9551 	EXP 	Created CUED COMPOSITE ../../stim/practice_composite/00029940128facopy_sunaachpigfklgkuoyg.jpg = ImageStim(autoLog=True, color=array([1., 1., 1.]), colorSpace='rgb', contrast=1.0, depth=0, flipHoriz=False, flipVert=False, image=str(...), interpolate=False, mask=None, maskParams=None, name=str(...), opacity=1.0, ori=0.0, pos=array([0., 0.]), size=array([7., 7.]), texRes=128, units='deg', win=Window(...))
119.9661 	EXP 	Created UNCUED COMPOSITE ../../stim/practice_composite/00028940128fa_sunaabndtdcvlfkqgad.jpg = ImageStim(autoLog=True, color=array([1., 1., 1.]), colorSpace='rgb', contrast=1.0, depth=0, flipHoriz=False, flipVert=False, image=str(...), interpolate=False, mask=None, maskParams=None, name=str(...), opacity=1.0, ori=0.0, pos=array([0., 0.]), size=array([7., 7.]), texRes=128, units='deg', win=Window(...))
119.9690 	EXP 	Created fixation_cross = TextStim(alignHoriz='center', alignVert='center', antialias=True, autoLog=True, bold=False, color='lightGrey', colorSpace='named', contrast=1.0, depth=0.0, flipHoriz=False, flipVert=False, font='Arial', fontFiles=[], height=2, italic=False, name='fixation_cross', opacity=1.0, ori=0, pos=array([0., 0.]), rgb=array([211., 211., 211.]), text='+', units='deg', win=Window(...), wrapWidth=15.0)
119.9899 	EXP 	CUED COMPOSITE ../../stim/practice_composite/00029940128facopy_sunaachpigfklgkuoyg.jpg: pos = array([8., 0.])
119.9899 	EXP 	UNCUED COMPOSITE ../../stim/practice_composite/00028940128fa_sunaabndtdcvlfkqgad.jpg: pos = array([-8.,  0.])
119.9899 	EXP 	unnamed TextStim: autoDraw = True
119.9899 	EXP 	CUED COMPOSITE ../../stim/practice_composite/00029940128facopy_sunaachpigfklgkuoyg.jpg: autoDraw = True
119.9899 	EXP 	UNCUED COMPOSITE ../../stim/practice_composite/00028940128fa_sunaabndtdcvlfkqgad.jpg: autoDraw = True
119.9899 	EXP 	fixation_cross: autoDraw = True
128.4510 	DATA 	Keypress: space
128.4718 	EXP 	unnamed TextStim: autoDraw = False
128.4718 	EXP 	CUED COMPOSITE ../../stim/practice_composite/00029940128facopy_sunaachpigfklgkuoyg.jpg: autoDraw = False
128.4718 	EXP 	UNCUED COMPOSITE ../../stim/practice_composite/00028940128fa_sunaabndtdcvlfkqgad.jpg: autoDraw = False
128.4718 	EXP 	fixation_cross: autoDraw = False
128.6930 	EXP 	Created unnamed TextStim = TextStim(alignHoriz='center', alignVert='center', antialias=True, autoLog=True, bold=False, color=array([1., 1., 1.]), colorSpace='rgb', contrast=1.0, depth=0, flipHoriz=False, flipVert=False, font='', fontFiles=[], height=1.0, italic=False, name='unnamed TextStim', opacity=1.0, ori=0.0, pos=array([0., 0.]), rgb=array([1., 1., 1.]), text=newstr(...), units='deg', win=Window(...), wrapWidth=40)
128.8345 	EXP 	Created CATEGORY CUE = ImageStim(autoLog=True, color=array([1., 1., 1.]), colorSpace='rgb', contrast=1.0, depth=0, flipHoriz=False, flipVert=False, image='../../stim/cue/Face.png', interpolate=False, mask=None, maskParams=None, name='CATEGORY CUE', opacity=1.0, ori=0.0, pos=array([0., 0.]), size=array([2., 2.]), texRes=128, units='deg', win=Window(...))
128.8671 	EXP 	Created CATEGORY CUE = ImageStim(autoLog=True, color=array([1., 1., 1.]), colorSpace='rgb', contrast=1.0, depth=0, flipHoriz=False, flipVert=False, image='../../stim/cue/Place.png', interpolate=False, mask=None, maskParams=None, name='CATEGORY CUE', opacity=1.0, ori=0.0, pos=array([0., 0.]), size=array([2., 2.]), texRes=128, units='deg', win=Window(...))
128.8917 	EXP 	CATEGORY CUE: pos = array([2.5, 0. ])
128.8917 	EXP 	CATEGORY CUE: pos = array([-2.5,  0. ])
128.8917 	EXP 	unnamed TextStim: autoDraw = True
128.8917 	EXP 	CATEGORY CUE: autoDraw = True
128.8917 	EXP 	CATEGORY CUE: autoDraw = True
148.2351 	DATA 	Keypress: space
148.2614 	EXP 	unnamed TextStim: autoDraw = False
148.2614 	EXP 	CATEGORY CUE: autoDraw = False
148.2614 	EXP 	CATEGORY CUE: autoDraw = False
148.2616 	INFO 	Mouse: using default window
148.2618 	EXP 	window1: recordFrameIntervals = False
148.4314 	EXP 	window1: recordFrameIntervals = True
148.6147 	DEBUG 	Screen (0) actual frame rate measured at 60.16
148.6147 	EXP 	window1: recordFrameIntervals = False
148.6175 	EXP 	Created fixation_cross = TextStim(alignHoriz='center', alignVert='center', antialias=True, autoLog=True, bold=False, color='lightGrey', colorSpace='named', contrast=1.0, depth=0.0, flipHoriz=False, flipVert=False, font='Arial', fontFiles=[], height=2, italic=False, name='fixation_cross', opacity=1.0, ori=0, pos=array([0., 0.]), rgb=array([211., 211., 211.]), text='+', units='deg', win=Window(...), wrapWidth=15.0)
148.6374 	EXP 	Created CUED COMPOSITE ../../stim/practice_composite/00043931230fb_sunaacmaxjsazeyhcxg.jpg = ImageStim(autoLog=True, color=array([1., 1., 1.]), colorSpace='rgb', contrast=1.0, depth=0, flipHoriz=False, flipVert=False, image=str(...), interpolate=False, mask=None, maskParams=None, name=str(...), opacity=1.0, ori=0.0, pos=array([0., 0.]), size=array([7., 7.]), texRes=128, units='deg', win=Window(...))
148.6452 	EXP 	Created UNCUED COMPOSITE ../../stim/practice_composite/00044931230fa_sunaacrdvqhwlheysdg.jpg = ImageStim(autoLog=True, color=array([1., 1., 1.]), colorSpace='rgb', contrast=1.0, depth=0, flipHoriz=False, flipVert=False, image=str(...), interpolate=False, mask=None, maskParams=None, name=str(...), opacity=1.0, ori=0.0, pos=array([0., 0.]), size=array([7., 7.]), texRes=128, units='deg', win=Window(...))
148.6544 	EXP 	Created CUED COMPOSITE ../../stim/practice_composite/00046931230fa_sunaacslnbvidxeazyx.jpg = ImageStim(autoLog=True, color=array([1., 1., 1.]), colorSpace='rgb', contrast=1.0, depth=0, flipHoriz=False, flipVert=False, image=str(...), interpolate=False, mask=None, maskParams=None, name=str(...), opacity=1.0, ori=0.0, pos=array([0., 0.]), size=array([7., 7.]), texRes=128, units='deg', win=Window(...))
148.6611 	EXP 	Created UNCUED COMPOSITE ../../stim/practice_composite/00047931230fb_sunaactrphdtpvplkkz.jpg = ImageStim(autoLog=True, color=array([1., 1., 1.]), colorSpace='rgb', contrast=1.0, depth=0, flipHoriz=False, flipVert=False, image=str(...), interpolate=False, mask=None, maskParams=None, name=str(...), opacity=1.0, ori=0.0, pos=array([0., 0.]), size=array([7., 7.]), texRes=128, units='deg', win=Window(...))
148.6651 	EXP 	Created CUED COMPOSITE ../../stim/practice_composite/00049931230facopy_sunaacxaszsngweyrkv.jpg = ImageStim(autoLog=True, color=array([1., 1., 1.]), colorSpace='rgb', contrast=1.0, depth=0, flipHoriz=False, flipVert=False, image=str(...), interpolate=False, mask=None, maskParams=None, name=str(...), opacity=1.0, ori=0.0, pos=array([0., 0.]), size=array([7., 7.]), texRes=128, units='deg', win=Window(...))
148.6692 	EXP 	Created UNCUED COMPOSITE ../../stim/practice_composite/00050931230facopy_sunaaczmpbmprzjcofd.jpg = ImageStim(autoLog=True, color=array([1., 1., 1.]), colorSpace='rgb', contrast=1.0, depth=0, flipHoriz=False, flipVert=False, image=str(...), interpolate=False, mask=None, maskParams=None, name=str(...), opacity=1.0, ori=0.0, pos=array([0., 0.]), size=array([7., 7.]), texRes=128, units='deg', win=Window(...))
148.6716 	EXP 	Created unnamed ImageStim = ImageStim(autoLog=True, color=array([1., 1., 1.]), colorSpace='rgb', contrast=1.0, depth=0, flipHoriz=False, flipVert=False, image='../../stim/cue/Face.png', interpolate=False, mask=None, maskParams=None, name='unnamed ImageStim', opacity=1.0, ori=0.0, pos=array([0., 0.]), size=array([2., 2.]), texRes=128, units='deg', win=Window(...))
148.6750 	EXP 	Created cue_side = TextStim(alignHoriz='center', alignVert='center', antialias=True, autoLog=True, bold=False, color='lightGrey', colorSpace='named', contrast=1.0, depth=0.0, flipHoriz=False, flipVert=False, font='Arial', fontFiles=[], height=2, italic=False, name='cue_side', opacity=1.0, ori=0, pos=array([0., 0.]), rgb=array([211., 211., 211.]), text='<', units='deg', win=Window(...), wrapWidth=15.0)
148.6974 	EXP 	CUED COMPOSITE ../../stim/practice_composite/00043931230fb_sunaacmaxjsazeyhcxg.jpg: pos = array([8., 0.])
148.6974 	EXP 	UNCUED COMPOSITE ../../stim/practice_composite/00044931230fa_sunaacrdvqhwlheysdg.jpg: pos = array([-8.,  0.])
148.6974 	EXP 	CUED COMPOSITE ../../stim/practice_composite/00046931230fa_sunaacslnbvidxeazyx.jpg: pos = array([8., 0.])
148.6974 	EXP 	UNCUED COMPOSITE ../../stim/practice_composite/00047931230fb_sunaactrphdtpvplkkz.jpg: pos = array([-8.,  0.])
148.6974 	EXP 	CUED COMPOSITE ../../stim/practice_composite/00049931230facopy_sunaacxaszsngweyrkv.jpg: pos = array([8., 0.])
148.6974 	EXP 	UNCUED COMPOSITE ../../stim/practice_composite/00050931230facopy_sunaaczmpbmprzjcofd.jpg: pos = array([-8.,  0.])
148.6974 	EXP 	unnamed ImageStim: pos = array([0., 2.])
148.6974 	EXP 	cue_side: pos = array([0., 0.])
148.6974 	EXP 	fixation_cross: autoDraw = False
148.6974 	EXP 	unnamed ImageStim: autoDraw = True
148.6974 	EXP 	cue_side: autoDraw = True
148.6974 	EXP 	FIXATION OFF, CUES ON
150.2121 	EXP 	unnamed ImageStim: autoDraw = False
150.2121 	EXP 	cue_side: autoDraw = False
150.2121 	EXP 	fixation_cross: autoDraw = True
150.2121 	EXP 	CUES OFF, FIXATION ON
151.2157 	EXP 	CUED COMPOSITE ../../stim/practice_composite/00043931230fb_sunaacmaxjsazeyhcxg.jpg: autoDraw = True
151.2157 	EXP 	UNCUED COMPOSITE ../../stim/practice_composite/00044931230fa_sunaacrdvqhwlheysdg.jpg: autoDraw = True
151.2157 	EXP 	FIXATION OFF, COMPOSITES ON
154.2298 	EXP 	CUED COMPOSITE ../../stim/practice_composite/00043931230fb_sunaacmaxjsazeyhcxg.jpg: autoDraw = False
154.2298 	EXP 	UNCUED COMPOSITE ../../stim/practice_composite/00044931230fa_sunaacrdvqhwlheysdg.jpg: autoDraw = False
154.2298 	EXP 	COMPOSITES OFF
155.2159 	EXP 	Created unnamed ImageStim = ImageStim(autoLog=True, color=array([1., 1., 1.]), colorSpace='rgb', contrast=1.0, depth=0, flipHoriz=False, flipVert=False, image='../../stim/cue/Place.png', interpolate=False, mask=None, maskParams=None, name='unnamed ImageStim', opacity=1.0, ori=0.0, pos=array([0., 0.]), size=array([2., 2.]), texRes=128, units='deg', win=Window(...))
155.2192 	EXP 	Created cue_side = TextStim(alignHoriz='center', alignVert='center', antialias=True, autoLog=True, bold=False, color='lightGrey', colorSpace='named', contrast=1.0, depth=0.0, flipHoriz=False, flipVert=False, font='Arial', fontFiles=[], height=2, italic=False, name='cue_side', opacity=1.0, ori=0, pos=array([0., 0.]), rgb=array([211., 211., 211.]), text='>', units='deg', win=Window(...), wrapWidth=15.0)
155.2338 	EXP 	unnamed ImageStim: pos = array([0., 2.])
155.2338 	EXP 	cue_side: pos = array([0., 0.])
155.2338 	EXP 	fixation_cross: autoDraw = False
155.2338 	EXP 	unnamed ImageStim: autoDraw = True
155.2338 	EXP 	cue_side: autoDraw = True
155.2338 	EXP 	FIXATION OFF, CUES ON
156.7474 	EXP 	unnamed ImageStim: autoDraw = False
156.7474 	EXP 	cue_side: autoDraw = False
156.7474 	EXP 	fixation_cross: autoDraw = True
156.7474 	EXP 	CUES OFF, FIXATION ON
157.7510 	EXP 	CUED COMPOSITE ../../stim/practice_composite/00046931230fa_sunaacslnbvidxeazyx.jpg: autoDraw = True
157.7510 	EXP 	UNCUED COMPOSITE ../../stim/practice_composite/00047931230fb_sunaactrphdtpvplkkz.jpg: autoDraw = True
157.7510 	EXP 	FIXATION OFF, COMPOSITES ON
160.7653 	EXP 	CUED COMPOSITE ../../stim/practice_composite/00046931230fa_sunaacslnbvidxeazyx.jpg: autoDraw = False
160.7653 	EXP 	UNCUED COMPOSITE ../../stim/practice_composite/00047931230fb_sunaactrphdtpvplkkz.jpg: autoDraw = False
160.7653 	EXP 	COMPOSITES OFF
161.7517 	EXP 	Created unnamed ImageStim = ImageStim(autoLog=True, color=array([1., 1., 1.]), colorSpace='rgb', contrast=1.0, depth=0, flipHoriz=False, flipVert=False, image='../../stim/cue/Face.png', interpolate=False, mask=None, maskParams=None, name='unnamed ImageStim', opacity=1.0, ori=0.0, pos=array([0., 0.]), size=array([2., 2.]), texRes=128, units='deg', win=Window(...))
161.7545 	EXP 	Created cue_side = TextStim(alignHoriz='center', alignVert='center', antialias=True, autoLog=True, bold=False, color='lightGrey', colorSpace='named', contrast=1.0, depth=0.0, flipHoriz=False, flipVert=False, font='Arial', fontFiles=[], height=2, italic=False, name='cue_side', opacity=1.0, ori=0, pos=array([0., 0.]), rgb=array([211., 211., 211.]), text='<', units='deg', win=Window(...), wrapWidth=15.0)
161.7699 	EXP 	unnamed ImageStim: pos = array([0., 2.])
161.7699 	EXP 	cue_side: pos = array([0., 0.])
161.7699 	EXP 	fixation_cross: autoDraw = False
161.7699 	EXP 	unnamed ImageStim: autoDraw = True
161.7699 	EXP 	cue_side: autoDraw = True
161.7699 	EXP 	FIXATION OFF, CUES ON
163.2825 	EXP 	unnamed ImageStim: autoDraw = False
163.2825 	EXP 	cue_side: autoDraw = False
163.2825 	EXP 	fixation_cross: autoDraw = True
163.2825 	EXP 	CUES OFF, FIXATION ON
164.2865 	EXP 	CUED COMPOSITE ../../stim/practice_composite/00049931230facopy_sunaacxaszsngweyrkv.jpg: autoDraw = True
164.2865 	EXP 	UNCUED COMPOSITE ../../stim/practice_composite/00050931230facopy_sunaaczmpbmprzjcofd.jpg: autoDraw = True
164.2865 	EXP 	FIXATION OFF, COMPOSITES ON
167.3008 	EXP 	CUED COMPOSITE ../../stim/practice_composite/00049931230facopy_sunaacxaszsngweyrkv.jpg: autoDraw = False
167.3008 	EXP 	UNCUED COMPOSITE ../../stim/practice_composite/00050931230facopy_sunaaczmpbmprzjcofd.jpg: autoDraw = False
167.3008 	EXP 	COMPOSITES OFF
168.4328 	EXP 	Created unnamed TextStim = TextStim(alignHoriz='center', alignVert='center', antialias=True, autoLog=True, bold=False, color=array([1., 1., 1.]), colorSpace='rgb', contrast=1.0, depth=0, flipHoriz=False, flipVert=False, font='', fontFiles=[], height=1.0, italic=False, name='unnamed TextStim', opacity=1.0, ori=0.0, pos=array([0., 0.]), rgb=array([1., 1., 1.]), text=newstr(...), units='deg', win=Window(...), wrapWidth=40)
168.4545 	EXP 	fixation_cross: autoDraw = False
168.4545 	EXP 	unnamed TextStim: autoDraw = True
189.7230 	DATA 	Keypress: num_3
189.7577 	EXP 	unnamed TextStim: autoDraw = False
189.7581 	INFO 	Mouse: using default window
189.7583 	EXP 	window1: recordFrameIntervals = False
189.9288 	EXP 	window1: recordFrameIntervals = True
190.1119 	DEBUG 	Screen (0) actual frame rate measured at 59.89
190.1119 	EXP 	window1: recordFrameIntervals = False
190.1148 	EXP 	Created fixation_cross = TextStim(alignHoriz='center', alignVert='center', antialias=True, autoLog=True, bold=False, color='lightGrey', colorSpace='named', contrast=1.0, depth=0.0, flipHoriz=False, flipVert=False, font='Arial', fontFiles=[], height=2, italic=False, name='fixation_cross', opacity=1.0, ori=0, pos=array([0., 0.]), rgb=array([211., 211., 211.]), text='+', units='deg', win=Window(...), wrapWidth=15.0)
190.2364 	EXP 	Created CUED COMPOSITE ../../stim/practice_mem_composite/00051931230fb_sunaadakyricvbjhamx.jpg = ImageStim(autoLog=True, color=array([1., 1., 1.]), colorSpace='rgb', contrast=1.0, depth=0, flipHoriz=False, flipVert=False, image=str(...), interpolate=False, mask=None, maskParams=None, name=str(...), opacity=1.0, ori=0.0, pos=array([0., 0.]), size=array([7., 7.]), texRes=128, units='deg', win=Window(...))
190.2540 	EXP 	Created UNCUED COMPOSITE ../../stim/practice_mem_composite/00052931230fa_sunaadneptrbqhkzwag.jpg = ImageStim(autoLog=True, color=array([1., 1., 1.]), colorSpace='rgb', contrast=1.0, depth=0, flipHoriz=False, flipVert=False, image=str(...), interpolate=False, mask=None, maskParams=None, name=str(...), opacity=1.0, ori=0.0, pos=array([0., 0.]), size=array([7., 7.]), texRes=128, units='deg', win=Window(...))
190.3447 	EXP 	Created CUED COMPOSITE ../../stim/practice_mem_composite/00053931230fb_sunaadsmjtmardsqqro.jpg = ImageStim(autoLog=True, color=array([1., 1., 1.]), colorSpace='rgb', contrast=1.0, depth=0, flipHoriz=False, flipVert=False, image=str(...), interpolate=False, mask=None, maskParams=None, name=str(...), opacity=1.0, ori=0.0, pos=array([0., 0.]), size=array([7., 7.]), texRes=128, units='deg', win=Window(...))
190.3498 	EXP 	Created UNCUED COMPOSITE ../../stim/practice_mem_composite/00056931230facopy_sunaadtdbzhuhsbihxq.jpg = ImageStim(autoLog=True, color=array([1., 1., 1.]), colorSpace='rgb', contrast=1.0, depth=0, flipHoriz=False, flipVert=False, image=str(...), interpolate=False, mask=None, maskParams=None, name=str(...), opacity=1.0, ori=0.0, pos=array([0., 0.]), size=array([7., 7.]), texRes=128, units='deg', win=Window(...))
190.3545 	EXP 	Created CUED COMPOSITE ../../stim/practice_mem_composite/00058931230fa_sunaaebjpeispxohmfv.jpg = ImageStim(autoLog=True, color=array([1., 1., 1.]), colorSpace='rgb', contrast=1.0, depth=0, flipHoriz=False, flipVert=False, image=str(...), interpolate=False, mask=None, maskParams=None, name=str(...), opacity=1.0, ori=0.0, pos=array([0., 0.]), size=array([7., 7.]), texRes=128, units='deg', win=Window(...))
190.4112 	EXP 	Created UNCUED COMPOSITE ../../stim/practice_mem_composite/00059931230fb_sunaaebuzkvqtkqiact.jpg = ImageStim(autoLog=True, color=array([1., 1., 1.]), colorSpace='rgb', contrast=1.0, depth=0, flipHoriz=False, flipVert=False, image=str(...), interpolate=False, mask=None, maskParams=None, name=str(...), opacity=1.0, ori=0.0, pos=array([0., 0.]), size=array([7., 7.]), texRes=128, units='deg', win=Window(...))
190.4133 	EXP 	Created unnamed ImageStim = ImageStim(autoLog=True, color=array([1., 1., 1.]), colorSpace='rgb', contrast=1.0, depth=0, flipHoriz=False, flipVert=False, image='../../stim/cue/Place.png', interpolate=False, mask=None, maskParams=None, name='unnamed ImageStim', opacity=1.0, ori=0.0, pos=array([0., 0.]), size=array([2., 2.]), texRes=128, units='deg', win=Window(...))
190.4164 	EXP 	Created cue_side = TextStim(alignHoriz='center', alignVert='center', antialias=True, autoLog=True, bold=False, color='lightGrey', colorSpace='named', contrast=1.0, depth=0.0, flipHoriz=False, flipVert=False, font='Arial', fontFiles=[], height=2, italic=False, name='cue_side', opacity=1.0, ori=0, pos=array([0., 0.]), rgb=array([211., 211., 211.]), text='>', units='deg', win=Window(...), wrapWidth=15.0)
190.4417 	EXP 	CUED COMPOSITE ../../stim/practice_mem_composite/00051931230fb_sunaadakyricvbjhamx.jpg: pos = array([8., 0.])
190.4417 	EXP 	UNCUED COMPOSITE ../../stim/practice_mem_composite/00052931230fa_sunaadneptrbqhkzwag.jpg: pos = array([-8.,  0.])
190.4417 	EXP 	CUED COMPOSITE ../../stim/practice_mem_composite/00053931230fb_sunaadsmjtmardsqqro.jpg: pos = array([8., 0.])
190.4417 	EXP 	UNCUED COMPOSITE ../../stim/practice_mem_composite/00056931230facopy_sunaadtdbzhuhsbihxq.jpg: pos = array([-8.,  0.])
190.4417 	EXP 	CUED COMPOSITE ../../stim/practice_mem_composite/00058931230fa_sunaaebjpeispxohmfv.jpg: pos = array([8., 0.])
190.4417 	EXP 	UNCUED COMPOSITE ../../stim/practice_mem_composite/00059931230fb_sunaaebuzkvqtkqiact.jpg: pos = array([-8.,  0.])
190.4417 	EXP 	unnamed ImageStim: pos = array([0., 2.])
190.4417 	EXP 	cue_side: pos = array([0., 0.])
190.4417 	EXP 	fixation_cross: autoDraw = False
190.4417 	EXP 	unnamed ImageStim: autoDraw = True
190.4417 	EXP 	cue_side: autoDraw = True
190.4417 	EXP 	FIXATION OFF, CUES ON
191.9588 	EXP 	unnamed ImageStim: autoDraw = False
191.9588 	EXP 	cue_side: autoDraw = False
191.9588 	EXP 	fixation_cross: autoDraw = True
191.9588 	EXP 	CUES OFF, FIXATION ON
192.9620 	EXP 	CUED COMPOSITE ../../stim/practice_mem_composite/00051931230fb_sunaadakyricvbjhamx.jpg: autoDraw = True
192.9620 	EXP 	UNCUED COMPOSITE ../../stim/practice_mem_composite/00052931230fa_sunaadneptrbqhkzwag.jpg: autoDraw = True
192.9620 	EXP 	FIXATION OFF, COMPOSITES ON
192.9653 	EXP 	Created posner = TextStim(alignHoriz='center', alignVert='center', antialias=True, autoLog=True, bold=False, color='lightGrey', colorSpace='named', contrast=1.0, depth=0.0, flipHoriz=False, flipVert=False, font='Arial', fontFiles=[], height=2, italic=False, name='posner', opacity=1.0, ori=0, pos=array([0., 0.]), rgb=array([211., 211., 211.]), text='o', units='deg', win=Window(...), wrapWidth=15.0)
195.9769 	EXP 	posner: pos = array([8., 0.])
195.9769 	EXP 	posner: autoDraw = True
195.9769 	EXP 	CUED COMPOSITE ../../stim/practice_mem_composite/00051931230fb_sunaadakyricvbjhamx.jpg: autoDraw = False
195.9769 	EXP 	UNCUED COMPOSITE ../../stim/practice_mem_composite/00052931230fa_sunaadneptrbqhkzwag.jpg: autoDraw = False
195.9769 	EXP 	COMPOSITES OFF
196.6187 	DATA 	Keypress: num_3
198.8348 	DATA 	Keypress: num_3
202.5710 	DATA 	Keypress: 3
202.5953 	EXP 	posner: autoDraw = False
202.5953 	EXP 	WIN FLIP : ATTENTION PROBE OFF
203.5820 	EXP 	Created unnamed ImageStim = ImageStim(autoLog=True, color=array([1., 1., 1.]), colorSpace='rgb', contrast=1.0, depth=0, flipHoriz=False, flipVert=False, image='../../stim/cue/Face.png', interpolate=False, mask=None, maskParams=None, name='unnamed ImageStim', opacity=1.0, ori=0.0, pos=array([0., 0.]), size=array([2., 2.]), texRes=128, units='deg', win=Window(...))
203.5848 	EXP 	Created cue_side = TextStim(alignHoriz='center', alignVert='center', antialias=True, autoLog=True, bold=False, color='lightGrey', colorSpace='named', contrast=1.0, depth=0.0, flipHoriz=False, flipVert=False, font='Arial', fontFiles=[], height=2, italic=False, name='cue_side', opacity=1.0, ori=0, pos=array([0., 0.]), rgb=array([211., 211., 211.]), text='>', units='deg', win=Window(...), wrapWidth=15.0)
203.6124 	EXP 	unnamed ImageStim: pos = array([0., 2.])
203.6124 	EXP 	cue_side: pos = array([0., 0.])
203.6124 	EXP 	fixation_cross: autoDraw = False
203.6124 	EXP 	unnamed ImageStim: autoDraw = True
203.6124 	EXP 	cue_side: autoDraw = True
203.6124 	EXP 	FIXATION OFF, CUES ON
205.1297 	EXP 	unnamed ImageStim: autoDraw = False
205.1297 	EXP 	cue_side: autoDraw = False
205.1297 	EXP 	fixation_cross: autoDraw = True
205.1297 	EXP 	CUES OFF, FIXATION ON
206.1344 	EXP 	CUED COMPOSITE ../../stim/practice_mem_composite/00053931230fb_sunaadsmjtmardsqqro.jpg: autoDraw = True
206.1344 	EXP 	UNCUED COMPOSITE ../../stim/practice_mem_composite/00056931230facopy_sunaadtdbzhuhsbihxq.jpg: autoDraw = True
206.1344 	EXP 	FIXATION OFF, COMPOSITES ON
206.1379 	EXP 	Created posner = TextStim(alignHoriz='center', alignVert='center', antialias=True, autoLog=True, bold=False, color='lightGrey', colorSpace='named', contrast=1.0, depth=0.0, flipHoriz=False, flipVert=False, font='Arial', fontFiles=[], height=2, italic=False, name='posner', opacity=1.0, ori=0, pos=array([0., 0.]), rgb=array([211., 211., 211.]), text='x', units='deg', win=Window(...), wrapWidth=15.0)
209.1478 	EXP 	posner: pos = array([-8.,  0.])
209.1478 	EXP 	posner: autoDraw = True
209.1478 	EXP 	CUED COMPOSITE ../../stim/practice_mem_composite/00053931230fb_sunaadsmjtmardsqqro.jpg: autoDraw = False
209.1478 	EXP 	UNCUED COMPOSITE ../../stim/practice_mem_composite/00056931230facopy_sunaadtdbzhuhsbihxq.jpg: autoDraw = False
209.1478 	EXP 	COMPOSITES OFF
210.0028 	DATA 	Keypress: 1
210.0311 	EXP 	posner: autoDraw = False
210.0311 	EXP 	WIN FLIP : ATTENTION PROBE OFF
211.0175 	EXP 	Created unnamed ImageStim = ImageStim(autoLog=True, color=array([1., 1., 1.]), colorSpace='rgb', contrast=1.0, depth=0, flipHoriz=False, flipVert=False, image='../../stim/cue/Face.png', interpolate=False, mask=None, maskParams=None, name='unnamed ImageStim', opacity=1.0, ori=0.0, pos=array([0., 0.]), size=array([2., 2.]), texRes=128, units='deg', win=Window(...))
211.0203 	EXP 	Created cue_side = TextStim(alignHoriz='center', alignVert='center', antialias=True, autoLog=True, bold=False, color='lightGrey', colorSpace='named', contrast=1.0, depth=0.0, flipHoriz=False, flipVert=False, font='Arial', fontFiles=[], height=2, italic=False, name='cue_side', opacity=1.0, ori=0, pos=array([0., 0.]), rgb=array([211., 211., 211.]), text='>', units='deg', win=Window(...), wrapWidth=15.0)
211.0482 	EXP 	unnamed ImageStim: pos = array([0., 2.])
211.0482 	EXP 	cue_side: pos = array([0., 0.])
211.0482 	EXP 	fixation_cross: autoDraw = False
211.0482 	EXP 	unnamed ImageStim: autoDraw = True
211.0482 	EXP 	cue_side: autoDraw = True
211.0482 	EXP 	FIXATION OFF, CUES ON
212.5651 	EXP 	unnamed ImageStim: autoDraw = False
212.5651 	EXP 	cue_side: autoDraw = False
212.5651 	EXP 	fixation_cross: autoDraw = True
212.5651 	EXP 	CUES OFF, FIXATION ON
213.5688 	EXP 	CUED COMPOSITE ../../stim/practice_mem_composite/00058931230fa_sunaaebjpeispxohmfv.jpg: autoDraw = True
213.5688 	EXP 	UNCUED COMPOSITE ../../stim/practice_mem_composite/00059931230fb_sunaaebuzkvqtkqiact.jpg: autoDraw = True
213.5688 	EXP 	FIXATION OFF, COMPOSITES ON
213.5721 	EXP 	Created posner = TextStim(alignHoriz='center', alignVert='center', antialias=True, autoLog=True, bold=False, color='lightGrey', colorSpace='named', contrast=1.0, depth=0.0, flipHoriz=False, flipVert=False, font='Arial', fontFiles=[], height=2, italic=False, name='posner', opacity=1.0, ori=0, pos=array([0., 0.]), rgb=array([211., 211., 211.]), text='x', units='deg', win=Window(...), wrapWidth=15.0)
216.5833 	EXP 	posner: pos = array([8., 0.])
216.5833 	EXP 	posner: autoDraw = True
216.5833 	EXP 	CUED COMPOSITE ../../stim/practice_mem_composite/00058931230fa_sunaaebjpeispxohmfv.jpg: autoDraw = False
216.5833 	EXP 	UNCUED COMPOSITE ../../stim/practice_mem_composite/00059931230fb_sunaaebuzkvqtkqiact.jpg: autoDraw = False
216.5833 	EXP 	COMPOSITES OFF
217.4028 	DATA 	Keypress: 1
217.4335 	EXP 	posner: autoDraw = False
217.4335 	EXP 	WIN FLIP : ATTENTION PROBE OFF
218.6220 	EXP 	Created unnamed TextStim = TextStim(alignHoriz='center', alignVert='center', antialias=True, autoLog=True, bold=False, color=array([1., 1., 1.]), colorSpace='rgb', contrast=1.0, depth=0, flipHoriz=False, flipVert=False, font='', fontFiles=[], height=1.0, italic=False, name='unnamed TextStim', opacity=1.0, ori=0.0, pos=array([0., 0.]), rgb=array([1., 1., 1.]), text=newstr(...), units='deg', win=Window(...), wrapWidth=40)
218.6372 	EXP 	fixation_cross: autoDraw = False
218.6372 	EXP 	unnamed TextStim: autoDraw = True
229.3068 	DATA 	Keypress: 1
229.3375 	EXP 	unnamed TextStim: autoDraw = False
229.3378 	INFO 	Mouse: using default window
229.3409 	EXP 	Created fixation_cross = TextStim(alignHoriz='center', alignVert='center', antialias=True, autoLog=True, bold=False, color='lightGrey', colorSpace='named', contrast=1.0, depth=0.0, flipHoriz=False, flipVert=False, font='Arial', fontFiles=[], height=2, italic=False, name='fixation_cross', opacity=1.0, ori=0, pos=array([0., 0.]), rgb=array([211., 211., 211.]), text='+', units='deg', win=Window(...), wrapWidth=15.0)
229.3409 	EXP 	window1: recordFrameIntervals = False
229.5069 	EXP 	window1: recordFrameIntervals = True
229.6905 	DEBUG 	Screen (0) actual frame rate measured at 60.25
229.6905 	EXP 	window1: recordFrameIntervals = False
229.6935 	EXP 	Created fixation_cross = TextStim(alignHoriz='center', alignVert='center', antialias=True, autoLog=True, bold=False, color='lightGrey', colorSpace='named', contrast=1.0, depth=0.0, flipHoriz=False, flipVert=False, font='Arial', fontFiles=[], height=2, italic=False, name='fixation_cross', opacity=1.0, ori=0, pos=array([0., 0.]), rgb=array([211., 211., 211.]), text='+', units='deg', win=Window(...), wrapWidth=15.0)
229.7056 	EXP 	Created MEMORY IMAGE ../../stim/practice_mem_single/00053931230fb.jpg = ImageStim(autoLog=True, color=array([1., 1., 1.]), colorSpace='rgb', contrast=1.0, depth=0, flipHoriz=False, flipVert=False, image=str(...), interpolate=False, mask=None, maskParams=None, name=str(...), opacity=1.0, ori=0.0, pos=array([0., 0.]), size=array([7., 7.]), texRes=128, units='deg', win=Window(...))
229.7125 	EXP 	Created MEMORY IMAGE ../../stim/practice_mem_single/00038940128facopy.jpg = ImageStim(autoLog=True, color=array([1., 1., 1.]), colorSpace='rgb', contrast=1.0, depth=0, flipHoriz=False, flipVert=False, image=str(...), interpolate=False, mask=None, maskParams=None, name=str(...), opacity=1.0, ori=0.0, pos=array([0., 0.]), size=array([7., 7.]), texRes=128, units='deg', win=Window(...))
229.7165 	EXP 	Created MEMORY IMAGE ../../stim/practice_mem_single/sunaackkibslwddpycb.jpg = ImageStim(autoLog=True, color=array([1., 1., 1.]), colorSpace='rgb', contrast=1.0, depth=0, flipHoriz=False, flipVert=False, image=str(...), interpolate=False, mask=None, maskParams=None, name=str(...), opacity=1.0, ori=0.0, pos=array([0., 0.]), size=array([7., 7.]), texRes=128, units='deg', win=Window(...))
229.7210 	EXP 	Created MEMORY IMAGE ../../stim/practice_mem_single/sunaaebuzkvqtkqiact.jpg = ImageStim(autoLog=True, color=array([1., 1., 1.]), colorSpace='rgb', contrast=1.0, depth=0, flipHoriz=False, flipVert=False, image=str(...), interpolate=False, mask=None, maskParams=None, name=str(...), opacity=1.0, ori=0.0, pos=array([0., 0.]), size=array([7., 7.]), texRes=128, units='deg', win=Window(...))
229.7404 	EXP 	MEMORY IMAGE ../../stim/practice_mem_single/00053931230fb.jpg: pos = array([0., 0.])
229.7404 	EXP 	MEMORY IMAGE ../../stim/practice_mem_single/00038940128facopy.jpg: pos = array([0., 0.])
229.7404 	EXP 	MEMORY IMAGE ../../stim/practice_mem_single/sunaackkibslwddpycb.jpg: pos = array([0., 0.])
229.7404 	EXP 	MEMORY IMAGE ../../stim/practice_mem_single/sunaaebuzkvqtkqiact.jpg: pos = array([0., 0.])
229.7404 	EXP 	fixation_cross: autoDraw = True
229.7404 	EXP 	WIN FLIP : FIXATION ON
229.9404 	EXP 	Created unnamed RatingScale = RatingScale(acceptKeys=['return'], acceptPreText=UNKNOWN, acceptSize=UNKNOWN, acceptText=UNKNOWN, autoLog=True, choices=False, depth=0, disappear=False, flipVert=False, high=4, kwargs=UNKNOWN, labels=list(...), leftKeys=['left'], lineColor='White', low=1, marker=ShapeStim(...), markerColor='Black', markerExpansion=UNKNOWN, markerStart=0, maxTime=2.0, minTime=0.0, mouseOnly=False, name='unnamed RatingScale', noMouse=True, pos=[0.0, -0.42], precision=1, respKeys=['1', '2', '3', '4'], rightKeys=['right'], scale=str(...), self=UNKNOWN, showAccept=False, showValue=True, singleClick=True, size=0.6, skipKeys=['tab'], stretch=1.0, textColor='LightGray', textFont='Helvetica Bold', textSize=0.12, tickHeight=1.0, tickMarks=3.0, win=Window(...))
230.7578 	EXP 	fixation_cross: autoDraw = False
230.7578 	EXP 	unnamed RatingScale: flipVert = False
230.7578 	EXP 	unnamed RatingScale: autoLog = True
230.7578 	EXP 	unnamed RatingScale: autoDraw = True
230.7578 	EXP 	MEMORY IMAGE ../../stim/practice_mem_single/00053931230fb.jpg: autoDraw = True
230.7578 	EXP 	WIN FLIP : FIXATION OFF, SCALE AND MEMORY ON
232.7256 	EXP 	WIN FLIP : SCALE AND MEMORY OFF, FIXATION ON
232.7256 	EXP 	unnamed RatingScale: autoDraw = False
232.7256 	EXP 	MEMORY IMAGE ../../stim/practice_mem_single/00053931230fb.jpg: autoDraw = False
232.7256 	EXP 	fixation_cross: autoDraw = True
232.7680 	EXP 	Created unnamed RatingScale = RatingScale(acceptKeys=['return'], acceptPreText=UNKNOWN, acceptSize=UNKNOWN, acceptText=UNKNOWN, autoLog=True, choices=False, depth=0, disappear=False, flipVert=False, high=4, kwargs=UNKNOWN, labels=list(...), leftKeys=['left'], lineColor='White', low=1, marker=ShapeStim(...), markerColor='Black', markerExpansion=UNKNOWN, markerStart=0, maxTime=2.0, minTime=0.0, mouseOnly=False, name='unnamed RatingScale', noMouse=True, pos=[0.0, -0.42], precision=1, respKeys=['1', '2', '3', '4'], rightKeys=['right'], scale=str(...), self=UNKNOWN, showAccept=False, showValue=True, singleClick=True, size=0.6, skipKeys=['tab'], stretch=1.0, textColor='LightGray', textFont='Helvetica Bold', textSize=0.12, tickHeight=1.0, tickMarks=3.0, win=Window(...))
233.5107 	DATA 	Keypress: 3
233.7250 	EXP 	fixation_cross: autoDraw = False
233.7250 	EXP 	unnamed RatingScale: flipVert = False
233.7250 	EXP 	unnamed RatingScale: autoLog = True
233.7250 	EXP 	unnamed RatingScale: autoDraw = True
233.7250 	EXP 	MEMORY IMAGE ../../stim/practice_mem_single/00038940128facopy.jpg: autoDraw = True
233.7250 	EXP 	WIN FLIP : FIXATION OFF, SCALE AND MEMORY ON
235.1462 	DATA 	Keypress: 2
235.1466 	DATA 	RatingScale unnamed RatingScale: (key single-click) rating=2
235.1466 	DATA 	RatingScale unnamed RatingScale: rating RT=1.437
235.1466 	DATA 	RatingScale unnamed RatingScale: history=[(None, 0.0), (2, 1.437)]
235.7267 	EXP 	WIN FLIP : SCALE AND MEMORY OFF, FIXATION ON
235.7267 	EXP 	unnamed RatingScale: autoDraw = False
235.7267 	EXP 	MEMORY IMAGE ../../stim/practice_mem_single/00038940128facopy.jpg: autoDraw = False
235.7267 	EXP 	fixation_cross: autoDraw = True
235.7698 	EXP 	Created unnamed RatingScale = RatingScale(acceptKeys=['return'], acceptPreText=UNKNOWN, acceptSize=UNKNOWN, acceptText=UNKNOWN, autoLog=True, choices=False, depth=0, disappear=False, flipVert=False, high=4, kwargs=UNKNOWN, labels=list(...), leftKeys=['left'], lineColor='White', low=1, marker=ShapeStim(...), markerColor='Black', markerExpansion=UNKNOWN, markerStart=0, maxTime=2.0, minTime=0.0, mouseOnly=False, name='unnamed RatingScale', noMouse=True, pos=[0.0, -0.42], precision=1, respKeys=['1', '2', '3', '4'], rightKeys=['right'], scale=str(...), self=UNKNOWN, showAccept=False, showValue=True, singleClick=True, size=0.6, skipKeys=['tab'], stretch=1.0, textColor='LightGray', textFont='Helvetica Bold', textSize=0.12, tickHeight=1.0, tickMarks=3.0, win=Window(...))
236.7262 	EXP 	fixation_cross: autoDraw = False
236.7262 	EXP 	unnamed RatingScale: flipVert = False
236.7262 	EXP 	unnamed RatingScale: autoLog = True
236.7262 	EXP 	unnamed RatingScale: autoDraw = True
236.7262 	EXP 	MEMORY IMAGE ../../stim/practice_mem_single/sunaackkibslwddpycb.jpg: autoDraw = True
236.7262 	EXP 	WIN FLIP : FIXATION OFF, SCALE AND MEMORY ON
238.0794 	DATA 	Keypress: 2
238.0798 	DATA 	RatingScale unnamed RatingScale: (key single-click) rating=2
238.0798 	DATA 	RatingScale unnamed RatingScale: rating RT=1.368
238.0798 	DATA 	RatingScale unnamed RatingScale: history=[(None, 0.0), (2, 1.368)]
238.7269 	EXP 	WIN FLIP : SCALE AND MEMORY OFF, FIXATION ON
238.7269 	EXP 	unnamed RatingScale: autoDraw = False
238.7269 	EXP 	MEMORY IMAGE ../../stim/practice_mem_single/sunaackkibslwddpycb.jpg: autoDraw = False
238.7269 	EXP 	fixation_cross: autoDraw = True
238.7706 	EXP 	Created unnamed RatingScale = RatingScale(acceptKeys=['return'], acceptPreText=UNKNOWN, acceptSize=UNKNOWN, acceptText=UNKNOWN, autoLog=True, choices=False, depth=0, disappear=False, flipVert=False, high=4, kwargs=UNKNOWN, labels=list(...), leftKeys=['left'], lineColor='White', low=1, marker=ShapeStim(...), markerColor='Black', markerExpansion=UNKNOWN, markerStart=0, maxTime=2.0, minTime=0.0, mouseOnly=False, name='unnamed RatingScale', noMouse=True, pos=[0.0, -0.42], precision=1, respKeys=['1', '2', '3', '4'], rightKeys=['right'], scale=str(...), self=UNKNOWN, showAccept=False, showValue=True, singleClick=True, size=0.6, skipKeys=['tab'], stretch=1.0, textColor='LightGray', textFont='Helvetica Bold', textSize=0.12, tickHeight=1.0, tickMarks=3.0, win=Window(...))
239.7272 	EXP 	fixation_cross: autoDraw = False
239.7272 	EXP 	unnamed RatingScale: flipVert = False
239.7272 	EXP 	unnamed RatingScale: autoLog = True
239.7272 	EXP 	unnamed RatingScale: autoDraw = True
239.7272 	EXP 	MEMORY IMAGE ../../stim/practice_mem_single/sunaaebuzkvqtkqiact.jpg: autoDraw = True
239.7272 	EXP 	WIN FLIP : FIXATION OFF, SCALE AND MEMORY ON
241.3977 	DATA 	Keypress: 2
241.3981 	DATA 	RatingScale unnamed RatingScale: (key single-click) rating=2
241.3981 	DATA 	RatingScale unnamed RatingScale: rating RT=1.687
241.3981 	DATA 	RatingScale unnamed RatingScale: history=[(None, 0.0), (2, 1.687)]
241.7121 	EXP 	WIN FLIP : SCALE AND MEMORY OFF, FIXATION ON
241.7121 	EXP 	unnamed RatingScale: autoDraw = False
241.7121 	EXP 	MEMORY IMAGE ../../stim/practice_mem_single/sunaaebuzkvqtkqiact.jpg: autoDraw = False
241.7121 	EXP 	fixation_cross: autoDraw = True
241.7121 	EXP 	fixation_cross: autoDraw = False
241.7121 	EXP 	WIN FLIP : FIXATION OFF
241.7573 	EXP 	Created unnamed TextStim = TextStim(alignHoriz='center', alignVert='center', antialias=True, autoLog=True, bold=False, color=array([1., 1., 1.]), colorSpace='rgb', contrast=1.0, depth=0, flipHoriz=False, flipVert=False, font='', fontFiles=[], height=1.0, italic=False, name='unnamed TextStim', opacity=1.0, ori=0.0, pos=array([0., 0.]), rgb=array([1., 1., 1.]), text=newstr(...), units='deg', win=Window(...), wrapWidth=40)
241.7789 	EXP 	unnamed TextStim: autoDraw = True
246.3465 	DATA 	Keypress: space
247.6283 	EXP 	window1: mouseVisible = True
