0.0002 	WARNING 	warning
0.0002 	EXP 	experiment
0.0002 	DATA 	data
0.0002 	INFO 	info
0.0002 	INFO 	current time: 1571326936.8
8.7596 	DEBUG 	handleLineEditChange: inputFieldName=1. age, type=<type 'str'>, value=1
9.7116 	DEBUG 	handleLineEditChange: inputFieldName=1. age, type=<type 'str'>, value=18
12.1480 	DEBUG 	handleCurrentIndexChanged: inputFieldName=2. sex:, selected=Male, type: <type 'str'>
17.0999 	DEBUG 	handleCurrentIndexChanged: inputFieldName=3. Are you hispanic or latino?, selected=No, type: <type 'str'>
18.3094 	DEBUG 	handleCheckboxChange: inputFieldName=White, checked=True
25.3980 	DEBUG 	handleCurrentIndexChanged: inputFieldName=5. Highest Degree Achieved:, selected=some college, type: <type 'str'>
27.8090 	DEBUG 	handleCurrentIndexChanged: inputFieldName=(e.g. dyslexia, uncorrected far-sightedness, etc.), selected=No, type: <type 'str'>
29.2500 	DEBUG 	handleCurrentIndexChanged: inputFieldName=7. Do you have normal color vision?, selected=Yes, type: <type 'str'>
32.1526 	DEBUG 	handleCurrentIndexChanged: inputFieldName=affect your memory or attention?, selected=No, type: <type 'str'>
38.2876 	DEBUG 	handleLineEditChange: inputFieldName=you get last night? (enter only a number), type=<type 'str'>, value=8
41.2394 	DEBUG 	handleLineEditChange: inputFieldName=have you had today? (enter only a number), type=<type 'str'>, value=0
47.8315 	DEBUG 	handleCurrentIndexChanged: inputFieldName=12. How alert are you feeling?:, selected=A little slugglish, type: <type 'str'>
49.7432 	INFO 	Loaded monitor calibration from ['2017_10_17 14:04']
49.7656 	WARNING 	User requested fullscreen with size [1024  768], but screen is actually [2048, 1152]. Using actual size
51.9299 	WARNING 	Couldn't measure a consistent frame rate.
  - Is your graphics card set to sync to vertical blank?
  - Are you running other processes on your computer?

51.9301 	EXP 	Created window1 = Window(allowGUI=False, allowStencil=False, args=UNKNOWN, autoLog=True, bitsMode=UNKNOWN, blendMode='avg', color='black', colorSpace='named', fullscr=UNKNOWN, gamma=None, kwargs=UNKNOWN, lms=UNKNOWN, monitor=<psychopy.monitors.calibTools.Monitor object at 0x10e024750>, multiSample=False, name='window1', numSamples=2, pos=[-1024, -576], screen=0, size=array([4096, 2304]), stereo=False, units='deg', useFBO=False, useRetina=True, viewOri=0.0, viewPos=None, viewScale=None, waitBlanking=True, winType=u'pyglet')
51.9301 	EXP 	window1: recordFrameIntervals = False
52.0984 	EXP 	window1: recordFrameIntervals = True
52.1466 	WARNING 	t of last frame was 20.29ms (=1/49)
52.2304 	WARNING 	t of last frame was 21.14ms (=1/47)
52.2804 	WARNING 	t of last frame was 20.94ms (=1/47)
52.3484 	WARNING 	t of last frame was 22.02ms (=1/45)
52.3967 	WARNING 	Multiple dropped frames have occurred - I'll stop bothering you about them!
52.6146 	DEBUG 	Screen (0) actual frame rate measured at 59.57
52.6146 	EXP 	window1: recordFrameIntervals = True
52.6146 	INFO 	Mouse: using default window
53.0081 	EXP 	Created unnamed TextStim = TextStim(alignHoriz='center', alignVert='center', antialias=True, autoLog=True, bold=False, color=array([1., 1., 1.]), colorSpace='rgb', contrast=1.0, depth=0, flipHoriz=False, flipVert=False, font='', fontFiles=[], height=1.0, italic=False, name='unnamed TextStim', opacity=1.0, ori=0.0, pos=array([0., 0.]), rgb=array([1., 1., 1.]), text=newstr(...), units='deg', win=Window(...), wrapWidth=40)
53.0399 	EXP 	unnamed TextStim: autoDraw = True
58.4253 	DATA 	Keypress: space
58.4583 	EXP 	unnamed TextStim: autoDraw = False
58.5312 	EXP 	Created unnamed TextStim = TextStim(alignHoriz='center', alignVert='center', antialias=True, autoLog=True, bold=False, color=array([1., 1., 1.]), colorSpace='rgb', contrast=1.0, depth=0, flipHoriz=False, flipVert=False, font='', fontFiles=[], height=1.0, italic=False, name='unnamed TextStim', opacity=1.0, ori=0.0, pos=array([0., 0.]), rgb=array([1., 1., 1.]), text=newstr(...), units='deg', win=Window(...), wrapWidth=40)
58.7540 	EXP 	Created MEMORY IMAGE ../../stim/practice_composite/00002940128fb_sunaaacnosloariecpa.jpg = ImageStim(autoLog=True, color=array([1., 1., 1.]), colorSpace='rgb', contrast=1.0, depth=0, flipHoriz=False, flipVert=False, image=str(...), interpolate=False, mask=None, maskParams=None, name=str(...), opacity=1.0, ori=0.0, pos=array([0., 0.]), size=array([7., 7.]), texRes=128, units='deg', win=Window(...))
58.7787 	EXP 	MEMORY IMAGE ../../stim/practice_composite/00002940128fb_sunaaacnosloariecpa.jpg: pos = array([0., 0.])
58.7787 	EXP 	unnamed TextStim: autoDraw = True
58.7787 	EXP 	MEMORY IMAGE ../../stim/practice_composite/00002940128fb_sunaaacnosloariecpa.jpg: autoDraw = True
68.1121 	DATA 	Keypress: space
68.1444 	EXP 	unnamed TextStim: autoDraw = False
68.1444 	EXP 	MEMORY IMAGE ../../stim/practice_composite/00002940128fb_sunaaacnosloariecpa.jpg: autoDraw = False
68.2164 	EXP 	Created unnamed TextStim = TextStim(alignHoriz='center', alignVert='center', antialias=True, autoLog=True, bold=False, color=array([1., 1., 1.]), colorSpace='rgb', contrast=1.0, depth=0, flipHoriz=False, flipVert=False, font='', fontFiles=[], height=1.0, italic=False, name='unnamed TextStim', opacity=1.0, ori=0.0, pos=array([0., 0.]), rgb=array([1., 1., 1.]), text=newstr(...), units='deg', win=Window(...), wrapWidth=40)
68.2378 	EXP 	Created MEMORY IMAGE ../../stim/practice_composite/00003941121fa_sunaaaenaoynzhoyheo.jpg = ImageStim(autoLog=True, color=array([1., 1., 1.]), colorSpace='rgb', contrast=1.0, depth=0, flipHoriz=False, flipVert=False, image=str(...), interpolate=False, mask=None, maskParams=None, name=str(...), opacity=1.0, ori=0.0, pos=array([0., 0.]), size=array([7., 7.]), texRes=128, units='deg', win=Window(...))
68.2481 	EXP 	MEMORY IMAGE ../../stim/practice_composite/00003941121fa_sunaaaenaoynzhoyheo.jpg: pos = array([0., 0.])
68.2481 	EXP 	unnamed TextStim: autoDraw = True
68.2481 	EXP 	MEMORY IMAGE ../../stim/practice_composite/00003941121fa_sunaaaenaoynzhoyheo.jpg: autoDraw = True
80.1439 	DATA 	Keypress: space
80.1653 	EXP 	unnamed TextStim: autoDraw = False
80.1653 	EXP 	MEMORY IMAGE ../../stim/practice_composite/00003941121fa_sunaaaenaoynzhoyheo.jpg: autoDraw = False
80.2235 	EXP 	Created unnamed TextStim = TextStim(alignHoriz='center', alignVert='center', antialias=True, autoLog=True, bold=False, color=array([1., 1., 1.]), colorSpace='rgb', contrast=1.0, depth=0, flipHoriz=False, flipVert=False, font='', fontFiles=[], height=1.0, italic=False, name='unnamed TextStim', opacity=1.0, ori=0.0, pos=array([0., 0.]), rgb=array([1., 1., 1.]), text=newstr(...), units='deg', win=Window(...), wrapWidth=40)
80.2680 	EXP 	Created MEMORY IMAGE ../../stim/practice_composite/00013931230fb_sunaaasertfihkcjvdd.jpg = ImageStim(autoLog=True, color=array([1., 1., 1.]), colorSpace='rgb', contrast=1.0, depth=0, flipHoriz=False, flipVert=False, image=str(...), interpolate=False, mask=None, maskParams=None, name=str(...), opacity=1.0, ori=0.0, pos=array([0., 0.]), size=array([7., 7.]), texRes=128, units='deg', win=Window(...))
80.2858 	EXP 	MEMORY IMAGE ../../stim/practice_composite/00013931230fb_sunaaasertfihkcjvdd.jpg: pos = array([0., 0.])
80.2858 	EXP 	unnamed TextStim: autoDraw = True
80.2858 	EXP 	MEMORY IMAGE ../../stim/practice_composite/00013931230fb_sunaaasertfihkcjvdd.jpg: autoDraw = True
85.2958 	DATA 	Keypress: space
85.3173 	EXP 	unnamed TextStim: autoDraw = False
85.3173 	EXP 	MEMORY IMAGE ../../stim/practice_composite/00013931230fb_sunaaasertfihkcjvdd.jpg: autoDraw = False
85.4522 	EXP 	Created unnamed TextStim = TextStim(alignHoriz='center', alignVert='center', antialias=True, autoLog=True, bold=False, color=array([1., 1., 1.]), colorSpace='rgb', contrast=1.0, depth=0, flipHoriz=False, flipVert=False, font='', fontFiles=[], height=1.0, italic=False, name='unnamed TextStim', opacity=1.0, ori=0.0, pos=array([0., 0.]), rgb=array([1., 1., 1.]), text=newstr(...), units='deg', win=Window(...), wrapWidth=40)
85.4702 	EXP 	unnamed TextStim: autoDraw = True
101.5197 	DATA 	Keypress: space
101.5389 	EXP 	unnamed TextStim: autoDraw = False
101.5688 	EXP 	Created unnamed TextStim = TextStim(alignHoriz='center', alignVert='center', antialias=True, autoLog=True, bold=False, color=array([1., 1., 1.]), colorSpace='rgb', contrast=1.0, depth=0, flipHoriz=False, flipVert=False, font='', fontFiles=[], height=1.0, italic=False, name='unnamed TextStim', opacity=1.0, ori=0.0, pos=array([0., 0.]), rgb=array([1., 1., 1.]), text=newstr(...), units='deg', win=Window(...), wrapWidth=40)
101.5928 	EXP 	Created CUED COMPOSITE ../../stim/practice_composite/00020931230fa_sunaaaysslbipsngfqb.jpg = ImageStim(autoLog=True, color=array([1., 1., 1.]), colorSpace='rgb', contrast=1.0, depth=0, flipHoriz=False, flipVert=False, image=str(...), interpolate=False, mask=None, maskParams=None, name=str(...), opacity=1.0, ori=0.0, pos=array([0., 0.]), size=array([7., 7.]), texRes=128, units='deg', win=Window(...))
101.6030 	EXP 	Created UNCUED COMPOSITE ../../stim/practice_composite/00019940128facopy_sunaaaxdnsxxacahnmy.jpg = ImageStim(autoLog=True, color=array([1., 1., 1.]), colorSpace='rgb', contrast=1.0, depth=0, flipHoriz=False, flipVert=False, image=str(...), interpolate=False, mask=None, maskParams=None, name=str(...), opacity=1.0, ori=0.0, pos=array([0., 0.]), size=array([7., 7.]), texRes=128, units='deg', win=Window(...))
101.6516 	EXP 	Created FIXATION CROSS = TextStim(alignHoriz='center', alignVert='center', antialias=True, autoLog=True, bold=False, color='lightGrey', colorSpace='named', contrast=1.0, depth=0.0, flipHoriz=False, flipVert=False, font='Arial', fontFiles=[], height=2, italic=False, name='FIXATION CROSS', opacity=1.0, ori=0, pos=array([0., 0.]), rgb=array([211., 211., 211.]), text='+', units='deg', win=Window(...), wrapWidth=15.0)
101.6759 	EXP 	CUED COMPOSITE ../../stim/practice_composite/00020931230fa_sunaaaysslbipsngfqb.jpg: pos = array([8., 0.])
101.6759 	EXP 	UNCUED COMPOSITE ../../stim/practice_composite/00019940128facopy_sunaaaxdnsxxacahnmy.jpg: pos = array([-8.,  0.])
101.6759 	EXP 	unnamed TextStim: autoDraw = True
101.6759 	EXP 	CUED COMPOSITE ../../stim/practice_composite/00020931230fa_sunaaaysslbipsngfqb.jpg: autoDraw = True
101.6759 	EXP 	UNCUED COMPOSITE ../../stim/practice_composite/00019940128facopy_sunaaaxdnsxxacahnmy.jpg: autoDraw = True
101.6759 	EXP 	FIXATION CROSS: autoDraw = True
107.3357 	DATA 	Keypress: space
107.3575 	EXP 	unnamed TextStim: autoDraw = False
107.3575 	EXP 	CUED COMPOSITE ../../stim/practice_composite/00020931230fa_sunaaaysslbipsngfqb.jpg: autoDraw = False
107.3575 	EXP 	UNCUED COMPOSITE ../../stim/practice_composite/00019940128facopy_sunaaaxdnsxxacahnmy.jpg: autoDraw = False
107.3575 	EXP 	FIXATION CROSS: autoDraw = False
107.4108 	EXP 	Created unnamed TextStim = TextStim(alignHoriz='center', alignVert='center', antialias=True, autoLog=True, bold=False, color=array([1., 1., 1.]), colorSpace='rgb', contrast=1.0, depth=0, flipHoriz=False, flipVert=False, font='', fontFiles=[], height=1.0, italic=False, name='unnamed TextStim', opacity=1.0, ori=0.0, pos=array([0., 0.]), rgb=array([1., 1., 1.]), text=newstr(...), units='deg', win=Window(...), wrapWidth=40)
107.4273 	EXP 	unnamed TextStim: autoDraw = True
112.2796 	DATA 	Keypress: space
112.3087 	EXP 	unnamed TextStim: autoDraw = False
112.3382 	EXP 	Created unnamed TextStim = TextStim(alignHoriz='center', alignVert='center', antialias=True, autoLog=True, bold=False, color=array([1., 1., 1.]), colorSpace='rgb', contrast=1.0, depth=0, flipHoriz=False, flipVert=False, font='', fontFiles=[], height=1.0, italic=False, name='unnamed TextStim', opacity=1.0, ori=0.0, pos=array([0., 0.]), rgb=array([1., 1., 1.]), text=newstr(...), units='deg', win=Window(...), wrapWidth=40)
112.3623 	EXP 	Created CUED COMPOSITE ../../stim/practice_composite/00029940128facopy_sunaachpigfklgkuoyg.jpg = ImageStim(autoLog=True, color=array([1., 1., 1.]), colorSpace='rgb', contrast=1.0, depth=0, flipHoriz=False, flipVert=False, image=str(...), interpolate=False, mask=None, maskParams=None, name=str(...), opacity=1.0, ori=0.0, pos=array([0., 0.]), size=array([7., 7.]), texRes=128, units='deg', win=Window(...))
112.3671 	EXP 	Created UNCUED COMPOSITE ../../stim/practice_composite/00028940128fa_sunaabndtdcvlfkqgad.jpg = ImageStim(autoLog=True, color=array([1., 1., 1.]), colorSpace='rgb', contrast=1.0, depth=0, flipHoriz=False, flipVert=False, image=str(...), interpolate=False, mask=None, maskParams=None, name=str(...), opacity=1.0, ori=0.0, pos=array([0., 0.]), size=array([7., 7.]), texRes=128, units='deg', win=Window(...))
112.3701 	EXP 	Created FIXATION CROSS = TextStim(alignHoriz='center', alignVert='center', antialias=True, autoLog=True, bold=False, color='lightGrey', colorSpace='named', contrast=1.0, depth=0.0, flipHoriz=False, flipVert=False, font='Arial', fontFiles=[], height=2, italic=False, name='FIXATION CROSS', opacity=1.0, ori=0, pos=array([0., 0.]), rgb=array([211., 211., 211.]), text='+', units='deg', win=Window(...), wrapWidth=15.0)
112.3784 	EXP 	CUED COMPOSITE ../../stim/practice_composite/00029940128facopy_sunaachpigfklgkuoyg.jpg: pos = array([8., 0.])
112.3784 	EXP 	UNCUED COMPOSITE ../../stim/practice_composite/00028940128fa_sunaabndtdcvlfkqgad.jpg: pos = array([-8.,  0.])
112.3784 	EXP 	unnamed TextStim: autoDraw = True
112.3784 	EXP 	CUED COMPOSITE ../../stim/practice_composite/00029940128facopy_sunaachpigfklgkuoyg.jpg: autoDraw = True
112.3784 	EXP 	UNCUED COMPOSITE ../../stim/practice_composite/00028940128fa_sunaabndtdcvlfkqgad.jpg: autoDraw = True
112.3784 	EXP 	FIXATION CROSS: autoDraw = True
118.5677 	DATA 	Keypress: space
118.5941 	EXP 	unnamed TextStim: autoDraw = False
118.5941 	EXP 	CUED COMPOSITE ../../stim/practice_composite/00029940128facopy_sunaachpigfklgkuoyg.jpg: autoDraw = False
118.5941 	EXP 	UNCUED COMPOSITE ../../stim/practice_composite/00028940128fa_sunaabndtdcvlfkqgad.jpg: autoDraw = False
118.5941 	EXP 	FIXATION CROSS: autoDraw = False
118.7669 	EXP 	Created unnamed TextStim = TextStim(alignHoriz='center', alignVert='center', antialias=True, autoLog=True, bold=False, color=array([1., 1., 1.]), colorSpace='rgb', contrast=1.0, depth=0, flipHoriz=False, flipVert=False, font='', fontFiles=[], height=1.0, italic=False, name='unnamed TextStim', opacity=1.0, ori=0.0, pos=array([0., 0.]), rgb=array([1., 1., 1.]), text=newstr(...), units='deg', win=Window(...), wrapWidth=40)
118.8071 	EXP 	Created CATEGORY CUE = ImageStim(autoLog=True, color=array([1., 1., 1.]), colorSpace='rgb', contrast=1.0, depth=0, flipHoriz=False, flipVert=False, image='../../stim/cue/Face.png', interpolate=False, mask=None, maskParams=None, name='CATEGORY CUE', opacity=1.0, ori=0.0, pos=array([0., 0.]), size=array([2., 2.]), texRes=128, units='deg', win=Window(...))
118.8219 	EXP 	Created CATEGORY CUE = ImageStim(autoLog=True, color=array([1., 1., 1.]), colorSpace='rgb', contrast=1.0, depth=0, flipHoriz=False, flipVert=False, image='../../stim/cue/Place.png', interpolate=False, mask=None, maskParams=None, name='CATEGORY CUE', opacity=1.0, ori=0.0, pos=array([0., 0.]), size=array([2., 2.]), texRes=128, units='deg', win=Window(...))
118.8487 	EXP 	CATEGORY CUE: pos = array([2.5, 0. ])
118.8487 	EXP 	CATEGORY CUE: pos = array([-2.5,  0. ])
118.8487 	EXP 	unnamed TextStim: autoDraw = True
118.8487 	EXP 	CATEGORY CUE: autoDraw = True
118.8487 	EXP 	CATEGORY CUE: autoDraw = True
140.4157 	DATA 	Keypress: space
140.4515 	EXP 	unnamed TextStim: autoDraw = False
140.4515 	EXP 	CATEGORY CUE: autoDraw = False
140.4515 	EXP 	CATEGORY CUE: autoDraw = False
140.4518 	INFO 	Mouse: using default window
140.4519 	EXP 	window1: recordFrameIntervals = False
140.6220 	EXP 	window1: recordFrameIntervals = True
140.8059 	DEBUG 	Screen (0) actual frame rate measured at 59.56
140.8059 	EXP 	window1: recordFrameIntervals = True
140.8088 	EXP 	Created FIXATION CROSS = TextStim(alignHoriz='center', alignVert='center', antialias=True, autoLog=True, bold=False, color='lightGrey', colorSpace='named', contrast=1.0, depth=0.0, flipHoriz=False, flipVert=False, font='Arial', fontFiles=[], height=2, italic=False, name='FIXATION CROSS', opacity=1.0, ori=0, pos=array([0., 0.]), rgb=array([211., 211., 211.]), text='+', units='deg', win=Window(...), wrapWidth=15.0)
140.8107 	EXP 	Created CATEGORY CUE: Face = ImageStim(autoLog=True, color=array([1., 1., 1.]), colorSpace='rgb', contrast=1.0, depth=0, flipHoriz=False, flipVert=False, image='../../stim/cue/Face.png', interpolate=False, mask=None, maskParams=None, name='CATEGORY CUE: Face', opacity=1.0, ori=0.0, pos=array([0., 0.]), size=array([2., 2.]), texRes=128, units='deg', win=Window(...))
140.8140 	EXP 	Created SIDE CUE: < = TextStim(alignHoriz='center', alignVert='center', antialias=True, autoLog=True, bold=False, color='lightGrey', colorSpace='named', contrast=1.0, depth=0.0, flipHoriz=False, flipVert=False, font='Arial', fontFiles=[], height=2, italic=False, name='SIDE CUE: <', opacity=1.0, ori=0, pos=array([0., 0.]), rgb=array([211., 211., 211.]), text='<', units='deg', win=Window(...), wrapWidth=15.0)
140.8219 	EXP 	CATEGORY CUE: Face: pos = array([0., 2.])
140.8219 	EXP 	SIDE CUE: <: pos = array([0., 0.])
140.8219 	EXP 	CATEGORY CUE: Face: autoDraw = True
140.8219 	EXP 	SIDE CUE: <: autoDraw = True
142.3352 	EXP 	CATEGORY CUE: Face: autoDraw = False
142.3352 	EXP 	SIDE CUE: <: autoDraw = False
142.3352 	EXP 	FIXATION CROSS: autoDraw = True
142.4284 	EXP 	Created CUED COMPOSITE ../../stim/practice_composite/00043931230fb_sunaacmaxjsazeyhcxg.jpg = ImageStim(autoLog=True, color=array([1., 1., 1.]), colorSpace='rgb', contrast=1.0, depth=0, flipHoriz=False, flipVert=False, image=str(...), interpolate=False, mask=None, maskParams=None, name=str(...), opacity=1.0, ori=0.0, pos=array([0., 0.]), size=array([7., 7.]), texRes=128, units='deg', win=Window(...))
142.4362 	EXP 	Created UNCUED COMPOSITE ../../stim/practice_composite/00044931230fa_sunaacrdvqhwlheysdg.jpg = ImageStim(autoLog=True, color=array([1., 1., 1.]), colorSpace='rgb', contrast=1.0, depth=0, flipHoriz=False, flipVert=False, image=str(...), interpolate=False, mask=None, maskParams=None, name=str(...), opacity=1.0, ori=0.0, pos=array([0., 0.]), size=array([7., 7.]), texRes=128, units='deg', win=Window(...))
142.4452 	EXP 	Created CUED COMPOSITE ../../stim/practice_composite/00046931230fa_sunaacslnbvidxeazyx.jpg = ImageStim(autoLog=True, color=array([1., 1., 1.]), colorSpace='rgb', contrast=1.0, depth=0, flipHoriz=False, flipVert=False, image=str(...), interpolate=False, mask=None, maskParams=None, name=str(...), opacity=1.0, ori=0.0, pos=array([0., 0.]), size=array([7., 7.]), texRes=128, units='deg', win=Window(...))
142.4517 	EXP 	Created UNCUED COMPOSITE ../../stim/practice_composite/00047931230fb_sunaactrphdtpvplkkz.jpg = ImageStim(autoLog=True, color=array([1., 1., 1.]), colorSpace='rgb', contrast=1.0, depth=0, flipHoriz=False, flipVert=False, image=str(...), interpolate=False, mask=None, maskParams=None, name=str(...), opacity=1.0, ori=0.0, pos=array([0., 0.]), size=array([7., 7.]), texRes=128, units='deg', win=Window(...))
142.4557 	EXP 	Created CUED COMPOSITE ../../stim/practice_composite/00049931230facopy_sunaacxaszsngweyrkv.jpg = ImageStim(autoLog=True, color=array([1., 1., 1.]), colorSpace='rgb', contrast=1.0, depth=0, flipHoriz=False, flipVert=False, image=str(...), interpolate=False, mask=None, maskParams=None, name=str(...), opacity=1.0, ori=0.0, pos=array([0., 0.]), size=array([7., 7.]), texRes=128, units='deg', win=Window(...))
142.4602 	EXP 	Created UNCUED COMPOSITE ../../stim/practice_composite/00050931230facopy_sunaaczmpbmprzjcofd.jpg = ImageStim(autoLog=True, color=array([1., 1., 1.]), colorSpace='rgb', contrast=1.0, depth=0, flipHoriz=False, flipVert=False, image=str(...), interpolate=False, mask=None, maskParams=None, name=str(...), opacity=1.0, ori=0.0, pos=array([0., 0.]), size=array([7., 7.]), texRes=128, units='deg', win=Window(...))
143.3385 	EXP 	CUED COMPOSITE ../../stim/practice_composite/00043931230fb_sunaacmaxjsazeyhcxg.jpg: pos = array([-8.,  0.])
143.3385 	EXP 	UNCUED COMPOSITE ../../stim/practice_composite/00044931230fa_sunaacrdvqhwlheysdg.jpg: pos = array([8., 0.])
143.3385 	EXP 	CUED COMPOSITE ../../stim/practice_composite/00046931230fa_sunaacslnbvidxeazyx.jpg: pos = array([-8.,  0.])
143.3385 	EXP 	UNCUED COMPOSITE ../../stim/practice_composite/00047931230fb_sunaactrphdtpvplkkz.jpg: pos = array([8., 0.])
143.3385 	EXP 	CUED COMPOSITE ../../stim/practice_composite/00049931230facopy_sunaacxaszsngweyrkv.jpg: pos = array([-8.,  0.])
143.3385 	EXP 	UNCUED COMPOSITE ../../stim/practice_composite/00050931230facopy_sunaaczmpbmprzjcofd.jpg: pos = array([8., 0.])
143.3385 	EXP 	CUED COMPOSITE ../../stim/practice_composite/00043931230fb_sunaacmaxjsazeyhcxg.jpg: autoDraw = True
143.3385 	EXP 	UNCUED COMPOSITE ../../stim/practice_composite/00044931230fa_sunaacrdvqhwlheysdg.jpg: autoDraw = True
146.3533 	EXP 	CUED COMPOSITE ../../stim/practice_composite/00043931230fb_sunaacmaxjsazeyhcxg.jpg: autoDraw = False
146.3533 	EXP 	UNCUED COMPOSITE ../../stim/practice_composite/00044931230fa_sunaacrdvqhwlheysdg.jpg: autoDraw = False
147.3565 	EXP 	CUED COMPOSITE ../../stim/practice_composite/00046931230fa_sunaacslnbvidxeazyx.jpg: autoDraw = True
147.3565 	EXP 	UNCUED COMPOSITE ../../stim/practice_composite/00047931230fb_sunaactrphdtpvplkkz.jpg: autoDraw = True
150.3710 	EXP 	CUED COMPOSITE ../../stim/practice_composite/00046931230fa_sunaacslnbvidxeazyx.jpg: autoDraw = False
150.3710 	EXP 	UNCUED COMPOSITE ../../stim/practice_composite/00047931230fb_sunaactrphdtpvplkkz.jpg: autoDraw = False
151.3747 	EXP 	CUED COMPOSITE ../../stim/practice_composite/00049931230facopy_sunaacxaszsngweyrkv.jpg: autoDraw = True
151.3747 	EXP 	UNCUED COMPOSITE ../../stim/practice_composite/00050931230facopy_sunaaczmpbmprzjcofd.jpg: autoDraw = True
154.3889 	EXP 	CUED COMPOSITE ../../stim/practice_composite/00049931230facopy_sunaacxaszsngweyrkv.jpg: autoDraw = False
154.3889 	EXP 	UNCUED COMPOSITE ../../stim/practice_composite/00050931230facopy_sunaaczmpbmprzjcofd.jpg: autoDraw = False
154.5336 	EXP 	Created unnamed TextStim = TextStim(alignHoriz='center', alignVert='center', antialias=True, autoLog=True, bold=False, color=array([1., 1., 1.]), colorSpace='rgb', contrast=1.0, depth=0, flipHoriz=False, flipVert=False, font='', fontFiles=[], height=1.0, italic=False, name='unnamed TextStim', opacity=1.0, ori=0.0, pos=array([0., 0.]), rgb=array([1., 1., 1.]), text=newstr(...), units='deg', win=Window(...), wrapWidth=40)
154.5435 	EXP 	FIXATION CROSS: autoDraw = False
154.5435 	EXP 	unnamed TextStim: autoDraw = True
178.7117 	DATA 	Keypress: space
178.7472 	EXP 	unnamed TextStim: autoDraw = False
178.7475 	INFO 	Mouse: using default window
178.7478 	EXP 	window1: recordFrameIntervals = False
178.9179 	EXP 	window1: recordFrameIntervals = True
179.1018 	DEBUG 	Screen (0) actual frame rate measured at 59.63
179.1019 	EXP 	window1: recordFrameIntervals = True
179.1050 	EXP 	Created FIXATION CROSS = TextStim(alignHoriz='center', alignVert='center', antialias=True, autoLog=True, bold=False, color='lightGrey', colorSpace='named', contrast=1.0, depth=0.0, flipHoriz=False, flipVert=False, font='Arial', fontFiles=[], height=2, italic=False, name='FIXATION CROSS', opacity=1.0, ori=0, pos=array([0., 0.]), rgb=array([211., 211., 211.]), text='+', units='deg', win=Window(...), wrapWidth=15.0)
179.1070 	EXP 	Created CATEGORY CUE: Place = ImageStim(autoLog=True, color=array([1., 1., 1.]), colorSpace='rgb', contrast=1.0, depth=0, flipHoriz=False, flipVert=False, image='../../stim/cue/Place.png', interpolate=False, mask=None, maskParams=None, name='CATEGORY CUE: Place', opacity=1.0, ori=0.0, pos=array([0., 0.]), size=array([2., 2.]), texRes=128, units='deg', win=Window(...))
179.1101 	EXP 	Created SIDE CUE: > = TextStim(alignHoriz='center', alignVert='center', antialias=True, autoLog=True, bold=False, color='lightGrey', colorSpace='named', contrast=1.0, depth=0.0, flipHoriz=False, flipVert=False, font='Arial', fontFiles=[], height=2, italic=False, name='SIDE CUE: >', opacity=1.0, ori=0, pos=array([0., 0.]), rgb=array([211., 211., 211.]), text='>', units='deg', win=Window(...), wrapWidth=15.0)
179.1177 	EXP 	CATEGORY CUE: Place: pos = array([0., 2.])
179.1177 	EXP 	SIDE CUE: >: pos = array([0., 0.])
179.1177 	EXP 	CATEGORY CUE: Place: autoDraw = True
179.1177 	EXP 	SIDE CUE: >: autoDraw = True
180.6310 	EXP 	CATEGORY CUE: Place: autoDraw = False
180.6310 	EXP 	SIDE CUE: >: autoDraw = False
180.6310 	EXP 	FIXATION CROSS: autoDraw = True
180.6517 	EXP 	Created CUED COMPOSITE ../../stim/practice_mem_composite/00051931230fb_sunaadakyricvbjhamx.jpg = ImageStim(autoLog=True, color=array([1., 1., 1.]), colorSpace='rgb', contrast=1.0, depth=0, flipHoriz=False, flipVert=False, image=str(...), interpolate=False, mask=None, maskParams=None, name=str(...), opacity=1.0, ori=0.0, pos=array([0., 0.]), size=array([7., 7.]), texRes=128, units='deg', win=Window(...))
180.6558 	EXP 	Created UNCUED COMPOSITE ../../stim/practice_mem_composite/00052931230fa_sunaadneptrbqhkzwag.jpg = ImageStim(autoLog=True, color=array([1., 1., 1.]), colorSpace='rgb', contrast=1.0, depth=0, flipHoriz=False, flipVert=False, image=str(...), interpolate=False, mask=None, maskParams=None, name=str(...), opacity=1.0, ori=0.0, pos=array([0., 0.]), size=array([7., 7.]), texRes=128, units='deg', win=Window(...))
180.6684 	EXP 	Created CUED COMPOSITE ../../stim/practice_mem_composite/00053931230fb_sunaadsmjtmardsqqro.jpg = ImageStim(autoLog=True, color=array([1., 1., 1.]), colorSpace='rgb', contrast=1.0, depth=0, flipHoriz=False, flipVert=False, image=str(...), interpolate=False, mask=None, maskParams=None, name=str(...), opacity=1.0, ori=0.0, pos=array([0., 0.]), size=array([7., 7.]), texRes=128, units='deg', win=Window(...))
180.6732 	EXP 	Created UNCUED COMPOSITE ../../stim/practice_mem_composite/00056931230facopy_sunaadtdbzhuhsbihxq.jpg = ImageStim(autoLog=True, color=array([1., 1., 1.]), colorSpace='rgb', contrast=1.0, depth=0, flipHoriz=False, flipVert=False, image=str(...), interpolate=False, mask=None, maskParams=None, name=str(...), opacity=1.0, ori=0.0, pos=array([0., 0.]), size=array([7., 7.]), texRes=128, units='deg', win=Window(...))
180.6772 	EXP 	Created CUED COMPOSITE ../../stim/practice_mem_composite/00058931230fa_sunaaebjpeispxohmfv.jpg = ImageStim(autoLog=True, color=array([1., 1., 1.]), colorSpace='rgb', contrast=1.0, depth=0, flipHoriz=False, flipVert=False, image=str(...), interpolate=False, mask=None, maskParams=None, name=str(...), opacity=1.0, ori=0.0, pos=array([0., 0.]), size=array([7., 7.]), texRes=128, units='deg', win=Window(...))
180.6815 	EXP 	Created UNCUED COMPOSITE ../../stim/practice_mem_composite/00059931230fb_sunaaebuzkvqtkqiact.jpg = ImageStim(autoLog=True, color=array([1., 1., 1.]), colorSpace='rgb', contrast=1.0, depth=0, flipHoriz=False, flipVert=False, image=str(...), interpolate=False, mask=None, maskParams=None, name=str(...), opacity=1.0, ori=0.0, pos=array([0., 0.]), size=array([7., 7.]), texRes=128, units='deg', win=Window(...))
181.6350 	EXP 	CUED COMPOSITE ../../stim/practice_mem_composite/00051931230fb_sunaadakyricvbjhamx.jpg: pos = array([8., 0.])
181.6350 	EXP 	UNCUED COMPOSITE ../../stim/practice_mem_composite/00052931230fa_sunaadneptrbqhkzwag.jpg: pos = array([-8.,  0.])
181.6350 	EXP 	CUED COMPOSITE ../../stim/practice_mem_composite/00053931230fb_sunaadsmjtmardsqqro.jpg: pos = array([8., 0.])
181.6350 	EXP 	UNCUED COMPOSITE ../../stim/practice_mem_composite/00056931230facopy_sunaadtdbzhuhsbihxq.jpg: pos = array([-8.,  0.])
181.6350 	EXP 	CUED COMPOSITE ../../stim/practice_mem_composite/00058931230fa_sunaaebjpeispxohmfv.jpg: pos = array([8., 0.])
181.6350 	EXP 	UNCUED COMPOSITE ../../stim/practice_mem_composite/00059931230fb_sunaaebuzkvqtkqiact.jpg: pos = array([-8.,  0.])
181.6350 	EXP 	CUED COMPOSITE ../../stim/practice_mem_composite/00051931230fb_sunaadakyricvbjhamx.jpg: autoDraw = True
181.6350 	EXP 	UNCUED COMPOSITE ../../stim/practice_mem_composite/00052931230fa_sunaadneptrbqhkzwag.jpg: autoDraw = True
181.6388 	EXP 	Created ATTENTION PROBE = TextStim(alignHoriz='center', alignVert='center', antialias=True, autoLog=True, bold=False, color='lightGrey', colorSpace='named', contrast=1.0, depth=0.0, flipHoriz=False, flipVert=False, font='Arial', fontFiles=[], height=2, italic=False, name='ATTENTION PROBE', opacity=1.0, ori=0, pos=array([0., 0.]), rgb=array([211., 211., 211.]), text='o', units='deg', win=Window(...), wrapWidth=15.0)
184.6487 	EXP 	ATTENTION PROBE: pos = array([-8.,  0.])
184.6487 	EXP 	ATTENTION PROBE: autoDraw = True
184.6487 	EXP 	CUED COMPOSITE ../../stim/practice_mem_composite/00051931230fb_sunaadakyricvbjhamx.jpg: autoDraw = False
184.6487 	EXP 	UNCUED COMPOSITE ../../stim/practice_mem_composite/00052931230fa_sunaadneptrbqhkzwag.jpg: autoDraw = False
186.6876 	DATA 	Keypress: 3
186.7162 	EXP 	ATTENTION PROBE: autoDraw = False
186.7162 	EXP 	WIN FLIP : ATTENTION PROBE OFF
187.7201 	EXP 	CUED COMPOSITE ../../stim/practice_mem_composite/00053931230fb_sunaadsmjtmardsqqro.jpg: autoDraw = True
187.7201 	EXP 	UNCUED COMPOSITE ../../stim/practice_mem_composite/00056931230facopy_sunaadtdbzhuhsbihxq.jpg: autoDraw = True
187.7232 	EXP 	Created ATTENTION PROBE = TextStim(alignHoriz='center', alignVert='center', antialias=True, autoLog=True, bold=False, color='lightGrey', colorSpace='named', contrast=1.0, depth=0.0, flipHoriz=False, flipVert=False, font='Arial', fontFiles=[], height=2, italic=False, name='ATTENTION PROBE', opacity=1.0, ori=0, pos=array([0., 0.]), rgb=array([211., 211., 211.]), text='o', units='deg', win=Window(...), wrapWidth=15.0)
190.7339 	EXP 	ATTENTION PROBE: pos = array([8., 0.])
190.7339 	EXP 	ATTENTION PROBE: autoDraw = True
190.7339 	EXP 	CUED COMPOSITE ../../stim/practice_mem_composite/00053931230fb_sunaadsmjtmardsqqro.jpg: autoDraw = False
190.7339 	EXP 	UNCUED COMPOSITE ../../stim/practice_mem_composite/00056931230facopy_sunaadtdbzhuhsbihxq.jpg: autoDraw = False
191.3195 	DATA 	Keypress: 3
191.3510 	EXP 	ATTENTION PROBE: autoDraw = False
191.3510 	EXP 	WIN FLIP : ATTENTION PROBE OFF
192.3546 	EXP 	CUED COMPOSITE ../../stim/practice_mem_composite/00058931230fa_sunaaebjpeispxohmfv.jpg: autoDraw = True
192.3546 	EXP 	UNCUED COMPOSITE ../../stim/practice_mem_composite/00059931230fb_sunaaebuzkvqtkqiact.jpg: autoDraw = True
192.3575 	EXP 	Created ATTENTION PROBE = TextStim(alignHoriz='center', alignVert='center', antialias=True, autoLog=True, bold=False, color='lightGrey', colorSpace='named', contrast=1.0, depth=0.0, flipHoriz=False, flipVert=False, font='Arial', fontFiles=[], height=2, italic=False, name='ATTENTION PROBE', opacity=1.0, ori=0, pos=array([0., 0.]), rgb=array([211., 211., 211.]), text='o', units='deg', win=Window(...), wrapWidth=15.0)
195.3594 	EXP 	ATTENTION PROBE: pos = array([8., 0.])
195.3594 	EXP 	ATTENTION PROBE: autoDraw = True
195.3594 	EXP 	CUED COMPOSITE ../../stim/practice_mem_composite/00058931230fa_sunaaebjpeispxohmfv.jpg: autoDraw = False
195.3594 	EXP 	UNCUED COMPOSITE ../../stim/practice_mem_composite/00059931230fb_sunaaebuzkvqtkqiact.jpg: autoDraw = False
197.4716 	DATA 	Keypress: 3
197.5067 	EXP 	ATTENTION PROBE: autoDraw = False
197.5067 	EXP 	WIN FLIP : ATTENTION PROBE OFF
197.7025 	EXP 	Created unnamed TextStim = TextStim(alignHoriz='center', alignVert='center', antialias=True, autoLog=True, bold=False, color=array([1., 1., 1.]), colorSpace='rgb', contrast=1.0, depth=0, flipHoriz=False, flipVert=False, font='', fontFiles=[], height=1.0, italic=False, name='unnamed TextStim', opacity=1.0, ori=0.0, pos=array([0., 0.]), rgb=array([1., 1., 1.]), text=newstr(...), units='deg', win=Window(...), wrapWidth=40)
197.7267 	EXP 	FIXATION CROSS: autoDraw = False
197.7267 	EXP 	unnamed TextStim: autoDraw = True
210.4154 	DATA 	Keypress: space
210.4442 	EXP 	unnamed TextStim: autoDraw = False
210.4445 	INFO 	Mouse: using default window
210.4474 	EXP 	Created FIXATION CROSS = TextStim(alignHoriz='center', alignVert='center', antialias=True, autoLog=True, bold=False, color='lightGrey', colorSpace='named', contrast=1.0, depth=0.0, flipHoriz=False, flipVert=False, font='Arial', fontFiles=[], height=2, italic=False, name='FIXATION CROSS', opacity=1.0, ori=0, pos=array([0., 0.]), rgb=array([211., 211., 211.]), text='+', units='deg', win=Window(...), wrapWidth=15.0)
210.4474 	EXP 	window1: recordFrameIntervals = False
210.6104 	EXP 	window1: recordFrameIntervals = True
210.8002 	DEBUG 	Screen (0) actual frame rate measured at 57.86
210.8002 	EXP 	window1: recordFrameIntervals = True
210.8032 	EXP 	Created FIXATION CROSS = TextStim(alignHoriz='center', alignVert='center', antialias=True, autoLog=True, bold=False, color='lightGrey', colorSpace='named', contrast=1.0, depth=0.0, flipHoriz=False, flipVert=False, font='Arial', fontFiles=[], height=2, italic=False, name='FIXATION CROSS', opacity=1.0, ori=0, pos=array([0., 0.]), rgb=array([211., 211., 211.]), text='+', units='deg', win=Window(...), wrapWidth=15.0)
210.8199 	EXP 	Created MEMORY IMAGE ../../stim/practice_mem_single/sunaaebuzkvqtkqiact.jpg = ImageStim(autoLog=True, color=array([1., 1., 1.]), colorSpace='rgb', contrast=1.0, depth=0, flipHoriz=False, flipVert=False, image=str(...), interpolate=False, mask=None, maskParams=None, name=str(...), opacity=1.0, ori=0.0, pos=array([0., 0.]), size=array([7., 7.]), texRes=128, units='deg', win=Window(...))
210.8262 	EXP 	Created MEMORY IMAGE ../../stim/practice_mem_single/00038940128facopy.jpg = ImageStim(autoLog=True, color=array([1., 1., 1.]), colorSpace='rgb', contrast=1.0, depth=0, flipHoriz=False, flipVert=False, image=str(...), interpolate=False, mask=None, maskParams=None, name=str(...), opacity=1.0, ori=0.0, pos=array([0., 0.]), size=array([7., 7.]), texRes=128, units='deg', win=Window(...))
210.8360 	EXP 	Created MEMORY IMAGE ../../stim/practice_mem_single/00053931230fb.jpg = ImageStim(autoLog=True, color=array([1., 1., 1.]), colorSpace='rgb', contrast=1.0, depth=0, flipHoriz=False, flipVert=False, image=str(...), interpolate=False, mask=None, maskParams=None, name=str(...), opacity=1.0, ori=0.0, pos=array([0., 0.]), size=array([7., 7.]), texRes=128, units='deg', win=Window(...))
210.8403 	EXP 	Created MEMORY IMAGE ../../stim/practice_mem_single/sunaackkibslwddpycb.jpg = ImageStim(autoLog=True, color=array([1., 1., 1.]), colorSpace='rgb', contrast=1.0, depth=0, flipHoriz=False, flipVert=False, image=str(...), interpolate=False, mask=None, maskParams=None, name=str(...), opacity=1.0, ori=0.0, pos=array([0., 0.]), size=array([7., 7.]), texRes=128, units='deg', win=Window(...))
210.8643 	EXP 	MEMORY IMAGE ../../stim/practice_mem_single/sunaaebuzkvqtkqiact.jpg: pos = array([0., 0.])
210.8643 	EXP 	MEMORY IMAGE ../../stim/practice_mem_single/00038940128facopy.jpg: pos = array([0., 0.])
210.8643 	EXP 	MEMORY IMAGE ../../stim/practice_mem_single/00053931230fb.jpg: pos = array([0., 0.])
210.8643 	EXP 	MEMORY IMAGE ../../stim/practice_mem_single/sunaackkibslwddpycb.jpg: pos = array([0., 0.])
210.8643 	EXP 	FIXATION CROSS: autoDraw = True
210.8643 	EXP 	WIN FLIP : FIXATION ON
211.0361 	EXP 	Created unnamed RatingScale = RatingScale(acceptKeys=['return'], acceptPreText=UNKNOWN, acceptSize=UNKNOWN, acceptText=UNKNOWN, autoLog=True, choices=False, depth=0, disappear=False, flipVert=False, high=4, kwargs=UNKNOWN, labels=list(...), leftKeys=['left'], lineColor='White', low=1, marker=ShapeStim(...), markerColor='Black', markerExpansion=UNKNOWN, markerStart=0, maxTime=2.0, minTime=0.0, mouseOnly=False, name='unnamed RatingScale', noMouse=True, pos=[0.0, -0.42], precision=1, respKeys=['1', '2', '3', '4'], rightKeys=['right'], scale=str(...), self=UNKNOWN, showAccept=False, showValue=True, singleClick=True, size=0.6, skipKeys=['tab'], stretch=1.0, textColor='LightGray', textFont='Helvetica Bold', textSize=0.12, tickHeight=1.0, tickMarks=3.0, win=Window(...))
211.8807 	EXP 	FIXATION CROSS: autoDraw = False
211.8807 	EXP 	unnamed RatingScale: flipVert = False
211.8807 	EXP 	unnamed RatingScale: autoLog = True
211.8807 	EXP 	unnamed RatingScale: autoDraw = True
211.8807 	EXP 	MEMORY IMAGE ../../stim/practice_mem_single/sunaaebuzkvqtkqiact.jpg: autoDraw = True
211.8807 	EXP 	WIN FLIP : FIXATION OFF, SCALE AND MEMORY ON
213.8656 	EXP 	WIN FLIP : SCALE AND MEMORY OFF, FIXATION ON
213.8656 	EXP 	unnamed RatingScale: autoDraw = False
213.8656 	EXP 	MEMORY IMAGE ../../stim/practice_mem_single/sunaaebuzkvqtkqiact.jpg: autoDraw = False
213.8656 	EXP 	FIXATION CROSS: autoDraw = True
213.9086 	EXP 	Created unnamed RatingScale = RatingScale(acceptKeys=['return'], acceptPreText=UNKNOWN, acceptSize=UNKNOWN, acceptText=UNKNOWN, autoLog=True, choices=False, depth=0, disappear=False, flipVert=False, high=4, kwargs=UNKNOWN, labels=list(...), leftKeys=['left'], lineColor='White', low=1, marker=ShapeStim(...), markerColor='Black', markerExpansion=UNKNOWN, markerStart=0, maxTime=2.0, minTime=0.0, mouseOnly=False, name='unnamed RatingScale', noMouse=True, pos=[0.0, -0.42], precision=1, respKeys=['1', '2', '3', '4'], rightKeys=['right'], scale=str(...), self=UNKNOWN, showAccept=False, showValue=True, singleClick=True, size=0.6, skipKeys=['tab'], stretch=1.0, textColor='LightGray', textFont='Helvetica Bold', textSize=0.12, tickHeight=1.0, tickMarks=3.0, win=Window(...))
214.6505 	DATA 	Keypress: 2
214.8657 	EXP 	FIXATION CROSS: autoDraw = False
214.8657 	EXP 	unnamed RatingScale: flipVert = False
214.8657 	EXP 	unnamed RatingScale: autoLog = True
214.8657 	EXP 	unnamed RatingScale: autoDraw = True
214.8657 	EXP 	MEMORY IMAGE ../../stim/practice_mem_single/00038940128facopy.jpg: autoDraw = True
214.8657 	EXP 	WIN FLIP : FIXATION OFF, SCALE AND MEMORY ON
216.3416 	DATA 	Keypress: 3
216.3420 	DATA 	RatingScale unnamed RatingScale: (key single-click) rating=3
216.3421 	DATA 	RatingScale unnamed RatingScale: rating RT=1.492
216.3421 	DATA 	RatingScale unnamed RatingScale: history=[(None, 0.0), (3, 1.492)]
216.8657 	EXP 	WIN FLIP : SCALE AND MEMORY OFF, FIXATION ON
216.8657 	EXP 	unnamed RatingScale: autoDraw = False
216.8657 	EXP 	MEMORY IMAGE ../../stim/practice_mem_single/00038940128facopy.jpg: autoDraw = False
216.8657 	EXP 	FIXATION CROSS: autoDraw = True
216.9080 	EXP 	Created unnamed RatingScale = RatingScale(acceptKeys=['return'], acceptPreText=UNKNOWN, acceptSize=UNKNOWN, acceptText=UNKNOWN, autoLog=True, choices=False, depth=0, disappear=False, flipVert=False, high=4, kwargs=UNKNOWN, labels=list(...), leftKeys=['left'], lineColor='White', low=1, marker=ShapeStim(...), markerColor='Black', markerExpansion=UNKNOWN, markerStart=0, maxTime=2.0, minTime=0.0, mouseOnly=False, name='unnamed RatingScale', noMouse=True, pos=[0.0, -0.42], precision=1, respKeys=['1', '2', '3', '4'], rightKeys=['right'], scale=str(...), self=UNKNOWN, showAccept=False, showValue=True, singleClick=True, size=0.6, skipKeys=['tab'], stretch=1.0, textColor='LightGray', textFont='Helvetica Bold', textSize=0.12, tickHeight=1.0, tickMarks=3.0, win=Window(...))
217.8668 	EXP 	FIXATION CROSS: autoDraw = False
217.8668 	EXP 	unnamed RatingScale: flipVert = False
217.8668 	EXP 	unnamed RatingScale: autoLog = True
217.8668 	EXP 	unnamed RatingScale: autoDraw = True
217.8668 	EXP 	MEMORY IMAGE ../../stim/practice_mem_single/00053931230fb.jpg: autoDraw = True
217.8668 	EXP 	WIN FLIP : FIXATION OFF, SCALE AND MEMORY ON
219.8498 	EXP 	WIN FLIP : SCALE AND MEMORY OFF, FIXATION ON
219.8498 	EXP 	unnamed RatingScale: autoDraw = False
219.8498 	EXP 	MEMORY IMAGE ../../stim/practice_mem_single/00053931230fb.jpg: autoDraw = False
219.8498 	EXP 	FIXATION CROSS: autoDraw = True
219.8925 	EXP 	Created unnamed RatingScale = RatingScale(acceptKeys=['return'], acceptPreText=UNKNOWN, acceptSize=UNKNOWN, acceptText=UNKNOWN, autoLog=True, choices=False, depth=0, disappear=False, flipVert=False, high=4, kwargs=UNKNOWN, labels=list(...), leftKeys=['left'], lineColor='White', low=1, marker=ShapeStim(...), markerColor='Black', markerExpansion=UNKNOWN, markerStart=0, maxTime=2.0, minTime=0.0, mouseOnly=False, name='unnamed RatingScale', noMouse=True, pos=[0.0, -0.42], precision=1, respKeys=['1', '2', '3', '4'], rightKeys=['right'], scale=str(...), self=UNKNOWN, showAccept=False, showValue=True, singleClick=True, size=0.6, skipKeys=['tab'], stretch=1.0, textColor='LightGray', textFont='Helvetica Bold', textSize=0.12, tickHeight=1.0, tickMarks=3.0, win=Window(...))
220.8509 	EXP 	FIXATION CROSS: autoDraw = False
220.8509 	EXP 	unnamed RatingScale: flipVert = False
220.8509 	EXP 	unnamed RatingScale: autoLog = True
220.8509 	EXP 	unnamed RatingScale: autoDraw = True
220.8509 	EXP 	MEMORY IMAGE ../../stim/practice_mem_single/sunaackkibslwddpycb.jpg: autoDraw = True
220.8509 	EXP 	WIN FLIP : FIXATION OFF, SCALE AND MEMORY ON
222.2773 	DATA 	Keypress: 1
222.2777 	DATA 	RatingScale unnamed RatingScale: (key single-click) rating=1
222.2777 	DATA 	RatingScale unnamed RatingScale: rating RT=1.445
222.2777 	DATA 	RatingScale unnamed RatingScale: history=[(None, 0.0), (1, 1.445)]
222.8297 	EXP 	WIN FLIP : SCALE AND MEMORY OFF, FIXATION ON
222.8297 	EXP 	unnamed RatingScale: autoDraw = False
222.8297 	EXP 	MEMORY IMAGE ../../stim/practice_mem_single/sunaackkibslwddpycb.jpg: autoDraw = False
222.8297 	EXP 	FIXATION CROSS: autoDraw = True
222.8297 	EXP 	FIXATION CROSS: autoDraw = False
222.8297 	EXP 	WIN FLIP : FIXATION OFF
222.8306 	INFO 	PRACTICE END: 1571327159.63
222.8744 	EXP 	Created INSTRCUCTION TEXT = TextStim(alignHoriz='center', alignVert='center', antialias=True, autoLog=True, bold=False, color=array([1., 1., 1.]), colorSpace='rgb', contrast=1.0, depth=0, flipHoriz=False, flipVert=False, font='', fontFiles=[], height=1.0, italic=False, name='INSTRCUCTION TEXT', opacity=1.0, ori=0.0, pos=array([0., 0.]), rgb=array([1., 1., 1.]), text=newstr(...), units='deg', win=Window(...), wrapWidth=40)
222.8851 	EXP 	INSTRCUCTION TEXT: autoDraw = True
227.3994 	DATA 	Keypress: space
228.6797 	EXP 	window1: mouseVisible = True
