3.6907 	WARNING 	User requested fullscreen with size [1024  768], but screen is actually [1680, 1050]. Using actual size
5.9304 	DATA 	Keypress: return
9.4408 	DATA 	Keypress: 2
10.3805 	DATA 	Keypress: 2
11.4932 	DATA 	Keypress: 3
14.6802 	DATA 	Keypress: 1
18.1801 	DATA 	Keypress: 1
21.4802 	DATA 	Keypress: 1
24.7802 	DATA 	Keypress: 3
28.0303 	DATA 	Keypress: 1
32.2431 	DATA 	Keypress: 3
35.9802 	DATA 	Keypress: 1
39.1398 	DATA 	Keypress: 2
39.1802 	DATA 	Keypress: 3
42.7468 	DATA 	Keypress: 3
44.3802 	DATA 	Keypress: return
46.3309 	DATA 	Keypress: 4
46.3315 	DATA 	RatingScale unnamed RatingScale: (key single-click) rating=4
46.3317 	DATA 	RatingScale unnamed RatingScale: rating RT=0.901
46.3317 	DATA 	RatingScale unnamed RatingScale: history=[(None, 0.0), (4, 0.901)]
47.8478 	DATA 	Keypress: 3
47.8484 	DATA 	RatingScale unnamed RatingScale: (key single-click) rating=3
47.8485 	DATA 	RatingScale unnamed RatingScale: rating RT=0.452
47.8486 	DATA 	RatingScale unnamed RatingScale: history=[(None, 0.0), (3, 0.452)]
47.8607 	ERROR 	Couldn't find image /Users/kirstenziman/Documents/GitHub/P4N2016/stim/OddballLocStims/Faces/House_042.jpg; check path? (tried: /Users/kirstenziman/Documents/GitHub/P4N2016/stim/OddballLocStims/Faces/House_042.jpg)
49.9093 	DATA 	RatingScale unnamed RatingScale: (timed out: 1.000s) rating=None
49.9273 	ERROR 	Couldn't find image /Users/kirstenziman/Documents/GitHub/P4N2016/stim/OddballLocStims/Faces/House_016.jpg; check path? (tried: /Users/kirstenziman/Documents/GitHub/P4N2016/stim/OddballLocStims/Faces/House_016.jpg)
49.9341 	DATA 	Keypress: 1
51.9770 	DATA 	RatingScale unnamed RatingScale: (timed out: 1.000s) rating=None
51.9947 	ERROR 	Couldn't find image /Users/kirstenziman/Documents/GitHub/P4N2016/stim/OddballLocStims/Faces/House_054.jpg; check path? (tried: /Users/kirstenziman/Documents/GitHub/P4N2016/stim/OddballLocStims/Faces/House_054.jpg)
52.0953 	DATA 	Keypress: 3
53.3487 	DATA 	Keypress: 2
54.0592 	DATA 	RatingScale unnamed RatingScale: (timed out: 1.000s) rating=2
55.8474 	DATA 	Keypress: 1
55.8478 	DATA 	RatingScale unnamed RatingScale: (key single-click) rating=1
55.8480 	DATA 	RatingScale unnamed RatingScale: rating RT=0.699
55.8480 	DATA 	RatingScale unnamed RatingScale: history=[(None, 0.0), (1, 0.699)]
55.8617 	ERROR 	Couldn't find image /Users/kirstenziman/Documents/GitHub/P4N2016/stim/OddballLocStims/Faces/House_040.jpg; check path? (tried: /Users/kirstenziman/Documents/GitHub/P4N2016/stim/OddballLocStims/Faces/House_040.jpg)
57.5309 	DATA 	Keypress: 4
57.5450 	DATA 	RatingScale unnamed RatingScale: (key single-click) rating=4
57.5452 	DATA 	RatingScale unnamed RatingScale: rating RT=0.650
57.5452 	DATA 	RatingScale unnamed RatingScale: history=[(None, 0.0), (4, 0.65)]
59.0310 	DATA 	Keypress: 3
59.0315 	DATA 	RatingScale unnamed RatingScale: (key single-click) rating=3
59.0317 	DATA 	RatingScale unnamed RatingScale: rating RT=0.436
59.0317 	DATA 	RatingScale unnamed RatingScale: history=[(None, 0.0), (3, 0.436)]
59.0439 	ERROR 	Couldn't find image /Users/kirstenziman/Documents/GitHub/P4N2016/stim/OddballLocStims/Faces/House_029.jpg; check path? (tried: /Users/kirstenziman/Documents/GitHub/P4N2016/stim/OddballLocStims/Faces/House_029.jpg)
