0.0002 	WARNING 	warning
0.0002 	EXP 	experiment
0.0002 	DATA 	data
0.0002 	INFO 	info
0.0002 	INFO 	current time: 1571074295.27
8.4275 	DEBUG 	handleLineEditChange: inputFieldName=1. age, type=<type 'str'>, value=2
8.5795 	DEBUG 	handleLineEditChange: inputFieldName=1. age, type=<type 'str'>, value=20
10.7693 	DEBUG 	handleCurrentIndexChanged: inputFieldName=2. sex:, selected=Male, type: <type 'str'>
12.6459 	DEBUG 	handleCurrentIndexChanged: inputFieldName=3. Are you hispanic or latino?, selected=No, type: <type 'str'>
14.1013 	DEBUG 	handleCheckboxChange: inputFieldName=White, checked=True
18.9903 	DEBUG 	handleCurrentIndexChanged: inputFieldName=5. Highest Degree Achieved:, selected=some college, type: <type 'str'>
22.8475 	DEBUG 	handleCurrentIndexChanged: inputFieldName=(e.g. dyslexia, uncorrected far-sightedness, etc.), selected=No, type: <type 'str'>
25.2446 	DEBUG 	handleCurrentIndexChanged: inputFieldName=7. Do you have normal color vision?, selected=Yes, type: <type 'str'>
30.4248 	DEBUG 	handleCurrentIndexChanged: inputFieldName=affect your memory or attention?, selected=Yes, type: <type 'str'>
33.7634 	DEBUG 	handleLineEditChange: inputFieldName=9. If yes to question above, describe, type=<type 'str'>, value=A
34.3872 	DEBUG 	handleLineEditChange: inputFieldName=9. If yes to question above, describe, type=<type 'str'>, value=Am
34.5951 	DEBUG 	handleLineEditChange: inputFieldName=9. If yes to question above, describe, type=<type 'str'>, value=Amp
34.7072 	DEBUG 	handleLineEditChange: inputFieldName=9. If yes to question above, describe, type=<type 'str'>, value=Amph
34.8363 	DEBUG 	handleLineEditChange: inputFieldName=9. If yes to question above, describe, type=<type 'str'>, value=Amphe
35.0597 	DEBUG 	handleLineEditChange: inputFieldName=9. If yes to question above, describe, type=<type 'str'>, value=Amphet
35.2037 	DEBUG 	handleLineEditChange: inputFieldName=9. If yes to question above, describe, type=<type 'str'>, value=Ampheta
35.3561 	DEBUG 	handleLineEditChange: inputFieldName=9. If yes to question above, describe, type=<type 'str'>, value=Amphetam
35.5473 	DEBUG 	handleLineEditChange: inputFieldName=9. If yes to question above, describe, type=<type 'str'>, value=Amphetami
35.6194 	DEBUG 	handleLineEditChange: inputFieldName=9. If yes to question above, describe, type=<type 'str'>, value=Amphetamin
35.7632 	DEBUG 	handleLineEditChange: inputFieldName=9. If yes to question above, describe, type=<type 'str'>, value=Amphetamine
41.5472 	DEBUG 	handleLineEditChange: inputFieldName=you get last night? (enter only a number), type=<type 'str'>, value=6
44.1880 	DEBUG 	handleLineEditChange: inputFieldName=have you had today? (enter only a number), type=<type 'str'>, value=0
47.3872 	DEBUG 	handleLineEditChange: inputFieldName=9. If yes to question above, describe, type=<type 'str'>, value=Amphetamine 
47.8513 	DEBUG 	handleLineEditChange: inputFieldName=9. If yes to question above, describe, type=<type 'str'>, value=Amphetamine (
48.4592 	DEBUG 	handleLineEditChange: inputFieldName=9. If yes to question above, describe, type=<type 'str'>, value=Amphetamine (t
48.4991 	DEBUG 	handleLineEditChange: inputFieldName=9. If yes to question above, describe, type=<type 'str'>, value=Amphetamine (th
48.5952 	DEBUG 	handleLineEditChange: inputFieldName=9. If yes to question above, describe, type=<type 'str'>, value=Amphetamine (tho
48.6912 	DEBUG 	handleLineEditChange: inputFieldName=9. If yes to question above, describe, type=<type 'str'>, value=Amphetamine (thou
48.7792 	DEBUG 	handleLineEditChange: inputFieldName=9. If yes to question above, describe, type=<type 'str'>, value=Amphetamine (thoug
48.8593 	DEBUG 	handleLineEditChange: inputFieldName=9. If yes to question above, describe, type=<type 'str'>, value=Amphetamine (though
48.9792 	DEBUG 	handleLineEditChange: inputFieldName=9. If yes to question above, describe, type=<type 'str'>, value=Amphetamine (though 
49.0839 	DEBUG 	handleLineEditChange: inputFieldName=9. If yes to question above, describe, type=<type 'str'>, value=Amphetamine (though n
49.2192 	DEBUG 	handleLineEditChange: inputFieldName=9. If yes to question above, describe, type=<type 'str'>, value=Amphetamine (though no
49.2671 	DEBUG 	handleLineEditChange: inputFieldName=9. If yes to question above, describe, type=<type 'str'>, value=Amphetamine (though not
49.4031 	DEBUG 	handleLineEditChange: inputFieldName=9. If yes to question above, describe, type=<type 'str'>, value=Amphetamine (though not 
49.4752 	DEBUG 	handleLineEditChange: inputFieldName=9. If yes to question above, describe, type=<type 'str'>, value=Amphetamine (though not a
49.5712 	DEBUG 	handleLineEditChange: inputFieldName=9. If yes to question above, describe, type=<type 'str'>, value=Amphetamine (though not at
49.6431 	DEBUG 	handleLineEditChange: inputFieldName=9. If yes to question above, describe, type=<type 'str'>, value=Amphetamine (though not at 
49.7713 	DEBUG 	handleLineEditChange: inputFieldName=9. If yes to question above, describe, type=<type 'str'>, value=Amphetamine (though not at t
49.8753 	DEBUG 	handleLineEditChange: inputFieldName=9. If yes to question above, describe, type=<type 'str'>, value=Amphetamine (though not at ti
49.9070 	DEBUG 	handleLineEditChange: inputFieldName=9. If yes to question above, describe, type=<type 'str'>, value=Amphetamine (though not at tim
49.9633 	DEBUG 	handleLineEditChange: inputFieldName=9. If yes to question above, describe, type=<type 'str'>, value=Amphetamine (though not at time
50.0431 	DEBUG 	handleLineEditChange: inputFieldName=9. If yes to question above, describe, type=<type 'str'>, value=Amphetamine (though not at time 
50.1549 	DEBUG 	handleLineEditChange: inputFieldName=9. If yes to question above, describe, type=<type 'str'>, value=Amphetamine (though not at time o
50.2350 	DEBUG 	handleLineEditChange: inputFieldName=9. If yes to question above, describe, type=<type 'str'>, value=Amphetamine (though not at time of
50.3072 	DEBUG 	handleLineEditChange: inputFieldName=9. If yes to question above, describe, type=<type 'str'>, value=Amphetamine (though not at time of 
50.4432 	DEBUG 	handleLineEditChange: inputFieldName=9. If yes to question above, describe, type=<type 'str'>, value=Amphetamine (though not at time of e
50.6354 	DEBUG 	handleLineEditChange: inputFieldName=9. If yes to question above, describe, type=<type 'str'>, value=Amphetamine (though not at time of ex
50.8511 	DEBUG 	handleLineEditChange: inputFieldName=9. If yes to question above, describe, type=<type 'str'>, value=Amphetamine (though not at time of exp
51.2273 	DEBUG 	handleLineEditChange: inputFieldName=9. If yes to question above, describe, type=<type 'str'>, value=Amphetamine (though not at time of expe
51.3152 	DEBUG 	handleLineEditChange: inputFieldName=9. If yes to question above, describe, type=<type 'str'>, value=Amphetamine (though not at time of exper
51.4598 	DEBUG 	handleLineEditChange: inputFieldName=9. If yes to question above, describe, type=<type 'str'>, value=Amphetamine (though not at time of experi
51.6110 	DEBUG 	handleLineEditChange: inputFieldName=9. If yes to question above, describe, type=<type 'str'>, value=Amphetamine (though not at time of experim
51.6830 	DEBUG 	handleLineEditChange: inputFieldName=9. If yes to question above, describe, type=<type 'str'>, value=Amphetamine (though not at time of experime
51.7710 	DEBUG 	handleLineEditChange: inputFieldName=9. If yes to question above, describe, type=<type 'str'>, value=Amphetamine (though not at time of experimen
51.8271 	DEBUG 	handleLineEditChange: inputFieldName=9. If yes to question above, describe, type=<type 'str'>, value=Amphetamine (though not at time of experiment
52.1242 	DEBUG 	handleLineEditChange: inputFieldName=9. If yes to question above, describe, type=<type 'str'>, value=Amphetamine (though not at time of experiment)
56.4464 	DEBUG 	handleCurrentIndexChanged: inputFieldName=12. How alert are you feeling?:, selected=A little alert, type: <type 'str'>
58.5748 	INFO 	Loaded monitor calibration from ['2016_07_13 13:20']
58.5788 	WARNING 	User requested fullscreen with size [1024  768], but screen is actually [2048, 1152]. Using actual size
59.1272 	EXP 	Created window1 = Window(allowGUI=False, allowStencil=False, args=UNKNOWN, autoLog=True, bitsMode=UNKNOWN, blendMode='avg', color='black', colorSpace='named', fullscr=UNKNOWN, gamma=None, kwargs=UNKNOWN, lms=UNKNOWN, monitor=<psychopy.monitors.calibTools.Monitor object at 0x10e4e6390>, multiSample=False, name='window1', numSamples=2, pos=[-1024, -576], screen=0, size=array([4096, 2304]), stereo=False, units='deg', useFBO=False, useRetina=True, viewOri=0.0, viewPos=None, viewScale=None, waitBlanking=True, winType=u'pyglet')
59.1272 	EXP 	window1: recordFrameIntervals = False
59.2966 	EXP 	window1: recordFrameIntervals = True
59.5441 	DEBUG 	Screen (0) actual frame rate measured at 59.86
59.5441 	EXP 	window1: recordFrameIntervals = False
59.5441 	INFO 	Mouse: using default window
59.7113 	EXP 	Created unnamed TextStim = TextStim(alignHoriz='center', alignVert='center', antialias=True, autoLog=True, bold=False, color=array([1., 1., 1.]), colorSpace='rgb', contrast=1.0, depth=0, flipHoriz=False, flipVert=False, font='', fontFiles=[], height=1.0, italic=False, name='unnamed TextStim', opacity=1.0, ori=0.0, pos=array([0., 0.]), rgb=array([1., 1., 1.]), text=newstr(...), units='deg', win=Window(...), wrapWidth=40)
59.7320 	EXP 	unnamed TextStim: autoDraw = True
66.4450 	DATA 	Keypress: space
66.4835 	EXP 	unnamed TextStim: autoDraw = False
66.5510 	EXP 	Created unnamed TextStim = TextStim(alignHoriz='center', alignVert='center', antialias=True, autoLog=True, bold=False, color=array([1., 1., 1.]), colorSpace='rgb', contrast=1.0, depth=0, flipHoriz=False, flipVert=False, font='', fontFiles=[], height=1.0, italic=False, name='unnamed TextStim', opacity=1.0, ori=0.0, pos=array([0., 0.]), rgb=array([1., 1., 1.]), text=newstr(...), units='deg', win=Window(...), wrapWidth=40)
66.6172 	EXP 	Created MEMORY IMAGE ../../stim/practice_composite/00002940128fb_sunaaacnosloariecpa.jpg = ImageStim(autoLog=True, color=array([1., 1., 1.]), colorSpace='rgb', contrast=1.0, depth=0, flipHoriz=False, flipVert=False, image=str(...), interpolate=False, mask=None, maskParams=None, name=str(...), opacity=1.0, ori=0.0, pos=array([0., 0.]), size=array([7., 7.]), texRes=128, units='deg', win=Window(...))
66.6500 	EXP 	MEMORY IMAGE ../../stim/practice_composite/00002940128fb_sunaaacnosloariecpa.jpg: pos = array([0., 0.])
66.6500 	EXP 	unnamed TextStim: autoDraw = True
66.6500 	EXP 	MEMORY IMAGE ../../stim/practice_composite/00002940128fb_sunaaacnosloariecpa.jpg: autoDraw = True
73.5634 	DATA 	Keypress: space
73.6019 	EXP 	unnamed TextStim: autoDraw = False
73.6019 	EXP 	MEMORY IMAGE ../../stim/practice_composite/00002940128fb_sunaaacnosloariecpa.jpg: autoDraw = False
73.6682 	EXP 	Created unnamed TextStim = TextStim(alignHoriz='center', alignVert='center', antialias=True, autoLog=True, bold=False, color=array([1., 1., 1.]), colorSpace='rgb', contrast=1.0, depth=0, flipHoriz=False, flipVert=False, font='', fontFiles=[], height=1.0, italic=False, name='unnamed TextStim', opacity=1.0, ori=0.0, pos=array([0., 0.]), rgb=array([1., 1., 1.]), text=newstr(...), units='deg', win=Window(...), wrapWidth=40)
73.6723 	EXP 	Created MEMORY IMAGE ../../stim/practice_composite/00003941121fa_sunaaaenaoynzhoyheo.jpg = ImageStim(autoLog=True, color=array([1., 1., 1.]), colorSpace='rgb', contrast=1.0, depth=0, flipHoriz=False, flipVert=False, image=str(...), interpolate=False, mask=None, maskParams=None, name=str(...), opacity=1.0, ori=0.0, pos=array([0., 0.]), size=array([7., 7.]), texRes=128, units='deg', win=Window(...))
73.7016 	EXP 	MEMORY IMAGE ../../stim/practice_composite/00003941121fa_sunaaaenaoynzhoyheo.jpg: pos = array([0., 0.])
73.7016 	EXP 	unnamed TextStim: autoDraw = True
73.7016 	EXP 	MEMORY IMAGE ../../stim/practice_composite/00003941121fa_sunaaaenaoynzhoyheo.jpg: autoDraw = True
82.7075 	DATA 	Keypress: space
82.7376 	EXP 	unnamed TextStim: autoDraw = False
82.7376 	EXP 	MEMORY IMAGE ../../stim/practice_composite/00003941121fa_sunaaaenaoynzhoyheo.jpg: autoDraw = False
82.7923 	EXP 	Created unnamed TextStim = TextStim(alignHoriz='center', alignVert='center', antialias=True, autoLog=True, bold=False, color=array([1., 1., 1.]), colorSpace='rgb', contrast=1.0, depth=0, flipHoriz=False, flipVert=False, font='', fontFiles=[], height=1.0, italic=False, name='unnamed TextStim', opacity=1.0, ori=0.0, pos=array([0., 0.]), rgb=array([1., 1., 1.]), text=newstr(...), units='deg', win=Window(...), wrapWidth=40)
82.7965 	EXP 	Created MEMORY IMAGE ../../stim/practice_composite/00013931230fb_sunaaasertfihkcjvdd.jpg = ImageStim(autoLog=True, color=array([1., 1., 1.]), colorSpace='rgb', contrast=1.0, depth=0, flipHoriz=False, flipVert=False, image=str(...), interpolate=False, mask=None, maskParams=None, name=str(...), opacity=1.0, ori=0.0, pos=array([0., 0.]), size=array([7., 7.]), texRes=128, units='deg', win=Window(...))
82.8375 	EXP 	MEMORY IMAGE ../../stim/practice_composite/00013931230fb_sunaaasertfihkcjvdd.jpg: pos = array([0., 0.])
82.8375 	EXP 	unnamed TextStim: autoDraw = True
82.8375 	EXP 	MEMORY IMAGE ../../stim/practice_composite/00013931230fb_sunaaasertfihkcjvdd.jpg: autoDraw = True
88.6514 	DATA 	Keypress: space
88.6861 	EXP 	unnamed TextStim: autoDraw = False
88.6861 	EXP 	MEMORY IMAGE ../../stim/practice_composite/00013931230fb_sunaaasertfihkcjvdd.jpg: autoDraw = False
88.8122 	EXP 	Created unnamed TextStim = TextStim(alignHoriz='center', alignVert='center', antialias=True, autoLog=True, bold=False, color=array([1., 1., 1.]), colorSpace='rgb', contrast=1.0, depth=0, flipHoriz=False, flipVert=False, font='', fontFiles=[], height=1.0, italic=False, name='unnamed TextStim', opacity=1.0, ori=0.0, pos=array([0., 0.]), rgb=array([1., 1., 1.]), text=newstr(...), units='deg', win=Window(...), wrapWidth=40)
88.8386 	EXP 	unnamed TextStim: autoDraw = True
100.8992 	DATA 	Keypress: space
100.9251 	EXP 	unnamed TextStim: autoDraw = False
100.9528 	EXP 	Created unnamed TextStim = TextStim(alignHoriz='center', alignVert='center', antialias=True, autoLog=True, bold=False, color=array([1., 1., 1.]), colorSpace='rgb', contrast=1.0, depth=0, flipHoriz=False, flipVert=False, font='', fontFiles=[], height=1.0, italic=False, name='unnamed TextStim', opacity=1.0, ori=0.0, pos=array([0., 0.]), rgb=array([1., 1., 1.]), text=newstr(...), units='deg', win=Window(...), wrapWidth=40)
100.9567 	EXP 	Created CUED COMPOSITE ../../stim/practice_composite/00020931230fa_sunaaaysslbipsngfqb.jpg = ImageStim(autoLog=True, color=array([1., 1., 1.]), colorSpace='rgb', contrast=1.0, depth=0, flipHoriz=False, flipVert=False, image=str(...), interpolate=False, mask=None, maskParams=None, name=str(...), opacity=1.0, ori=0.0, pos=array([0., 0.]), size=array([7., 7.]), texRes=128, units='deg', win=Window(...))
100.9802 	EXP 	Created UNCUED COMPOSITE ../../stim/practice_composite/00019940128facopy_sunaaaxdnsxxacahnmy.jpg = ImageStim(autoLog=True, color=array([1., 1., 1.]), colorSpace='rgb', contrast=1.0, depth=0, flipHoriz=False, flipVert=False, image=str(...), interpolate=False, mask=None, maskParams=None, name=str(...), opacity=1.0, ori=0.0, pos=array([0., 0.]), size=array([7., 7.]), texRes=128, units='deg', win=Window(...))
100.9879 	EXP 	Created FIXATION CROSS = TextStim(alignHoriz='center', alignVert='center', antialias=True, autoLog=True, bold=False, color='lightGrey', colorSpace='named', contrast=1.0, depth=0.0, flipHoriz=False, flipVert=False, font='Arial', fontFiles=[], height=2, italic=False, name='FIXATION CROSS', opacity=1.0, ori=0, pos=array([0., 0.]), rgb=array([211., 211., 211.]), text='+', units='deg', win=Window(...), wrapWidth=15.0)
101.0253 	EXP 	CUED COMPOSITE ../../stim/practice_composite/00020931230fa_sunaaaysslbipsngfqb.jpg: pos = array([8., 0.])
101.0253 	EXP 	UNCUED COMPOSITE ../../stim/practice_composite/00019940128facopy_sunaaaxdnsxxacahnmy.jpg: pos = array([-8.,  0.])
101.0253 	EXP 	unnamed TextStim: autoDraw = True
101.0253 	EXP 	CUED COMPOSITE ../../stim/practice_composite/00020931230fa_sunaaaysslbipsngfqb.jpg: autoDraw = True
101.0253 	EXP 	UNCUED COMPOSITE ../../stim/practice_composite/00019940128facopy_sunaaaxdnsxxacahnmy.jpg: autoDraw = True
101.0253 	EXP 	FIXATION CROSS: autoDraw = True
108.2592 	DATA 	Keypress: space
108.2930 	EXP 	unnamed TextStim: autoDraw = False
108.2930 	EXP 	CUED COMPOSITE ../../stim/practice_composite/00020931230fa_sunaaaysslbipsngfqb.jpg: autoDraw = False
108.2930 	EXP 	UNCUED COMPOSITE ../../stim/practice_composite/00019940128facopy_sunaaaxdnsxxacahnmy.jpg: autoDraw = False
108.2930 	EXP 	FIXATION CROSS: autoDraw = False
108.3439 	EXP 	Created unnamed TextStim = TextStim(alignHoriz='center', alignVert='center', antialias=True, autoLog=True, bold=False, color=array([1., 1., 1.]), colorSpace='rgb', contrast=1.0, depth=0, flipHoriz=False, flipVert=False, font='', fontFiles=[], height=1.0, italic=False, name='unnamed TextStim', opacity=1.0, ori=0.0, pos=array([0., 0.]), rgb=array([1., 1., 1.]), text=newstr(...), units='deg', win=Window(...), wrapWidth=40)
108.3758 	EXP 	unnamed TextStim: autoDraw = True
113.3793 	DATA 	Keypress: space
113.4116 	EXP 	unnamed TextStim: autoDraw = False
113.4387 	EXP 	Created unnamed TextStim = TextStim(alignHoriz='center', alignVert='center', antialias=True, autoLog=True, bold=False, color=array([1., 1., 1.]), colorSpace='rgb', contrast=1.0, depth=0, flipHoriz=False, flipVert=False, font='', fontFiles=[], height=1.0, italic=False, name='unnamed TextStim', opacity=1.0, ori=0.0, pos=array([0., 0.]), rgb=array([1., 1., 1.]), text=newstr(...), units='deg', win=Window(...), wrapWidth=40)
113.4426 	EXP 	Created CUED COMPOSITE ../../stim/practice_composite/00029940128facopy_sunaachpigfklgkuoyg.jpg = ImageStim(autoLog=True, color=array([1., 1., 1.]), colorSpace='rgb', contrast=1.0, depth=0, flipHoriz=False, flipVert=False, image=str(...), interpolate=False, mask=None, maskParams=None, name=str(...), opacity=1.0, ori=0.0, pos=array([0., 0.]), size=array([7., 7.]), texRes=128, units='deg', win=Window(...))
113.4465 	EXP 	Created UNCUED COMPOSITE ../../stim/practice_composite/00028940128fa_sunaabndtdcvlfkqgad.jpg = ImageStim(autoLog=True, color=array([1., 1., 1.]), colorSpace='rgb', contrast=1.0, depth=0, flipHoriz=False, flipVert=False, image=str(...), interpolate=False, mask=None, maskParams=None, name=str(...), opacity=1.0, ori=0.0, pos=array([0., 0.]), size=array([7., 7.]), texRes=128, units='deg', win=Window(...))
113.4491 	EXP 	Created FIXATION CROSS = TextStim(alignHoriz='center', alignVert='center', antialias=True, autoLog=True, bold=False, color='lightGrey', colorSpace='named', contrast=1.0, depth=0.0, flipHoriz=False, flipVert=False, font='Arial', fontFiles=[], height=2, italic=False, name='FIXATION CROSS', opacity=1.0, ori=0, pos=array([0., 0.]), rgb=array([211., 211., 211.]), text='+', units='deg', win=Window(...), wrapWidth=15.0)
113.4772 	EXP 	CUED COMPOSITE ../../stim/practice_composite/00029940128facopy_sunaachpigfklgkuoyg.jpg: pos = array([8., 0.])
113.4772 	EXP 	UNCUED COMPOSITE ../../stim/practice_composite/00028940128fa_sunaabndtdcvlfkqgad.jpg: pos = array([-8.,  0.])
113.4772 	EXP 	unnamed TextStim: autoDraw = True
113.4772 	EXP 	CUED COMPOSITE ../../stim/practice_composite/00029940128facopy_sunaachpigfklgkuoyg.jpg: autoDraw = True
113.4772 	EXP 	UNCUED COMPOSITE ../../stim/practice_composite/00028940128fa_sunaabndtdcvlfkqgad.jpg: autoDraw = True
113.4772 	EXP 	FIXATION CROSS: autoDraw = True
121.0270 	DATA 	Keypress: space
121.0628 	EXP 	unnamed TextStim: autoDraw = False
121.0628 	EXP 	CUED COMPOSITE ../../stim/practice_composite/00029940128facopy_sunaachpigfklgkuoyg.jpg: autoDraw = False
121.0628 	EXP 	UNCUED COMPOSITE ../../stim/practice_composite/00028940128fa_sunaabndtdcvlfkqgad.jpg: autoDraw = False
121.0628 	EXP 	FIXATION CROSS: autoDraw = False
121.2224 	EXP 	Created unnamed TextStim = TextStim(alignHoriz='center', alignVert='center', antialias=True, autoLog=True, bold=False, color=array([1., 1., 1.]), colorSpace='rgb', contrast=1.0, depth=0, flipHoriz=False, flipVert=False, font='', fontFiles=[], height=1.0, italic=False, name='unnamed TextStim', opacity=1.0, ori=0.0, pos=array([0., 0.]), rgb=array([1., 1., 1.]), text=newstr(...), units='deg', win=Window(...), wrapWidth=40)
121.2252 	EXP 	Created CATEGORY CUE = ImageStim(autoLog=True, color=array([1., 1., 1.]), colorSpace='rgb', contrast=1.0, depth=0, flipHoriz=False, flipVert=False, image='../../stim/cue/Face.png', interpolate=False, mask=None, maskParams=None, name='CATEGORY CUE', opacity=1.0, ori=0.0, pos=array([0., 0.]), size=array([2., 2.]), texRes=128, units='deg', win=Window(...))
121.2270 	EXP 	Created CATEGORY CUE = ImageStim(autoLog=True, color=array([1., 1., 1.]), colorSpace='rgb', contrast=1.0, depth=0, flipHoriz=False, flipVert=False, image='../../stim/cue/Place.png', interpolate=False, mask=None, maskParams=None, name='CATEGORY CUE', opacity=1.0, ori=0.0, pos=array([0., 0.]), size=array([2., 2.]), texRes=128, units='deg', win=Window(...))
121.2627 	EXP 	CATEGORY CUE: pos = array([2.5, 0. ])
121.2627 	EXP 	CATEGORY CUE: pos = array([-2.5,  0. ])
121.2627 	EXP 	unnamed TextStim: autoDraw = True
121.2627 	EXP 	CATEGORY CUE: autoDraw = True
121.2627 	EXP 	CATEGORY CUE: autoDraw = True
135.5586 	DATA 	Mouse: Left button down, pos=(665,371)
135.5648 	DATA 	Mouse:  Left button up, pos=(665,371)
140.3814 	DATA 	Mouse: wheel shift=(0,0), pos=(665,372)
140.4044 	DATA 	Mouse: wheel shift=(0,0), pos=(665,372)
140.7084 	DATA 	Mouse: Right button down, pos=(665,371)
140.7151 	DATA 	Mouse:  Right button up, pos=(665,371)
146.7148 	DATA 	Keypress: space
146.7533 	EXP 	unnamed TextStim: autoDraw = False
146.7533 	EXP 	CATEGORY CUE: autoDraw = False
146.7533 	EXP 	CATEGORY CUE: autoDraw = False
146.7537 	INFO 	Mouse: using default window
146.7539 	EXP 	window1: recordFrameIntervals = False
146.9148 	EXP 	window1: recordFrameIntervals = True
147.0982 	DEBUG 	Screen (0) actual frame rate measured at 60.00
147.0982 	EXP 	window1: recordFrameIntervals = False
147.1007 	EXP 	Created FIXATION CROSS = TextStim(alignHoriz='center', alignVert='center', antialias=True, autoLog=True, bold=False, color='lightGrey', colorSpace='named', contrast=1.0, depth=0.0, flipHoriz=False, flipVert=False, font='Arial', fontFiles=[], height=2, italic=False, name='FIXATION CROSS', opacity=1.0, ori=0, pos=array([0., 0.]), rgb=array([211., 211., 211.]), text='+', units='deg', win=Window(...), wrapWidth=15.0)
147.1024 	EXP 	Created CATEGORY CUE: Place = ImageStim(autoLog=True, color=array([1., 1., 1.]), colorSpace='rgb', contrast=1.0, depth=0, flipHoriz=False, flipVert=False, image='../../stim/cue/Place.png', interpolate=False, mask=None, maskParams=None, name='CATEGORY CUE: Place', opacity=1.0, ori=0.0, pos=array([0., 0.]), size=array([2., 2.]), texRes=128, units='deg', win=Window(...))
147.1053 	EXP 	Created SIDE CUE: < = TextStim(alignHoriz='center', alignVert='center', antialias=True, autoLog=True, bold=False, color='lightGrey', colorSpace='named', contrast=1.0, depth=0.0, flipHoriz=False, flipVert=False, font='Arial', fontFiles=[], height=2, italic=False, name='SIDE CUE: <', opacity=1.0, ori=0, pos=array([0., 0.]), rgb=array([211., 211., 211.]), text='<', units='deg', win=Window(...), wrapWidth=15.0)
147.1150 	EXP 	CATEGORY CUE: Place: pos = array([0., 2.])
147.1150 	EXP 	SIDE CUE: <: pos = array([0., 0.])
147.1150 	EXP 	CATEGORY CUE: Place: autoDraw = True
147.1150 	EXP 	SIDE CUE: <: autoDraw = True
148.6196 	EXP 	CATEGORY CUE: Place: autoDraw = False
148.6196 	EXP 	SIDE CUE: <: autoDraw = False
148.6196 	EXP 	FIXATION CROSS: autoDraw = True
148.6439 	EXP 	Created CUED COMPOSITE ../../stim/practice_composite/00043931230fb_sunaacmaxjsazeyhcxg.jpg = ImageStim(autoLog=True, color=array([1., 1., 1.]), colorSpace='rgb', contrast=1.0, depth=0, flipHoriz=False, flipVert=False, image=str(...), interpolate=False, mask=None, maskParams=None, name=str(...), opacity=1.0, ori=0.0, pos=array([0., 0.]), size=array([7., 7.]), texRes=128, units='deg', win=Window(...))
148.6480 	EXP 	Created UNCUED COMPOSITE ../../stim/practice_composite/00044931230fa_sunaacrdvqhwlheysdg.jpg = ImageStim(autoLog=True, color=array([1., 1., 1.]), colorSpace='rgb', contrast=1.0, depth=0, flipHoriz=False, flipVert=False, image=str(...), interpolate=False, mask=None, maskParams=None, name=str(...), opacity=1.0, ori=0.0, pos=array([0., 0.]), size=array([7., 7.]), texRes=128, units='deg', win=Window(...))
148.6521 	EXP 	Created CUED COMPOSITE ../../stim/practice_composite/00046931230fa_sunaacslnbvidxeazyx.jpg = ImageStim(autoLog=True, color=array([1., 1., 1.]), colorSpace='rgb', contrast=1.0, depth=0, flipHoriz=False, flipVert=False, image=str(...), interpolate=False, mask=None, maskParams=None, name=str(...), opacity=1.0, ori=0.0, pos=array([0., 0.]), size=array([7., 7.]), texRes=128, units='deg', win=Window(...))
148.6627 	EXP 	Created UNCUED COMPOSITE ../../stim/practice_composite/00047931230fb_sunaactrphdtpvplkkz.jpg = ImageStim(autoLog=True, color=array([1., 1., 1.]), colorSpace='rgb', contrast=1.0, depth=0, flipHoriz=False, flipVert=False, image=str(...), interpolate=False, mask=None, maskParams=None, name=str(...), opacity=1.0, ori=0.0, pos=array([0., 0.]), size=array([7., 7.]), texRes=128, units='deg', win=Window(...))
148.6732 	EXP 	Created CUED COMPOSITE ../../stim/practice_composite/00049931230facopy_sunaacxaszsngweyrkv.jpg = ImageStim(autoLog=True, color=array([1., 1., 1.]), colorSpace='rgb', contrast=1.0, depth=0, flipHoriz=False, flipVert=False, image=str(...), interpolate=False, mask=None, maskParams=None, name=str(...), opacity=1.0, ori=0.0, pos=array([0., 0.]), size=array([7., 7.]), texRes=128, units='deg', win=Window(...))
148.6769 	EXP 	Created UNCUED COMPOSITE ../../stim/practice_composite/00050931230facopy_sunaaczmpbmprzjcofd.jpg = ImageStim(autoLog=True, color=array([1., 1., 1.]), colorSpace='rgb', contrast=1.0, depth=0, flipHoriz=False, flipVert=False, image=str(...), interpolate=False, mask=None, maskParams=None, name=str(...), opacity=1.0, ori=0.0, pos=array([0., 0.]), size=array([7., 7.]), texRes=128, units='deg', win=Window(...))
149.6202 	EXP 	CUED COMPOSITE ../../stim/practice_composite/00043931230fb_sunaacmaxjsazeyhcxg.jpg: pos = array([-8.,  0.])
149.6202 	EXP 	UNCUED COMPOSITE ../../stim/practice_composite/00044931230fa_sunaacrdvqhwlheysdg.jpg: pos = array([8., 0.])
149.6202 	EXP 	CUED COMPOSITE ../../stim/practice_composite/00046931230fa_sunaacslnbvidxeazyx.jpg: pos = array([-8.,  0.])
149.6202 	EXP 	UNCUED COMPOSITE ../../stim/practice_composite/00047931230fb_sunaactrphdtpvplkkz.jpg: pos = array([8., 0.])
149.6202 	EXP 	CUED COMPOSITE ../../stim/practice_composite/00049931230facopy_sunaacxaszsngweyrkv.jpg: pos = array([-8.,  0.])
149.6202 	EXP 	UNCUED COMPOSITE ../../stim/practice_composite/00050931230facopy_sunaaczmpbmprzjcofd.jpg: pos = array([8., 0.])
149.6202 	EXP 	CUED COMPOSITE ../../stim/practice_composite/00043931230fb_sunaacmaxjsazeyhcxg.jpg: autoDraw = True
149.6202 	EXP 	UNCUED COMPOSITE ../../stim/practice_composite/00044931230fa_sunaacrdvqhwlheysdg.jpg: autoDraw = True
152.6376 	EXP 	CUED COMPOSITE ../../stim/practice_composite/00043931230fb_sunaacmaxjsazeyhcxg.jpg: autoDraw = False
152.6376 	EXP 	UNCUED COMPOSITE ../../stim/practice_composite/00044931230fa_sunaacrdvqhwlheysdg.jpg: autoDraw = False
153.6535 	EXP 	CUED COMPOSITE ../../stim/practice_composite/00046931230fa_sunaacslnbvidxeazyx.jpg: autoDraw = True
153.6535 	EXP 	UNCUED COMPOSITE ../../stim/practice_composite/00047931230fb_sunaactrphdtpvplkkz.jpg: autoDraw = True
156.6711 	EXP 	CUED COMPOSITE ../../stim/practice_composite/00046931230fa_sunaacslnbvidxeazyx.jpg: autoDraw = False
156.6711 	EXP 	UNCUED COMPOSITE ../../stim/practice_composite/00047931230fb_sunaactrphdtpvplkkz.jpg: autoDraw = False
157.6883 	EXP 	CUED COMPOSITE ../../stim/practice_composite/00049931230facopy_sunaacxaszsngweyrkv.jpg: autoDraw = True
157.6883 	EXP 	UNCUED COMPOSITE ../../stim/practice_composite/00050931230facopy_sunaaczmpbmprzjcofd.jpg: autoDraw = True
160.7054 	EXP 	CUED COMPOSITE ../../stim/practice_composite/00049931230facopy_sunaacxaszsngweyrkv.jpg: autoDraw = False
160.7054 	EXP 	UNCUED COMPOSITE ../../stim/practice_composite/00050931230facopy_sunaaczmpbmprzjcofd.jpg: autoDraw = False
160.8386 	EXP 	Created unnamed TextStim = TextStim(alignHoriz='center', alignVert='center', antialias=True, autoLog=True, bold=False, color=array([1., 1., 1.]), colorSpace='rgb', contrast=1.0, depth=0, flipHoriz=False, flipVert=False, font='', fontFiles=[], height=1.0, italic=False, name='unnamed TextStim', opacity=1.0, ori=0.0, pos=array([0., 0.]), rgb=array([1., 1., 1.]), text=newstr(...), units='deg', win=Window(...), wrapWidth=40)
160.8727 	EXP 	FIXATION CROSS: autoDraw = False
160.8727 	EXP 	unnamed TextStim: autoDraw = True
176.8907 	DATA 	Keypress: space
176.9261 	EXP 	unnamed TextStim: autoDraw = False
176.9264 	INFO 	Mouse: using default window
176.9266 	EXP 	window1: recordFrameIntervals = False
177.0884 	EXP 	window1: recordFrameIntervals = True
177.2735 	DEBUG 	Screen (0) actual frame rate measured at 59.48
177.2735 	EXP 	window1: recordFrameIntervals = False
177.2763 	EXP 	Created FIXATION CROSS = TextStim(alignHoriz='center', alignVert='center', antialias=True, autoLog=True, bold=False, color='lightGrey', colorSpace='named', contrast=1.0, depth=0.0, flipHoriz=False, flipVert=False, font='Arial', fontFiles=[], height=2, italic=False, name='FIXATION CROSS', opacity=1.0, ori=0, pos=array([0., 0.]), rgb=array([211., 211., 211.]), text='+', units='deg', win=Window(...), wrapWidth=15.0)
177.2782 	EXP 	Created CATEGORY CUE: Face = ImageStim(autoLog=True, color=array([1., 1., 1.]), colorSpace='rgb', contrast=1.0, depth=0, flipHoriz=False, flipVert=False, image='../../stim/cue/Face.png', interpolate=False, mask=None, maskParams=None, name='CATEGORY CUE: Face', opacity=1.0, ori=0.0, pos=array([0., 0.]), size=array([2., 2.]), texRes=128, units='deg', win=Window(...))
177.2811 	EXP 	Created SIDE CUE: > = TextStim(alignHoriz='center', alignVert='center', antialias=True, autoLog=True, bold=False, color='lightGrey', colorSpace='named', contrast=1.0, depth=0.0, flipHoriz=False, flipVert=False, font='Arial', fontFiles=[], height=2, italic=False, name='SIDE CUE: >', opacity=1.0, ori=0, pos=array([0., 0.]), rgb=array([211., 211., 211.]), text='>', units='deg', win=Window(...), wrapWidth=15.0)
177.2907 	EXP 	CATEGORY CUE: Face: pos = array([0., 2.])
177.2907 	EXP 	SIDE CUE: >: pos = array([0., 0.])
177.2907 	EXP 	CATEGORY CUE: Face: autoDraw = True
177.2907 	EXP 	SIDE CUE: >: autoDraw = True
178.7944 	EXP 	CATEGORY CUE: Face: autoDraw = False
178.7944 	EXP 	SIDE CUE: >: autoDraw = False
178.7944 	EXP 	FIXATION CROSS: autoDraw = True
178.7987 	EXP 	Created CUED COMPOSITE ../../stim/practice_mem_composite/00051931230fb_sunaadakyricvbjhamx.jpg = ImageStim(autoLog=True, color=array([1., 1., 1.]), colorSpace='rgb', contrast=1.0, depth=0, flipHoriz=False, flipVert=False, image=str(...), interpolate=False, mask=None, maskParams=None, name=str(...), opacity=1.0, ori=0.0, pos=array([0., 0.]), size=array([7., 7.]), texRes=128, units='deg', win=Window(...))
178.8023 	EXP 	Created UNCUED COMPOSITE ../../stim/practice_mem_composite/00052931230fa_sunaadneptrbqhkzwag.jpg = ImageStim(autoLog=True, color=array([1., 1., 1.]), colorSpace='rgb', contrast=1.0, depth=0, flipHoriz=False, flipVert=False, image=str(...), interpolate=False, mask=None, maskParams=None, name=str(...), opacity=1.0, ori=0.0, pos=array([0., 0.]), size=array([7., 7.]), texRes=128, units='deg', win=Window(...))
178.8064 	EXP 	Created CUED COMPOSITE ../../stim/practice_mem_composite/00053931230fb_sunaadsmjtmardsqqro.jpg = ImageStim(autoLog=True, color=array([1., 1., 1.]), colorSpace='rgb', contrast=1.0, depth=0, flipHoriz=False, flipVert=False, image=str(...), interpolate=False, mask=None, maskParams=None, name=str(...), opacity=1.0, ori=0.0, pos=array([0., 0.]), size=array([7., 7.]), texRes=128, units='deg', win=Window(...))
178.8104 	EXP 	Created UNCUED COMPOSITE ../../stim/practice_mem_composite/00056931230facopy_sunaadtdbzhuhsbihxq.jpg = ImageStim(autoLog=True, color=array([1., 1., 1.]), colorSpace='rgb', contrast=1.0, depth=0, flipHoriz=False, flipVert=False, image=str(...), interpolate=False, mask=None, maskParams=None, name=str(...), opacity=1.0, ori=0.0, pos=array([0., 0.]), size=array([7., 7.]), texRes=128, units='deg', win=Window(...))
178.8143 	EXP 	Created CUED COMPOSITE ../../stim/practice_mem_composite/00058931230fa_sunaaebjpeispxohmfv.jpg = ImageStim(autoLog=True, color=array([1., 1., 1.]), colorSpace='rgb', contrast=1.0, depth=0, flipHoriz=False, flipVert=False, image=str(...), interpolate=False, mask=None, maskParams=None, name=str(...), opacity=1.0, ori=0.0, pos=array([0., 0.]), size=array([7., 7.]), texRes=128, units='deg', win=Window(...))
178.8185 	EXP 	Created UNCUED COMPOSITE ../../stim/practice_mem_composite/00059931230fb_sunaaebuzkvqtkqiact.jpg = ImageStim(autoLog=True, color=array([1., 1., 1.]), colorSpace='rgb', contrast=1.0, depth=0, flipHoriz=False, flipVert=False, image=str(...), interpolate=False, mask=None, maskParams=None, name=str(...), opacity=1.0, ori=0.0, pos=array([0., 0.]), size=array([7., 7.]), texRes=128, units='deg', win=Window(...))
179.7950 	EXP 	CUED COMPOSITE ../../stim/practice_mem_composite/00051931230fb_sunaadakyricvbjhamx.jpg: pos = array([8., 0.])
179.7950 	EXP 	UNCUED COMPOSITE ../../stim/practice_mem_composite/00052931230fa_sunaadneptrbqhkzwag.jpg: pos = array([-8.,  0.])
179.7950 	EXP 	CUED COMPOSITE ../../stim/practice_mem_composite/00053931230fb_sunaadsmjtmardsqqro.jpg: pos = array([8., 0.])
179.7950 	EXP 	UNCUED COMPOSITE ../../stim/practice_mem_composite/00056931230facopy_sunaadtdbzhuhsbihxq.jpg: pos = array([-8.,  0.])
179.7950 	EXP 	CUED COMPOSITE ../../stim/practice_mem_composite/00058931230fa_sunaaebjpeispxohmfv.jpg: pos = array([8., 0.])
179.7950 	EXP 	UNCUED COMPOSITE ../../stim/practice_mem_composite/00059931230fb_sunaaebuzkvqtkqiact.jpg: pos = array([-8.,  0.])
179.7950 	EXP 	CUED COMPOSITE ../../stim/practice_mem_composite/00051931230fb_sunaadakyricvbjhamx.jpg: autoDraw = True
179.7950 	EXP 	UNCUED COMPOSITE ../../stim/practice_mem_composite/00052931230fa_sunaadneptrbqhkzwag.jpg: autoDraw = True
179.7987 	EXP 	Created ATTENTION PROBE = TextStim(alignHoriz='center', alignVert='center', antialias=True, autoLog=True, bold=False, color='lightGrey', colorSpace='named', contrast=1.0, depth=0.0, flipHoriz=False, flipVert=False, font='Arial', fontFiles=[], height=2, italic=False, name='ATTENTION PROBE', opacity=1.0, ori=0, pos=array([0., 0.]), rgb=array([211., 211., 211.]), text='o', units='deg', win=Window(...), wrapWidth=15.0)
182.8116 	EXP 	ATTENTION PROBE: pos = array([8., 0.])
182.8116 	EXP 	ATTENTION PROBE: autoDraw = True
182.8116 	EXP 	CUED COMPOSITE ../../stim/practice_mem_composite/00051931230fb_sunaadakyricvbjhamx.jpg: autoDraw = False
182.8116 	EXP 	UNCUED COMPOSITE ../../stim/practice_mem_composite/00052931230fa_sunaadneptrbqhkzwag.jpg: autoDraw = False
184.1146 	DATA 	Keypress: 3
184.1424 	EXP 	ATTENTION PROBE: autoDraw = False
184.1424 	EXP 	WIN FLIP : ATTENTION PROBE OFF
185.1627 	EXP 	CUED COMPOSITE ../../stim/practice_mem_composite/00053931230fb_sunaadsmjtmardsqqro.jpg: autoDraw = True
185.1627 	EXP 	UNCUED COMPOSITE ../../stim/practice_mem_composite/00056931230facopy_sunaadtdbzhuhsbihxq.jpg: autoDraw = True
185.1658 	EXP 	Created ATTENTION PROBE = TextStim(alignHoriz='center', alignVert='center', antialias=True, autoLog=True, bold=False, color='lightGrey', colorSpace='named', contrast=1.0, depth=0.0, flipHoriz=False, flipVert=False, font='Arial', fontFiles=[], height=2, italic=False, name='ATTENTION PROBE', opacity=1.0, ori=0, pos=array([0., 0.]), rgb=array([211., 211., 211.]), text='o', units='deg', win=Window(...), wrapWidth=15.0)
188.1791 	EXP 	ATTENTION PROBE: pos = array([-8.,  0.])
188.1791 	EXP 	ATTENTION PROBE: autoDraw = True
188.1791 	EXP 	CUED COMPOSITE ../../stim/practice_mem_composite/00053931230fb_sunaadsmjtmardsqqro.jpg: autoDraw = False
188.1791 	EXP 	UNCUED COMPOSITE ../../stim/practice_mem_composite/00056931230facopy_sunaadtdbzhuhsbihxq.jpg: autoDraw = False
188.9945 	DATA 	Keypress: 3
189.0290 	EXP 	ATTENTION PROBE: autoDraw = False
189.0290 	EXP 	WIN FLIP : ATTENTION PROBE OFF
190.0466 	EXP 	CUED COMPOSITE ../../stim/practice_mem_composite/00058931230fa_sunaaebjpeispxohmfv.jpg: autoDraw = True
190.0466 	EXP 	UNCUED COMPOSITE ../../stim/practice_mem_composite/00059931230fb_sunaaebuzkvqtkqiact.jpg: autoDraw = True
190.0502 	EXP 	Created ATTENTION PROBE = TextStim(alignHoriz='center', alignVert='center', antialias=True, autoLog=True, bold=False, color='lightGrey', colorSpace='named', contrast=1.0, depth=0.0, flipHoriz=False, flipVert=False, font='Arial', fontFiles=[], height=2, italic=False, name='ATTENTION PROBE', opacity=1.0, ori=0, pos=array([0., 0.]), rgb=array([211., 211., 211.]), text='x', units='deg', win=Window(...), wrapWidth=15.0)
193.0612 	EXP 	ATTENTION PROBE: pos = array([8., 0.])
193.0612 	EXP 	ATTENTION PROBE: autoDraw = True
193.0612 	EXP 	CUED COMPOSITE ../../stim/practice_mem_composite/00058931230fa_sunaaebjpeispxohmfv.jpg: autoDraw = False
193.0612 	EXP 	UNCUED COMPOSITE ../../stim/practice_mem_composite/00059931230fb_sunaaebuzkvqtkqiact.jpg: autoDraw = False
193.5705 	DATA 	Keypress: 1
193.5964 	EXP 	ATTENTION PROBE: autoDraw = False
193.5964 	EXP 	WIN FLIP : ATTENTION PROBE OFF
193.7752 	EXP 	Created unnamed TextStim = TextStim(alignHoriz='center', alignVert='center', antialias=True, autoLog=True, bold=False, color=array([1., 1., 1.]), colorSpace='rgb', contrast=1.0, depth=0, flipHoriz=False, flipVert=False, font='', fontFiles=[], height=1.0, italic=False, name='unnamed TextStim', opacity=1.0, ori=0.0, pos=array([0., 0.]), rgb=array([1., 1., 1.]), text=newstr(...), units='deg', win=Window(...), wrapWidth=40)
193.8133 	EXP 	FIXATION CROSS: autoDraw = False
193.8133 	EXP 	unnamed TextStim: autoDraw = True
209.9945 	DATA 	Keypress: space
210.0341 	EXP 	unnamed TextStim: autoDraw = False
210.0344 	INFO 	Mouse: using default window
210.0375 	EXP 	Created FIXATION CROSS = TextStim(alignHoriz='center', alignVert='center', antialias=True, autoLog=True, bold=False, color='lightGrey', colorSpace='named', contrast=1.0, depth=0.0, flipHoriz=False, flipVert=False, font='Arial', fontFiles=[], height=2, italic=False, name='FIXATION CROSS', opacity=1.0, ori=0, pos=array([0., 0.]), rgb=array([211., 211., 211.]), text='+', units='deg', win=Window(...), wrapWidth=15.0)
210.0375 	EXP 	window1: recordFrameIntervals = False
210.1966 	EXP 	window1: recordFrameIntervals = True
210.3819 	DEBUG 	Screen (0) actual frame rate measured at 59.37
210.3819 	EXP 	window1: recordFrameIntervals = False
210.3846 	EXP 	Created FIXATION CROSS = TextStim(alignHoriz='center', alignVert='center', antialias=True, autoLog=True, bold=False, color='lightGrey', colorSpace='named', contrast=1.0, depth=0.0, flipHoriz=False, flipVert=False, font='Arial', fontFiles=[], height=2, italic=False, name='FIXATION CROSS', opacity=1.0, ori=0, pos=array([0., 0.]), rgb=array([211., 211., 211.]), text='+', units='deg', win=Window(...), wrapWidth=15.0)
210.3985 	EXP 	Created MEMORY IMAGE ../../stim/practice_mem_single/00053931230fb.jpg = ImageStim(autoLog=True, color=array([1., 1., 1.]), colorSpace='rgb', contrast=1.0, depth=0, flipHoriz=False, flipVert=False, image=str(...), interpolate=False, mask=None, maskParams=None, name=str(...), opacity=1.0, ori=0.0, pos=array([0., 0.]), size=array([7., 7.]), texRes=128, units='deg', win=Window(...))
210.4063 	EXP 	Created MEMORY IMAGE ../../stim/practice_mem_single/00038940128facopy.jpg = ImageStim(autoLog=True, color=array([1., 1., 1.]), colorSpace='rgb', contrast=1.0, depth=0, flipHoriz=False, flipVert=False, image=str(...), interpolate=False, mask=None, maskParams=None, name=str(...), opacity=1.0, ori=0.0, pos=array([0., 0.]), size=array([7., 7.]), texRes=128, units='deg', win=Window(...))
210.4270 	EXP 	Created MEMORY IMAGE ../../stim/practice_mem_single/sunaackkibslwddpycb.jpg = ImageStim(autoLog=True, color=array([1., 1., 1.]), colorSpace='rgb', contrast=1.0, depth=0, flipHoriz=False, flipVert=False, image=str(...), interpolate=False, mask=None, maskParams=None, name=str(...), opacity=1.0, ori=0.0, pos=array([0., 0.]), size=array([7., 7.]), texRes=128, units='deg', win=Window(...))
210.4312 	EXP 	Created MEMORY IMAGE ../../stim/practice_mem_single/sunaaebuzkvqtkqiact.jpg = ImageStim(autoLog=True, color=array([1., 1., 1.]), colorSpace='rgb', contrast=1.0, depth=0, flipHoriz=False, flipVert=False, image=str(...), interpolate=False, mask=None, maskParams=None, name=str(...), opacity=1.0, ori=0.0, pos=array([0., 0.]), size=array([7., 7.]), texRes=128, units='deg', win=Window(...))
210.4516 	EXP 	MEMORY IMAGE ../../stim/practice_mem_single/00053931230fb.jpg: pos = array([0., 0.])
210.4516 	EXP 	MEMORY IMAGE ../../stim/practice_mem_single/00038940128facopy.jpg: pos = array([0., 0.])
210.4516 	EXP 	MEMORY IMAGE ../../stim/practice_mem_single/sunaackkibslwddpycb.jpg: pos = array([0., 0.])
210.4516 	EXP 	MEMORY IMAGE ../../stim/practice_mem_single/sunaaebuzkvqtkqiact.jpg: pos = array([0., 0.])
210.4516 	EXP 	FIXATION CROSS: autoDraw = True
210.4516 	EXP 	WIN FLIP : FIXATION ON
210.5155 	EXP 	Created unnamed RatingScale = RatingScale(acceptKeys=['return'], acceptPreText=UNKNOWN, acceptSize=UNKNOWN, acceptText=UNKNOWN, autoLog=True, choices=False, depth=0, disappear=False, flipVert=False, high=4, kwargs=UNKNOWN, labels=list(...), leftKeys=['left'], lineColor='White', low=1, marker=ShapeStim(...), markerColor='Black', markerExpansion=UNKNOWN, markerStart=0, maxTime=2.0, minTime=0.0, mouseOnly=False, name='unnamed RatingScale', noMouse=True, pos=[0.0, -0.42], precision=1, respKeys=['1', '2', '3', '4'], rightKeys=['right'], scale=str(...), self=UNKNOWN, showAccept=False, showValue=True, singleClick=True, size=0.6, skipKeys=['tab'], stretch=1.0, textColor='LightGray', textFont='Helvetica Bold', textSize=0.12, tickHeight=1.0, tickMarks=3.0, win=Window(...))
211.4686 	EXP 	FIXATION CROSS: autoDraw = False
211.4686 	EXP 	unnamed RatingScale: flipVert = False
211.4686 	EXP 	unnamed RatingScale: autoLog = True
211.4686 	EXP 	unnamed RatingScale: autoDraw = True
211.4686 	EXP 	MEMORY IMAGE ../../stim/practice_mem_single/00053931230fb.jpg: autoDraw = True
211.4686 	EXP 	WIN FLIP : FIXATION OFF, SCALE AND MEMORY ON
213.4501 	EXP 	WIN FLIP : SCALE AND MEMORY OFF, FIXATION ON
213.4501 	EXP 	unnamed RatingScale: autoDraw = False
213.4501 	EXP 	MEMORY IMAGE ../../stim/practice_mem_single/00053931230fb.jpg: autoDraw = False
213.4501 	EXP 	FIXATION CROSS: autoDraw = True
213.4898 	EXP 	Created unnamed RatingScale = RatingScale(acceptKeys=['return'], acceptPreText=UNKNOWN, acceptSize=UNKNOWN, acceptText=UNKNOWN, autoLog=True, choices=False, depth=0, disappear=False, flipVert=False, high=4, kwargs=UNKNOWN, labels=list(...), leftKeys=['left'], lineColor='White', low=1, marker=ShapeStim(...), markerColor='Black', markerExpansion=UNKNOWN, markerStart=0, maxTime=2.0, minTime=0.0, mouseOnly=False, name='unnamed RatingScale', noMouse=True, pos=[0.0, -0.42], precision=1, respKeys=['1', '2', '3', '4'], rightKeys=['right'], scale=str(...), self=UNKNOWN, showAccept=False, showValue=True, singleClick=True, size=0.6, skipKeys=['tab'], stretch=1.0, textColor='LightGray', textFont='Helvetica Bold', textSize=0.12, tickHeight=1.0, tickMarks=3.0, win=Window(...))
214.2348 	DATA 	Keypress: 1
214.4525 	EXP 	FIXATION CROSS: autoDraw = False
214.4525 	EXP 	unnamed RatingScale: flipVert = False
214.4525 	EXP 	unnamed RatingScale: autoLog = True
214.4525 	EXP 	unnamed RatingScale: autoDraw = True
214.4525 	EXP 	MEMORY IMAGE ../../stim/practice_mem_single/00038940128facopy.jpg: autoDraw = True
214.4525 	EXP 	WIN FLIP : FIXATION OFF, SCALE AND MEMORY ON
216.1167 	DATA 	Keypress: 2
216.1171 	DATA 	RatingScale unnamed RatingScale: (key single-click) rating=2
216.1171 	DATA 	RatingScale unnamed RatingScale: rating RT=1.683
216.1171 	DATA 	RatingScale unnamed RatingScale: history=[(None, 0.0), (2, 1.683)]
216.4493 	EXP 	WIN FLIP : SCALE AND MEMORY OFF, FIXATION ON
216.4493 	EXP 	unnamed RatingScale: autoDraw = False
216.4493 	EXP 	MEMORY IMAGE ../../stim/practice_mem_single/00038940128facopy.jpg: autoDraw = False
216.4493 	EXP 	FIXATION CROSS: autoDraw = True
216.4904 	EXP 	Created unnamed RatingScale = RatingScale(acceptKeys=['return'], acceptPreText=UNKNOWN, acceptSize=UNKNOWN, acceptText=UNKNOWN, autoLog=True, choices=False, depth=0, disappear=False, flipVert=False, high=4, kwargs=UNKNOWN, labels=list(...), leftKeys=['left'], lineColor='White', low=1, marker=ShapeStim(...), markerColor='Black', markerExpansion=UNKNOWN, markerStart=0, maxTime=2.0, minTime=0.0, mouseOnly=False, name='unnamed RatingScale', noMouse=True, pos=[0.0, -0.42], precision=1, respKeys=['1', '2', '3', '4'], rightKeys=['right'], scale=str(...), self=UNKNOWN, showAccept=False, showValue=True, singleClick=True, size=0.6, skipKeys=['tab'], stretch=1.0, textColor='LightGray', textFont='Helvetica Bold', textSize=0.12, tickHeight=1.0, tickMarks=3.0, win=Window(...))
217.4536 	EXP 	FIXATION CROSS: autoDraw = False
217.4536 	EXP 	unnamed RatingScale: flipVert = False
217.4536 	EXP 	unnamed RatingScale: autoLog = True
217.4536 	EXP 	unnamed RatingScale: autoDraw = True
217.4536 	EXP 	MEMORY IMAGE ../../stim/practice_mem_single/sunaackkibslwddpycb.jpg: autoDraw = True
217.4536 	EXP 	WIN FLIP : FIXATION OFF, SCALE AND MEMORY ON
219.2360 	DATA 	Keypress: 1
219.2364 	DATA 	RatingScale unnamed RatingScale: (key single-click) rating=1
219.2365 	DATA 	RatingScale unnamed RatingScale: rating RT=1.804
219.2365 	DATA 	RatingScale unnamed RatingScale: history=[(None, 0.0), (1, 1.804)]
219.4493 	EXP 	WIN FLIP : SCALE AND MEMORY OFF, FIXATION ON
219.4493 	EXP 	unnamed RatingScale: autoDraw = False
219.4493 	EXP 	MEMORY IMAGE ../../stim/practice_mem_single/sunaackkibslwddpycb.jpg: autoDraw = False
219.4493 	EXP 	FIXATION CROSS: autoDraw = True
219.4884 	EXP 	Created unnamed RatingScale = RatingScale(acceptKeys=['return'], acceptPreText=UNKNOWN, acceptSize=UNKNOWN, acceptText=UNKNOWN, autoLog=True, choices=False, depth=0, disappear=False, flipVert=False, high=4, kwargs=UNKNOWN, labels=list(...), leftKeys=['left'], lineColor='White', low=1, marker=ShapeStim(...), markerColor='Black', markerExpansion=UNKNOWN, markerStart=0, maxTime=2.0, minTime=0.0, mouseOnly=False, name='unnamed RatingScale', noMouse=True, pos=[0.0, -0.42], precision=1, respKeys=['1', '2', '3', '4'], rightKeys=['right'], scale=str(...), self=UNKNOWN, showAccept=False, showValue=True, singleClick=True, size=0.6, skipKeys=['tab'], stretch=1.0, textColor='LightGray', textFont='Helvetica Bold', textSize=0.12, tickHeight=1.0, tickMarks=3.0, win=Window(...))
220.2338 	DATA 	Mouse: wheel shift=(0,0), pos=(665,372)
220.2340 	DATA 	Mouse: wheel shift=(0,0), pos=(665,372)
220.2344 	DATA 	Mouse: Right button down, pos=(665,371)
220.2346 	DATA 	Mouse:  Right button up, pos=(665,371)
220.4545 	EXP 	FIXATION CROSS: autoDraw = False
220.4545 	EXP 	unnamed RatingScale: flipVert = False
220.4545 	EXP 	unnamed RatingScale: autoLog = True
220.4545 	EXP 	unnamed RatingScale: autoDraw = True
220.4545 	EXP 	MEMORY IMAGE ../../stim/practice_mem_single/sunaaebuzkvqtkqiact.jpg: autoDraw = True
220.4545 	EXP 	WIN FLIP : FIXATION OFF, SCALE AND MEMORY ON
221.8030 	DATA 	Keypress: 3
221.8034 	DATA 	RatingScale unnamed RatingScale: (key single-click) rating=3
221.8034 	DATA 	RatingScale unnamed RatingScale: rating RT=1.370
221.8035 	DATA 	RatingScale unnamed RatingScale: history=[(None, 0.0), (3, 1.37)]
222.4381 	EXP 	WIN FLIP : SCALE AND MEMORY OFF, FIXATION ON
222.4381 	EXP 	unnamed RatingScale: autoDraw = False
222.4381 	EXP 	MEMORY IMAGE ../../stim/practice_mem_single/sunaaebuzkvqtkqiact.jpg: autoDraw = False
222.4381 	EXP 	FIXATION CROSS: autoDraw = True
222.4381 	EXP 	FIXATION CROSS: autoDraw = False
222.4381 	EXP 	WIN FLIP : FIXATION OFF
222.4392 	INFO 	PRACTICE END: 1571074517.71
222.4797 	EXP 	Created INSTRCUCTION TEXT = TextStim(alignHoriz='center', alignVert='center', antialias=True, autoLog=True, bold=False, color=array([1., 1., 1.]), colorSpace='rgb', contrast=1.0, depth=0, flipHoriz=False, flipVert=False, font='', fontFiles=[], height=1.0, italic=False, name='INSTRCUCTION TEXT', opacity=1.0, ori=0.0, pos=array([0., 0.]), rgb=array([1., 1., 1.]), text=newstr(...), units='deg', win=Window(...), wrapWidth=40)
222.5049 	EXP 	INSTRCUCTION TEXT: autoDraw = True
228.0983 	DATA 	Keypress: space
229.3888 	EXP 	window1: mouseVisible = True
