2.7506 	WARNING 	User requested fullscreen with size [1024  768], but screen is actually [1680, 1050]. Using actual size
4.7416 	DATA 	Keypress: return
8.3420 	DATA 	Keypress: 1
11.6917 	DATA 	Keypress: 3
15.1415 	DATA 	Keypress: 3
18.3575 	DATA 	Keypress: 1
21.6971 	DATA 	Keypress: 1
24.9916 	DATA 	Keypress: 1
28.3420 	DATA 	Keypress: 3
31.5416 	DATA 	Keypress: 1
34.6968 	DATA 	Keypress: 3
37.8417 	DATA 	Keypress: 1
43.8416 	DATA 	Keypress: return
43.8429 	ERROR 	Couldn't find image /Users/kirstenziman/Documents/GitHub/P4N2016/stim/OddballLocStims/Faces/House_054.jpg; check path? (tried: /Users/kirstenziman/Documents/GitHub/P4N2016/stim/OddballLocStims/Faces/House_054.jpg)
45.2450 	DATA 	Keypress: 1
45.9086 	DATA 	RatingScale unnamed RatingScale: (timed out: 1.000s) rating=1
45.9262 	ERROR 	Couldn't find image /Users/kirstenziman/Documents/GitHub/P4N2016/stim/OddballLocStims/Faces/House_207.jpg; check path? (tried: /Users/kirstenziman/Documents/GitHub/P4N2016/stim/OddballLocStims/Faces/House_207.jpg)
47.3946 	DATA 	Keypress: 3
47.3951 	DATA 	RatingScale unnamed RatingScale: (key single-click) rating=3
47.3953 	DATA 	RatingScale unnamed RatingScale: rating RT=0.434
47.3953 	DATA 	RatingScale unnamed RatingScale: history=[(None, 0.0), (3, 0.434)]
47.4090 	ERROR 	Couldn't find image /Users/kirstenziman/Documents/GitHub/P4N2016/stim/OddballLocStims/Faces/House_039.jpg; check path? (tried: /Users/kirstenziman/Documents/GitHub/P4N2016/stim/OddballLocStims/Faces/House_039.jpg)
47.6934 	DATA 	Keypress: 2
48.7962 	DATA 	Keypress: 3
49.0972 	DATA 	Keypress: 2
49.0977 	DATA 	RatingScale unnamed RatingScale: (key single-click) rating=2
49.0979 	DATA 	RatingScale unnamed RatingScale: rating RT=0.653
49.0979 	DATA 	RatingScale unnamed RatingScale: history=[(None, 0.0), (2, 0.003), (3, 0.352), (2, 0.653)]
49.1090 	ERROR 	Couldn't find image /Users/kirstenziman/Documents/GitHub/P4N2016/stim/OddballLocStims/Faces/House_271.jpg; check path? (tried: /Users/kirstenziman/Documents/GitHub/P4N2016/stim/OddballLocStims/Faces/House_271.jpg)
