3.7022 	WARNING 	User requested fullscreen with size [1024  768], but screen is actually [1680, 1050]. Using actual size
5.5327 	DATA 	Keypress: return
8.9332 	DATA 	Keypress: 3
12.3825 	DATA 	Keypress: 3
15.5324 	DATA 	Keypress: 1
18.7383 	DATA 	Keypress: 1
21.9406 	DATA 	Keypress: 3
25.1852 	DATA 	Keypress: 1
28.4826 	DATA 	Keypress: 3
31.9328 	DATA 	Keypress: 3
35.1826 	DATA 	Keypress: 3
38.4328 	DATA 	Keypress: 3
39.8325 	DATA 	Keypress: return
41.2447 	DATA 	Keypress: 3
41.9066 	DATA 	RatingScale unnamed RatingScale: (timed out: 1.000s) rating=3
43.3108 	DATA 	Keypress: 3
43.5453 	DATA 	Keypress: 2
43.5458 	DATA 	RatingScale unnamed RatingScale: (key single-click) rating=2
43.5460 	DATA 	RatingScale unnamed RatingScale: rating RT=0.586
43.5460 	DATA 	RatingScale unnamed RatingScale: history=[(None, 0.0), (3, 0.351), (2, 0.586)]
44.9442 	DATA 	Keypress: 1
45.2464 	DATA 	Keypress: 2
45.2470 	DATA 	RatingScale unnamed RatingScale: (key single-click) rating=2
45.2472 	DATA 	RatingScale unnamed RatingScale: rating RT=0.654
45.2472 	DATA 	RatingScale unnamed RatingScale: history=[(None, 0.0), (1, 0.351), (2, 0.654)]
46.6437 	DATA 	Keypress: 2
46.7956 	DATA 	Keypress: 3
46.7964 	DATA 	RatingScale unnamed RatingScale: (key single-click) rating=3
46.7966 	DATA 	RatingScale unnamed RatingScale: rating RT=0.504
46.7966 	DATA 	RatingScale unnamed RatingScale: history=[(None, 0.0), (2, 0.351), (3, 0.503)]
48.2452 	DATA 	Keypress: 2
48.3455 	DATA 	Keypress: 4
48.3459 	DATA 	RatingScale unnamed RatingScale: (key single-click) rating=4
48.3461 	DATA 	RatingScale unnamed RatingScale: rating RT=0.503
48.3461 	DATA 	RatingScale unnamed RatingScale: history=[(None, 0.0), (2, 0.403), (4, 0.503)]
48.3590 	ERROR 	Couldn't find image /Users/kirstenziman/Documents/GitHub/P4N2016/stim/OddballLocStims/Faces/House_011.jpg; check path? (tried: /Users/kirstenziman/Documents/GitHub/P4N2016/stim/OddballLocStims/Faces/House_011.jpg)
49.6607 	DATA 	Keypress: 4
50.4073 	DATA 	RatingScale unnamed RatingScale: (timed out: 1.000s) rating=4
51.7946 	DATA 	Keypress: 4
52.3952 	DATA 	Keypress: 3
52.3956 	DATA 	RatingScale unnamed RatingScale: (key single-click) rating=3
52.3958 	DATA 	RatingScale unnamed RatingScale: rating RT=0.936
52.3958 	DATA 	RatingScale unnamed RatingScale: history=[(None, 0.0), (4, 0.335), (3, 0.936)]
52.4079 	ERROR 	Couldn't find image /Users/kirstenziman/Documents/GitHub/P4N2016/stim/OddballLocStims/Faces/House_282.jpg; check path? (tried: /Users/kirstenziman/Documents/GitHub/P4N2016/stim/OddballLocStims/Faces/House_282.jpg)
53.7654 	DATA 	Keypress: 4
54.4450 	DATA 	Keypress: 2
54.4455 	DATA 	RatingScale unnamed RatingScale: (key single-click) rating=2
54.4457 	DATA 	RatingScale unnamed RatingScale: rating RT=0.984
54.4457 	DATA 	RatingScale unnamed RatingScale: history=[(None, 0.0), (4, 0.305), (2, 0.984)]
55.9939 	DATA 	Keypress: 3
55.9944 	DATA 	RatingScale unnamed RatingScale: (key single-click) rating=3
55.9946 	DATA 	RatingScale unnamed RatingScale: rating RT=0.501
55.9946 	DATA 	RatingScale unnamed RatingScale: history=[(None, 0.0), (3, 0.501)]
56.0080 	ERROR 	Couldn't find image /Users/kirstenziman/Documents/GitHub/P4N2016/stim/OddballLocStims/Faces/House_058.jpg; check path? (tried: /Users/kirstenziman/Documents/GitHub/P4N2016/stim/OddballLocStims/Faces/House_058.jpg)
