4.6813 	WARNING 	User requested fullscreen with size [1024  768], but screen is actually [1680, 1050]. Using actual size
6.4053 	DATA 	Keypress: return
9.7067 	DATA 	Keypress: 3
13.0053 	DATA 	Keypress: 3
16.1195 	DATA 	Keypress: 1
19.3551 	DATA 	Keypress: 3
22.6051 	DATA 	Keypress: 3
25.8551 	DATA 	Keypress: 1
29.1554 	DATA 	Keypress: 1
32.3640 	DATA 	Keypress: 3
35.6618 	DATA 	Keypress: 3
38.9055 	DATA 	Keypress: 1
39.7551 	DATA 	Keypress: return
39.7563 	ERROR 	Couldn't find image /Users/kirstenziman/Documents/GitHub/P4N2016/stim/OddballLocStims/Faces/House_281.jpg; check path? (tried: /Users/kirstenziman/Documents/GitHub/P4N2016/stim/OddballLocStims/Faces/House_281.jpg)
41.4140 	DATA 	Keypress: 2
41.4146 	DATA 	RatingScale unnamed RatingScale: (key single-click) rating=2
41.4148 	DATA 	RatingScale unnamed RatingScale: rating RT=0.584
41.4149 	DATA 	RatingScale unnamed RatingScale: history=[(None, 0.0), (2, 0.584)]
42.9300 	DATA 	Keypress: 3
42.9305 	DATA 	RatingScale unnamed RatingScale: (key single-click) rating=3
42.9307 	DATA 	RatingScale unnamed RatingScale: rating RT=0.468
42.9307 	DATA 	RatingScale unnamed RatingScale: history=[(None, 0.0), (3, 0.467)]
42.9442 	ERROR 	Couldn't find image /Users/kirstenziman/Documents/GitHub/P4N2016/stim/OddballLocStims/Faces/House_060.jpg; check path? (tried: /Users/kirstenziman/Documents/GitHub/P4N2016/stim/OddballLocStims/Faces/House_060.jpg)
44.4135 	DATA 	Keypress: 1
44.4139 	DATA 	RatingScale unnamed RatingScale: (key single-click) rating=1
44.4141 	DATA 	RatingScale unnamed RatingScale: rating RT=0.435
44.4142 	DATA 	RatingScale unnamed RatingScale: history=[(None, 0.0), (1, 0.434)]
44.4275 	ERROR 	Couldn't find image /Users/kirstenziman/Documents/GitHub/P4N2016/stim/OddballLocStims/Faces/House_064.jpg; check path? (tried: /Users/kirstenziman/Documents/GitHub/P4N2016/stim/OddballLocStims/Faces/House_064.jpg)
45.8638 	DATA 	Keypress: 2
46.4767 	DATA 	RatingScale unnamed RatingScale: (timed out: 1.000s) rating=2
47.8143 	DATA 	Keypress: 4
48.5428 	DATA 	RatingScale unnamed RatingScale: (timed out: 1.000s) rating=4
48.5621 	ERROR 	Couldn't find image /Users/kirstenziman/Documents/GitHub/P4N2016/stim/OddballLocStims/Faces/House_068.jpg; check path? (tried: /Users/kirstenziman/Documents/GitHub/P4N2016/stim/OddballLocStims/Faces/House_068.jpg)
50.0142 	DATA 	Keypress: 3
50.0148 	DATA 	RatingScale unnamed RatingScale: (key single-click) rating=3
50.0150 	DATA 	RatingScale unnamed RatingScale: rating RT=0.418
50.0150 	DATA 	RatingScale unnamed RatingScale: history=[(None, 0.0), (3, 0.417)]
51.8142 	DATA 	Keypress: 1
51.8147 	DATA 	RatingScale unnamed RatingScale: (key single-click) rating=1
51.8149 	DATA 	RatingScale unnamed RatingScale: rating RT=0.753
51.8149 	DATA 	RatingScale unnamed RatingScale: history=[(None, 0.0), (1, 0.752)]
51.8279 	ERROR 	Couldn't find image /Users/kirstenziman/Documents/GitHub/P4N2016/stim/OddballLocStims/Faces/House_013.jpg; check path? (tried: /Users/kirstenziman/Documents/GitHub/P4N2016/stim/OddballLocStims/Faces/House_013.jpg)
53.2140 	DATA 	Keypress: 2
53.4654 	DATA 	Keypress: return
53.4656 	DATA 	RatingScale unnamed RatingScale: (key response) rating=2
53.4657 	DATA 	RatingScale unnamed RatingScale: (key single-click) rating=2
53.4658 	DATA 	RatingScale unnamed RatingScale: rating RT=0.604
53.4659 	DATA 	RatingScale unnamed RatingScale: history=[(None, 0.0), (2, 0.353), (2, 0.604), (2, 0.604)]
53.4774 	ERROR 	Couldn't find image /Users/kirstenziman/Documents/GitHub/P4N2016/stim/OddballLocStims/Faces/House_278.jpg; check path? (tried: /Users/kirstenziman/Documents/GitHub/P4N2016/stim/OddballLocStims/Faces/House_278.jpg)
