0.0002 	WARNING 	warning
0.0002 	EXP 	experiment
0.0002 	DATA 	data
0.0002 	INFO 	info
0.0002 	INFO 	current time: 1571324559.67
5.9458 	DEBUG 	handleLineEditChange: inputFieldName=1. age, type=<type 'str'>, value=a
7.6497 	DEBUG 	handleLineEditChange: inputFieldName=1. age, type=<type 'str'>, value=
8.9861 	DEBUG 	handleLineEditChange: inputFieldName=1. age, type=<type 'str'>, value=2
9.0739 	DEBUG 	handleLineEditChange: inputFieldName=1. age, type=<type 'str'>, value=20
13.2136 	DEBUG 	handleCurrentIndexChanged: inputFieldName=2. sex:, selected=Male, type: <type 'str'>
17.0015 	DEBUG 	handleCurrentIndexChanged: inputFieldName=3. Are you hispanic or latino?, selected=No, type: <type 'str'>
19.3376 	DEBUG 	handleCheckboxChange: inputFieldName=White, checked=True
20.5832 	DEBUG 	handleCurrentIndexChanged: inputFieldName=5. Highest Degree Achieved:, selected=some high school, type: <type 'str'>
20.5937 	DEBUG 	handleCurrentIndexChanged: inputFieldName=5. Highest Degree Achieved:, selected=high school graduate, type: <type 'str'>
20.6046 	DEBUG 	handleCurrentIndexChanged: inputFieldName=5. Highest Degree Achieved:, selected=some college, type: <type 'str'>
20.6363 	DEBUG 	handleCurrentIndexChanged: inputFieldName=5. Highest Degree Achieved:, selected=college graduate, type: <type 'str'>
20.6364 	DEBUG 	handleCurrentIndexChanged: inputFieldName=5. Highest Degree Achieved:, selected=some college, type: <type 'str'>
20.6535 	DEBUG 	handleCurrentIndexChanged: inputFieldName=5. Highest Degree Achieved:, selected=college graduate, type: <type 'str'>
20.6536 	DEBUG 	handleCurrentIndexChanged: inputFieldName=5. Highest Degree Achieved:, selected=some college, type: <type 'str'>
20.6705 	DEBUG 	handleCurrentIndexChanged: inputFieldName=5. Highest Degree Achieved:, selected=college graduate, type: <type 'str'>
20.6705 	DEBUG 	handleCurrentIndexChanged: inputFieldName=5. Highest Degree Achieved:, selected=some college, type: <type 'str'>
20.6863 	DEBUG 	handleCurrentIndexChanged: inputFieldName=5. Highest Degree Achieved:, selected=college graduate, type: <type 'str'>
20.6864 	DEBUG 	handleCurrentIndexChanged: inputFieldName=5. Highest Degree Achieved:, selected=some college, type: <type 'str'>
20.7038 	DEBUG 	handleCurrentIndexChanged: inputFieldName=5. Highest Degree Achieved:, selected=college graduate, type: <type 'str'>
25.1431 	DEBUG 	handleCurrentIndexChanged: inputFieldName=5. Highest Degree Achieved:, selected=some college, type: <type 'str'>
28.5704 	DEBUG 	handleCurrentIndexChanged: inputFieldName=(e.g. dyslexia, uncorrected far-sightedness, etc.), selected=Yes, type: <type 'str'>
34.1454 	DEBUG 	handleCurrentIndexChanged: inputFieldName=7. Do you have normal color vision?, selected=Yes, type: <type 'str'>
41.9550 	DEBUG 	handleCurrentIndexChanged: inputFieldName=affect your memory or attention?, selected=Yes, type: <type 'str'>
45.6736 	DEBUG 	handleLineEditChange: inputFieldName=9. If yes to question above, describe, type=<type 'str'>, value=C
46.1375 	DEBUG 	handleLineEditChange: inputFieldName=9. If yes to question above, describe, type=<type 'str'>, value=Co
46.3222 	DEBUG 	handleLineEditChange: inputFieldName=9. If yes to question above, describe, type=<type 'str'>, value=Con
46.4256 	DEBUG 	handleLineEditChange: inputFieldName=9. If yes to question above, describe, type=<type 'str'>, value=Conc
46.9134 	DEBUG 	handleLineEditChange: inputFieldName=9. If yes to question above, describe, type=<type 'str'>, value=Concu
47.1137 	DEBUG 	handleLineEditChange: inputFieldName=9. If yes to question above, describe, type=<type 'str'>, value=Concus
47.2657 	DEBUG 	handleLineEditChange: inputFieldName=9. If yes to question above, describe, type=<type 'str'>, value=Concuss
47.3698 	DEBUG 	handleLineEditChange: inputFieldName=9. If yes to question above, describe, type=<type 'str'>, value=Concussi
47.3930 	DEBUG 	handleLineEditChange: inputFieldName=9. If yes to question above, describe, type=<type 'str'>, value=Concussiu
47.4975 	DEBUG 	handleLineEditChange: inputFieldName=9. If yes to question above, describe, type=<type 'str'>, value=Concussiuo
47.9695 	DEBUG 	handleLineEditChange: inputFieldName=9. If yes to question above, describe, type=<type 'str'>, value=Concussiu
49.1136 	DEBUG 	handleLineEditChange: inputFieldName=9. If yes to question above, describe, type=<type 'str'>, value=Concussi
50.0737 	DEBUG 	handleLineEditChange: inputFieldName=9. If yes to question above, describe, type=<type 'str'>, value=Concussio
50.2735 	DEBUG 	handleLineEditChange: inputFieldName=9. If yes to question above, describe, type=<type 'str'>, value=Concussion
50.4495 	DEBUG 	handleLineEditChange: inputFieldName=9. If yes to question above, describe, type=<type 'str'>, value=Concussion 
50.8976 	DEBUG 	handleLineEditChange: inputFieldName=9. If yes to question above, describe, type=<type 'str'>, value=Concussion o
51.0981 	DEBUG 	handleLineEditChange: inputFieldName=9. If yes to question above, describe, type=<type 'str'>, value=Concussion ov
51.3136 	DEBUG 	handleLineEditChange: inputFieldName=9. If yes to question above, describe, type=<type 'str'>, value=Concussion ove
51.3856 	DEBUG 	handleLineEditChange: inputFieldName=9. If yes to question above, describe, type=<type 'str'>, value=Concussion over
51.5536 	DEBUG 	handleLineEditChange: inputFieldName=9. If yes to question above, describe, type=<type 'str'>, value=Concussion over 
51.7455 	DEBUG 	handleLineEditChange: inputFieldName=9. If yes to question above, describe, type=<type 'str'>, value=Concussion over a
51.8175 	DEBUG 	handleLineEditChange: inputFieldName=9. If yes to question above, describe, type=<type 'str'>, value=Concussion over a 
52.0096 	DEBUG 	handleLineEditChange: inputFieldName=9. If yes to question above, describe, type=<type 'str'>, value=Concussion over a y
52.0975 	DEBUG 	handleLineEditChange: inputFieldName=9. If yes to question above, describe, type=<type 'str'>, value=Concussion over a ye
52.2815 	DEBUG 	handleLineEditChange: inputFieldName=9. If yes to question above, describe, type=<type 'str'>, value=Concussion over a yea
52.4497 	DEBUG 	handleLineEditChange: inputFieldName=9. If yes to question above, describe, type=<type 'str'>, value=Concussion over a year
52.6015 	DEBUG 	handleLineEditChange: inputFieldName=9. If yes to question above, describe, type=<type 'str'>, value=Concussion over a year 
52.6897 	DEBUG 	handleLineEditChange: inputFieldName=9. If yes to question above, describe, type=<type 'str'>, value=Concussion over a year a
52.8656 	DEBUG 	handleLineEditChange: inputFieldName=9. If yes to question above, describe, type=<type 'str'>, value=Concussion over a year ag
53.0096 	DEBUG 	handleLineEditChange: inputFieldName=9. If yes to question above, describe, type=<type 'str'>, value=Concussion over a year ago
53.2576 	DEBUG 	handleLineEditChange: inputFieldName=9. If yes to question above, describe, type=<type 'str'>, value=Concussion over a year ago 
53.5135 	DEBUG 	handleLineEditChange: inputFieldName=9. If yes to question above, describe, type=<type 'str'>, value=Concussion over a year ago n
53.6338 	DEBUG 	handleLineEditChange: inputFieldName=9. If yes to question above, describe, type=<type 'str'>, value=Concussion over a year ago no
53.7776 	DEBUG 	handleLineEditChange: inputFieldName=9. If yes to question above, describe, type=<type 'str'>, value=Concussion over a year ago now
54.2095 	DEBUG 	handleLineEditChange: inputFieldName=9. If yes to question above, describe, type=<type 'str'>, value=Concussion over a year ago now 
54.3777 	DEBUG 	handleLineEditChange: inputFieldName=9. If yes to question above, describe, type=<type 'str'>, value=Concussion over a year ago now b
54.5215 	DEBUG 	handleLineEditChange: inputFieldName=9. If yes to question above, describe, type=<type 'str'>, value=Concussion over a year ago now bu
54.6016 	DEBUG 	handleLineEditChange: inputFieldName=9. If yes to question above, describe, type=<type 'str'>, value=Concussion over a year ago now but
54.8254 	DEBUG 	handleLineEditChange: inputFieldName=9. If yes to question above, describe, type=<type 'str'>, value=Concussion over a year ago now but 
55.0977 	DEBUG 	handleLineEditChange: inputFieldName=9. If yes to question above, describe, type=<type 'str'>, value=Concussion over a year ago now but I
55.2334 	DEBUG 	handleLineEditChange: inputFieldName=9. If yes to question above, describe, type=<type 'str'>, value=Concussion over a year ago now but I 
55.4256 	DEBUG 	handleLineEditChange: inputFieldName=9. If yes to question above, describe, type=<type 'str'>, value=Concussion over a year ago now but I d
55.6496 	DEBUG 	handleLineEditChange: inputFieldName=9. If yes to question above, describe, type=<type 'str'>, value=Concussion over a year ago now but I do
55.7855 	DEBUG 	handleLineEditChange: inputFieldName=9. If yes to question above, describe, type=<type 'str'>, value=Concussion over a year ago now but I do 
55.8977 	DEBUG 	handleLineEditChange: inputFieldName=9. If yes to question above, describe, type=<type 'str'>, value=Concussion over a year ago now but I do t
55.9456 	DEBUG 	handleLineEditChange: inputFieldName=9. If yes to question above, describe, type=<type 'str'>, value=Concussion over a year ago now but I do th
56.3616 	DEBUG 	handleLineEditChange: inputFieldName=9. If yes to question above, describe, type=<type 'str'>, value=Concussion over a year ago now but I do thi
56.6978 	DEBUG 	handleLineEditChange: inputFieldName=9. If yes to question above, describe, type=<type 'str'>, value=Concussion over a year ago now but I do thin
56.7858 	DEBUG 	handleLineEditChange: inputFieldName=9. If yes to question above, describe, type=<type 'str'>, value=Concussion over a year ago now but I do think
56.9456 	DEBUG 	handleLineEditChange: inputFieldName=9. If yes to question above, describe, type=<type 'str'>, value=Concussion over a year ago now but I do think 
57.0495 	DEBUG 	handleLineEditChange: inputFieldName=9. If yes to question above, describe, type=<type 'str'>, value=Concussion over a year ago now but I do think i
57.1296 	DEBUG 	handleLineEditChange: inputFieldName=9. If yes to question above, describe, type=<type 'str'>, value=Concussion over a year ago now but I do think it
57.2815 	DEBUG 	handleLineEditChange: inputFieldName=9. If yes to question above, describe, type=<type 'str'>, value=Concussion over a year ago now but I do think it 
57.5378 	DEBUG 	handleLineEditChange: inputFieldName=9. If yes to question above, describe, type=<type 'str'>, value=Concussion over a year ago now but I do think it h
57.6336 	DEBUG 	handleLineEditChange: inputFieldName=9. If yes to question above, describe, type=<type 'str'>, value=Concussion over a year ago now but I do think it ha
57.7135 	DEBUG 	handleLineEditChange: inputFieldName=9. If yes to question above, describe, type=<type 'str'>, value=Concussion over a year ago now but I do think it has
57.8575 	DEBUG 	handleLineEditChange: inputFieldName=9. If yes to question above, describe, type=<type 'str'>, value=Concussion over a year ago now but I do think it has 
60.2015 	DEBUG 	handleLineEditChange: inputFieldName=9. If yes to question above, describe, type=<type 'str'>, value=Concussion over a year ago now but I do think it has a
60.5535 	DEBUG 	handleLineEditChange: inputFieldName=9. If yes to question above, describe, type=<type 'str'>, value=Concussion over a year ago now but I do think it has af
60.6816 	DEBUG 	handleLineEditChange: inputFieldName=9. If yes to question above, describe, type=<type 'str'>, value=Concussion over a year ago now but I do think it has aff
60.8255 	DEBUG 	handleLineEditChange: inputFieldName=9. If yes to question above, describe, type=<type 'str'>, value=Concussion over a year ago now but I do think it has affe
61.0175 	DEBUG 	handleLineEditChange: inputFieldName=9. If yes to question above, describe, type=<type 'str'>, value=Concussion over a year ago now but I do think it has affec
61.1936 	DEBUG 	handleLineEditChange: inputFieldName=9. If yes to question above, describe, type=<type 'str'>, value=Concussion over a year ago now but I do think it has affect
61.4736 	DEBUG 	handleLineEditChange: inputFieldName=9. If yes to question above, describe, type=<type 'str'>, value=Concussion over a year ago now but I do think it has affectd
61.8332 	DEBUG 	handleLineEditChange: inputFieldName=9. If yes to question above, describe, type=<type 'str'>, value=Concussion over a year ago now but I do think it has affect
62.0652 	DEBUG 	handleLineEditChange: inputFieldName=9. If yes to question above, describe, type=<type 'str'>, value=Concussion over a year ago now but I do think it has affecte
62.2584 	DEBUG 	handleLineEditChange: inputFieldName=9. If yes to question above, describe, type=<type 'str'>, value=Concussion over a year ago now but I do think it has affected
62.3773 	DEBUG 	handleLineEditChange: inputFieldName=9. If yes to question above, describe, type=<type 'str'>, value=Concussion over a year ago now but I do think it has affected 
62.5535 	DEBUG 	handleLineEditChange: inputFieldName=9. If yes to question above, describe, type=<type 'str'>, value=Concussion over a year ago now but I do think it has affected m
62.8257 	DEBUG 	handleLineEditChange: inputFieldName=9. If yes to question above, describe, type=<type 'str'>, value=Concussion over a year ago now but I do think it has affected my
63.0335 	DEBUG 	handleLineEditChange: inputFieldName=9. If yes to question above, describe, type=<type 'str'>, value=Concussion over a year ago now but I do think it has affected my 
63.3215 	DEBUG 	handleLineEditChange: inputFieldName=9. If yes to question above, describe, type=<type 'str'>, value=Concussion over a year ago now but I do think it has affected my m
63.4815 	DEBUG 	handleLineEditChange: inputFieldName=9. If yes to question above, describe, type=<type 'str'>, value=Concussion over a year ago now but I do think it has affected my me
63.5455 	DEBUG 	handleLineEditChange: inputFieldName=9. If yes to question above, describe, type=<type 'str'>, value=Concussion over a year ago now but I do think it has affected my mem
63.7217 	DEBUG 	handleLineEditChange: inputFieldName=9. If yes to question above, describe, type=<type 'str'>, value=Concussion over a year ago now but I do think it has affected my memo
63.8416 	DEBUG 	handleLineEditChange: inputFieldName=9. If yes to question above, describe, type=<type 'str'>, value=Concussion over a year ago now but I do think it has affected my memor
63.9855 	DEBUG 	handleLineEditChange: inputFieldName=9. If yes to question above, describe, type=<type 'str'>, value=Concussion over a year ago now but I do think it has affected my memory
64.1700 	DEBUG 	handleLineEditChange: inputFieldName=9. If yes to question above, describe, type=<type 'str'>, value=Concussion over a year ago now but I do think it has affected my memory 
64.6736 	DEBUG 	handleLineEditChange: inputFieldName=9. If yes to question above, describe, type=<type 'str'>, value=Concussion over a year ago now but I do think it has affected my memory a
64.8097 	DEBUG 	handleLineEditChange: inputFieldName=9. If yes to question above, describe, type=<type 'str'>, value=Concussion over a year ago now but I do think it has affected my memory a 
64.9775 	DEBUG 	handleLineEditChange: inputFieldName=9. If yes to question above, describe, type=<type 'str'>, value=Concussion over a year ago now but I do think it has affected my memory a b
65.0816 	DEBUG 	handleLineEditChange: inputFieldName=9. If yes to question above, describe, type=<type 'str'>, value=Concussion over a year ago now but I do think it has affected my memory a bu
65.1936 	DEBUG 	handleLineEditChange: inputFieldName=9. If yes to question above, describe, type=<type 'str'>, value=Concussion over a year ago now but I do think it has affected my memory a but
65.3375 	DEBUG 	handleLineEditChange: inputFieldName=9. If yes to question above, describe, type=<type 'str'>, value=Concussion over a year ago now but I do think it has affected my memory a but 
65.7055 	DEBUG 	handleLineEditChange: inputFieldName=9. If yes to question above, describe, type=<type 'str'>, value=Concussion over a year ago now but I do think it has affected my memory a but =
65.8415 	DEBUG 	handleLineEditChange: inputFieldName=9. If yes to question above, describe, type=<type 'str'>, value=Concussion over a year ago now but I do think it has affected my memory a but ==
65.9615 	DEBUG 	handleLineEditChange: inputFieldName=9. If yes to question above, describe, type=<type 'str'>, value=Concussion over a year ago now but I do think it has affected my memory a but ===
66.2015 	DEBUG 	handleLineEditChange: inputFieldName=9. If yes to question above, describe, type=<type 'str'>, value=Concussion over a year ago now but I do think it has affected my memory a but ==
66.3375 	DEBUG 	handleLineEditChange: inputFieldName=9. If yes to question above, describe, type=<type 'str'>, value=Concussion over a year ago now but I do think it has affected my memory a but =
66.4574 	DEBUG 	handleLineEditChange: inputFieldName=9. If yes to question above, describe, type=<type 'str'>, value=Concussion over a year ago now but I do think it has affected my memory a but 
66.5935 	DEBUG 	handleLineEditChange: inputFieldName=9. If yes to question above, describe, type=<type 'str'>, value=Concussion over a year ago now but I do think it has affected my memory a but
66.7135 	DEBUG 	handleLineEditChange: inputFieldName=9. If yes to question above, describe, type=<type 'str'>, value=Concussion over a year ago now but I do think it has affected my memory a bu
66.9215 	DEBUG 	handleLineEditChange: inputFieldName=9. If yes to question above, describe, type=<type 'str'>, value=Concussion over a year ago now but I do think it has affected my memory a b
67.5481 	DEBUG 	handleLineEditChange: inputFieldName=9. If yes to question above, describe, type=<type 'str'>, value=Concussion over a year ago now but I do think it has affected my memory a bi
67.6334 	DEBUG 	handleLineEditChange: inputFieldName=9. If yes to question above, describe, type=<type 'str'>, value=Concussion over a year ago now but I do think it has affected my memory a bit
67.7616 	DEBUG 	handleLineEditChange: inputFieldName=9. If yes to question above, describe, type=<type 'str'>, value=Concussion over a year ago now but I do think it has affected my memory a bit 
67.8895 	DEBUG 	handleLineEditChange: inputFieldName=9. If yes to question above, describe, type=<type 'str'>, value=Concussion over a year ago now but I do think it has affected my memory a bit a
67.9695 	DEBUG 	handleLineEditChange: inputFieldName=9. If yes to question above, describe, type=<type 'str'>, value=Concussion over a year ago now but I do think it has affected my memory a bit an
68.0416 	DEBUG 	handleLineEditChange: inputFieldName=9. If yes to question above, describe, type=<type 'str'>, value=Concussion over a year ago now but I do think it has affected my memory a bit and
68.1376 	DEBUG 	handleLineEditChange: inputFieldName=9. If yes to question above, describe, type=<type 'str'>, value=Concussion over a year ago now but I do think it has affected my memory a bit and 
70.5215 	DEBUG 	handleLineEditChange: inputFieldName=9. If yes to question above, describe, type=<type 'str'>, value=Concussion over a year ago now but I do think it has affected my memory a bit and
71.0229 	DEBUG 	handleLineEditChange: inputFieldName=9. If yes to question above, describe, type=<type 'str'>, value=Concussion over a year ago now but I do think it has affected my memory a bit an
71.1062 	DEBUG 	handleLineEditChange: inputFieldName=9. If yes to question above, describe, type=<type 'str'>, value=Concussion over a year ago now but I do think it has affected my memory a bit a
71.1898 	DEBUG 	handleLineEditChange: inputFieldName=9. If yes to question above, describe, type=<type 'str'>, value=Concussion over a year ago now but I do think it has affected my memory a bit 
71.2740 	DEBUG 	handleLineEditChange: inputFieldName=9. If yes to question above, describe, type=<type 'str'>, value=Concussion over a year ago now but I do think it has affected my memory a bit
71.3574 	DEBUG 	handleLineEditChange: inputFieldName=9. If yes to question above, describe, type=<type 'str'>, value=Concussion over a year ago now but I do think it has affected my memory a bi
71.4407 	DEBUG 	handleLineEditChange: inputFieldName=9. If yes to question above, describe, type=<type 'str'>, value=Concussion over a year ago now but I do think it has affected my memory a b
71.5241 	DEBUG 	handleLineEditChange: inputFieldName=9. If yes to question above, describe, type=<type 'str'>, value=Concussion over a year ago now but I do think it has affected my memory a 
71.6077 	DEBUG 	handleLineEditChange: inputFieldName=9. If yes to question above, describe, type=<type 'str'>, value=Concussion over a year ago now but I do think it has affected my memory a
71.6913 	DEBUG 	handleLineEditChange: inputFieldName=9. If yes to question above, describe, type=<type 'str'>, value=Concussion over a year ago now but I do think it has affected my memory 
71.7758 	DEBUG 	handleLineEditChange: inputFieldName=9. If yes to question above, describe, type=<type 'str'>, value=Concussion over a year ago now but I do think it has affected my memory
71.8598 	DEBUG 	handleLineEditChange: inputFieldName=9. If yes to question above, describe, type=<type 'str'>, value=Concussion over a year ago now but I do think it has affected my memor
71.9434 	DEBUG 	handleLineEditChange: inputFieldName=9. If yes to question above, describe, type=<type 'str'>, value=Concussion over a year ago now but I do think it has affected my memo
72.0277 	DEBUG 	handleLineEditChange: inputFieldName=9. If yes to question above, describe, type=<type 'str'>, value=Concussion over a year ago now but I do think it has affected my mem
72.1105 	DEBUG 	handleLineEditChange: inputFieldName=9. If yes to question above, describe, type=<type 'str'>, value=Concussion over a year ago now but I do think it has affected my me
72.1947 	DEBUG 	handleLineEditChange: inputFieldName=9. If yes to question above, describe, type=<type 'str'>, value=Concussion over a year ago now but I do think it has affected my m
72.2785 	DEBUG 	handleLineEditChange: inputFieldName=9. If yes to question above, describe, type=<type 'str'>, value=Concussion over a year ago now but I do think it has affected my 
72.3625 	DEBUG 	handleLineEditChange: inputFieldName=9. If yes to question above, describe, type=<type 'str'>, value=Concussion over a year ago now but I do think it has affected my
72.4467 	DEBUG 	handleLineEditChange: inputFieldName=9. If yes to question above, describe, type=<type 'str'>, value=Concussion over a year ago now but I do think it has affected m
72.5302 	DEBUG 	handleLineEditChange: inputFieldName=9. If yes to question above, describe, type=<type 'str'>, value=Concussion over a year ago now but I do think it has affected 
72.6134 	DEBUG 	handleLineEditChange: inputFieldName=9. If yes to question above, describe, type=<type 'str'>, value=Concussion over a year ago now but I do think it has affected
72.6972 	DEBUG 	handleLineEditChange: inputFieldName=9. If yes to question above, describe, type=<type 'str'>, value=Concussion over a year ago now but I do think it has affecte
72.7812 	DEBUG 	handleLineEditChange: inputFieldName=9. If yes to question above, describe, type=<type 'str'>, value=Concussion over a year ago now but I do think it has affect
72.8654 	DEBUG 	handleLineEditChange: inputFieldName=9. If yes to question above, describe, type=<type 'str'>, value=Concussion over a year ago now but I do think it has affec
72.9491 	DEBUG 	handleLineEditChange: inputFieldName=9. If yes to question above, describe, type=<type 'str'>, value=Concussion over a year ago now but I do think it has affe
73.0329 	DEBUG 	handleLineEditChange: inputFieldName=9. If yes to question above, describe, type=<type 'str'>, value=Concussion over a year ago now but I do think it has aff
73.1170 	DEBUG 	handleLineEditChange: inputFieldName=9. If yes to question above, describe, type=<type 'str'>, value=Concussion over a year ago now but I do think it has af
73.2007 	DEBUG 	handleLineEditChange: inputFieldName=9. If yes to question above, describe, type=<type 'str'>, value=Concussion over a year ago now but I do think it has a
73.2852 	DEBUG 	handleLineEditChange: inputFieldName=9. If yes to question above, describe, type=<type 'str'>, value=Concussion over a year ago now but I do think it has 
73.3692 	DEBUG 	handleLineEditChange: inputFieldName=9. If yes to question above, describe, type=<type 'str'>, value=Concussion over a year ago now but I do think it has
73.4534 	DEBUG 	handleLineEditChange: inputFieldName=9. If yes to question above, describe, type=<type 'str'>, value=Concussion over a year ago now but I do think it ha
73.5369 	DEBUG 	handleLineEditChange: inputFieldName=9. If yes to question above, describe, type=<type 'str'>, value=Concussion over a year ago now but I do think it h
73.6204 	DEBUG 	handleLineEditChange: inputFieldName=9. If yes to question above, describe, type=<type 'str'>, value=Concussion over a year ago now but I do think it 
73.7038 	DEBUG 	handleLineEditChange: inputFieldName=9. If yes to question above, describe, type=<type 'str'>, value=Concussion over a year ago now but I do think it
73.7879 	DEBUG 	handleLineEditChange: inputFieldName=9. If yes to question above, describe, type=<type 'str'>, value=Concussion over a year ago now but I do think i
73.8721 	DEBUG 	handleLineEditChange: inputFieldName=9. If yes to question above, describe, type=<type 'str'>, value=Concussion over a year ago now but I do think 
73.9557 	DEBUG 	handleLineEditChange: inputFieldName=9. If yes to question above, describe, type=<type 'str'>, value=Concussion over a year ago now but I do think
74.0392 	DEBUG 	handleLineEditChange: inputFieldName=9. If yes to question above, describe, type=<type 'str'>, value=Concussion over a year ago now but I do thin
74.1231 	DEBUG 	handleLineEditChange: inputFieldName=9. If yes to question above, describe, type=<type 'str'>, value=Concussion over a year ago now but I do thi
74.2065 	DEBUG 	handleLineEditChange: inputFieldName=9. If yes to question above, describe, type=<type 'str'>, value=Concussion over a year ago now but I do th
74.2898 	DEBUG 	handleLineEditChange: inputFieldName=9. If yes to question above, describe, type=<type 'str'>, value=Concussion over a year ago now but I do t
74.3737 	DEBUG 	handleLineEditChange: inputFieldName=9. If yes to question above, describe, type=<type 'str'>, value=Concussion over a year ago now but I do 
74.4575 	DEBUG 	handleLineEditChange: inputFieldName=9. If yes to question above, describe, type=<type 'str'>, value=Concussion over a year ago now but I do
74.5413 	DEBUG 	handleLineEditChange: inputFieldName=9. If yes to question above, describe, type=<type 'str'>, value=Concussion over a year ago now but I d
74.6255 	DEBUG 	handleLineEditChange: inputFieldName=9. If yes to question above, describe, type=<type 'str'>, value=Concussion over a year ago now but I 
74.7088 	DEBUG 	handleLineEditChange: inputFieldName=9. If yes to question above, describe, type=<type 'str'>, value=Concussion over a year ago now but I
74.7928 	DEBUG 	handleLineEditChange: inputFieldName=9. If yes to question above, describe, type=<type 'str'>, value=Concussion over a year ago now but 
74.8767 	DEBUG 	handleLineEditChange: inputFieldName=9. If yes to question above, describe, type=<type 'str'>, value=Concussion over a year ago now but
74.9612 	DEBUG 	handleLineEditChange: inputFieldName=9. If yes to question above, describe, type=<type 'str'>, value=Concussion over a year ago now bu
75.0452 	DEBUG 	handleLineEditChange: inputFieldName=9. If yes to question above, describe, type=<type 'str'>, value=Concussion over a year ago now b
75.1285 	DEBUG 	handleLineEditChange: inputFieldName=9. If yes to question above, describe, type=<type 'str'>, value=Concussion over a year ago now 
75.2123 	DEBUG 	handleLineEditChange: inputFieldName=9. If yes to question above, describe, type=<type 'str'>, value=Concussion over a year ago now
75.2953 	DEBUG 	handleLineEditChange: inputFieldName=9. If yes to question above, describe, type=<type 'str'>, value=Concussion over a year ago no
75.3793 	DEBUG 	handleLineEditChange: inputFieldName=9. If yes to question above, describe, type=<type 'str'>, value=Concussion over a year ago n
75.4632 	DEBUG 	handleLineEditChange: inputFieldName=9. If yes to question above, describe, type=<type 'str'>, value=Concussion over a year ago 
75.5468 	DEBUG 	handleLineEditChange: inputFieldName=9. If yes to question above, describe, type=<type 'str'>, value=Concussion over a year ago
75.6305 	DEBUG 	handleLineEditChange: inputFieldName=9. If yes to question above, describe, type=<type 'str'>, value=Concussion over a year ag
75.7144 	DEBUG 	handleLineEditChange: inputFieldName=9. If yes to question above, describe, type=<type 'str'>, value=Concussion over a year a
75.7980 	DEBUG 	handleLineEditChange: inputFieldName=9. If yes to question above, describe, type=<type 'str'>, value=Concussion over a year 
75.8821 	DEBUG 	handleLineEditChange: inputFieldName=9. If yes to question above, describe, type=<type 'str'>, value=Concussion over a year
75.9658 	DEBUG 	handleLineEditChange: inputFieldName=9. If yes to question above, describe, type=<type 'str'>, value=Concussion over a yea
76.0500 	DEBUG 	handleLineEditChange: inputFieldName=9. If yes to question above, describe, type=<type 'str'>, value=Concussion over a ye
76.1332 	DEBUG 	handleLineEditChange: inputFieldName=9. If yes to question above, describe, type=<type 'str'>, value=Concussion over a y
76.2164 	DEBUG 	handleLineEditChange: inputFieldName=9. If yes to question above, describe, type=<type 'str'>, value=Concussion over a 
76.3007 	DEBUG 	handleLineEditChange: inputFieldName=9. If yes to question above, describe, type=<type 'str'>, value=Concussion over a
76.3842 	DEBUG 	handleLineEditChange: inputFieldName=9. If yes to question above, describe, type=<type 'str'>, value=Concussion over 
76.4675 	DEBUG 	handleLineEditChange: inputFieldName=9. If yes to question above, describe, type=<type 'str'>, value=Concussion over
76.5516 	DEBUG 	handleLineEditChange: inputFieldName=9. If yes to question above, describe, type=<type 'str'>, value=Concussion ove
76.6358 	DEBUG 	handleLineEditChange: inputFieldName=9. If yes to question above, describe, type=<type 'str'>, value=Concussion ov
76.7192 	DEBUG 	handleLineEditChange: inputFieldName=9. If yes to question above, describe, type=<type 'str'>, value=Concussion o
76.8029 	DEBUG 	handleLineEditChange: inputFieldName=9. If yes to question above, describe, type=<type 'str'>, value=Concussion 
76.8863 	DEBUG 	handleLineEditChange: inputFieldName=9. If yes to question above, describe, type=<type 'str'>, value=Concussion
76.9699 	DEBUG 	handleLineEditChange: inputFieldName=9. If yes to question above, describe, type=<type 'str'>, value=Concussio
77.0538 	DEBUG 	handleLineEditChange: inputFieldName=9. If yes to question above, describe, type=<type 'str'>, value=Concussi
77.1373 	DEBUG 	handleLineEditChange: inputFieldName=9. If yes to question above, describe, type=<type 'str'>, value=Concuss
77.2217 	DEBUG 	handleLineEditChange: inputFieldName=9. If yes to question above, describe, type=<type 'str'>, value=Concus
77.3049 	DEBUG 	handleLineEditChange: inputFieldName=9. If yes to question above, describe, type=<type 'str'>, value=Concu
77.3885 	DEBUG 	handleLineEditChange: inputFieldName=9. If yes to question above, describe, type=<type 'str'>, value=Conc
77.4720 	DEBUG 	handleLineEditChange: inputFieldName=9. If yes to question above, describe, type=<type 'str'>, value=Con
77.5558 	DEBUG 	handleLineEditChange: inputFieldName=9. If yes to question above, describe, type=<type 'str'>, value=Co
77.6400 	DEBUG 	handleLineEditChange: inputFieldName=9. If yes to question above, describe, type=<type 'str'>, value=C
77.7240 	DEBUG 	handleLineEditChange: inputFieldName=9. If yes to question above, describe, type=<type 'str'>, value=
78.2253 	DEBUG 	handleLineEditChange: inputFieldName=9. If yes to question above, describe, type=<type 'str'>, value=I
78.5695 	DEBUG 	handleLineEditChange: inputFieldName=9. If yes to question above, describe, type=<type 'str'>, value=I 
78.6573 	DEBUG 	handleLineEditChange: inputFieldName=9. If yes to question above, describe, type=<type 'str'>, value=I a
78.7301 	DEBUG 	handleLineEditChange: inputFieldName=9. If yes to question above, describe, type=<type 'str'>, value=I am
78.8735 	DEBUG 	handleLineEditChange: inputFieldName=9. If yes to question above, describe, type=<type 'str'>, value=I am 
78.9774 	DEBUG 	handleLineEditChange: inputFieldName=9. If yes to question above, describe, type=<type 'str'>, value=I am o
79.1215 	DEBUG 	handleLineEditChange: inputFieldName=9. If yes to question above, describe, type=<type 'str'>, value=I am on
79.2334 	DEBUG 	handleLineEditChange: inputFieldName=9. If yes to question above, describe, type=<type 'str'>, value=I am on 
79.3455 	DEBUG 	handleLineEditChange: inputFieldName=9. If yes to question above, describe, type=<type 'str'>, value=I am on c
79.6334 	DEBUG 	handleLineEditChange: inputFieldName=9. If yes to question above, describe, type=<type 'str'>, value=I am on co
79.8415 	DEBUG 	handleLineEditChange: inputFieldName=9. If yes to question above, describe, type=<type 'str'>, value=I am on con
80.0576 	DEBUG 	handleLineEditChange: inputFieldName=9. If yes to question above, describe, type=<type 'str'>, value=I am on conc
80.8176 	DEBUG 	handleLineEditChange: inputFieldName=9. If yes to question above, describe, type=<type 'str'>, value=I am on conce
80.9454 	DEBUG 	handleLineEditChange: inputFieldName=9. If yes to question above, describe, type=<type 'str'>, value=I am on concer
81.1854 	DEBUG 	handleLineEditChange: inputFieldName=9. If yes to question above, describe, type=<type 'str'>, value=I am on concert
81.4175 	DEBUG 	handleLineEditChange: inputFieldName=9. If yes to question above, describe, type=<type 'str'>, value=I am on concerta
81.5613 	DEBUG 	handleLineEditChange: inputFieldName=9. If yes to question above, describe, type=<type 'str'>, value=I am on concerta 
82.3615 	DEBUG 	handleLineEditChange: inputFieldName=9. If yes to question above, describe, type=<type 'str'>, value=I am on concerta b
82.4654 	DEBUG 	handleLineEditChange: inputFieldName=9. If yes to question above, describe, type=<type 'str'>, value=I am on concerta bu
82.5774 	DEBUG 	handleLineEditChange: inputFieldName=9. If yes to question above, describe, type=<type 'str'>, value=I am on concerta but
82.6572 	DEBUG 	handleLineEditChange: inputFieldName=9. If yes to question above, describe, type=<type 'str'>, value=I am on concerta but 
82.8814 	DEBUG 	handleLineEditChange: inputFieldName=9. If yes to question above, describe, type=<type 'str'>, value=I am on concerta but n
82.9614 	DEBUG 	handleLineEditChange: inputFieldName=9. If yes to question above, describe, type=<type 'str'>, value=I am on concerta but no
83.2095 	DEBUG 	handleLineEditChange: inputFieldName=9. If yes to question above, describe, type=<type 'str'>, value=I am on concerta but now
83.5773 	DEBUG 	handleLineEditChange: inputFieldName=9. If yes to question above, describe, type=<type 'str'>, value=I am on concerta but now=
83.6734 	DEBUG 	handleLineEditChange: inputFieldName=9. If yes to question above, describe, type=<type 'str'>, value=I am on concerta but now=t
83.9143 	DEBUG 	handleLineEditChange: inputFieldName=9. If yes to question above, describe, type=<type 'str'>, value=I am on concerta but now=
84.0573 	DEBUG 	handleLineEditChange: inputFieldName=9. If yes to question above, describe, type=<type 'str'>, value=I am on concerta but now
84.1854 	DEBUG 	handleLineEditChange: inputFieldName=9. If yes to question above, describe, type=<type 'str'>, value=I am on concerta but no
84.4896 	DEBUG 	handleLineEditChange: inputFieldName=9. If yes to question above, describe, type=<type 'str'>, value=I am on concerta but not
84.6655 	DEBUG 	handleLineEditChange: inputFieldName=9. If yes to question above, describe, type=<type 'str'>, value=I am on concerta but not 
84.9534 	DEBUG 	handleLineEditChange: inputFieldName=9. If yes to question above, describe, type=<type 'str'>, value=I am on concerta but not a
85.4094 	DEBUG 	handleLineEditChange: inputFieldName=9. If yes to question above, describe, type=<type 'str'>, value=I am on concerta but not 
85.5540 	DEBUG 	handleLineEditChange: inputFieldName=9. If yes to question above, describe, type=<type 'str'>, value=I am on concerta but not w
85.6494 	DEBUG 	handleLineEditChange: inputFieldName=9. If yes to question above, describe, type=<type 'str'>, value=I am on concerta but not wh
85.7534 	DEBUG 	handleLineEditChange: inputFieldName=9. If yes to question above, describe, type=<type 'str'>, value=I am on concerta but not whi
85.9213 	DEBUG 	handleLineEditChange: inputFieldName=9. If yes to question above, describe, type=<type 'str'>, value=I am on concerta but not whil
86.5374 	DEBUG 	handleLineEditChange: inputFieldName=9. If yes to question above, describe, type=<type 'str'>, value=I am on concerta but not whi
87.0377 	DEBUG 	handleLineEditChange: inputFieldName=9. If yes to question above, describe, type=<type 'str'>, value=I am on concerta but not wh
87.1210 	DEBUG 	handleLineEditChange: inputFieldName=9. If yes to question above, describe, type=<type 'str'>, value=I am on concerta but not w
87.2053 	DEBUG 	handleLineEditChange: inputFieldName=9. If yes to question above, describe, type=<type 'str'>, value=I am on concerta but not 
87.2887 	DEBUG 	handleLineEditChange: inputFieldName=9. If yes to question above, describe, type=<type 'str'>, value=I am on concerta but not
87.3728 	DEBUG 	handleLineEditChange: inputFieldName=9. If yes to question above, describe, type=<type 'str'>, value=I am on concerta but no
87.4562 	DEBUG 	handleLineEditChange: inputFieldName=9. If yes to question above, describe, type=<type 'str'>, value=I am on concerta but n
87.5404 	DEBUG 	handleLineEditChange: inputFieldName=9. If yes to question above, describe, type=<type 'str'>, value=I am on concerta but 
87.6238 	DEBUG 	handleLineEditChange: inputFieldName=9. If yes to question above, describe, type=<type 'str'>, value=I am on concerta but
87.7075 	DEBUG 	handleLineEditChange: inputFieldName=9. If yes to question above, describe, type=<type 'str'>, value=I am on concerta bu
87.7908 	DEBUG 	handleLineEditChange: inputFieldName=9. If yes to question above, describe, type=<type 'str'>, value=I am on concerta b
87.8742 	DEBUG 	handleLineEditChange: inputFieldName=9. If yes to question above, describe, type=<type 'str'>, value=I am on concerta 
87.9576 	DEBUG 	handleLineEditChange: inputFieldName=9. If yes to question above, describe, type=<type 'str'>, value=I am on concerta
88.0416 	DEBUG 	handleLineEditChange: inputFieldName=9. If yes to question above, describe, type=<type 'str'>, value=I am on concert
88.1250 	DEBUG 	handleLineEditChange: inputFieldName=9. If yes to question above, describe, type=<type 'str'>, value=I am on concer
88.2084 	DEBUG 	handleLineEditChange: inputFieldName=9. If yes to question above, describe, type=<type 'str'>, value=I am on conce
88.2918 	DEBUG 	handleLineEditChange: inputFieldName=9. If yes to question above, describe, type=<type 'str'>, value=I am on conc
88.3761 	DEBUG 	handleLineEditChange: inputFieldName=9. If yes to question above, describe, type=<type 'str'>, value=I am on con
88.4601 	DEBUG 	handleLineEditChange: inputFieldName=9. If yes to question above, describe, type=<type 'str'>, value=I am on co
88.5439 	DEBUG 	handleLineEditChange: inputFieldName=9. If yes to question above, describe, type=<type 'str'>, value=I am on c
88.6279 	DEBUG 	handleLineEditChange: inputFieldName=9. If yes to question above, describe, type=<type 'str'>, value=I am on 
88.7119 	DEBUG 	handleLineEditChange: inputFieldName=9. If yes to question above, describe, type=<type 'str'>, value=I am on
88.8174 	DEBUG 	handleLineEditChange: inputFieldName=9. If yes to question above, describe, type=<type 'str'>, value=I am o
88.9215 	DEBUG 	handleLineEditChange: inputFieldName=9. If yes to question above, describe, type=<type 'str'>, value=I am 
89.0336 	DEBUG 	handleLineEditChange: inputFieldName=9. If yes to question above, describe, type=<type 'str'>, value=I am
89.4014 	DEBUG 	handleLineEditChange: inputFieldName=9. If yes to question above, describe, type=<type 'str'>, value=I am 
89.5054 	DEBUG 	handleLineEditChange: inputFieldName=9. If yes to question above, describe, type=<type 'str'>, value=I am t
89.6893 	DEBUG 	handleLineEditChange: inputFieldName=9. If yes to question above, describe, type=<type 'str'>, value=I am ta
89.7781 	DEBUG 	handleLineEditChange: inputFieldName=9. If yes to question above, describe, type=<type 'str'>, value=I am tak
89.8975 	DEBUG 	handleLineEditChange: inputFieldName=9. If yes to question above, describe, type=<type 'str'>, value=I am take
89.9693 	DEBUG 	handleLineEditChange: inputFieldName=9. If yes to question above, describe, type=<type 'str'>, value=I am take 
90.1534 	DEBUG 	handleLineEditChange: inputFieldName=9. If yes to question above, describe, type=<type 'str'>, value=I am take c
90.2333 	DEBUG 	handleLineEditChange: inputFieldName=9. If yes to question above, describe, type=<type 'str'>, value=I am take co
90.3774 	DEBUG 	handleLineEditChange: inputFieldName=9. If yes to question above, describe, type=<type 'str'>, value=I am take con
90.4413 	DEBUG 	handleLineEditChange: inputFieldName=9. If yes to question above, describe, type=<type 'str'>, value=I am take conc
90.6575 	DEBUG 	handleLineEditChange: inputFieldName=9. If yes to question above, describe, type=<type 'str'>, value=I am take conce
90.7454 	DEBUG 	handleLineEditChange: inputFieldName=9. If yes to question above, describe, type=<type 'str'>, value=I am take concer
90.9373 	DEBUG 	handleLineEditChange: inputFieldName=9. If yes to question above, describe, type=<type 'str'>, value=I am take concert
91.1454 	DEBUG 	handleLineEditChange: inputFieldName=9. If yes to question above, describe, type=<type 'str'>, value=I am take concerta
91.2733 	DEBUG 	handleLineEditChange: inputFieldName=9. If yes to question above, describe, type=<type 'str'>, value=I am take concerta 
91.4255 	DEBUG 	handleLineEditChange: inputFieldName=9. If yes to question above, describe, type=<type 'str'>, value=I am take concerta b
91.5613 	DEBUG 	handleLineEditChange: inputFieldName=9. If yes to question above, describe, type=<type 'str'>, value=I am take concerta bu
91.6733 	DEBUG 	handleLineEditChange: inputFieldName=9. If yes to question above, describe, type=<type 'str'>, value=I am take concerta but
91.7692 	DEBUG 	handleLineEditChange: inputFieldName=9. If yes to question above, describe, type=<type 'str'>, value=I am take concerta but 
91.9451 	DEBUG 	handleLineEditChange: inputFieldName=9. If yes to question above, describe, type=<type 'str'>, value=I am take concerta but a
92.0734 	DEBUG 	handleLineEditChange: inputFieldName=9. If yes to question above, describe, type=<type 'str'>, value=I am take concerta but am
92.1853 	DEBUG 	handleLineEditChange: inputFieldName=9. If yes to question above, describe, type=<type 'str'>, value=I am take concerta but am 
92.3694 	DEBUG 	handleLineEditChange: inputFieldName=9. If yes to question above, describe, type=<type 'str'>, value=I am take concerta but am n
92.4660 	DEBUG 	handleLineEditChange: inputFieldName=9. If yes to question above, describe, type=<type 'str'>, value=I am take concerta but am no
92.6497 	DEBUG 	handleLineEditChange: inputFieldName=9. If yes to question above, describe, type=<type 'str'>, value=I am take concerta but am not
92.8095 	DEBUG 	handleLineEditChange: inputFieldName=9. If yes to question above, describe, type=<type 'str'>, value=I am take concerta but am not 
92.8894 	DEBUG 	handleLineEditChange: inputFieldName=9. If yes to question above, describe, type=<type 'str'>, value=I am take concerta but am not o
93.0013 	DEBUG 	handleLineEditChange: inputFieldName=9. If yes to question above, describe, type=<type 'str'>, value=I am take concerta but am not on
93.1375 	DEBUG 	handleLineEditChange: inputFieldName=9. If yes to question above, describe, type=<type 'str'>, value=I am take concerta but am not on 
93.2414 	DEBUG 	handleLineEditChange: inputFieldName=9. If yes to question above, describe, type=<type 'str'>, value=I am take concerta but am not on i
93.3374 	DEBUG 	handleLineEditChange: inputFieldName=9. If yes to question above, describe, type=<type 'str'>, value=I am take concerta but am not on it
93.4255 	DEBUG 	handleLineEditChange: inputFieldName=9. If yes to question above, describe, type=<type 'str'>, value=I am take concerta but am not on it 
93.6092 	DEBUG 	handleLineEditChange: inputFieldName=9. If yes to question above, describe, type=<type 'str'>, value=I am take concerta but am not on it r
93.7134 	DEBUG 	handleLineEditChange: inputFieldName=9. If yes to question above, describe, type=<type 'str'>, value=I am take concerta but am not on it ri
93.9853 	DEBUG 	handleLineEditChange: inputFieldName=9. If yes to question above, describe, type=<type 'str'>, value=I am take concerta but am not on it rig
94.0893 	DEBUG 	handleLineEditChange: inputFieldName=9. If yes to question above, describe, type=<type 'str'>, value=I am take concerta but am not on it righ
94.2094 	DEBUG 	handleLineEditChange: inputFieldName=9. If yes to question above, describe, type=<type 'str'>, value=I am take concerta but am not on it right
94.2414 	DEBUG 	handleLineEditChange: inputFieldName=9. If yes to question above, describe, type=<type 'str'>, value=I am take concerta but am not on it right 
94.3614 	DEBUG 	handleLineEditChange: inputFieldName=9. If yes to question above, describe, type=<type 'str'>, value=I am take concerta but am not on it right n
94.4415 	DEBUG 	handleLineEditChange: inputFieldName=9. If yes to question above, describe, type=<type 'str'>, value=I am take concerta but am not on it right no
94.5214 	DEBUG 	handleLineEditChange: inputFieldName=9. If yes to question above, describe, type=<type 'str'>, value=I am take concerta but am not on it right now
103.2815 	DEBUG 	handleLineEditChange: inputFieldName=you get last night? (enter only a number), type=<type 'str'>, value=5
109.0812 	DEBUG 	handleLineEditChange: inputFieldName=have you had today? (enter only a number), type=<type 'str'>, value=0
113.7317 	DEBUG 	handleCurrentIndexChanged: inputFieldName=12. How alert are you feeling?:, selected=A little slugglish, type: <type 'str'>
115.6445 	INFO 	Loaded monitor calibration from ['2016_07_13 13:20']
115.6505 	WARNING 	User requested fullscreen with size [1024  768], but screen is actually [2048, 1152]. Using actual size
116.2646 	EXP 	Created window1 = Window(allowGUI=False, allowStencil=False, args=UNKNOWN, autoLog=True, bitsMode=UNKNOWN, blendMode='avg', color='black', colorSpace='named', fullscr=UNKNOWN, gamma=None, kwargs=UNKNOWN, lms=UNKNOWN, monitor=<psychopy.monitors.calibTools.Monitor object at 0x10e18a410>, multiSample=False, name='window1', numSamples=2, pos=[-1024, -576], screen=0, size=array([4096, 2304]), stereo=False, units='deg', useFBO=False, useRetina=True, viewOri=0.0, viewPos=None, viewScale=None, waitBlanking=True, winType=u'pyglet')
116.2646 	EXP 	window1: recordFrameIntervals = False
116.4289 	EXP 	window1: recordFrameIntervals = True
116.6133 	DEBUG 	Screen (0) actual frame rate measured at 59.77
116.6133 	EXP 	window1: recordFrameIntervals = False
116.6133 	INFO 	Mouse: using default window
116.8036 	EXP 	Created unnamed TextStim = TextStim(alignHoriz='center', alignVert='center', antialias=True, autoLog=True, bold=False, color=array([1., 1., 1.]), colorSpace='rgb', contrast=1.0, depth=0, flipHoriz=False, flipVert=False, font='', fontFiles=[], height=1.0, italic=False, name='unnamed TextStim', opacity=1.0, ori=0.0, pos=array([0., 0.]), rgb=array([1., 1., 1.]), text=newstr(...), units='deg', win=Window(...), wrapWidth=40)
116.8295 	EXP 	unnamed TextStim: autoDraw = True
121.6357 	DATA 	Keypress: space
121.6481 	EXP 	unnamed TextStim: autoDraw = False
121.7361 	EXP 	Created unnamed TextStim = TextStim(alignHoriz='center', alignVert='center', antialias=True, autoLog=True, bold=False, color=array([1., 1., 1.]), colorSpace='rgb', contrast=1.0, depth=0, flipHoriz=False, flipVert=False, font='', fontFiles=[], height=1.0, italic=False, name='unnamed TextStim', opacity=1.0, ori=0.0, pos=array([0., 0.]), rgb=array([1., 1., 1.]), text=newstr(...), units='deg', win=Window(...), wrapWidth=40)
121.9653 	EXP 	Created MEMORY IMAGE ../../stim/practice_composite/00002940128fb_sunaaacnosloariecpa.jpg = ImageStim(autoLog=True, color=array([1., 1., 1.]), colorSpace='rgb', contrast=1.0, depth=0, flipHoriz=False, flipVert=False, image=str(...), interpolate=False, mask=None, maskParams=None, name=str(...), opacity=1.0, ori=0.0, pos=array([0., 0.]), size=array([7., 7.]), texRes=128, units='deg', win=Window(...))
121.9803 	EXP 	MEMORY IMAGE ../../stim/practice_composite/00002940128fb_sunaaacnosloariecpa.jpg: pos = array([0., 0.])
121.9803 	EXP 	unnamed TextStim: autoDraw = True
121.9803 	EXP 	MEMORY IMAGE ../../stim/practice_composite/00002940128fb_sunaaacnosloariecpa.jpg: autoDraw = True
128.9699 	DATA 	Keypress: space
128.9823 	EXP 	unnamed TextStim: autoDraw = False
128.9823 	EXP 	MEMORY IMAGE ../../stim/practice_composite/00002940128fb_sunaaacnosloariecpa.jpg: autoDraw = False
129.0562 	EXP 	Created unnamed TextStim = TextStim(alignHoriz='center', alignVert='center', antialias=True, autoLog=True, bold=False, color=array([1., 1., 1.]), colorSpace='rgb', contrast=1.0, depth=0, flipHoriz=False, flipVert=False, font='', fontFiles=[], height=1.0, italic=False, name='unnamed TextStim', opacity=1.0, ori=0.0, pos=array([0., 0.]), rgb=array([1., 1., 1.]), text=newstr(...), units='deg', win=Window(...), wrapWidth=40)
129.0609 	EXP 	Created MEMORY IMAGE ../../stim/practice_composite/00003941121fa_sunaaaenaoynzhoyheo.jpg = ImageStim(autoLog=True, color=array([1., 1., 1.]), colorSpace='rgb', contrast=1.0, depth=0, flipHoriz=False, flipVert=False, image=str(...), interpolate=False, mask=None, maskParams=None, name=str(...), opacity=1.0, ori=0.0, pos=array([0., 0.]), size=array([7., 7.]), texRes=128, units='deg', win=Window(...))
129.0824 	EXP 	MEMORY IMAGE ../../stim/practice_composite/00003941121fa_sunaaaenaoynzhoyheo.jpg: pos = array([0., 0.])
129.0824 	EXP 	unnamed TextStim: autoDraw = True
129.0824 	EXP 	MEMORY IMAGE ../../stim/practice_composite/00003941121fa_sunaaaenaoynzhoyheo.jpg: autoDraw = True
140.6978 	DATA 	Keypress: space
140.7186 	EXP 	unnamed TextStim: autoDraw = False
140.7186 	EXP 	MEMORY IMAGE ../../stim/practice_composite/00003941121fa_sunaaaenaoynzhoyheo.jpg: autoDraw = False
140.7790 	EXP 	Created unnamed TextStim = TextStim(alignHoriz='center', alignVert='center', antialias=True, autoLog=True, bold=False, color=array([1., 1., 1.]), colorSpace='rgb', contrast=1.0, depth=0, flipHoriz=False, flipVert=False, font='', fontFiles=[], height=1.0, italic=False, name='unnamed TextStim', opacity=1.0, ori=0.0, pos=array([0., 0.]), rgb=array([1., 1., 1.]), text=newstr(...), units='deg', win=Window(...), wrapWidth=40)
140.7838 	EXP 	Created MEMORY IMAGE ../../stim/practice_composite/00013931230fb_sunaaasertfihkcjvdd.jpg = ImageStim(autoLog=True, color=array([1., 1., 1.]), colorSpace='rgb', contrast=1.0, depth=0, flipHoriz=False, flipVert=False, image=str(...), interpolate=False, mask=None, maskParams=None, name=str(...), opacity=1.0, ori=0.0, pos=array([0., 0.]), size=array([7., 7.]), texRes=128, units='deg', win=Window(...))
140.8020 	EXP 	MEMORY IMAGE ../../stim/practice_composite/00013931230fb_sunaaasertfihkcjvdd.jpg: pos = array([0., 0.])
140.8020 	EXP 	unnamed TextStim: autoDraw = True
140.8020 	EXP 	MEMORY IMAGE ../../stim/practice_composite/00013931230fb_sunaaasertfihkcjvdd.jpg: autoDraw = True
147.7616 	DATA 	Keypress: space
147.7870 	EXP 	unnamed TextStim: autoDraw = False
147.7870 	EXP 	MEMORY IMAGE ../../stim/practice_composite/00013931230fb_sunaaasertfihkcjvdd.jpg: autoDraw = False
147.9277 	EXP 	Created unnamed TextStim = TextStim(alignHoriz='center', alignVert='center', antialias=True, autoLog=True, bold=False, color=array([1., 1., 1.]), colorSpace='rgb', contrast=1.0, depth=0, flipHoriz=False, flipVert=False, font='', fontFiles=[], height=1.0, italic=False, name='unnamed TextStim', opacity=1.0, ori=0.0, pos=array([0., 0.]), rgb=array([1., 1., 1.]), text=newstr(...), units='deg', win=Window(...), wrapWidth=40)
147.9534 	EXP 	unnamed TextStim: autoDraw = True
173.8574 	DATA 	Keypress: space
173.8774 	EXP 	unnamed TextStim: autoDraw = False
173.9078 	EXP 	Created unnamed TextStim = TextStim(alignHoriz='center', alignVert='center', antialias=True, autoLog=True, bold=False, color=array([1., 1., 1.]), colorSpace='rgb', contrast=1.0, depth=0, flipHoriz=False, flipVert=False, font='', fontFiles=[], height=1.0, italic=False, name='unnamed TextStim', opacity=1.0, ori=0.0, pos=array([0., 0.]), rgb=array([1., 1., 1.]), text=newstr(...), units='deg', win=Window(...), wrapWidth=40)
173.9125 	EXP 	Created CUED COMPOSITE ../../stim/practice_composite/00020931230fa_sunaaaysslbipsngfqb.jpg = ImageStim(autoLog=True, color=array([1., 1., 1.]), colorSpace='rgb', contrast=1.0, depth=0, flipHoriz=False, flipVert=False, image=str(...), interpolate=False, mask=None, maskParams=None, name=str(...), opacity=1.0, ori=0.0, pos=array([0., 0.]), size=array([7., 7.]), texRes=128, units='deg', win=Window(...))
173.9272 	EXP 	Created UNCUED COMPOSITE ../../stim/practice_composite/00019940128facopy_sunaaaxdnsxxacahnmy.jpg = ImageStim(autoLog=True, color=array([1., 1., 1.]), colorSpace='rgb', contrast=1.0, depth=0, flipHoriz=False, flipVert=False, image=str(...), interpolate=False, mask=None, maskParams=None, name=str(...), opacity=1.0, ori=0.0, pos=array([0., 0.]), size=array([7., 7.]), texRes=128, units='deg', win=Window(...))
173.9357 	EXP 	Created FIXATION CROSS = TextStim(alignHoriz='center', alignVert='center', antialias=True, autoLog=True, bold=False, color='lightGrey', colorSpace='named', contrast=1.0, depth=0.0, flipHoriz=False, flipVert=False, font='Arial', fontFiles=[], height=2, italic=False, name='FIXATION CROSS', opacity=1.0, ori=0, pos=array([0., 0.]), rgb=array([211., 211., 211.]), text='+', units='deg', win=Window(...), wrapWidth=15.0)
173.9607 	EXP 	CUED COMPOSITE ../../stim/practice_composite/00020931230fa_sunaaaysslbipsngfqb.jpg: pos = array([8., 0.])
173.9607 	EXP 	UNCUED COMPOSITE ../../stim/practice_composite/00019940128facopy_sunaaaxdnsxxacahnmy.jpg: pos = array([-8.,  0.])
173.9607 	EXP 	unnamed TextStim: autoDraw = True
173.9607 	EXP 	CUED COMPOSITE ../../stim/practice_composite/00020931230fa_sunaaaysslbipsngfqb.jpg: autoDraw = True
173.9607 	EXP 	UNCUED COMPOSITE ../../stim/practice_composite/00019940128facopy_sunaaaxdnsxxacahnmy.jpg: autoDraw = True
173.9607 	EXP 	FIXATION CROSS: autoDraw = True
182.7134 	DATA 	Keypress: space
182.7284 	EXP 	unnamed TextStim: autoDraw = False
182.7284 	EXP 	CUED COMPOSITE ../../stim/practice_composite/00020931230fa_sunaaaysslbipsngfqb.jpg: autoDraw = False
182.7284 	EXP 	UNCUED COMPOSITE ../../stim/practice_composite/00019940128facopy_sunaaaxdnsxxacahnmy.jpg: autoDraw = False
182.7284 	EXP 	FIXATION CROSS: autoDraw = False
182.7872 	EXP 	Created unnamed TextStim = TextStim(alignHoriz='center', alignVert='center', antialias=True, autoLog=True, bold=False, color=array([1., 1., 1.]), colorSpace='rgb', contrast=1.0, depth=0, flipHoriz=False, flipVert=False, font='', fontFiles=[], height=1.0, italic=False, name='unnamed TextStim', opacity=1.0, ori=0.0, pos=array([0., 0.]), rgb=array([1., 1., 1.]), text=newstr(...), units='deg', win=Window(...), wrapWidth=40)
182.8116 	EXP 	unnamed TextStim: autoDraw = True
188.3856 	DATA 	Keypress: space
188.3961 	EXP 	unnamed TextStim: autoDraw = False
188.4267 	EXP 	Created unnamed TextStim = TextStim(alignHoriz='center', alignVert='center', antialias=True, autoLog=True, bold=False, color=array([1., 1., 1.]), colorSpace='rgb', contrast=1.0, depth=0, flipHoriz=False, flipVert=False, font='', fontFiles=[], height=1.0, italic=False, name='unnamed TextStim', opacity=1.0, ori=0.0, pos=array([0., 0.]), rgb=array([1., 1., 1.]), text=newstr(...), units='deg', win=Window(...), wrapWidth=40)
188.4307 	EXP 	Created CUED COMPOSITE ../../stim/practice_composite/00029940128facopy_sunaachpigfklgkuoyg.jpg = ImageStim(autoLog=True, color=array([1., 1., 1.]), colorSpace='rgb', contrast=1.0, depth=0, flipHoriz=False, flipVert=False, image=str(...), interpolate=False, mask=None, maskParams=None, name=str(...), opacity=1.0, ori=0.0, pos=array([0., 0.]), size=array([7., 7.]), texRes=128, units='deg', win=Window(...))
188.4349 	EXP 	Created UNCUED COMPOSITE ../../stim/practice_composite/00028940128fa_sunaabndtdcvlfkqgad.jpg = ImageStim(autoLog=True, color=array([1., 1., 1.]), colorSpace='rgb', contrast=1.0, depth=0, flipHoriz=False, flipVert=False, image=str(...), interpolate=False, mask=None, maskParams=None, name=str(...), opacity=1.0, ori=0.0, pos=array([0., 0.]), size=array([7., 7.]), texRes=128, units='deg', win=Window(...))
188.4381 	EXP 	Created FIXATION CROSS = TextStim(alignHoriz='center', alignVert='center', antialias=True, autoLog=True, bold=False, color='lightGrey', colorSpace='named', contrast=1.0, depth=0.0, flipHoriz=False, flipVert=False, font='Arial', fontFiles=[], height=2, italic=False, name='FIXATION CROSS', opacity=1.0, ori=0, pos=array([0., 0.]), rgb=array([211., 211., 211.]), text='+', units='deg', win=Window(...), wrapWidth=15.0)
188.4637 	EXP 	CUED COMPOSITE ../../stim/practice_composite/00029940128facopy_sunaachpigfklgkuoyg.jpg: pos = array([8., 0.])
188.4637 	EXP 	UNCUED COMPOSITE ../../stim/practice_composite/00028940128fa_sunaabndtdcvlfkqgad.jpg: pos = array([-8.,  0.])
188.4637 	EXP 	unnamed TextStim: autoDraw = True
188.4637 	EXP 	CUED COMPOSITE ../../stim/practice_composite/00029940128facopy_sunaachpigfklgkuoyg.jpg: autoDraw = True
188.4637 	EXP 	UNCUED COMPOSITE ../../stim/practice_composite/00028940128fa_sunaabndtdcvlfkqgad.jpg: autoDraw = True
188.4637 	EXP 	FIXATION CROSS: autoDraw = True
192.7934 	DATA 	Keypress: space
192.8149 	EXP 	unnamed TextStim: autoDraw = False
192.8149 	EXP 	CUED COMPOSITE ../../stim/practice_composite/00029940128facopy_sunaachpigfklgkuoyg.jpg: autoDraw = False
192.8149 	EXP 	UNCUED COMPOSITE ../../stim/practice_composite/00028940128fa_sunaabndtdcvlfkqgad.jpg: autoDraw = False
192.8149 	EXP 	FIXATION CROSS: autoDraw = False
192.9958 	EXP 	Created unnamed TextStim = TextStim(alignHoriz='center', alignVert='center', antialias=True, autoLog=True, bold=False, color=array([1., 1., 1.]), colorSpace='rgb', contrast=1.0, depth=0, flipHoriz=False, flipVert=False, font='', fontFiles=[], height=1.0, italic=False, name='unnamed TextStim', opacity=1.0, ori=0.0, pos=array([0., 0.]), rgb=array([1., 1., 1.]), text=newstr(...), units='deg', win=Window(...), wrapWidth=40)
193.0011 	EXP 	Created CATEGORY CUE = ImageStim(autoLog=True, color=array([1., 1., 1.]), colorSpace='rgb', contrast=1.0, depth=0, flipHoriz=False, flipVert=False, image='../../stim/cue/Face.png', interpolate=False, mask=None, maskParams=None, name='CATEGORY CUE', opacity=1.0, ori=0.0, pos=array([0., 0.]), size=array([2., 2.]), texRes=128, units='deg', win=Window(...))
193.0041 	EXP 	Created CATEGORY CUE = ImageStim(autoLog=True, color=array([1., 1., 1.]), colorSpace='rgb', contrast=1.0, depth=0, flipHoriz=False, flipVert=False, image='../../stim/cue/Place.png', interpolate=False, mask=None, maskParams=None, name='CATEGORY CUE', opacity=1.0, ori=0.0, pos=array([0., 0.]), size=array([2., 2.]), texRes=128, units='deg', win=Window(...))
193.0318 	EXP 	CATEGORY CUE: pos = array([2.5, 0. ])
193.0318 	EXP 	CATEGORY CUE: pos = array([-2.5,  0. ])
193.0318 	EXP 	unnamed TextStim: autoDraw = True
193.0318 	EXP 	CATEGORY CUE: autoDraw = True
193.0318 	EXP 	CATEGORY CUE: autoDraw = True
220.4892 	DATA 	Keypress: space
220.5046 	EXP 	unnamed TextStim: autoDraw = False
220.5046 	EXP 	CATEGORY CUE: autoDraw = False
220.5046 	EXP 	CATEGORY CUE: autoDraw = False
220.5050 	INFO 	Mouse: using default window
220.5051 	EXP 	window1: recordFrameIntervals = False
220.6712 	EXP 	window1: recordFrameIntervals = True
220.8546 	DEBUG 	Screen (0) actual frame rate measured at 60.25
220.8546 	EXP 	window1: recordFrameIntervals = False
220.8573 	EXP 	Created FIXATION CROSS = TextStim(alignHoriz='center', alignVert='center', antialias=True, autoLog=True, bold=False, color='lightGrey', colorSpace='named', contrast=1.0, depth=0.0, flipHoriz=False, flipVert=False, font='Arial', fontFiles=[], height=2, italic=False, name='FIXATION CROSS', opacity=1.0, ori=0, pos=array([0., 0.]), rgb=array([211., 211., 211.]), text='+', units='deg', win=Window(...), wrapWidth=15.0)
220.8592 	EXP 	Created CATEGORY CUE: Place = ImageStim(autoLog=True, color=array([1., 1., 1.]), colorSpace='rgb', contrast=1.0, depth=0, flipHoriz=False, flipVert=False, image='../../stim/cue/Place.png', interpolate=False, mask=None, maskParams=None, name='CATEGORY CUE: Place', opacity=1.0, ori=0.0, pos=array([0., 0.]), size=array([2., 2.]), texRes=128, units='deg', win=Window(...))
220.8624 	EXP 	Created SIDE CUE: < = TextStim(alignHoriz='center', alignVert='center', antialias=True, autoLog=True, bold=False, color='lightGrey', colorSpace='named', contrast=1.0, depth=0.0, flipHoriz=False, flipVert=False, font='Arial', fontFiles=[], height=2, italic=False, name='SIDE CUE: <', opacity=1.0, ori=0, pos=array([0., 0.]), rgb=array([211., 211., 211.]), text='<', units='deg', win=Window(...), wrapWidth=15.0)
220.8885 	EXP 	CATEGORY CUE: Place: pos = array([0., 2.])
220.8885 	EXP 	SIDE CUE: <: pos = array([0., 0.])
220.8885 	EXP 	CATEGORY CUE: Place: autoDraw = True
220.8885 	EXP 	SIDE CUE: <: autoDraw = True
222.3881 	EXP 	CATEGORY CUE: Place: autoDraw = False
222.3881 	EXP 	SIDE CUE: <: autoDraw = False
222.3881 	EXP 	FIXATION CROSS: autoDraw = True
222.4079 	EXP 	Created CUED COMPOSITE ../../stim/practice_composite/00043931230fb_sunaacmaxjsazeyhcxg.jpg = ImageStim(autoLog=True, color=array([1., 1., 1.]), colorSpace='rgb', contrast=1.0, depth=0, flipHoriz=False, flipVert=False, image=str(...), interpolate=False, mask=None, maskParams=None, name=str(...), opacity=1.0, ori=0.0, pos=array([0., 0.]), size=array([7., 7.]), texRes=128, units='deg', win=Window(...))
222.4125 	EXP 	Created UNCUED COMPOSITE ../../stim/practice_composite/00044931230fa_sunaacrdvqhwlheysdg.jpg = ImageStim(autoLog=True, color=array([1., 1., 1.]), colorSpace='rgb', contrast=1.0, depth=0, flipHoriz=False, flipVert=False, image=str(...), interpolate=False, mask=None, maskParams=None, name=str(...), opacity=1.0, ori=0.0, pos=array([0., 0.]), size=array([7., 7.]), texRes=128, units='deg', win=Window(...))
222.4171 	EXP 	Created CUED COMPOSITE ../../stim/practice_composite/00046931230fa_sunaacslnbvidxeazyx.jpg = ImageStim(autoLog=True, color=array([1., 1., 1.]), colorSpace='rgb', contrast=1.0, depth=0, flipHoriz=False, flipVert=False, image=str(...), interpolate=False, mask=None, maskParams=None, name=str(...), opacity=1.0, ori=0.0, pos=array([0., 0.]), size=array([7., 7.]), texRes=128, units='deg', win=Window(...))
222.4261 	EXP 	Created UNCUED COMPOSITE ../../stim/practice_composite/00047931230fb_sunaactrphdtpvplkkz.jpg = ImageStim(autoLog=True, color=array([1., 1., 1.]), colorSpace='rgb', contrast=1.0, depth=0, flipHoriz=False, flipVert=False, image=str(...), interpolate=False, mask=None, maskParams=None, name=str(...), opacity=1.0, ori=0.0, pos=array([0., 0.]), size=array([7., 7.]), texRes=128, units='deg', win=Window(...))
222.4372 	EXP 	Created CUED COMPOSITE ../../stim/practice_composite/00049931230facopy_sunaacxaszsngweyrkv.jpg = ImageStim(autoLog=True, color=array([1., 1., 1.]), colorSpace='rgb', contrast=1.0, depth=0, flipHoriz=False, flipVert=False, image=str(...), interpolate=False, mask=None, maskParams=None, name=str(...), opacity=1.0, ori=0.0, pos=array([0., 0.]), size=array([7., 7.]), texRes=128, units='deg', win=Window(...))
222.4410 	EXP 	Created UNCUED COMPOSITE ../../stim/practice_composite/00050931230facopy_sunaaczmpbmprzjcofd.jpg = ImageStim(autoLog=True, color=array([1., 1., 1.]), colorSpace='rgb', contrast=1.0, depth=0, flipHoriz=False, flipVert=False, image=str(...), interpolate=False, mask=None, maskParams=None, name=str(...), opacity=1.0, ori=0.0, pos=array([0., 0.]), size=array([7., 7.]), texRes=128, units='deg', win=Window(...))
223.3886 	EXP 	CUED COMPOSITE ../../stim/practice_composite/00043931230fb_sunaacmaxjsazeyhcxg.jpg: pos = array([-8.,  0.])
223.3886 	EXP 	UNCUED COMPOSITE ../../stim/practice_composite/00044931230fa_sunaacrdvqhwlheysdg.jpg: pos = array([8., 0.])
223.3886 	EXP 	CUED COMPOSITE ../../stim/practice_composite/00046931230fa_sunaacslnbvidxeazyx.jpg: pos = array([-8.,  0.])
223.3886 	EXP 	UNCUED COMPOSITE ../../stim/practice_composite/00047931230fb_sunaactrphdtpvplkkz.jpg: pos = array([8., 0.])
223.3886 	EXP 	CUED COMPOSITE ../../stim/practice_composite/00049931230facopy_sunaacxaszsngweyrkv.jpg: pos = array([-8.,  0.])
223.3886 	EXP 	UNCUED COMPOSITE ../../stim/practice_composite/00050931230facopy_sunaaczmpbmprzjcofd.jpg: pos = array([8., 0.])
223.3886 	EXP 	CUED COMPOSITE ../../stim/practice_composite/00043931230fb_sunaacmaxjsazeyhcxg.jpg: autoDraw = True
223.3886 	EXP 	UNCUED COMPOSITE ../../stim/practice_composite/00044931230fa_sunaacrdvqhwlheysdg.jpg: autoDraw = True
226.3895 	EXP 	CUED COMPOSITE ../../stim/practice_composite/00043931230fb_sunaacmaxjsazeyhcxg.jpg: autoDraw = False
226.3895 	EXP 	UNCUED COMPOSITE ../../stim/practice_composite/00044931230fa_sunaacrdvqhwlheysdg.jpg: autoDraw = False
227.3900 	EXP 	CUED COMPOSITE ../../stim/practice_composite/00046931230fa_sunaacslnbvidxeazyx.jpg: autoDraw = True
227.3900 	EXP 	UNCUED COMPOSITE ../../stim/practice_composite/00047931230fb_sunaactrphdtpvplkkz.jpg: autoDraw = True
230.3904 	EXP 	CUED COMPOSITE ../../stim/practice_composite/00046931230fa_sunaacslnbvidxeazyx.jpg: autoDraw = False
230.3904 	EXP 	UNCUED COMPOSITE ../../stim/practice_composite/00047931230fb_sunaactrphdtpvplkkz.jpg: autoDraw = False
231.3909 	EXP 	CUED COMPOSITE ../../stim/practice_composite/00049931230facopy_sunaacxaszsngweyrkv.jpg: autoDraw = True
231.3909 	EXP 	UNCUED COMPOSITE ../../stim/practice_composite/00050931230facopy_sunaaczmpbmprzjcofd.jpg: autoDraw = True
234.3923 	EXP 	CUED COMPOSITE ../../stim/practice_composite/00049931230facopy_sunaacxaszsngweyrkv.jpg: autoDraw = False
234.3923 	EXP 	UNCUED COMPOSITE ../../stim/practice_composite/00050931230facopy_sunaaczmpbmprzjcofd.jpg: autoDraw = False
234.5265 	EXP 	Created unnamed TextStim = TextStim(alignHoriz='center', alignVert='center', antialias=True, autoLog=True, bold=False, color=array([1., 1., 1.]), colorSpace='rgb', contrast=1.0, depth=0, flipHoriz=False, flipVert=False, font='', fontFiles=[], height=1.0, italic=False, name='unnamed TextStim', opacity=1.0, ori=0.0, pos=array([0., 0.]), rgb=array([1., 1., 1.]), text=newstr(...), units='deg', win=Window(...), wrapWidth=40)
234.5414 	EXP 	FIXATION CROSS: autoDraw = False
234.5414 	EXP 	unnamed TextStim: autoDraw = True
250.2573 	DATA 	Keypress: space
250.2790 	EXP 	unnamed TextStim: autoDraw = False
250.2794 	INFO 	Mouse: using default window
250.2796 	EXP 	window1: recordFrameIntervals = False
250.4444 	EXP 	window1: recordFrameIntervals = True
250.6290 	DEBUG 	Screen (0) actual frame rate measured at 60.10
250.6290 	EXP 	window1: recordFrameIntervals = False
250.6317 	EXP 	Created FIXATION CROSS = TextStim(alignHoriz='center', alignVert='center', antialias=True, autoLog=True, bold=False, color='lightGrey', colorSpace='named', contrast=1.0, depth=0.0, flipHoriz=False, flipVert=False, font='Arial', fontFiles=[], height=2, italic=False, name='FIXATION CROSS', opacity=1.0, ori=0, pos=array([0., 0.]), rgb=array([211., 211., 211.]), text='+', units='deg', win=Window(...), wrapWidth=15.0)
250.6341 	EXP 	Created CATEGORY CUE: Face = ImageStim(autoLog=True, color=array([1., 1., 1.]), colorSpace='rgb', contrast=1.0, depth=0, flipHoriz=False, flipVert=False, image='../../stim/cue/Face.png', interpolate=False, mask=None, maskParams=None, name='CATEGORY CUE: Face', opacity=1.0, ori=0.0, pos=array([0., 0.]), size=array([2., 2.]), texRes=128, units='deg', win=Window(...))
250.6373 	EXP 	Created SIDE CUE: > = TextStim(alignHoriz='center', alignVert='center', antialias=True, autoLog=True, bold=False, color='lightGrey', colorSpace='named', contrast=1.0, depth=0.0, flipHoriz=False, flipVert=False, font='Arial', fontFiles=[], height=2, italic=False, name='SIDE CUE: >', opacity=1.0, ori=0, pos=array([0., 0.]), rgb=array([211., 211., 211.]), text='>', units='deg', win=Window(...), wrapWidth=15.0)
250.6617 	EXP 	CATEGORY CUE: Face: pos = array([0., 2.])
250.6617 	EXP 	SIDE CUE: >: pos = array([0., 0.])
250.6617 	EXP 	CATEGORY CUE: Face: autoDraw = True
250.6617 	EXP 	SIDE CUE: >: autoDraw = True
252.1620 	EXP 	CATEGORY CUE: Face: autoDraw = False
252.1620 	EXP 	SIDE CUE: >: autoDraw = False
252.1620 	EXP 	FIXATION CROSS: autoDraw = True
252.1660 	EXP 	Created CUED COMPOSITE ../../stim/practice_mem_composite/00051931230fb_sunaadakyricvbjhamx.jpg = ImageStim(autoLog=True, color=array([1., 1., 1.]), colorSpace='rgb', contrast=1.0, depth=0, flipHoriz=False, flipVert=False, image=str(...), interpolate=False, mask=None, maskParams=None, name=str(...), opacity=1.0, ori=0.0, pos=array([0., 0.]), size=array([7., 7.]), texRes=128, units='deg', win=Window(...))
252.1695 	EXP 	Created UNCUED COMPOSITE ../../stim/practice_mem_composite/00052931230fa_sunaadneptrbqhkzwag.jpg = ImageStim(autoLog=True, color=array([1., 1., 1.]), colorSpace='rgb', contrast=1.0, depth=0, flipHoriz=False, flipVert=False, image=str(...), interpolate=False, mask=None, maskParams=None, name=str(...), opacity=1.0, ori=0.0, pos=array([0., 0.]), size=array([7., 7.]), texRes=128, units='deg', win=Window(...))
252.1737 	EXP 	Created CUED COMPOSITE ../../stim/practice_mem_composite/00053931230fb_sunaadsmjtmardsqqro.jpg = ImageStim(autoLog=True, color=array([1., 1., 1.]), colorSpace='rgb', contrast=1.0, depth=0, flipHoriz=False, flipVert=False, image=str(...), interpolate=False, mask=None, maskParams=None, name=str(...), opacity=1.0, ori=0.0, pos=array([0., 0.]), size=array([7., 7.]), texRes=128, units='deg', win=Window(...))
252.1779 	EXP 	Created UNCUED COMPOSITE ../../stim/practice_mem_composite/00056931230facopy_sunaadtdbzhuhsbihxq.jpg = ImageStim(autoLog=True, color=array([1., 1., 1.]), colorSpace='rgb', contrast=1.0, depth=0, flipHoriz=False, flipVert=False, image=str(...), interpolate=False, mask=None, maskParams=None, name=str(...), opacity=1.0, ori=0.0, pos=array([0., 0.]), size=array([7., 7.]), texRes=128, units='deg', win=Window(...))
252.1816 	EXP 	Created CUED COMPOSITE ../../stim/practice_mem_composite/00058931230fa_sunaaebjpeispxohmfv.jpg = ImageStim(autoLog=True, color=array([1., 1., 1.]), colorSpace='rgb', contrast=1.0, depth=0, flipHoriz=False, flipVert=False, image=str(...), interpolate=False, mask=None, maskParams=None, name=str(...), opacity=1.0, ori=0.0, pos=array([0., 0.]), size=array([7., 7.]), texRes=128, units='deg', win=Window(...))
252.1856 	EXP 	Created UNCUED COMPOSITE ../../stim/practice_mem_composite/00059931230fb_sunaaebuzkvqtkqiact.jpg = ImageStim(autoLog=True, color=array([1., 1., 1.]), colorSpace='rgb', contrast=1.0, depth=0, flipHoriz=False, flipVert=False, image=str(...), interpolate=False, mask=None, maskParams=None, name=str(...), opacity=1.0, ori=0.0, pos=array([0., 0.]), size=array([7., 7.]), texRes=128, units='deg', win=Window(...))
253.1620 	EXP 	CUED COMPOSITE ../../stim/practice_mem_composite/00051931230fb_sunaadakyricvbjhamx.jpg: pos = array([8., 0.])
253.1620 	EXP 	UNCUED COMPOSITE ../../stim/practice_mem_composite/00052931230fa_sunaadneptrbqhkzwag.jpg: pos = array([-8.,  0.])
253.1620 	EXP 	CUED COMPOSITE ../../stim/practice_mem_composite/00053931230fb_sunaadsmjtmardsqqro.jpg: pos = array([8., 0.])
253.1620 	EXP 	UNCUED COMPOSITE ../../stim/practice_mem_composite/00056931230facopy_sunaadtdbzhuhsbihxq.jpg: pos = array([-8.,  0.])
253.1620 	EXP 	CUED COMPOSITE ../../stim/practice_mem_composite/00058931230fa_sunaaebjpeispxohmfv.jpg: pos = array([8., 0.])
253.1620 	EXP 	UNCUED COMPOSITE ../../stim/practice_mem_composite/00059931230fb_sunaaebuzkvqtkqiact.jpg: pos = array([-8.,  0.])
253.1620 	EXP 	CUED COMPOSITE ../../stim/practice_mem_composite/00051931230fb_sunaadakyricvbjhamx.jpg: autoDraw = True
253.1620 	EXP 	UNCUED COMPOSITE ../../stim/practice_mem_composite/00052931230fa_sunaadneptrbqhkzwag.jpg: autoDraw = True
253.1654 	EXP 	Created ATTENTION PROBE = TextStim(alignHoriz='center', alignVert='center', antialias=True, autoLog=True, bold=False, color='lightGrey', colorSpace='named', contrast=1.0, depth=0.0, flipHoriz=False, flipVert=False, font='Arial', fontFiles=[], height=2, italic=False, name='ATTENTION PROBE', opacity=1.0, ori=0, pos=array([0., 0.]), rgb=array([211., 211., 211.]), text='o', units='deg', win=Window(...), wrapWidth=15.0)
256.1632 	EXP 	ATTENTION PROBE: pos = array([8., 0.])
256.1632 	EXP 	ATTENTION PROBE: autoDraw = True
256.1632 	EXP 	CUED COMPOSITE ../../stim/practice_mem_composite/00051931230fb_sunaadakyricvbjhamx.jpg: autoDraw = False
256.1632 	EXP 	UNCUED COMPOSITE ../../stim/practice_mem_composite/00052931230fa_sunaadneptrbqhkzwag.jpg: autoDraw = False
257.0011 	DATA 	Keypress: space
257.1452 	DATA 	Keypress: space
257.1530 	DATA 	Keypress: n
257.2891 	DATA 	Keypress: space
258.0971 	DATA 	Keypress: space
261.7691 	DATA 	Keypress: space
266.3210 	DATA 	Keypress: space
266.5370 	DATA 	Keypress: space
266.9210 	DATA 	Keypress: space
267.2251 	DATA 	Keypress: space
274.9048 	DATA 	Keypress: 3
274.9176 	EXP 	ATTENTION PROBE: autoDraw = False
274.9176 	EXP 	WIN FLIP : ATTENTION PROBE OFF
275.9177 	EXP 	CUED COMPOSITE ../../stim/practice_mem_composite/00053931230fb_sunaadsmjtmardsqqro.jpg: autoDraw = True
275.9177 	EXP 	UNCUED COMPOSITE ../../stim/practice_mem_composite/00056931230facopy_sunaadtdbzhuhsbihxq.jpg: autoDraw = True
275.9207 	EXP 	Created ATTENTION PROBE = TextStim(alignHoriz='center', alignVert='center', antialias=True, autoLog=True, bold=False, color='lightGrey', colorSpace='named', contrast=1.0, depth=0.0, flipHoriz=False, flipVert=False, font='Arial', fontFiles=[], height=2, italic=False, name='ATTENTION PROBE', opacity=1.0, ori=0, pos=array([0., 0.]), rgb=array([211., 211., 211.]), text='o', units='deg', win=Window(...), wrapWidth=15.0)
278.9186 	EXP 	ATTENTION PROBE: pos = array([-8.,  0.])
278.9186 	EXP 	ATTENTION PROBE: autoDraw = True
278.9186 	EXP 	CUED COMPOSITE ../../stim/practice_mem_composite/00053931230fb_sunaadsmjtmardsqqro.jpg: autoDraw = False
278.9186 	EXP 	UNCUED COMPOSITE ../../stim/practice_mem_composite/00056931230facopy_sunaadtdbzhuhsbihxq.jpg: autoDraw = False
280.5448 	DATA 	Keypress: 3
280.5690 	EXP 	ATTENTION PROBE: autoDraw = False
280.5690 	EXP 	WIN FLIP : ATTENTION PROBE OFF
281.5701 	EXP 	CUED COMPOSITE ../../stim/practice_mem_composite/00058931230fa_sunaaebjpeispxohmfv.jpg: autoDraw = True
281.5701 	EXP 	UNCUED COMPOSITE ../../stim/practice_mem_composite/00059931230fb_sunaaebuzkvqtkqiact.jpg: autoDraw = True
281.5730 	EXP 	Created ATTENTION PROBE = TextStim(alignHoriz='center', alignVert='center', antialias=True, autoLog=True, bold=False, color='lightGrey', colorSpace='named', contrast=1.0, depth=0.0, flipHoriz=False, flipVert=False, font='Arial', fontFiles=[], height=2, italic=False, name='ATTENTION PROBE', opacity=1.0, ori=0, pos=array([0., 0.]), rgb=array([211., 211., 211.]), text='o', units='deg', win=Window(...), wrapWidth=15.0)
284.5710 	EXP 	ATTENTION PROBE: pos = array([8., 0.])
284.5710 	EXP 	ATTENTION PROBE: autoDraw = True
284.5710 	EXP 	CUED COMPOSITE ../../stim/practice_mem_composite/00058931230fa_sunaaebjpeispxohmfv.jpg: autoDraw = False
284.5710 	EXP 	UNCUED COMPOSITE ../../stim/practice_mem_composite/00059931230fb_sunaaebuzkvqtkqiact.jpg: autoDraw = False
285.1929 	DATA 	Keypress: 3
285.2036 	EXP 	ATTENTION PROBE: autoDraw = False
285.2036 	EXP 	WIN FLIP : ATTENTION PROBE OFF
285.3859 	EXP 	Created unnamed TextStim = TextStim(alignHoriz='center', alignVert='center', antialias=True, autoLog=True, bold=False, color=array([1., 1., 1.]), colorSpace='rgb', contrast=1.0, depth=0, flipHoriz=False, flipVert=False, font='', fontFiles=[], height=1.0, italic=False, name='unnamed TextStim', opacity=1.0, ori=0.0, pos=array([0., 0.]), rgb=array([1., 1., 1.]), text=newstr(...), units='deg', win=Window(...), wrapWidth=40)
285.4035 	EXP 	FIXATION CROSS: autoDraw = False
285.4035 	EXP 	unnamed TextStim: autoDraw = True
306.6651 	DATA 	Keypress: space
306.6756 	EXP 	unnamed TextStim: autoDraw = False
306.6760 	INFO 	Mouse: using default window
306.6788 	EXP 	Created FIXATION CROSS = TextStim(alignHoriz='center', alignVert='center', antialias=True, autoLog=True, bold=False, color='lightGrey', colorSpace='named', contrast=1.0, depth=0.0, flipHoriz=False, flipVert=False, font='Arial', fontFiles=[], height=2, italic=False, name='FIXATION CROSS', opacity=1.0, ori=0, pos=array([0., 0.]), rgb=array([211., 211., 211.]), text='+', units='deg', win=Window(...), wrapWidth=15.0)
306.6788 	EXP 	window1: recordFrameIntervals = False
306.8419 	EXP 	window1: recordFrameIntervals = True
307.0258 	DEBUG 	Screen (0) actual frame rate measured at 59.85
307.0259 	EXP 	window1: recordFrameIntervals = False
307.0285 	EXP 	Created FIXATION CROSS = TextStim(alignHoriz='center', alignVert='center', antialias=True, autoLog=True, bold=False, color='lightGrey', colorSpace='named', contrast=1.0, depth=0.0, flipHoriz=False, flipVert=False, font='Arial', fontFiles=[], height=2, italic=False, name='FIXATION CROSS', opacity=1.0, ori=0, pos=array([0., 0.]), rgb=array([211., 211., 211.]), text='+', units='deg', win=Window(...), wrapWidth=15.0)
307.0494 	EXP 	Created MEMORY IMAGE ../../stim/practice_mem_single/00038940128facopy.jpg = ImageStim(autoLog=True, color=array([1., 1., 1.]), colorSpace='rgb', contrast=1.0, depth=0, flipHoriz=False, flipVert=False, image=str(...), interpolate=False, mask=None, maskParams=None, name=str(...), opacity=1.0, ori=0.0, pos=array([0., 0.]), size=array([7., 7.]), texRes=128, units='deg', win=Window(...))
307.0538 	EXP 	Created MEMORY IMAGE ../../stim/practice_mem_single/sunaaebuzkvqtkqiact.jpg = ImageStim(autoLog=True, color=array([1., 1., 1.]), colorSpace='rgb', contrast=1.0, depth=0, flipHoriz=False, flipVert=False, image=str(...), interpolate=False, mask=None, maskParams=None, name=str(...), opacity=1.0, ori=0.0, pos=array([0., 0.]), size=array([7., 7.]), texRes=128, units='deg', win=Window(...))
307.0579 	EXP 	Created MEMORY IMAGE ../../stim/practice_mem_single/00053931230fb.jpg = ImageStim(autoLog=True, color=array([1., 1., 1.]), colorSpace='rgb', contrast=1.0, depth=0, flipHoriz=False, flipVert=False, image=str(...), interpolate=False, mask=None, maskParams=None, name=str(...), opacity=1.0, ori=0.0, pos=array([0., 0.]), size=array([7., 7.]), texRes=128, units='deg', win=Window(...))
307.0778 	EXP 	Created MEMORY IMAGE ../../stim/practice_mem_single/sunaackkibslwddpycb.jpg = ImageStim(autoLog=True, color=array([1., 1., 1.]), colorSpace='rgb', contrast=1.0, depth=0, flipHoriz=False, flipVert=False, image=str(...), interpolate=False, mask=None, maskParams=None, name=str(...), opacity=1.0, ori=0.0, pos=array([0., 0.]), size=array([7., 7.]), texRes=128, units='deg', win=Window(...))
307.0921 	EXP 	MEMORY IMAGE ../../stim/practice_mem_single/00038940128facopy.jpg: pos = array([0., 0.])
307.0921 	EXP 	MEMORY IMAGE ../../stim/practice_mem_single/sunaaebuzkvqtkqiact.jpg: pos = array([0., 0.])
307.0921 	EXP 	MEMORY IMAGE ../../stim/practice_mem_single/00053931230fb.jpg: pos = array([0., 0.])
307.0921 	EXP 	MEMORY IMAGE ../../stim/practice_mem_single/sunaackkibslwddpycb.jpg: pos = array([0., 0.])
307.0921 	EXP 	FIXATION CROSS: autoDraw = True
307.0921 	EXP 	WIN FLIP : FIXATION ON
307.1584 	EXP 	Created unnamed RatingScale = RatingScale(acceptKeys=['return'], acceptPreText=UNKNOWN, acceptSize=UNKNOWN, acceptText=UNKNOWN, autoLog=True, choices=False, depth=0, disappear=False, flipVert=False, high=4, kwargs=UNKNOWN, labels=list(...), leftKeys=['left'], lineColor='White', low=1, marker=ShapeStim(...), markerColor='Black', markerExpansion=UNKNOWN, markerStart=0, maxTime=2.0, minTime=0.0, mouseOnly=False, name='unnamed RatingScale', noMouse=True, pos=[0.0, -0.42], precision=1, respKeys=['1', '2', '3', '4'], rightKeys=['right'], scale=str(...), self=UNKNOWN, showAccept=False, showValue=True, singleClick=True, size=0.6, skipKeys=['tab'], stretch=1.0, textColor='LightGray', textFont='Helvetica Bold', textSize=0.12, tickHeight=1.0, tickMarks=3.0, win=Window(...))
308.1093 	EXP 	FIXATION CROSS: autoDraw = False
308.1093 	EXP 	unnamed RatingScale: flipVert = False
308.1093 	EXP 	unnamed RatingScale: autoLog = True
308.1093 	EXP 	unnamed RatingScale: autoDraw = True
308.1093 	EXP 	MEMORY IMAGE ../../stim/practice_mem_single/00038940128facopy.jpg: autoDraw = True
308.1093 	EXP 	WIN FLIP : FIXATION OFF, SCALE AND MEMORY ON
310.0932 	EXP 	WIN FLIP : SCALE AND MEMORY OFF, FIXATION ON
310.0932 	EXP 	unnamed RatingScale: autoDraw = False
310.0932 	EXP 	MEMORY IMAGE ../../stim/practice_mem_single/00038940128facopy.jpg: autoDraw = False
310.0932 	EXP 	FIXATION CROSS: autoDraw = True
310.1316 	EXP 	Created unnamed RatingScale = RatingScale(acceptKeys=['return'], acceptPreText=UNKNOWN, acceptSize=UNKNOWN, acceptText=UNKNOWN, autoLog=True, choices=False, depth=0, disappear=False, flipVert=False, high=4, kwargs=UNKNOWN, labels=list(...), leftKeys=['left'], lineColor='White', low=1, marker=ShapeStim(...), markerColor='Black', markerExpansion=UNKNOWN, markerStart=0, maxTime=2.0, minTime=0.0, mouseOnly=False, name='unnamed RatingScale', noMouse=True, pos=[0.0, -0.42], precision=1, respKeys=['1', '2', '3', '4'], rightKeys=['right'], scale=str(...), self=UNKNOWN, showAccept=False, showValue=True, singleClick=True, size=0.6, skipKeys=['tab'], stretch=1.0, textColor='LightGray', textFont='Helvetica Bold', textSize=0.12, tickHeight=1.0, tickMarks=3.0, win=Window(...))
310.8788 	DATA 	Keypress: 4
311.0937 	EXP 	FIXATION CROSS: autoDraw = False
311.0937 	EXP 	unnamed RatingScale: flipVert = False
311.0937 	EXP 	unnamed RatingScale: autoLog = True
311.0937 	EXP 	unnamed RatingScale: autoDraw = True
311.0937 	EXP 	MEMORY IMAGE ../../stim/practice_mem_single/sunaaebuzkvqtkqiact.jpg: autoDraw = True
311.0937 	EXP 	WIN FLIP : FIXATION OFF, SCALE AND MEMORY ON
312.2117 	DATA 	Keypress: 4
312.2121 	DATA 	RatingScale unnamed RatingScale: (key single-click) rating=4
312.2121 	DATA 	RatingScale unnamed RatingScale: rating RT=1.134
312.2121 	DATA 	RatingScale unnamed RatingScale: history=[(None, 0.0), (4, 1.134)]
313.0939 	EXP 	WIN FLIP : SCALE AND MEMORY OFF, FIXATION ON
313.0939 	EXP 	unnamed RatingScale: autoDraw = False
313.0939 	EXP 	MEMORY IMAGE ../../stim/practice_mem_single/sunaaebuzkvqtkqiact.jpg: autoDraw = False
313.0939 	EXP 	FIXATION CROSS: autoDraw = True
313.1328 	EXP 	Created unnamed RatingScale = RatingScale(acceptKeys=['return'], acceptPreText=UNKNOWN, acceptSize=UNKNOWN, acceptText=UNKNOWN, autoLog=True, choices=False, depth=0, disappear=False, flipVert=False, high=4, kwargs=UNKNOWN, labels=list(...), leftKeys=['left'], lineColor='White', low=1, marker=ShapeStim(...), markerColor='Black', markerExpansion=UNKNOWN, markerStart=0, maxTime=2.0, minTime=0.0, mouseOnly=False, name='unnamed RatingScale', noMouse=True, pos=[0.0, -0.42], precision=1, respKeys=['1', '2', '3', '4'], rightKeys=['right'], scale=str(...), self=UNKNOWN, showAccept=False, showValue=True, singleClick=True, size=0.6, skipKeys=['tab'], stretch=1.0, textColor='LightGray', textFont='Helvetica Bold', textSize=0.12, tickHeight=1.0, tickMarks=3.0, win=Window(...))
314.0950 	EXP 	FIXATION CROSS: autoDraw = False
314.0950 	EXP 	unnamed RatingScale: flipVert = False
314.0950 	EXP 	unnamed RatingScale: autoLog = True
314.0950 	EXP 	unnamed RatingScale: autoDraw = True
314.0950 	EXP 	MEMORY IMAGE ../../stim/practice_mem_single/00053931230fb.jpg: autoDraw = True
314.0950 	EXP 	WIN FLIP : FIXATION OFF, SCALE AND MEMORY ON
315.5133 	DATA 	Keypress: 2
315.5137 	DATA 	RatingScale unnamed RatingScale: (key single-click) rating=2
315.5137 	DATA 	RatingScale unnamed RatingScale: rating RT=1.436
315.5137 	DATA 	RatingScale unnamed RatingScale: history=[(None, 0.0), (2, 1.436)]
316.0938 	EXP 	WIN FLIP : SCALE AND MEMORY OFF, FIXATION ON
316.0938 	EXP 	unnamed RatingScale: autoDraw = False
316.0938 	EXP 	MEMORY IMAGE ../../stim/practice_mem_single/00053931230fb.jpg: autoDraw = False
316.0938 	EXP 	FIXATION CROSS: autoDraw = True
316.1322 	EXP 	Created unnamed RatingScale = RatingScale(acceptKeys=['return'], acceptPreText=UNKNOWN, acceptSize=UNKNOWN, acceptText=UNKNOWN, autoLog=True, choices=False, depth=0, disappear=False, flipVert=False, high=4, kwargs=UNKNOWN, labels=list(...), leftKeys=['left'], lineColor='White', low=1, marker=ShapeStim(...), markerColor='Black', markerExpansion=UNKNOWN, markerStart=0, maxTime=2.0, minTime=0.0, mouseOnly=False, name='unnamed RatingScale', noMouse=True, pos=[0.0, -0.42], precision=1, respKeys=['1', '2', '3', '4'], rightKeys=['right'], scale=str(...), self=UNKNOWN, showAccept=False, showValue=True, singleClick=True, size=0.6, skipKeys=['tab'], stretch=1.0, textColor='LightGray', textFont='Helvetica Bold', textSize=0.12, tickHeight=1.0, tickMarks=3.0, win=Window(...))
317.0953 	EXP 	FIXATION CROSS: autoDraw = False
317.0953 	EXP 	unnamed RatingScale: flipVert = False
317.0953 	EXP 	unnamed RatingScale: autoLog = True
317.0953 	EXP 	unnamed RatingScale: autoDraw = True
317.0953 	EXP 	MEMORY IMAGE ../../stim/practice_mem_single/sunaackkibslwddpycb.jpg: autoDraw = True
317.0953 	EXP 	WIN FLIP : FIXATION OFF, SCALE AND MEMORY ON
318.5970 	DATA 	Keypress: 2
318.5974 	DATA 	RatingScale unnamed RatingScale: (key single-click) rating=2
318.5974 	DATA 	RatingScale unnamed RatingScale: rating RT=1.519
318.5974 	DATA 	RatingScale unnamed RatingScale: history=[(None, 0.0), (2, 1.519)]
319.0787 	EXP 	WIN FLIP : SCALE AND MEMORY OFF, FIXATION ON
319.0787 	EXP 	unnamed RatingScale: autoDraw = False
319.0787 	EXP 	MEMORY IMAGE ../../stim/practice_mem_single/sunaackkibslwddpycb.jpg: autoDraw = False
319.0787 	EXP 	FIXATION CROSS: autoDraw = True
319.0787 	EXP 	FIXATION CROSS: autoDraw = False
319.0787 	EXP 	WIN FLIP : FIXATION OFF
319.0795 	INFO 	PRACTICE END: 1571324878.75
319.1185 	EXP 	Created INSTRCUCTION TEXT = TextStim(alignHoriz='center', alignVert='center', antialias=True, autoLog=True, bold=False, color=array([1., 1., 1.]), colorSpace='rgb', contrast=1.0, depth=0, flipHoriz=False, flipVert=False, font='', fontFiles=[], height=1.0, italic=False, name='INSTRCUCTION TEXT', opacity=1.0, ori=0.0, pos=array([0., 0.]), rgb=array([1., 1., 1.]), text=newstr(...), units='deg', win=Window(...), wrapWidth=40)
319.1294 	EXP 	INSTRCUCTION TEXT: autoDraw = True
338.7235 	DATA 	Mouse: Left button down, pos=(900,879)
338.7294 	DATA 	Mouse:  Left button up, pos=(900,879)
359.4164 	DATA 	Keypress: return
360.6873 	EXP 	window1: mouseVisible = True
