4.2479 	WARNING 	User requested fullscreen with size [1024  768], but screen is actually [1680, 1050]. Using actual size
6.1769 	DATA 	Keypress: return
9.6269 	DATA 	Keypress: 3
13.0757 	DATA 	Keypress: 1
16.2899 	DATA 	Keypress: 3
19.7757 	DATA 	Keypress: 3
23.1255 	DATA 	Keypress: 3
26.3822 	DATA 	Keypress: 3
29.6256 	DATA 	Keypress: 3
32.9256 	DATA 	Keypress: 1
36.2758 	DATA 	Keypress: 1
39.6341 	DATA 	Keypress: 1
40.8756 	DATA 	Keypress: return
40.8773 	ERROR 	Couldn't find image /Users/kirstenziman/Documents/GitHub/P4N2016/stim/OddballLocStims/Faces/House_241.jpg; check path? (tried: /Users/kirstenziman/Documents/GitHub/P4N2016/stim/OddballLocStims/Faces/House_241.jpg)
42.9012 	DATA 	Keypress: 3
42.9018 	DATA 	RatingScale unnamed RatingScale: (key single-click) rating=3
42.9021 	DATA 	RatingScale unnamed RatingScale: rating RT=0.955
42.9021 	DATA 	RatingScale unnamed RatingScale: history=[(None, 0.0), (3, 0.954)]
44.3371 	DATA 	Keypress: 1
44.9664 	DATA 	RatingScale unnamed RatingScale: (timed out: 1.000s) rating=1
46.9868 	DATA 	Keypress: 3
46.9873 	DATA 	RatingScale unnamed RatingScale: (key single-click) rating=3
46.9875 	DATA 	RatingScale unnamed RatingScale: rating RT=0.952
46.9876 	DATA 	RatingScale unnamed RatingScale: history=[(None, 0.0), (3, 0.951)]
48.4871 	DATA 	Keypress: 3
48.4875 	DATA 	RatingScale unnamed RatingScale: (key single-click) rating=3
48.4877 	DATA 	RatingScale unnamed RatingScale: rating RT=0.435
48.4878 	DATA 	RatingScale unnamed RatingScale: history=[(None, 0.0), (3, 0.435)]
48.5001 	ERROR 	Couldn't find image /Users/kirstenziman/Documents/GitHub/P4N2016/stim/OddballLocStims/Faces/House_024.jpg; check path? (tried: /Users/kirstenziman/Documents/GitHub/P4N2016/stim/OddballLocStims/Faces/House_024.jpg)
50.2527 	DATA 	Keypress: 1
50.2531 	DATA 	RatingScale unnamed RatingScale: (key single-click) rating=1
50.2533 	DATA 	RatingScale unnamed RatingScale: rating RT=0.701
50.2534 	DATA 	RatingScale unnamed RatingScale: history=[(None, 0.0), (1, 0.7)]
51.7878 	DATA 	Keypress: 4
51.7884 	DATA 	RatingScale unnamed RatingScale: (key single-click) rating=4
51.7886 	DATA 	RatingScale unnamed RatingScale: rating RT=0.485
51.7886 	DATA 	RatingScale unnamed RatingScale: history=[(None, 0.0), (4, 0.485)]
51.8009 	ERROR 	Couldn't find image /Users/kirstenziman/Documents/GitHub/P4N2016/stim/OddballLocStims/Faces/House_037.jpg; check path? (tried: /Users/kirstenziman/Documents/GitHub/P4N2016/stim/OddballLocStims/Faces/House_037.jpg)
53.3868 	DATA 	Keypress: 2
53.3872 	DATA 	RatingScale unnamed RatingScale: (key single-click) rating=2
53.3874 	DATA 	RatingScale unnamed RatingScale: rating RT=0.553
53.3875 	DATA 	RatingScale unnamed RatingScale: history=[(None, 0.0), (2, 0.552)]
53.4011 	ERROR 	Couldn't find image /Users/kirstenziman/Documents/GitHub/P4N2016/stim/OddballLocStims/Faces/House_269.jpg; check path? (tried: /Users/kirstenziman/Documents/GitHub/P4N2016/stim/OddballLocStims/Faces/House_269.jpg)
55.0369 	DATA 	Keypress: 4
55.0374 	DATA 	RatingScale unnamed RatingScale: (key single-click) rating=4
55.0376 	DATA 	RatingScale unnamed RatingScale: rating RT=0.585
55.0376 	DATA 	RatingScale unnamed RatingScale: history=[(None, 0.0), (4, 0.585)]
56.7871 	DATA 	Keypress: 4
56.7877 	DATA 	RatingScale unnamed RatingScale: (key single-click) rating=4
56.7879 	DATA 	RatingScale unnamed RatingScale: rating RT=0.685
56.7879 	DATA 	RatingScale unnamed RatingScale: history=[(None, 0.0), (4, 0.685)]
56.7998 	ERROR 	Couldn't find image /Users/kirstenziman/Documents/GitHub/P4N2016/stim/OddballLocStims/Faces/House_012.jpg; check path? (tried: /Users/kirstenziman/Documents/GitHub/P4N2016/stim/OddballLocStims/Faces/House_012.jpg)
