1.4535 	WARNING 	Movie2 stim could not be imported and won't be available
27.9269 	WARNING 	User requested fullscreen with size [1024  768], but screen is actually [2560, 1440]. Using actual size
34.8929 	DATA 	Keypress: return
37.3384 	DATA 	Keypress: 1
38.1482 	DATA 	Keypress: 3
41.5836 	DATA 	Keypress: 1
44.9435 	DATA 	Keypress: 3
48.2285 	DATA 	Keypress: 3
51.4384 	DATA 	Keypress: 1
54.7837 	DATA 	Keypress: 1
58.1291 	DATA 	Keypress: 3
61.5493 	DATA 	Keypress: 3
64.8342 	DATA 	Keypress: 1
68.1643 	DATA 	Keypress: 3
71.3595 	DATA 	Keypress: 3
74.5846 	DATA 	Keypress: 3
77.7498 	DATA 	Keypress: 1
80.9000 	DATA 	Keypress: 3
84.1102 	DATA 	Keypress: 3
87.1702 	DATA 	Keypress: 1
90.2304 	DATA 	Keypress: 1
93.3657 	DATA 	Keypress: 3
96.4857 	DATA 	Keypress: 1
99.5610 	DATA 	Keypress: 1
103.1612 	DATA 	Keypress: return
105.2691 	DATA 	RatingScale unnamed RatingScale: rating=None (no response, timed out after 1.000s)
105.2691 	DATA 	RatingScale unnamed RatingScale: rating RT=1.005s
106.2872 	ERROR 	Couldn't find image file 'selected_images/grayscale_p1010536.jpg'; check path?
106.6704 	DATA 	Keypress: 3
108.3365 	DATA 	RatingScale unnamed RatingScale: rating=3 (no response, timed out after 1.000s)
108.3365 	DATA 	RatingScale unnamed RatingScale: rating RT=1.016s
109.3549 	ERROR 	Couldn't find image file 'selected_images/grayscale_city4.jpg'; check path?
110.8899 	DATA 	Keypress: 2
110.8901 	DATA 	RatingScale unnamed RatingScale: (key single-click) rating=2
110.8902 	DATA 	RatingScale unnamed RatingScale: rating RT=0.502
110.8902 	DATA 	RatingScale unnamed RatingScale: history=[(None, 0.0)]
111.9055 	ERROR 	Couldn't find image file 'selected_images/grayscale_art1546.jpg'; check path?
113.9387 	DATA 	RatingScale unnamed RatingScale: rating=None (no response, timed out after 1.000s)
113.9387 	DATA 	RatingScale unnamed RatingScale: rating RT=1.000s
114.1228 	DATA 	Keypress: 4
114.9563 	ERROR 	Couldn't find image file 'selected_images/grayscale_art798.jpg'; check path?
116.8752 	DATA 	Keypress: 1
116.8754 	DATA 	RatingScale unnamed RatingScale: (key single-click) rating=1
116.8754 	DATA 	RatingScale unnamed RatingScale: rating RT=0.886
116.8755 	DATA 	RatingScale unnamed RatingScale: history=[(None, 0.0)]
119.7923 	DATA 	Keypress: 3
119.7926 	DATA 	RatingScale unnamed RatingScale: (key single-click) rating=3
119.7927 	DATA 	RatingScale unnamed RatingScale: rating RT=0.752
119.7927 	DATA 	RatingScale unnamed RatingScale: history=[(None, 0.0)]
120.8079 	ERROR 	Couldn't find image file 'selected_images/grayscale_city1.jpg'; check path?
122.5435 	DATA 	Keypress: 2
122.5437 	DATA 	RatingScale unnamed RatingScale: (key single-click) rating=2
122.5438 	DATA 	RatingScale unnamed RatingScale: rating RT=0.685
122.5438 	DATA 	RatingScale unnamed RatingScale: history=[(None, 0.0)]
125.2438 	DATA 	Keypress: 3
125.2441 	DATA 	RatingScale unnamed RatingScale: (key single-click) rating=3
125.2442 	DATA 	RatingScale unnamed RatingScale: rating RT=0.602
125.2442 	DATA 	RatingScale unnamed RatingScale: history=[(None, 0.0)]
127.9288 	DATA 	Keypress: 2
127.9291 	DATA 	RatingScale unnamed RatingScale: (key single-click) rating=2
127.9292 	DATA 	RatingScale unnamed RatingScale: rating RT=0.585
127.9292 	DATA 	RatingScale unnamed RatingScale: history=[(None, 0.0)]
130.4788 	DATA 	Keypress: 1
130.4790 	DATA 	RatingScale unnamed RatingScale: (key single-click) rating=1
130.4791 	DATA 	RatingScale unnamed RatingScale: rating RT=0.452
130.4791 	DATA 	RatingScale unnamed RatingScale: history=[(None, 0.0)]
133.1970 	DATA 	Keypress: 3
133.1973 	DATA 	RatingScale unnamed RatingScale: (key single-click) rating=3
133.1974 	DATA 	RatingScale unnamed RatingScale: rating RT=0.569
133.1974 	DATA 	RatingScale unnamed RatingScale: history=[(None, 0.0)]
134.2124 	ERROR 	Couldn't find image file 'selected_images/grayscale_art1015.jpg'; check path?
135.6802 	DATA 	Keypress: 4
135.6805 	DATA 	RatingScale unnamed RatingScale: (key single-click) rating=4
135.6805 	DATA 	RatingScale unnamed RatingScale: rating RT=0.434
135.6805 	DATA 	RatingScale unnamed RatingScale: history=[(None, 0.0)]
136.6974 	ERROR 	Couldn't find image file 'selected_images/grayscale_p1010542.jpg'; check path?
138.1992 	DATA 	Keypress: 4
138.1994 	DATA 	RatingScale unnamed RatingScale: (key single-click) rating=4
138.1995 	DATA 	RatingScale unnamed RatingScale: rating RT=0.453
138.1995 	DATA 	RatingScale unnamed RatingScale: history=[(None, 0.0)]
139.2147 	ERROR 	Couldn't find image file 'selected_images/grayscale_par123.jpg'; check path?
140.9155 	DATA 	Keypress: 4
140.9158 	DATA 	RatingScale unnamed RatingScale: (key single-click) rating=4
140.9158 	DATA 	RatingScale unnamed RatingScale: rating RT=0.668
140.9158 	DATA 	RatingScale unnamed RatingScale: history=[(None, 0.0)]
141.9320 	ERROR 	Couldn't find image file 'selected_images/grayscale_a212044.jpg'; check path?
143.3666 	DATA 	Keypress: 2
143.9820 	DATA 	RatingScale unnamed RatingScale: rating=2 (no response, timed out after 1.000s)
143.9820 	DATA 	RatingScale unnamed RatingScale: rating RT=1.017s
146.4677 	DATA 	Keypress: 3
147.0994 	DATA 	RatingScale unnamed RatingScale: rating=3 (no response, timed out after 1.000s)
147.0994 	DATA 	RatingScale unnamed RatingScale: rating RT=1.011s
148.1173 	ERROR 	Couldn't find image file 'selected_images/grayscale_a588087.jpg'; check path?
149.6348 	DATA 	Keypress: 3
149.6351 	DATA 	RatingScale unnamed RatingScale: (key single-click) rating=3
149.6351 	DATA 	RatingScale unnamed RatingScale: rating RT=0.468
149.6351 	DATA 	RatingScale unnamed RatingScale: history=[(None, 0.0)]
151.9528 	DATA 	Keypress: 3
152.7345 	DATA 	RatingScale unnamed RatingScale: rating=3 (no response, timed out after 1.000s)
152.7345 	DATA 	RatingScale unnamed RatingScale: rating RT=1.000s
153.7526 	ERROR 	Couldn't find image file 'selected_images/grayscale_urb159.jpg'; check path?
155.2203 	DATA 	Keypress: 4
155.2205 	DATA 	RatingScale unnamed RatingScale: (key single-click) rating=4
155.2206 	DATA 	RatingScale unnamed RatingScale: rating RT=0.435
155.2206 	DATA 	RatingScale unnamed RatingScale: history=[(None, 0.0)]
157.6545 	DATA 	Keypress: 2
158.3366 	DATA 	RatingScale unnamed RatingScale: rating=2 (no response, timed out after 1.000s)
158.3367 	DATA 	RatingScale unnamed RatingScale: rating RT=1.017s
159.3538 	ERROR 	Couldn't find image file 'selected_images/grayscale_p9120498.jpg'; check path?
160.7888 	DATA 	Keypress: 3
161.4040 	DATA 	RatingScale unnamed RatingScale: rating=3 (no response, timed out after 1.000s)
161.4040 	DATA 	RatingScale unnamed RatingScale: rating RT=1.016s
162.4220 	ERROR 	Couldn't find image file 'selected_images/grayscale_city50.jpg'; check path?
163.7903 	DATA 	Keypress: 2
164.4711 	DATA 	RatingScale unnamed RatingScale: rating=2 (no response, timed out after 1.000s)
164.4711 	DATA 	RatingScale unnamed RatingScale: rating RT=1.016s
165.4892 	ERROR 	Couldn't find image file 'selected_images/grayscale_a804068.jpg'; check path?
166.9416 	DATA 	Keypress: 4
166.9419 	DATA 	RatingScale unnamed RatingScale: (key single-click) rating=4
166.9420 	DATA 	RatingScale unnamed RatingScale: rating RT=0.419
166.9420 	DATA 	RatingScale unnamed RatingScale: history=[(None, 0.0)]
167.9569 	ERROR 	Couldn't find image file 'selected_images/grayscale_art1316.jpg'; check path?
169.2250 	DATA 	Keypress: 2
169.9903 	DATA 	RatingScale unnamed RatingScale: rating=2 (no response, timed out after 1.000s)
169.9903 	DATA 	RatingScale unnamed RatingScale: rating RT=1.001s
171.0084 	ERROR 	Couldn't find image file 'selected_images/grayscale_p1010266.jpg'; check path?
172.6758 	DATA 	Keypress: 3
172.6761 	DATA 	RatingScale unnamed RatingScale: (key single-click) rating=3
172.6762 	DATA 	RatingScale unnamed RatingScale: rating RT=0.635
172.6762 	DATA 	RatingScale unnamed RatingScale: history=[(None, 0.0)]
175.2603 	DATA 	Keypress: 1
175.2606 	DATA 	RatingScale unnamed RatingScale: (key single-click) rating=1
175.2606 	DATA 	RatingScale unnamed RatingScale: rating RT=0.486
175.2606 	DATA 	RatingScale unnamed RatingScale: history=[(None, 0.0)]
176.2766 	ERROR 	Couldn't find image file 'selected_images/grayscale_bost105.jpg'; check path?
177.6436 	DATA 	Keypress: 2
178.3098 	DATA 	RatingScale unnamed RatingScale: rating=2 (no response, timed out after 1.000s)
178.3099 	DATA 	RatingScale unnamed RatingScale: rating RT=1.000s
179.3269 	ERROR 	Couldn't find image file 'selected_images/grayscale_art256.jpg'; check path?
180.8117 	DATA 	Keypress: 3
181.4439 	DATA 	RatingScale unnamed RatingScale: rating=3 (no response, timed out after 1.000s)
181.4439 	DATA 	RatingScale unnamed RatingScale: rating RT=1.016s
184.0127 	DATA 	Keypress: 4
184.0130 	DATA 	RatingScale unnamed RatingScale: (key single-click) rating=4
184.0130 	DATA 	RatingScale unnamed RatingScale: rating RT=0.468
184.0131 	DATA 	RatingScale unnamed RatingScale: history=[(None, 0.0)]
186.4638 	DATA 	Keypress: 4
187.1291 	DATA 	RatingScale unnamed RatingScale: rating=4 (no response, timed out after 1.000s)
187.1292 	DATA 	RatingScale unnamed RatingScale: rating RT=1.017s
188.1471 	ERROR 	Couldn't find image file 'selected_images/grayscale_par151.jpg'; check path?
189.5140 	DATA 	Keypress: 1
190.2131 	DATA 	RatingScale unnamed RatingScale: rating=1 (no response, timed out after 1.000s)
190.2131 	DATA 	RatingScale unnamed RatingScale: rating RT=1.017s
192.1140 	DATA 	Keypress: 3
193.3477 	DATA 	RatingScale unnamed RatingScale: rating=3 (no response, timed out after 1.000s)
193.3477 	DATA 	RatingScale unnamed RatingScale: rating RT=1.016s
195.9332 	DATA 	Keypress: 3
195.9335 	DATA 	RatingScale unnamed RatingScale: (key single-click) rating=3
195.9335 	DATA 	RatingScale unnamed RatingScale: rating RT=0.452
195.9335 	DATA 	RatingScale unnamed RatingScale: history=[(None, 0.0)]
196.9498 	ERROR 	Couldn't find image file 'selected_images/grayscale_urban157.jpg'; check path?
198.2341 	DATA 	Keypress: 3
198.9996 	DATA 	RatingScale unnamed RatingScale: rating=3 (no response, timed out after 1.000s)
198.9996 	DATA 	RatingScale unnamed RatingScale: rating RT=1.016s
200.0176 	ERROR 	Couldn't find image file 'selected_images/grayscale_street50.jpg'; check path?
201.4866 	DATA 	Keypress: 4
201.4869 	DATA 	RatingScale unnamed RatingScale: (key single-click) rating=4
201.4869 	DATA 	RatingScale unnamed RatingScale: rating RT=0.436
201.4869 	DATA 	RatingScale unnamed RatingScale: history=[(None, 0.0)]
202.5022 	ERROR 	Couldn't find image file 'selected_images/grayscale_sky22.jpg'; check path?
203.8195 	DATA 	Keypress: 2
204.5517 	DATA 	RatingScale unnamed RatingScale: rating=2 (no response, timed out after 1.000s)
204.5517 	DATA 	RatingScale unnamed RatingScale: rating RT=1.017s
205.5689 	ERROR 	Couldn't find image file 'selected_images/grayscale_urb906.jpg'; check path?
206.5687 	DATA 	Keypress: 1
207.6358 	DATA 	RatingScale unnamed RatingScale: rating=1 (no response, timed out after 1.000s)
207.6359 	DATA 	RatingScale unnamed RatingScale: rating RT=1.016s
208.6533 	ERROR 	Couldn't find image file 'selected_images/grayscale_street02.jpg'; check path?
210.0371 	DATA 	Keypress: 3
210.7031 	DATA 	RatingScale unnamed RatingScale: rating=3 (no response, timed out after 1.000s)
210.7031 	DATA 	RatingScale unnamed RatingScale: rating RT=1.016s
211.7212 	ERROR 	Couldn't find image file 'selected_images/grayscale_art767.jpg'; check path?
213.2068 	DATA 	Keypress: 3
213.2071 	DATA 	RatingScale unnamed RatingScale: (key single-click) rating=3
213.2072 	DATA 	RatingScale unnamed RatingScale: rating RT=0.436
213.2072 	DATA 	RatingScale unnamed RatingScale: history=[(None, 0.0)]
215.6229 	DATA 	Keypress: 3
215.6584 	DATA 	Keypress: 2
216.3215 	DATA 	RatingScale unnamed RatingScale: rating=2 (no response, timed out after 1.000s)
216.3215 	DATA 	RatingScale unnamed RatingScale: rating RT=1.013s
217.3395 	ERROR 	Couldn't find image file 'selected_images/grayscale_hexp23.jpg'; check path?
218.8074 	DATA 	Keypress: 3
219.4548 	DATA 	RatingScale unnamed RatingScale: rating=3 (no response, timed out after 1.000s)
219.4548 	DATA 	RatingScale unnamed RatingScale: rating RT=1.013s
221.8918 	DATA 	Keypress: 3
222.5739 	DATA 	RatingScale unnamed RatingScale: rating=3 (no response, timed out after 1.000s)
222.5739 	DATA 	RatingScale unnamed RatingScale: rating RT=1.017s
223.5918 	ERROR 	Couldn't find image file 'selected_images/grayscale_urb911.jpg'; check path?
224.9598 	DATA 	Keypress: 3
225.6411 	DATA 	RatingScale unnamed RatingScale: rating=3 (no response, timed out after 1.000s)
225.6411 	DATA 	RatingScale unnamed RatingScale: rating RT=1.017s
228.0608 	DATA 	Keypress: 1
228.7592 	DATA 	RatingScale unnamed RatingScale: rating=1 (no response, timed out after 1.000s)
228.7592 	DATA 	RatingScale unnamed RatingScale: rating RT=1.017s
231.2281 	DATA 	Keypress: 4
231.8602 	DATA 	RatingScale unnamed RatingScale: rating=4 (no response, timed out after 1.000s)
231.8602 	DATA 	RatingScale unnamed RatingScale: rating RT=1.001s
232.8775 	ERROR 	Couldn't find image file 'selected_images/grayscale_p1010278.jpg'; check path?
234.4122 	DATA 	Keypress: 2
234.4125 	DATA 	RatingScale unnamed RatingScale: (key single-click) rating=2
234.4126 	DATA 	RatingScale unnamed RatingScale: rating RT=0.469
234.4126 	DATA 	RatingScale unnamed RatingScale: history=[(None, 0.0)]
236.6801 	DATA 	Keypress: 1
237.5118 	DATA 	RatingScale unnamed RatingScale: rating=1 (no response, timed out after 1.000s)
237.5118 	DATA 	RatingScale unnamed RatingScale: rating RT=1.000s
239.9144 	DATA 	Keypress: 4
240.6290 	DATA 	RatingScale unnamed RatingScale: rating=4 (no response, timed out after 1.000s)
240.6290 	DATA 	RatingScale unnamed RatingScale: rating RT=1.017s
241.6477 	ERROR 	Couldn't find image file 'selected_images/grayscale_art1199.jpg'; check path?
242.8818 	DATA 	Keypress: 2
243.6808 	DATA 	RatingScale unnamed RatingScale: rating=2 (no response, timed out after 1.000s)
243.6808 	DATA 	RatingScale unnamed RatingScale: rating RT=1.001s
246.1669 	DATA 	Keypress: 2
246.7981 	DATA 	RatingScale unnamed RatingScale: rating=2 (no response, timed out after 1.000s)
246.7981 	DATA 	RatingScale unnamed RatingScale: rating RT=1.001s
249.2832 	DATA 	Keypress: 4
249.9154 	DATA 	RatingScale unnamed RatingScale: rating=4 (no response, timed out after 1.000s)
249.9154 	DATA 	RatingScale unnamed RatingScale: rating RT=1.017s
250.9332 	ERROR 	Couldn't find image file 'selected_images/grayscale_bost46.jpg'; check path?
252.3681 	DATA 	Keypress: 2
253.0005 	DATA 	RatingScale unnamed RatingScale: rating=2 (no response, timed out after 1.000s)
253.0005 	DATA 	RatingScale unnamed RatingScale: rating RT=1.017s
255.4184 	DATA 	Keypress: 2
256.1177 	DATA 	RatingScale unnamed RatingScale: rating=2 (no response, timed out after 1.000s)
256.1177 	DATA 	RatingScale unnamed RatingScale: rating RT=1.017s
258.7035 	DATA 	Keypress: 2
258.7038 	DATA 	RatingScale unnamed RatingScale: (key single-click) rating=2
258.7038 	DATA 	RatingScale unnamed RatingScale: rating RT=0.485
258.7038 	DATA 	RatingScale unnamed RatingScale: history=[(None, 0.0)]
259.7191 	ERROR 	Couldn't find image file 'selected_images/grayscale_boston68.jpg'; check path?
261.1046 	DATA 	Keypress: 3
261.7707 	DATA 	RatingScale unnamed RatingScale: rating=3 (no response, timed out after 1.000s)
261.7707 	DATA 	RatingScale unnamed RatingScale: rating RT=1.002s
264.1555 	DATA 	Keypress: 3
264.9039 	DATA 	RatingScale unnamed RatingScale: rating=3 (no response, timed out after 1.000s)
264.9040 	DATA 	RatingScale unnamed RatingScale: rating RT=1.017s
267.3400 	DATA 	Keypress: 3
268.0214 	DATA 	RatingScale unnamed RatingScale: rating=3 (no response, timed out after 1.000s)
268.0214 	DATA 	RatingScale unnamed RatingScale: rating RT=1.000s
269.0394 	ERROR 	Couldn't find image file 'selected_images/grayscale_art840.jpg'; check path?
269.7888 	DATA 	Keypress: 3
271.0893 	DATA 	RatingScale unnamed RatingScale: rating=3 (no response, timed out after 1.000s)
271.0893 	DATA 	RatingScale unnamed RatingScale: rating RT=1.001s
273.6752 	DATA 	Keypress: 3
273.6755 	DATA 	RatingScale unnamed RatingScale: (key single-click) rating=3
273.6755 	DATA 	RatingScale unnamed RatingScale: rating RT=0.469
273.6755 	DATA 	RatingScale unnamed RatingScale: history=[(None, 0.0)]
274.6907 	ERROR 	Couldn't find image file 'selected_images/grayscale_hexp12.jpg'; check path?
276.1432 	DATA 	Keypress: 3
276.1435 	DATA 	RatingScale unnamed RatingScale: (key single-click) rating=3
276.1435 	DATA 	RatingScale unnamed RatingScale: rating RT=0.403
276.1435 	DATA 	RatingScale unnamed RatingScale: history=[(None, 0.0)]
279.8096 	DATA 	Keypress: return
283.7093 	DATA 	Keypress: 1
287.2046 	DATA 	Keypress: 4
287.9547 	DATA 	Keypress: 3
291.5696 	DATA 	Keypress: 3
295.0802 	DATA 	Keypress: 3
297.9750 	DATA 	Keypress: 1
301.1700 	DATA 	Keypress: 3
304.4854 	DATA 	Keypress: 3
305.0336 	DATA 	Keypress: 1
307.6353 	DATA 	Keypress: 3
310.4706 	DATA 	Keypress: 1
313.6057 	DATA 	Keypress: 3
316.8159 	DATA 	Keypress: 3
320.0710 	DATA 	Keypress: 1
323.3265 	DATA 	Keypress: 3
326.4616 	DATA 	Keypress: 3
329.5217 	DATA 	Keypress: 3
332.9565 	DATA 	Keypress: 3
336.0470 	DATA 	Keypress: 3
339.2267 	DATA 	Keypress: 1
342.3322 	DATA 	Keypress: 3
345.3175 	DATA 	Keypress: 3
348.3475 	DATA 	Keypress: return
348.3492 	ERROR 	Couldn't find image file 'selected_images/grayscale_art799.jpg'; check path?
350.0491 	DATA 	Keypress: 3
350.0493 	DATA 	RatingScale unnamed RatingScale: (key single-click) rating=3
350.0494 	DATA 	RatingScale unnamed RatingScale: rating RT=0.652
350.0494 	DATA 	RatingScale unnamed RatingScale: history=[(None, 0.0)]
351.0656 	ERROR 	Couldn't find image file 'selected_images/grayscale_art760.jpg'; check path?
351.8155 	DATA 	Keypress: 2
352.4541 	DATA 	Keypress: 2
353.1157 	DATA 	RatingScale unnamed RatingScale: rating=2 (no response, timed out after 1.000s)
353.1157 	DATA 	RatingScale unnamed RatingScale: rating RT=1.017s
354.1328 	ERROR 	Couldn't find image file 'selected_images/grayscale_art1041.jpg'; check path?
355.0828 	DATA 	Keypress: 2
356.1675 	DATA 	RatingScale unnamed RatingScale: rating=2 (no response, timed out after 1.000s)
356.1675 	DATA 	RatingScale unnamed RatingScale: rating RT=1.002s
358.5184 	DATA 	Keypress: 1
359.3008 	DATA 	RatingScale unnamed RatingScale: rating=1 (no response, timed out after 1.000s)
359.3008 	DATA 	RatingScale unnamed RatingScale: rating RT=1.016s
360.3186 	ERROR 	Couldn't find image file 'selected_images/grayscale_art1732.jpg'; check path?
361.7198 	DATA 	Keypress: 3
362.3850 	DATA 	RatingScale unnamed RatingScale: rating=3 (no response, timed out after 1.000s)
362.3850 	DATA 	RatingScale unnamed RatingScale: rating RT=1.016s
363.4031 	ERROR 	Couldn't find image file 'selected_images/grayscale_urb866.jpg'; check path?
364.8370 	DATA 	Keypress: 3
365.4522 	DATA 	RatingScale unnamed RatingScale: rating=3 (no response, timed out after 1.000s)
365.4522 	DATA 	RatingScale unnamed RatingScale: rating RT=1.016s
367.8886 	DATA 	Keypress: 2
368.5704 	DATA 	RatingScale unnamed RatingScale: rating=2 (no response, timed out after 1.000s)
368.5704 	DATA 	RatingScale unnamed RatingScale: rating RT=1.017s
369.5882 	ERROR 	Couldn't find image file 'selected_images/grayscale_a538076.jpg'; check path?
371.0735 	DATA 	Keypress: 3
371.0901 	DATA 	RatingScale unnamed RatingScale: (key single-click) rating=3
371.0902 	DATA 	RatingScale unnamed RatingScale: rating RT=0.470
371.0902 	DATA 	RatingScale unnamed RatingScale: history=[(None, 0.0)]
372.1056 	ERROR 	Couldn't find image file 'selected_images/grayscale_gre115.jpg'; check path?
373.5231 	DATA 	Keypress: 3
374.1724 	DATA 	RatingScale unnamed RatingScale: rating=3 (no response, timed out after 1.000s)
374.1725 	DATA 	RatingScale unnamed RatingScale: rating RT=1.017s
375.1898 	ERROR 	Couldn't find image file 'selected_images/grayscale_city7.jpg'; check path?
376.6081 	DATA 	Keypress: 3
377.2407 	DATA 	RatingScale unnamed RatingScale: rating=3 (no response, timed out after 1.000s)
377.2407 	DATA 	RatingScale unnamed RatingScale: rating RT=1.017s
378.2579 	ERROR 	Couldn't find image file 'selected_images/grayscale_boston18.jpg'; check path?
379.6583 	DATA 	Keypress: 3
380.3069 	DATA 	RatingScale unnamed RatingScale: rating=3 (no response, timed out after 1.000s)
380.3069 	DATA 	RatingScale unnamed RatingScale: rating RT=1.016s
381.3258 	ERROR 	Couldn't find image file 'selected_images/grayscale_sky38.jpg'; check path?
382.7104 	DATA 	Keypress: 2
383.3588 	DATA 	RatingScale unnamed RatingScale: rating=2 (no response, timed out after 1.000s)
383.3588 	DATA 	RatingScale unnamed RatingScale: rating RT=1.000s
384.3763 	ERROR 	Couldn't find image file 'selected_images/grayscale_art775.jpg'; check path?
385.7937 	DATA 	Keypress: 3
386.4262 	DATA 	RatingScale unnamed RatingScale: rating=3 (no response, timed out after 1.000s)
386.4262 	DATA 	RatingScale unnamed RatingScale: rating RT=1.001s
387.4443 	ERROR 	Couldn't find image file 'selected_images/grayscale_par118.jpg'; check path?
388.7449 	DATA 	Keypress: 3
389.5095 	DATA 	RatingScale unnamed RatingScale: rating=3 (no response, timed out after 1.000s)
389.5095 	DATA 	RatingScale unnamed RatingScale: rating RT=1.015s
390.5282 	ERROR 	Couldn't find image file 'selected_images/grayscale_street01.jpg'; check path?
391.9961 	DATA 	Keypress: 2
391.9964 	DATA 	RatingScale unnamed RatingScale: (key single-click) rating=2
391.9965 	DATA 	RatingScale unnamed RatingScale: rating RT=0.435
391.9965 	DATA 	RatingScale unnamed RatingScale: history=[(None, 0.0)]
393.0126 	ERROR 	Couldn't find image file 'selected_images/grayscale_boston61.jpg'; check path?
394.3640 	DATA 	Keypress: 3
395.0786 	DATA 	RatingScale unnamed RatingScale: rating=3 (no response, timed out after 1.000s)
395.0786 	DATA 	RatingScale unnamed RatingScale: rating RT=1.017s
396.0969 	ERROR 	Couldn't find image file 'selected_images/grayscale_a487092.jpg'; check path?
397.5645 	DATA 	Keypress: 2
397.5648 	DATA 	RatingScale unnamed RatingScale: (key single-click) rating=2
397.5648 	DATA 	RatingScale unnamed RatingScale: rating RT=0.435
397.5649 	DATA 	RatingScale unnamed RatingScale: history=[(None, 0.0)]
398.5810 	ERROR 	Couldn't find image file 'selected_images/grayscale_boston339.jpg'; check path?
399.9651 	DATA 	Keypress: 3
400.6139 	DATA 	RatingScale unnamed RatingScale: rating=3 (no response, timed out after 1.000s)
400.6139 	DATA 	RatingScale unnamed RatingScale: rating RT=1.000s
403.0167 	DATA 	Keypress: 2
403.7321 	DATA 	RatingScale unnamed RatingScale: rating=2 (no response, timed out after 1.000s)
403.7321 	DATA 	RatingScale unnamed RatingScale: rating RT=1.017s
404.7500 	ERROR 	Couldn't find image file 'selected_images/grayscale_art1754.jpg'; check path?
405.9007 	DATA 	Keypress: 3
406.7829 	DATA 	RatingScale unnamed RatingScale: rating=3 (no response, timed out after 1.000s)
406.7830 	DATA 	RatingScale unnamed RatingScale: rating RT=1.001s
409.2350 	DATA 	Keypress: 2
409.9004 	DATA 	RatingScale unnamed RatingScale: rating=2 (no response, timed out after 1.000s)
409.9004 	DATA 	RatingScale unnamed RatingScale: rating RT=1.017s
412.6194 	DATA 	Keypress: 3
412.6197 	DATA 	RatingScale unnamed RatingScale: (key single-click) rating=3
412.6197 	DATA 	RatingScale unnamed RatingScale: rating RT=0.617
412.6197 	DATA 	RatingScale unnamed RatingScale: history=[(None, 0.0)]
414.9205 	DATA 	Keypress: 3
415.7347 	DATA 	RatingScale unnamed RatingScale: rating=3 (no response, timed out after 1.000s)
415.7347 	DATA 	RatingScale unnamed RatingScale: rating RT=1.016s
417.9213 	DATA 	Keypress: 3
418.8528 	DATA 	RatingScale unnamed RatingScale: rating=3 (no response, timed out after 1.000s)
418.8528 	DATA 	RatingScale unnamed RatingScale: rating RT=1.016s
421.2564 	DATA 	Keypress: 2
421.9541 	DATA 	RatingScale unnamed RatingScale: rating=2 (no response, timed out after 1.000s)
421.9541 	DATA 	RatingScale unnamed RatingScale: rating RT=1.001s
422.9722 	ERROR 	Couldn't find image file 'selected_images/grayscale_art1720.jpg'; check path?
424.2904 	DATA 	Keypress: 2
425.0381 	DATA 	RatingScale unnamed RatingScale: rating=2 (no response, timed out after 1.000s)
425.0381 	DATA 	RatingScale unnamed RatingScale: rating RT=1.016s
427.4577 	DATA 	Keypress: 2
428.1894 	DATA 	RatingScale unnamed RatingScale: rating=2 (no response, timed out after 1.000s)
428.1894 	DATA 	RatingScale unnamed RatingScale: rating RT=1.001s
430.5422 	DATA 	Keypress: 3
431.2905 	DATA 	RatingScale unnamed RatingScale: rating=3 (no response, timed out after 1.000s)
431.2905 	DATA 	RatingScale unnamed RatingScale: rating RT=1.000s
433.6262 	DATA 	Keypress: 2
434.4247 	DATA 	RatingScale unnamed RatingScale: rating=2 (no response, timed out after 1.000s)
434.4248 	DATA 	RatingScale unnamed RatingScale: rating RT=1.016s
435.4428 	ERROR 	Couldn't find image file 'selected_images/grayscale_p9110486.jpg'; check path?
436.7273 	DATA 	Keypress: 3
437.4927 	DATA 	RatingScale unnamed RatingScale: rating=3 (no response, timed out after 1.000s)
437.4927 	DATA 	RatingScale unnamed RatingScale: rating RT=1.017s
439.4430 	DATA 	Keypress: 2
440.6100 	DATA 	RatingScale unnamed RatingScale: rating=2 (no response, timed out after 1.000s)
440.6100 	DATA 	RatingScale unnamed RatingScale: rating RT=1.017s
442.8795 	DATA 	Keypress: 2
443.7280 	DATA 	RatingScale unnamed RatingScale: rating=2 (no response, timed out after 1.000s)
443.7280 	DATA 	RatingScale unnamed RatingScale: rating RT=1.017s
445.8638 	DATA 	Keypress: 2
446.8290 	DATA 	RatingScale unnamed RatingScale: rating=2 (no response, timed out after 1.000s)
446.8291 	DATA 	RatingScale unnamed RatingScale: rating RT=1.000s
449.3310 	DATA 	Keypress: 4
449.9464 	DATA 	RatingScale unnamed RatingScale: rating=4 (no response, timed out after 1.000s)
449.9464 	DATA 	RatingScale unnamed RatingScale: rating RT=1.017s
450.9637 	ERROR 	Couldn't find image file 'selected_images/grayscale_gre116.jpg'; check path?
452.3654 	DATA 	Keypress: 2
453.0143 	DATA 	RatingScale unnamed RatingScale: rating=2 (no response, timed out after 1.000s)
453.0143 	DATA 	RatingScale unnamed RatingScale: rating RT=1.016s
454.0319 	ERROR 	Couldn't find image file 'selected_images/grayscale_art925.jpg'; check path?
455.4163 	DATA 	Keypress: 3
456.0817 	DATA 	RatingScale unnamed RatingScale: rating=3 (no response, timed out after 1.000s)
456.0818 	DATA 	RatingScale unnamed RatingScale: rating RT=1.016s
457.0999 	ERROR 	Couldn't find image file 'selected_images/grayscale_gre186.jpg'; check path?
458.5683 	DATA 	Keypress: 1
458.5685 	DATA 	RatingScale unnamed RatingScale: (key single-click) rating=1
458.5686 	DATA 	RatingScale unnamed RatingScale: rating RT=0.435
458.5686 	DATA 	RatingScale unnamed RatingScale: history=[(None, 0.0)]
459.5839 	ERROR 	Couldn't find image file 'selected_images/grayscale_a212055.jpg'; check path?
460.9006 	DATA 	Keypress: 2
461.6169 	DATA 	RatingScale unnamed RatingScale: rating=2 (no response, timed out after 1.000s)
461.6169 	DATA 	RatingScale unnamed RatingScale: rating RT=1.001s
464.1858 	DATA 	Keypress: 3
464.1860 	DATA 	RatingScale unnamed RatingScale: (key single-click) rating=3
464.1861 	DATA 	RatingScale unnamed RatingScale: rating RT=0.452
464.1861 	DATA 	RatingScale unnamed RatingScale: history=[(None, 0.0)]
466.4039 	DATA 	Keypress: 3
467.3020 	DATA 	RatingScale unnamed RatingScale: rating=3 (no response, timed out after 1.000s)
467.3020 	DATA 	RatingScale unnamed RatingScale: rating RT=1.016s
468.3204 	ERROR 	Couldn't find image file 'selected_images/grayscale_urban158.jpg'; check path?
469.4871 	DATA 	Keypress: 1
470.3696 	DATA 	RatingScale unnamed RatingScale: rating=1 (no response, timed out after 1.000s)
470.3696 	DATA 	RatingScale unnamed RatingScale: rating RT=1.016s
472.1039 	DATA 	Keypress: 3
472.5585 	DATA 	Keypress: 3
473.5206 	DATA 	RatingScale unnamed RatingScale: rating=3 (no response, timed out after 1.000s)
473.5206 	DATA 	RatingScale unnamed RatingScale: rating RT=1.016s
475.8564 	DATA 	Keypress: 2
476.6217 	DATA 	RatingScale unnamed RatingScale: rating=2 (no response, timed out after 1.000s)
476.6217 	DATA 	RatingScale unnamed RatingScale: rating RT=1.000s
479.1243 	DATA 	Keypress: 3
479.7559 	DATA 	RatingScale unnamed RatingScale: rating=3 (no response, timed out after 1.000s)
479.7560 	DATA 	RatingScale unnamed RatingScale: rating RT=1.016s
480.7739 	ERROR 	Couldn't find image file 'selected_images/grayscale_art1474.jpg'; check path?
482.0748 	DATA 	Keypress: 2
482.8400 	DATA 	RatingScale unnamed RatingScale: rating=2 (no response, timed out after 1.000s)
482.8400 	DATA 	RatingScale unnamed RatingScale: rating RT=1.015s
485.4256 	DATA 	Keypress: 4
485.4259 	DATA 	RatingScale unnamed RatingScale: (key single-click) rating=4
485.4259 	DATA 	RatingScale unnamed RatingScale: rating RT=0.484
485.4259 	DATA 	RatingScale unnamed RatingScale: history=[(None, 0.0)]
486.4425 	ERROR 	Couldn't find image file 'selected_images/grayscale_sky3.jpg'; check path?
487.6930 	DATA 	Keypress: 1
488.4752 	DATA 	RatingScale unnamed RatingScale: rating=1 (no response, timed out after 1.000s)
488.4752 	DATA 	RatingScale unnamed RatingScale: rating RT=1.000s
489.4937 	ERROR 	Couldn't find image file 'selected_images/grayscale_p1010263.jpg'; check path?
490.8943 	DATA 	Keypress: 3
491.5596 	DATA 	RatingScale unnamed RatingScale: rating=3 (no response, timed out after 1.000s)
491.5596 	DATA 	RatingScale unnamed RatingScale: rating RT=1.016s
493.9623 	DATA 	Keypress: 2
494.6615 	DATA 	RatingScale unnamed RatingScale: rating=2 (no response, timed out after 1.000s)
494.6615 	DATA 	RatingScale unnamed RatingScale: rating RT=1.001s
495.6781 	ERROR 	Couldn't find image file 'selected_images/grayscale_par162.jpg'; check path?
497.0797 	DATA 	Keypress: 2
497.7458 	DATA 	RatingScale unnamed RatingScale: rating=2 (no response, timed out after 1.000s)
497.7458 	DATA 	RatingScale unnamed RatingScale: rating RT=1.017s
498.7631 	ERROR 	Couldn't find image file 'selected_images/grayscale_city65.jpg'; check path?
499.4124 	DATA 	Keypress: 2
499.8846 	DATA 	Keypress: 2
500.8121 	DATA 	RatingScale unnamed RatingScale: rating=2 (no response, timed out after 1.000s)
500.8121 	DATA 	RatingScale unnamed RatingScale: rating RT=1.016s
502.7475 	DATA 	Keypress: 3
503.9303 	DATA 	RatingScale unnamed RatingScale: rating=3 (no response, timed out after 1.000s)
503.9303 	DATA 	RatingScale unnamed RatingScale: rating RT=1.016s
504.9484 	ERROR 	Couldn't find image file 'selected_images/grayscale_a212018.jpg'; check path?
506.4836 	DATA 	Keypress: 2
506.4838 	DATA 	RatingScale unnamed RatingScale: (key single-click) rating=2
506.4839 	DATA 	RatingScale unnamed RatingScale: rating RT=0.503
506.4839 	DATA 	RatingScale unnamed RatingScale: history=[(None, 0.0)]
507.4994 	ERROR 	Couldn't find image file 'selected_images/grayscale_a487047.jpg'; check path?
508.8500 	DATA 	Keypress: 3
509.5652 	DATA 	RatingScale unnamed RatingScale: rating=3 (no response, timed out after 1.000s)
509.5652 	DATA 	RatingScale unnamed RatingScale: rating RT=1.016s
512.0514 	DATA 	Keypress: 2
512.6834 	DATA 	RatingScale unnamed RatingScale: rating=2 (no response, timed out after 1.000s)
512.6834 	DATA 	RatingScale unnamed RatingScale: rating RT=1.000s
513.7009 	ERROR 	Couldn't find image file 'selected_images/grayscale_p1010073.jpg'; check path?
515.1361 	DATA 	Keypress: 1
515.7674 	DATA 	RatingScale unnamed RatingScale: rating=1 (no response, timed out after 1.000s)
515.7675 	DATA 	RatingScale unnamed RatingScale: rating RT=1.017s
518.3534 	DATA 	Keypress: 2
518.3537 	DATA 	RatingScale unnamed RatingScale: (key single-click) rating=2
518.3538 	DATA 	RatingScale unnamed RatingScale: rating RT=0.485
518.3538 	DATA 	RatingScale unnamed RatingScale: history=[(None, 0.0)]
519.3692 	ERROR 	Couldn't find image file 'selected_images/grayscale_urban167.jpg'; check path?
520.8207 	DATA 	Keypress: 3
521.4197 	DATA 	RatingScale unnamed RatingScale: rating=3 (no response, timed out after 1.000s)
521.4197 	DATA 	RatingScale unnamed RatingScale: rating RT=1.000s
522.4373 	ERROR 	Couldn't find image file 'selected_images/grayscale_art945.jpg'; check path?
523.7549 	DATA 	Keypress: 2
524.5039 	DATA 	RatingScale unnamed RatingScale: rating=2 (no response, timed out after 1.000s)
524.5039 	DATA 	RatingScale unnamed RatingScale: rating RT=1.017s
526.4885 	DATA 	Keypress: 3
527.6382 	DATA 	RatingScale unnamed RatingScale: rating=3 (no response, timed out after 1.000s)
527.6382 	DATA 	RatingScale unnamed RatingScale: rating RT=1.016s
530.5612 	DATA 	Keypress: return
533.8612 	DATA 	Keypress: 1
537.2214 	DATA 	Keypress: 3
540.3564 	DATA 	Keypress: 1
543.4764 	DATA 	Keypress: 1
546.6716 	DATA 	Keypress: 3
549.8671 	DATA 	Keypress: 3
549.9116 	DATA 	Keypress: 2
553.0619 	DATA 	Keypress: 1
556.2872 	DATA 	Keypress: 3
559.5425 	DATA 	Keypress: 1
562.8124 	DATA 	Keypress: 3
566.0077 	DATA 	Keypress: 1
569.2326 	DATA 	Keypress: 1
572.4577 	DATA 	Keypress: 3
575.6683 	DATA 	Keypress: 3
578.7879 	DATA 	Keypress: 3
581.8480 	DATA 	Keypress: 1
585.0136 	DATA 	Keypress: 3
587.9235 	DATA 	Keypress: 3
588.3747 	DATA 	Keypress: 1
591.1185 	DATA 	Keypress: 1
594.3136 	DATA 	Keypress: 3
595.8140 	DATA 	Keypress: 1
595.8157 	ERROR 	Couldn't find image file 'selected_images/grayscale_urb274.jpg'; check path?
595.8440 	DATA 	Keypress: 2
595.8442 	DATA 	Keypress: 3
597.8607 	DATA 	RatingScale unnamed RatingScale: rating=3 (no response, timed out after 1.000s)
597.8607 	DATA 	RatingScale unnamed RatingScale: rating RT=1.016s
598.8782 	ERROR 	Couldn't find image file 'selected_images/grayscale_urban1124.jpg'; check path?
600.2457 	DATA 	Keypress: 3
600.9110 	DATA 	RatingScale unnamed RatingScale: rating=3 (no response, timed out after 1.000s)
600.9110 	DATA 	RatingScale unnamed RatingScale: rating RT=1.000s
603.3139 	DATA 	Keypress: 3
604.0299 	DATA 	RatingScale unnamed RatingScale: rating=3 (no response, timed out after 1.000s)
604.0299 	DATA 	RatingScale unnamed RatingScale: rating RT=1.018s
606.5660 	DATA 	Keypress: 2
606.5662 	DATA 	RatingScale unnamed RatingScale: (key single-click) rating=2
606.5663 	DATA 	RatingScale unnamed RatingScale: rating RT=0.436
606.5663 	DATA 	RatingScale unnamed RatingScale: history=[(None, 0.0)]
608.8822 	DATA 	Keypress: 1
609.6805 	DATA 	RatingScale unnamed RatingScale: rating=1 (no response, timed out after 1.000s)
609.6806 	DATA 	RatingScale unnamed RatingScale: rating RT=1.016s
610.6994 	ERROR 	Couldn't find image file 'selected_images/grayscale_art1751.jpg'; check path?
612.3171 	DATA 	Keypress: 1
612.3173 	DATA 	RatingScale unnamed RatingScale: (key single-click) rating=1
612.3174 	DATA 	RatingScale unnamed RatingScale: rating RT=0.569
612.3174 	DATA 	RatingScale unnamed RatingScale: history=[(None, 0.0)]
613.3328 	ERROR 	Couldn't find image file 'selected_images/grayscale_p9120503.jpg'; check path?
614.6842 	DATA 	Keypress: 4
615.3828 	DATA 	RatingScale unnamed RatingScale: rating=4 (no response, timed out after 1.000s)
615.3828 	DATA 	RatingScale unnamed RatingScale: rating RT=1.000s
616.4009 	ERROR 	Couldn't find image file 'selected_images/grayscale_art1192.jpg'; check path?
617.7853 	DATA 	Keypress: 2
618.5670 	DATA 	RatingScale unnamed RatingScale: rating=2 (no response, timed out after 1.000s)
618.5670 	DATA 	RatingScale unnamed RatingScale: rating RT=1.016s
621.0529 	DATA 	Keypress: 3
621.6852 	DATA 	RatingScale unnamed RatingScale: rating=3 (no response, timed out after 1.000s)
621.6852 	DATA 	RatingScale unnamed RatingScale: rating RT=1.017s
622.7030 	ERROR 	Couldn't find image file 'selected_images/grayscale_urb506.jpg'; check path?
623.9709 	DATA 	Keypress: 1
624.7683 	DATA 	RatingScale unnamed RatingScale: rating=1 (no response, timed out after 1.000s)
624.7683 	DATA 	RatingScale unnamed RatingScale: rating RT=1.016s
627.0048 	DATA 	Keypress: 3
627.9034 	DATA 	RatingScale unnamed RatingScale: rating=3 (no response, timed out after 1.000s)
627.9034 	DATA 	RatingScale unnamed RatingScale: rating RT=1.016s
630.3052 	DATA 	Keypress: 3
631.0044 	DATA 	RatingScale unnamed RatingScale: rating=3 (no response, timed out after 1.000s)
631.0044 	DATA 	RatingScale unnamed RatingScale: rating RT=1.001s
633.5404 	DATA 	Keypress: 2
634.1547 	DATA 	RatingScale unnamed RatingScale: rating=2 (no response, timed out after 1.000s)
634.1547 	DATA 	RatingScale unnamed RatingScale: rating RT=1.015s
635.1736 	ERROR 	Couldn't find image file 'selected_images/grayscale_city8.jpg'; check path?
635.9889 	DATA 	Keypress: 2
637.2399 	DATA 	RatingScale unnamed RatingScale: rating=2 (no response, timed out after 1.000s)
637.2399 	DATA 	RatingScale unnamed RatingScale: rating RT=1.017s
639.5425 	DATA 	Keypress: 3
640.3401 	DATA 	RatingScale unnamed RatingScale: rating=3 (no response, timed out after 1.000s)
640.3401 	DATA 	RatingScale unnamed RatingScale: rating RT=1.000s
641.3591 	ERROR 	Couldn't find image file 'selected_images/grayscale_p1010516.jpg'; check path?
642.6767 	DATA 	Keypress: 2
643.4081 	DATA 	RatingScale unnamed RatingScale: rating=2 (no response, timed out after 1.000s)
643.4081 	DATA 	RatingScale unnamed RatingScale: rating RT=1.016s
644.4265 	ERROR 	Couldn't find image file 'selected_images/grayscale_urb907.jpg'; check path?
645.3924 	DATA 	Keypress: 2
646.4763 	DATA 	RatingScale unnamed RatingScale: rating=2 (no response, timed out after 1.000s)
646.4763 	DATA 	RatingScale unnamed RatingScale: rating RT=1.017s
647.4937 	ERROR 	Couldn't find image file 'selected_images/grayscale_boston373.jpg'; check path?
648.2104 	DATA 	Keypress: 2
649.5435 	DATA 	RatingScale unnamed RatingScale: rating=2 (no response, timed out after 1.000s)
649.5435 	DATA 	RatingScale unnamed RatingScale: rating RT=1.016s
651.5279 	DATA 	Keypress: 3
651.5620 	DATA 	Keypress: 4
651.9340 	DATA 	Keypress: 4
652.6614 	DATA 	RatingScale unnamed RatingScale: rating=4 (no response, timed out after 1.000s)
652.6614 	DATA 	RatingScale unnamed RatingScale: rating RT=1.016s
652.6789 	DATA 	Keypress: 3
655.0974 	DATA 	Keypress: 2
655.2011 	DATA 	Keypress: 3
655.2013 	DATA 	RatingScale unnamed RatingScale: (key single-click) rating=3
655.2014 	DATA 	RatingScale unnamed RatingScale: rating RT=0.439
655.2014 	DATA 	RatingScale unnamed RatingScale: history=[(None, 0.0), (2, 0.336)]
656.2138 	ERROR 	Couldn't find image file 'selected_images/grayscale_boston255.jpg'; check path?
657.3483 	DATA 	Keypress: 3
658.3130 	DATA 	RatingScale unnamed RatingScale: rating=3 (no response, timed out after 1.000s)
658.3130 	DATA 	RatingScale unnamed RatingScale: rating RT=1.016s
660.1971 	DATA 	Keypress: 3
661.4142 	DATA 	RatingScale unnamed RatingScale: rating=3 (no response, timed out after 1.000s)
661.4142 	DATA 	RatingScale unnamed RatingScale: rating RT=1.000s
662.4323 	ERROR 	Couldn't find image file 'selected_images/grayscale_gre181.jpg'; check path?
663.0152 	DATA 	Keypress: 1
664.4660 	DATA 	RatingScale unnamed RatingScale: rating=1 (no response, timed out after 1.000s)
664.4660 	DATA 	RatingScale unnamed RatingScale: rating RT=1.000s
665.4834 	ERROR 	Couldn't find image file 'selected_images/grayscale_a806037.jpg'; check path?
666.1836 	DATA 	Keypress: 3
667.5331 	DATA 	RatingScale unnamed RatingScale: rating=3 (no response, timed out after 1.000s)
667.5331 	DATA 	RatingScale unnamed RatingScale: rating RT=1.017s
670.0014 	DATA 	Keypress: 3
670.6337 	DATA 	RatingScale unnamed RatingScale: rating=3 (no response, timed out after 1.000s)
670.6337 	DATA 	RatingScale unnamed RatingScale: rating RT=1.000s
673.7684 	DATA 	RatingScale unnamed RatingScale: rating=None (no response, timed out after 1.000s)
673.7684 	DATA 	RatingScale unnamed RatingScale: rating RT=1.016s
674.7866 	ERROR 	Couldn't find image file 'selected_images/grayscale_par94.jpg'; check path?
676.2384 	DATA 	Keypress: 2
676.2386 	DATA 	RatingScale unnamed RatingScale: (key single-click) rating=2
676.2387 	DATA 	RatingScale unnamed RatingScale: rating RT=0.403
676.2387 	DATA 	RatingScale unnamed RatingScale: history=[(None, 0.0)]
677.2533 	ERROR 	Couldn't find image file 'selected_images/grayscale_a487062.jpg'; check path?
678.5715 	DATA 	Keypress: 3
679.3036 	DATA 	RatingScale unnamed RatingScale: rating=3 (no response, timed out after 1.000s)
679.3037 	DATA 	RatingScale unnamed RatingScale: rating RT=1.018s
681.4390 	DATA 	Keypress: 2
682.4204 	DATA 	RatingScale unnamed RatingScale: rating=2 (no response, timed out after 1.000s)
682.4204 	DATA 	RatingScale unnamed RatingScale: rating RT=1.016s
683.4392 	ERROR 	Couldn't find image file 'selected_images/grayscale_urban73.jpg'; check path?
684.8070 	DATA 	Keypress: 3
685.4890 	DATA 	RatingScale unnamed RatingScale: rating=3 (no response, timed out after 1.000s)
685.4890 	DATA 	RatingScale unnamed RatingScale: rating RT=1.018s
686.5067 	ERROR 	Couldn't find image file 'selected_images/grayscale_urb893.jpg'; check path?
687.8242 	DATA 	Keypress: 2
688.5556 	DATA 	RatingScale unnamed RatingScale: rating=2 (no response, timed out after 1.000s)
688.5556 	DATA 	RatingScale unnamed RatingScale: rating RT=1.016s
689.5740 	ERROR 	Couldn't find image file 'selected_images/grayscale_p1010183.jpg'; check path?
691.0754 	DATA 	Keypress: 3
691.0757 	DATA 	RatingScale unnamed RatingScale: (key single-click) rating=3
691.0758 	DATA 	RatingScale unnamed RatingScale: rating RT=0.452
691.0758 	DATA 	RatingScale unnamed RatingScale: history=[(None, 0.0)]
692.0919 	ERROR 	Couldn't find image file 'selected_images/grayscale_a462057.jpg'; check path?
693.4426 	DATA 	Keypress: 2
694.1415 	DATA 	RatingScale unnamed RatingScale: rating=2 (no response, timed out after 1.000s)
694.1415 	DATA 	RatingScale unnamed RatingScale: rating RT=1.017s
695.1591 	ERROR 	Couldn't find image file 'selected_images/grayscale_p1010589.jpg'; check path?
696.6275 	DATA 	Keypress: 2
696.6277 	DATA 	RatingScale unnamed RatingScale: (key single-click) rating=2
696.6278 	DATA 	RatingScale unnamed RatingScale: rating RT=0.435
696.6278 	DATA 	RatingScale unnamed RatingScale: history=[(None, 0.0)]
697.6431 	ERROR 	Couldn't find image file 'selected_images/grayscale_a805043.jpg'; check path?
698.7614 	DATA 	Keypress: 1
699.7098 	DATA 	RatingScale unnamed RatingScale: rating=1 (no response, timed out after 1.000s)
699.7099 	DATA 	RatingScale unnamed RatingScale: rating RT=1.017s
700.7275 	ERROR 	Couldn't find image file 'selected_images/grayscale_p1010521.jpg'; check path?
702.1628 	DATA 	Keypress: 2
702.1631 	DATA 	RatingScale unnamed RatingScale: (key single-click) rating=2
702.1631 	DATA 	RatingScale unnamed RatingScale: rating RT=0.402
702.1631 	DATA 	RatingScale unnamed RatingScale: history=[(None, 0.0)]
703.1791 	ERROR 	Couldn't find image file 'selected_images/grayscale_par87.jpg'; check path?
704.4458 	DATA 	Keypress: 1
705.2274 	DATA 	RatingScale unnamed RatingScale: rating=1 (no response, timed out after 1.000s)
705.2274 	DATA 	RatingScale unnamed RatingScale: rating RT=1.000s
707.0295 	DATA 	Keypress: 3
708.3455 	DATA 	RatingScale unnamed RatingScale: rating=3 (no response, timed out after 1.000s)
708.3455 	DATA 	RatingScale unnamed RatingScale: rating RT=1.015s
709.3645 	ERROR 	Couldn't find image file 'selected_images/grayscale_urban1152.jpg'; check path?
710.1805 	DATA 	Keypress: 2
711.4146 	DATA 	RatingScale unnamed RatingScale: rating=2 (no response, timed out after 1.000s)
711.4146 	DATA 	RatingScale unnamed RatingScale: rating RT=1.018s
712.4318 	ERROR 	Couldn't find image file 'selected_images/grayscale_p1010186.jpg'; check path?
713.8001 	DATA 	Keypress: 3
714.4807 	DATA 	RatingScale unnamed RatingScale: rating=3 (no response, timed out after 1.000s)
714.4807 	DATA 	RatingScale unnamed RatingScale: rating RT=1.016s
715.4992 	ERROR 	Couldn't find image file 'selected_images/grayscale_p1010323.jpg'; check path?
716.7335 	DATA 	Keypress: 2
717.5489 	DATA 	RatingScale unnamed RatingScale: rating=2 (no response, timed out after 1.000s)
717.5489 	DATA 	RatingScale unnamed RatingScale: rating RT=1.017s
720.0674 	DATA 	Keypress: 2
720.0677 	DATA 	RatingScale unnamed RatingScale: (key single-click) rating=2
720.0677 	DATA 	RatingScale unnamed RatingScale: rating RT=0.418
720.0677 	DATA 	RatingScale unnamed RatingScale: history=[(None, 0.0)]
721.7005 	DATA 	Keypress: 2
723.1833 	DATA 	RatingScale unnamed RatingScale: rating=2 (no response, timed out after 1.000s)
723.1834 	DATA 	RatingScale unnamed RatingScale: rating RT=1.016s
725.2015 	DATA 	Keypress: 2
726.2852 	DATA 	RatingScale unnamed RatingScale: rating=2 (no response, timed out after 1.000s)
726.2852 	DATA 	RatingScale unnamed RatingScale: rating RT=1.001s
728.5703 	DATA 	Keypress: 2
729.4193 	DATA 	RatingScale unnamed RatingScale: rating=2 (no response, timed out after 1.000s)
729.4193 	DATA 	RatingScale unnamed RatingScale: rating RT=1.017s
730.4376 	ERROR 	Couldn't find image file 'selected_images/grayscale_par9.jpg'; check path?
731.7221 	DATA 	Keypress: 2
732.4705 	DATA 	RatingScale unnamed RatingScale: rating=2 (no response, timed out after 1.000s)
732.4706 	DATA 	RatingScale unnamed RatingScale: rating RT=1.000s
734.8394 	DATA 	Keypress: 3
735.5869 	DATA 	RatingScale unnamed RatingScale: rating=3 (no response, timed out after 1.000s)
735.5870 	DATA 	RatingScale unnamed RatingScale: rating RT=1.016s
736.6062 	ERROR 	Couldn't find image file 'selected_images/grayscale_art1717.jpg'; check path?
737.5230 	DATA 	Keypress: 2
738.6722 	DATA 	RatingScale unnamed RatingScale: rating=2 (no response, timed out after 1.000s)
738.6722 	DATA 	RatingScale unnamed RatingScale: rating RT=1.016s
739.6904 	ERROR 	Couldn't find image file 'selected_images/grayscale_bost76.jpg'; check path?
740.9078 	DATA 	Keypress: 2
741.7401 	DATA 	RatingScale unnamed RatingScale: rating=2 (no response, timed out after 1.000s)
741.7401 	DATA 	RatingScale unnamed RatingScale: rating RT=1.017s
742.7584 	ERROR 	Couldn't find image file 'selected_images/grayscale_archi296.jpg'; check path?
743.8590 	DATA 	Keypress: 2
744.8235 	DATA 	RatingScale unnamed RatingScale: rating=2 (no response, timed out after 1.000s)
744.8235 	DATA 	RatingScale unnamed RatingScale: rating RT=1.015s
746.8926 	DATA 	Keypress: 3
747.9415 	DATA 	RatingScale unnamed RatingScale: rating=3 (no response, timed out after 1.000s)
747.9415 	DATA 	RatingScale unnamed RatingScale: rating RT=1.016s
748.9598 	ERROR 	Couldn't find image file 'selected_images/grayscale_archi337.jpg'; check path?
750.1941 	DATA 	Keypress: 2
751.0087 	DATA 	RatingScale unnamed RatingScale: rating=2 (no response, timed out after 1.000s)
751.0087 	DATA 	RatingScale unnamed RatingScale: rating RT=1.016s
752.0279 	ERROR 	Couldn't find image file 'selected_images/grayscale_art869.jpg'; check path?
753.3616 	DATA 	Keypress: 3
754.0939 	DATA 	RatingScale unnamed RatingScale: rating=3 (no response, timed out after 1.000s)
754.0939 	DATA 	RatingScale unnamed RatingScale: rating RT=1.017s
755.7942 	DATA 	Keypress: 3
757.2117 	DATA 	RatingScale unnamed RatingScale: rating=3 (no response, timed out after 1.000s)
757.2117 	DATA 	RatingScale unnamed RatingScale: rating RT=1.016s
758.2303 	ERROR 	Couldn't find image file 'selected_images/grayscale_a812069.jpg'; check path?
758.8123 	DATA 	Keypress: 3
760.2958 	DATA 	RatingScale unnamed RatingScale: rating=3 (no response, timed out after 1.000s)
760.2958 	DATA 	RatingScale unnamed RatingScale: rating RT=1.017s
762.4321 	DATA 	Keypress: 3
763.4132 	DATA 	RatingScale unnamed RatingScale: rating=3 (no response, timed out after 1.000s)
763.4132 	DATA 	RatingScale unnamed RatingScale: rating RT=1.016s
764.4317 	ERROR 	Couldn't find image file 'selected_images/grayscale_art1617.jpg'; check path?
765.4306 	DATA 	Keypress: 2
766.4814 	DATA 	RatingScale unnamed RatingScale: rating=2 (no response, timed out after 1.000s)
766.4814 	DATA 	RatingScale unnamed RatingScale: rating RT=1.016s
767.4995 	ERROR 	Couldn't find image file 'selected_images/grayscale_p1010619.jpg'; check path?
768.2658 	DATA 	Keypress: 2
769.5323 	DATA 	RatingScale unnamed RatingScale: rating=2 (no response, timed out after 1.000s)
769.5323 	DATA 	RatingScale unnamed RatingScale: rating RT=1.001s
770.5506 	ERROR 	Couldn't find image file 'selected_images/grayscale_city60.jpg'; check path?
