0.0002 	WARNING 	warning
0.0002 	EXP 	experiment
0.0002 	DATA 	data
0.0002 	INFO 	info
0.0002 	INFO 	current time: 1571000442.54
5.3180 	DEBUG 	handleLineEditChange: inputFieldName=1. age, type=<type 'str'>, value=1
5.6859 	DEBUG 	handleLineEditChange: inputFieldName=1. age, type=<type 'str'>, value=19
12.8889 	DEBUG 	handleCurrentIndexChanged: inputFieldName=2. sex:, selected=Female, type: <type 'str'>
15.3115 	DEBUG 	handleCurrentIndexChanged: inputFieldName=3. Are you hispanic or latino?, selected=No, type: <type 'str'>
17.4457 	DEBUG 	handleCheckboxChange: inputFieldName=Black or African American, checked=True
26.3280 	DEBUG 	handleCurrentIndexChanged: inputFieldName=5. Highest Degree Achieved:, selected=some college, type: <type 'str'>
32.8544 	DEBUG 	handleCurrentIndexChanged: inputFieldName=(e.g. dyslexia, uncorrected far-sightedness, etc.), selected=No, type: <type 'str'>
36.8771 	DEBUG 	handleCurrentIndexChanged: inputFieldName=7. Do you have normal color vision?, selected=No, type: <type 'str'>
39.7571 	DEBUG 	handleCurrentIndexChanged: inputFieldName=7. Do you have normal color vision?, selected=Yes, type: <type 'str'>
43.7909 	DEBUG 	handleCurrentIndexChanged: inputFieldName=affect your memory or attention?, selected=No, type: <type 'str'>
48.8207 	DEBUG 	handleLineEditChange: inputFieldName=you get last night? (enter only a number), type=<type 'str'>, value=6
52.1407 	DEBUG 	handleLineEditChange: inputFieldName=have you had today? (enter only a number), type=<type 'str'>, value=0
58.1832 	DEBUG 	handleCurrentIndexChanged: inputFieldName=12. How alert are you feeling?:, selected=A little alert, type: <type 'str'>
60.8107 	DEBUG 	handleCurrentIndexChanged: inputFieldName=12. How alert are you feeling?:, selected=Neutral, type: <type 'str'>
64.6839 	DEBUG 	handleCurrentIndexChanged: inputFieldName=12. How alert are you feeling?:, selected=A little slugglish, type: <type 'str'>
66.1091 	INFO 	Loaded monitor calibration from ['2017_10_17 14:04']
66.1122 	WARNING 	User requested fullscreen with size [1024  768], but screen is actually [2048, 1152]. Using actual size
66.6931 	EXP 	Created window1 = Window(allowGUI=False, allowStencil=False, args=UNKNOWN, autoLog=True, bitsMode=UNKNOWN, blendMode='avg', color='black', colorSpace='named', fullscr=UNKNOWN, gamma=None, kwargs=UNKNOWN, lms=UNKNOWN, monitor=<psychopy.monitors.calibTools.Monitor object at 0x10c4d7810>, multiSample=False, name='window1', numSamples=2, pos=[-1024, -576], screen=0, size=array([4096, 2304]), stereo=False, units='deg', useFBO=False, useRetina=True, viewOri=0.0, viewPos=None, viewScale=None, waitBlanking=True, winType=u'pyglet')
66.6932 	EXP 	window1: recordFrameIntervals = False
66.8575 	EXP 	window1: recordFrameIntervals = True
67.0904 	DEBUG 	Screen (0) actual frame rate measured at 60.24
67.0904 	EXP 	window1: recordFrameIntervals = False
67.0905 	INFO 	Mouse: using default window
67.2636 	EXP 	Created unnamed TextStim = TextStim(alignHoriz='center', alignVert='center', antialias=True, autoLog=True, bold=False, color=array([1., 1., 1.]), colorSpace='rgb', contrast=1.0, depth=0, flipHoriz=False, flipVert=False, font='', fontFiles=[], height=1.0, italic=False, name='unnamed TextStim', opacity=1.0, ori=0.0, pos=array([0., 0.]), rgb=array([1., 1., 1.]), text=newstr(...), units='deg', win=Window(...), wrapWidth=40)
67.2844 	EXP 	unnamed TextStim: autoDraw = True
83.4127 	DATA 	Mouse: Left button down, pos=(740,109)
83.6525 	DATA 	Mouse:  Left button up, pos=(740,109)
84.7027 	DATA 	Keypress: period
84.7314 	EXP 	unnamed TextStim: autoDraw = False
84.8056 	EXP 	Created unnamed TextStim = TextStim(alignHoriz='center', alignVert='center', antialias=True, autoLog=True, bold=False, color=array([1., 1., 1.]), colorSpace='rgb', contrast=1.0, depth=0, flipHoriz=False, flipVert=False, font='', fontFiles=[], height=1.0, italic=False, name='unnamed TextStim', opacity=1.0, ori=0.0, pos=array([0., 0.]), rgb=array([1., 1., 1.]), text=newstr(...), units='deg', win=Window(...), wrapWidth=40)
84.8730 	EXP 	Created MEMORY IMAGE ../../stim/practice_composite/00002940128fb_sunaaacnosloariecpa.jpg = ImageStim(autoLog=True, color=array([1., 1., 1.]), colorSpace='rgb', contrast=1.0, depth=0, flipHoriz=False, flipVert=False, image=str(...), interpolate=False, mask=None, maskParams=None, name=str(...), opacity=1.0, ori=0.0, pos=array([0., 0.]), size=array([7., 7.]), texRes=128, units='deg', win=Window(...))
84.9004 	EXP 	MEMORY IMAGE ../../stim/practice_composite/00002940128fb_sunaaacnosloariecpa.jpg: pos = array([0., 0.])
84.9004 	EXP 	unnamed TextStim: autoDraw = True
84.9004 	EXP 	MEMORY IMAGE ../../stim/practice_composite/00002940128fb_sunaaacnosloariecpa.jpg: autoDraw = True
92.5091 	DATA 	Keypress: semicolon
92.5338 	EXP 	unnamed TextStim: autoDraw = False
92.5338 	EXP 	MEMORY IMAGE ../../stim/practice_composite/00002940128fb_sunaaacnosloariecpa.jpg: autoDraw = False
92.6052 	EXP 	Created unnamed TextStim = TextStim(alignHoriz='center', alignVert='center', antialias=True, autoLog=True, bold=False, color=array([1., 1., 1.]), colorSpace='rgb', contrast=1.0, depth=0, flipHoriz=False, flipVert=False, font='', fontFiles=[], height=1.0, italic=False, name='unnamed TextStim', opacity=1.0, ori=0.0, pos=array([0., 0.]), rgb=array([1., 1., 1.]), text=newstr(...), units='deg', win=Window(...), wrapWidth=40)
92.6253 	EXP 	Created MEMORY IMAGE ../../stim/practice_composite/00003941121fa_sunaaaenaoynzhoyheo.jpg = ImageStim(autoLog=True, color=array([1., 1., 1.]), colorSpace='rgb', contrast=1.0, depth=0, flipHoriz=False, flipVert=False, image=str(...), interpolate=False, mask=None, maskParams=None, name=str(...), opacity=1.0, ori=0.0, pos=array([0., 0.]), size=array([7., 7.]), texRes=128, units='deg', win=Window(...))
92.6367 	EXP 	MEMORY IMAGE ../../stim/practice_composite/00003941121fa_sunaaaenaoynzhoyheo.jpg: pos = array([0., 0.])
92.6367 	EXP 	unnamed TextStim: autoDraw = True
92.6367 	EXP 	MEMORY IMAGE ../../stim/practice_composite/00003941121fa_sunaaaenaoynzhoyheo.jpg: autoDraw = True
100.9572 	DATA 	Keypress: bracketleft
100.9866 	EXP 	unnamed TextStim: autoDraw = False
100.9866 	EXP 	MEMORY IMAGE ../../stim/practice_composite/00003941121fa_sunaaaenaoynzhoyheo.jpg: autoDraw = False
101.0450 	EXP 	Created unnamed TextStim = TextStim(alignHoriz='center', alignVert='center', antialias=True, autoLog=True, bold=False, color=array([1., 1., 1.]), colorSpace='rgb', contrast=1.0, depth=0, flipHoriz=False, flipVert=False, font='', fontFiles=[], height=1.0, italic=False, name='unnamed TextStim', opacity=1.0, ori=0.0, pos=array([0., 0.]), rgb=array([1., 1., 1.]), text=newstr(...), units='deg', win=Window(...), wrapWidth=40)
101.0497 	EXP 	Created MEMORY IMAGE ../../stim/practice_composite/00013931230fb_sunaaasertfihkcjvdd.jpg = ImageStim(autoLog=True, color=array([1., 1., 1.]), colorSpace='rgb', contrast=1.0, depth=0, flipHoriz=False, flipVert=False, image=str(...), interpolate=False, mask=None, maskParams=None, name=str(...), opacity=1.0, ori=0.0, pos=array([0., 0.]), size=array([7., 7.]), texRes=128, units='deg', win=Window(...))
101.0740 	EXP 	MEMORY IMAGE ../../stim/practice_composite/00013931230fb_sunaaasertfihkcjvdd.jpg: pos = array([0., 0.])
101.0740 	EXP 	unnamed TextStim: autoDraw = True
101.0740 	EXP 	MEMORY IMAGE ../../stim/practice_composite/00013931230fb_sunaaasertfihkcjvdd.jpg: autoDraw = True
108.1491 	DATA 	Keypress: bracketleft
108.1721 	EXP 	unnamed TextStim: autoDraw = False
108.1721 	EXP 	MEMORY IMAGE ../../stim/practice_composite/00013931230fb_sunaaasertfihkcjvdd.jpg: autoDraw = False
108.3070 	EXP 	Created unnamed TextStim = TextStim(alignHoriz='center', alignVert='center', antialias=True, autoLog=True, bold=False, color=array([1., 1., 1.]), colorSpace='rgb', contrast=1.0, depth=0, flipHoriz=False, flipVert=False, font='', fontFiles=[], height=1.0, italic=False, name='unnamed TextStim', opacity=1.0, ori=0.0, pos=array([0., 0.]), rgb=array([1., 1., 1.]), text=newstr(...), units='deg', win=Window(...), wrapWidth=40)
108.3248 	EXP 	unnamed TextStim: autoDraw = True
121.5735 	DATA 	Keypress: bracketleft
121.6098 	EXP 	unnamed TextStim: autoDraw = False
121.6402 	EXP 	Created unnamed TextStim = TextStim(alignHoriz='center', alignVert='center', antialias=True, autoLog=True, bold=False, color=array([1., 1., 1.]), colorSpace='rgb', contrast=1.0, depth=0, flipHoriz=False, flipVert=False, font='', fontFiles=[], height=1.0, italic=False, name='unnamed TextStim', opacity=1.0, ori=0.0, pos=array([0., 0.]), rgb=array([1., 1., 1.]), text=newstr(...), units='deg', win=Window(...), wrapWidth=40)
121.6626 	EXP 	Created CUED COMPOSITE ../../stim/practice_composite/00020931230fa_sunaaaysslbipsngfqb.jpg = ImageStim(autoLog=True, color=array([1., 1., 1.]), colorSpace='rgb', contrast=1.0, depth=0, flipHoriz=False, flipVert=False, image=str(...), interpolate=False, mask=None, maskParams=None, name=str(...), opacity=1.0, ori=0.0, pos=array([0., 0.]), size=array([7., 7.]), texRes=128, units='deg', win=Window(...))
121.6671 	EXP 	Created UNCUED COMPOSITE ../../stim/practice_composite/00019940128facopy_sunaaaxdnsxxacahnmy.jpg = ImageStim(autoLog=True, color=array([1., 1., 1.]), colorSpace='rgb', contrast=1.0, depth=0, flipHoriz=False, flipVert=False, image=str(...), interpolate=False, mask=None, maskParams=None, name=str(...), opacity=1.0, ori=0.0, pos=array([0., 0.]), size=array([7., 7.]), texRes=128, units='deg', win=Window(...))
121.6960 	EXP 	Created FIXATION CROSS = TextStim(alignHoriz='center', alignVert='center', antialias=True, autoLog=True, bold=False, color='lightGrey', colorSpace='named', contrast=1.0, depth=0.0, flipHoriz=False, flipVert=False, font='Arial', fontFiles=[], height=2, italic=False, name='FIXATION CROSS', opacity=1.0, ori=0, pos=array([0., 0.]), rgb=array([211., 211., 211.]), text='+', units='deg', win=Window(...), wrapWidth=15.0)
121.7133 	EXP 	CUED COMPOSITE ../../stim/practice_composite/00020931230fa_sunaaaysslbipsngfqb.jpg: pos = array([8., 0.])
121.7133 	EXP 	UNCUED COMPOSITE ../../stim/practice_composite/00019940128facopy_sunaaaxdnsxxacahnmy.jpg: pos = array([-8.,  0.])
121.7133 	EXP 	unnamed TextStim: autoDraw = True
121.7133 	EXP 	CUED COMPOSITE ../../stim/practice_composite/00020931230fa_sunaaaysslbipsngfqb.jpg: autoDraw = True
121.7133 	EXP 	UNCUED COMPOSITE ../../stim/practice_composite/00019940128facopy_sunaaaxdnsxxacahnmy.jpg: autoDraw = True
121.7133 	EXP 	FIXATION CROSS: autoDraw = True
125.7330 	DATA 	Keypress: bracketleft
125.7612 	EXP 	unnamed TextStim: autoDraw = False
125.7612 	EXP 	CUED COMPOSITE ../../stim/practice_composite/00020931230fa_sunaaaysslbipsngfqb.jpg: autoDraw = False
125.7612 	EXP 	UNCUED COMPOSITE ../../stim/practice_composite/00019940128facopy_sunaaaxdnsxxacahnmy.jpg: autoDraw = False
125.7612 	EXP 	FIXATION CROSS: autoDraw = False
125.8165 	EXP 	Created unnamed TextStim = TextStim(alignHoriz='center', alignVert='center', antialias=True, autoLog=True, bold=False, color=array([1., 1., 1.]), colorSpace='rgb', contrast=1.0, depth=0, flipHoriz=False, flipVert=False, font='', fontFiles=[], height=1.0, italic=False, name='unnamed TextStim', opacity=1.0, ori=0.0, pos=array([0., 0.]), rgb=array([1., 1., 1.]), text=newstr(...), units='deg', win=Window(...), wrapWidth=40)
125.8315 	EXP 	unnamed TextStim: autoDraw = True
130.5890 	DATA 	Keypress: bracketleft
130.6128 	EXP 	unnamed TextStim: autoDraw = False
130.6425 	EXP 	Created unnamed TextStim = TextStim(alignHoriz='center', alignVert='center', antialias=True, autoLog=True, bold=False, color=array([1., 1., 1.]), colorSpace='rgb', contrast=1.0, depth=0, flipHoriz=False, flipVert=False, font='', fontFiles=[], height=1.0, italic=False, name='unnamed TextStim', opacity=1.0, ori=0.0, pos=array([0., 0.]), rgb=array([1., 1., 1.]), text=newstr(...), units='deg', win=Window(...), wrapWidth=40)
130.6468 	EXP 	Created CUED COMPOSITE ../../stim/practice_composite/00029940128facopy_sunaachpigfklgkuoyg.jpg = ImageStim(autoLog=True, color=array([1., 1., 1.]), colorSpace='rgb', contrast=1.0, depth=0, flipHoriz=False, flipVert=False, image=str(...), interpolate=False, mask=None, maskParams=None, name=str(...), opacity=1.0, ori=0.0, pos=array([0., 0.]), size=array([7., 7.]), texRes=128, units='deg', win=Window(...))
130.6512 	EXP 	Created UNCUED COMPOSITE ../../stim/practice_composite/00028940128fa_sunaabndtdcvlfkqgad.jpg = ImageStim(autoLog=True, color=array([1., 1., 1.]), colorSpace='rgb', contrast=1.0, depth=0, flipHoriz=False, flipVert=False, image=str(...), interpolate=False, mask=None, maskParams=None, name=str(...), opacity=1.0, ori=0.0, pos=array([0., 0.]), size=array([7., 7.]), texRes=128, units='deg', win=Window(...))
130.6542 	EXP 	Created FIXATION CROSS = TextStim(alignHoriz='center', alignVert='center', antialias=True, autoLog=True, bold=False, color='lightGrey', colorSpace='named', contrast=1.0, depth=0.0, flipHoriz=False, flipVert=False, font='Arial', fontFiles=[], height=2, italic=False, name='FIXATION CROSS', opacity=1.0, ori=0, pos=array([0., 0.]), rgb=array([211., 211., 211.]), text='+', units='deg', win=Window(...), wrapWidth=15.0)
130.6670 	EXP 	CUED COMPOSITE ../../stim/practice_composite/00029940128facopy_sunaachpigfklgkuoyg.jpg: pos = array([8., 0.])
130.6670 	EXP 	UNCUED COMPOSITE ../../stim/practice_composite/00028940128fa_sunaabndtdcvlfkqgad.jpg: pos = array([-8.,  0.])
130.6670 	EXP 	unnamed TextStim: autoDraw = True
130.6670 	EXP 	CUED COMPOSITE ../../stim/practice_composite/00029940128facopy_sunaachpigfklgkuoyg.jpg: autoDraw = True
130.6670 	EXP 	UNCUED COMPOSITE ../../stim/practice_composite/00028940128fa_sunaabndtdcvlfkqgad.jpg: autoDraw = True
130.6670 	EXP 	FIXATION CROSS: autoDraw = True
138.6371 	DATA 	Keypress: bracketleft
138.6653 	EXP 	unnamed TextStim: autoDraw = False
138.6653 	EXP 	CUED COMPOSITE ../../stim/practice_composite/00029940128facopy_sunaachpigfklgkuoyg.jpg: autoDraw = False
138.6653 	EXP 	UNCUED COMPOSITE ../../stim/practice_composite/00028940128fa_sunaabndtdcvlfkqgad.jpg: autoDraw = False
138.6653 	EXP 	FIXATION CROSS: autoDraw = False
138.8377 	EXP 	Created unnamed TextStim = TextStim(alignHoriz='center', alignVert='center', antialias=True, autoLog=True, bold=False, color=array([1., 1., 1.]), colorSpace='rgb', contrast=1.0, depth=0, flipHoriz=False, flipVert=False, font='', fontFiles=[], height=1.0, italic=False, name='unnamed TextStim', opacity=1.0, ori=0.0, pos=array([0., 0.]), rgb=array([1., 1., 1.]), text=newstr(...), units='deg', win=Window(...), wrapWidth=40)
138.8399 	EXP 	Created CATEGORY CUE = ImageStim(autoLog=True, color=array([1., 1., 1.]), colorSpace='rgb', contrast=1.0, depth=0, flipHoriz=False, flipVert=False, image='../../stim/cue/Face.png', interpolate=False, mask=None, maskParams=None, name='CATEGORY CUE', opacity=1.0, ori=0.0, pos=array([0., 0.]), size=array([2., 2.]), texRes=128, units='deg', win=Window(...))
138.8417 	EXP 	Created CATEGORY CUE = ImageStim(autoLog=True, color=array([1., 1., 1.]), colorSpace='rgb', contrast=1.0, depth=0, flipHoriz=False, flipVert=False, image='../../stim/cue/Place.png', interpolate=False, mask=None, maskParams=None, name='CATEGORY CUE', opacity=1.0, ori=0.0, pos=array([0., 0.]), size=array([2., 2.]), texRes=128, units='deg', win=Window(...))
138.8691 	EXP 	CATEGORY CUE: pos = array([2.5, 0. ])
138.8691 	EXP 	CATEGORY CUE: pos = array([-2.5,  0. ])
138.8691 	EXP 	unnamed TextStim: autoDraw = True
138.8691 	EXP 	CATEGORY CUE: autoDraw = True
138.8691 	EXP 	CATEGORY CUE: autoDraw = True
159.8449 	DATA 	Keypress: bracketleft
159.8723 	EXP 	unnamed TextStim: autoDraw = False
159.8723 	EXP 	CATEGORY CUE: autoDraw = False
159.8723 	EXP 	CATEGORY CUE: autoDraw = False
159.8727 	INFO 	Mouse: using default window
159.8728 	EXP 	window1: recordFrameIntervals = False
160.0374 	EXP 	window1: recordFrameIntervals = True
160.2230 	DEBUG 	Screen (0) actual frame rate measured at 59.32
160.2230 	EXP 	window1: recordFrameIntervals = False
160.2259 	EXP 	Created FIXATION CROSS = TextStim(alignHoriz='center', alignVert='center', antialias=True, autoLog=True, bold=False, color='lightGrey', colorSpace='named', contrast=1.0, depth=0.0, flipHoriz=False, flipVert=False, font='Arial', fontFiles=[], height=2, italic=False, name='FIXATION CROSS', opacity=1.0, ori=0, pos=array([0., 0.]), rgb=array([211., 211., 211.]), text='+', units='deg', win=Window(...), wrapWidth=15.0)
160.2280 	EXP 	Created CATEGORY CUE: Face = ImageStim(autoLog=True, color=array([1., 1., 1.]), colorSpace='rgb', contrast=1.0, depth=0, flipHoriz=False, flipVert=False, image='../../stim/cue/Face.png', interpolate=False, mask=None, maskParams=None, name='CATEGORY CUE: Face', opacity=1.0, ori=0.0, pos=array([0., 0.]), size=array([2., 2.]), texRes=128, units='deg', win=Window(...))
160.2312 	EXP 	Created SIDE CUE: > = TextStim(alignHoriz='center', alignVert='center', antialias=True, autoLog=True, bold=False, color='lightGrey', colorSpace='named', contrast=1.0, depth=0.0, flipHoriz=False, flipVert=False, font='Arial', fontFiles=[], height=2, italic=False, name='SIDE CUE: >', opacity=1.0, ori=0, pos=array([0., 0.]), rgb=array([211., 211., 211.]), text='>', units='deg', win=Window(...), wrapWidth=15.0)
160.2586 	EXP 	CATEGORY CUE: Face: pos = array([0., 2.])
160.2586 	EXP 	SIDE CUE: >: pos = array([0., 0.])
160.2586 	EXP 	CATEGORY CUE: Face: autoDraw = True
160.2586 	EXP 	SIDE CUE: >: autoDraw = True
161.7730 	EXP 	CATEGORY CUE: Face: autoDraw = False
161.7730 	EXP 	SIDE CUE: >: autoDraw = False
161.7730 	EXP 	FIXATION CROSS: autoDraw = True
161.8143 	EXP 	Created CUED COMPOSITE ../../stim/practice_composite/00043931230fb_sunaacmaxjsazeyhcxg.jpg = ImageStim(autoLog=True, color=array([1., 1., 1.]), colorSpace='rgb', contrast=1.0, depth=0, flipHoriz=False, flipVert=False, image=str(...), interpolate=False, mask=None, maskParams=None, name=str(...), opacity=1.0, ori=0.0, pos=array([0., 0.]), size=array([7., 7.]), texRes=128, units='deg', win=Window(...))
161.8224 	EXP 	Created UNCUED COMPOSITE ../../stim/practice_composite/00044931230fa_sunaacrdvqhwlheysdg.jpg = ImageStim(autoLog=True, color=array([1., 1., 1.]), colorSpace='rgb', contrast=1.0, depth=0, flipHoriz=False, flipVert=False, image=str(...), interpolate=False, mask=None, maskParams=None, name=str(...), opacity=1.0, ori=0.0, pos=array([0., 0.]), size=array([7., 7.]), texRes=128, units='deg', win=Window(...))
161.8274 	EXP 	Created CUED COMPOSITE ../../stim/practice_composite/00046931230fa_sunaacslnbvidxeazyx.jpg = ImageStim(autoLog=True, color=array([1., 1., 1.]), colorSpace='rgb', contrast=1.0, depth=0, flipHoriz=False, flipVert=False, image=str(...), interpolate=False, mask=None, maskParams=None, name=str(...), opacity=1.0, ori=0.0, pos=array([0., 0.]), size=array([7., 7.]), texRes=128, units='deg', win=Window(...))
161.8322 	EXP 	Created UNCUED COMPOSITE ../../stim/practice_composite/00047931230fb_sunaactrphdtpvplkkz.jpg = ImageStim(autoLog=True, color=array([1., 1., 1.]), colorSpace='rgb', contrast=1.0, depth=0, flipHoriz=False, flipVert=False, image=str(...), interpolate=False, mask=None, maskParams=None, name=str(...), opacity=1.0, ori=0.0, pos=array([0., 0.]), size=array([7., 7.]), texRes=128, units='deg', win=Window(...))
161.8368 	EXP 	Created CUED COMPOSITE ../../stim/practice_composite/00049931230facopy_sunaacxaszsngweyrkv.jpg = ImageStim(autoLog=True, color=array([1., 1., 1.]), colorSpace='rgb', contrast=1.0, depth=0, flipHoriz=False, flipVert=False, image=str(...), interpolate=False, mask=None, maskParams=None, name=str(...), opacity=1.0, ori=0.0, pos=array([0., 0.]), size=array([7., 7.]), texRes=128, units='deg', win=Window(...))
161.8409 	EXP 	Created UNCUED COMPOSITE ../../stim/practice_composite/00050931230facopy_sunaaczmpbmprzjcofd.jpg = ImageStim(autoLog=True, color=array([1., 1., 1.]), colorSpace='rgb', contrast=1.0, depth=0, flipHoriz=False, flipVert=False, image=str(...), interpolate=False, mask=None, maskParams=None, name=str(...), opacity=1.0, ori=0.0, pos=array([0., 0.]), size=array([7., 7.]), texRes=128, units='deg', win=Window(...))
162.7765 	EXP 	CUED COMPOSITE ../../stim/practice_composite/00043931230fb_sunaacmaxjsazeyhcxg.jpg: pos = array([8., 0.])
162.7765 	EXP 	UNCUED COMPOSITE ../../stim/practice_composite/00044931230fa_sunaacrdvqhwlheysdg.jpg: pos = array([-8.,  0.])
162.7765 	EXP 	CUED COMPOSITE ../../stim/practice_composite/00046931230fa_sunaacslnbvidxeazyx.jpg: pos = array([8., 0.])
162.7765 	EXP 	UNCUED COMPOSITE ../../stim/practice_composite/00047931230fb_sunaactrphdtpvplkkz.jpg: pos = array([-8.,  0.])
162.7765 	EXP 	CUED COMPOSITE ../../stim/practice_composite/00049931230facopy_sunaacxaszsngweyrkv.jpg: pos = array([8., 0.])
162.7765 	EXP 	UNCUED COMPOSITE ../../stim/practice_composite/00050931230facopy_sunaaczmpbmprzjcofd.jpg: pos = array([-8.,  0.])
162.7765 	EXP 	CUED COMPOSITE ../../stim/practice_composite/00043931230fb_sunaacmaxjsazeyhcxg.jpg: autoDraw = True
162.7765 	EXP 	UNCUED COMPOSITE ../../stim/practice_composite/00044931230fa_sunaacrdvqhwlheysdg.jpg: autoDraw = True
165.7914 	EXP 	CUED COMPOSITE ../../stim/practice_composite/00043931230fb_sunaacmaxjsazeyhcxg.jpg: autoDraw = False
165.7914 	EXP 	UNCUED COMPOSITE ../../stim/practice_composite/00044931230fa_sunaacrdvqhwlheysdg.jpg: autoDraw = False
166.7958 	EXP 	CUED COMPOSITE ../../stim/practice_composite/00046931230fa_sunaacslnbvidxeazyx.jpg: autoDraw = True
166.7958 	EXP 	UNCUED COMPOSITE ../../stim/practice_composite/00047931230fb_sunaactrphdtpvplkkz.jpg: autoDraw = True
169.8088 	EXP 	CUED COMPOSITE ../../stim/practice_composite/00046931230fa_sunaacslnbvidxeazyx.jpg: autoDraw = False
169.8088 	EXP 	UNCUED COMPOSITE ../../stim/practice_composite/00047931230fb_sunaactrphdtpvplkkz.jpg: autoDraw = False
170.8131 	EXP 	CUED COMPOSITE ../../stim/practice_composite/00049931230facopy_sunaacxaszsngweyrkv.jpg: autoDraw = True
170.8131 	EXP 	UNCUED COMPOSITE ../../stim/practice_composite/00050931230facopy_sunaaczmpbmprzjcofd.jpg: autoDraw = True
173.8268 	EXP 	CUED COMPOSITE ../../stim/practice_composite/00049931230facopy_sunaacxaszsngweyrkv.jpg: autoDraw = False
173.8268 	EXP 	UNCUED COMPOSITE ../../stim/practice_composite/00050931230facopy_sunaaczmpbmprzjcofd.jpg: autoDraw = False
173.9718 	EXP 	Created unnamed TextStim = TextStim(alignHoriz='center', alignVert='center', antialias=True, autoLog=True, bold=False, color=array([1., 1., 1.]), colorSpace='rgb', contrast=1.0, depth=0, flipHoriz=False, flipVert=False, font='', fontFiles=[], height=1.0, italic=False, name='unnamed TextStim', opacity=1.0, ori=0.0, pos=array([0., 0.]), rgb=array([1., 1., 1.]), text=newstr(...), units='deg', win=Window(...), wrapWidth=40)
173.9973 	EXP 	FIXATION CROSS: autoDraw = False
173.9973 	EXP 	unnamed TextStim: autoDraw = True
194.9647 	DATA 	Keypress: num_1
195.0002 	EXP 	unnamed TextStim: autoDraw = False
195.0005 	INFO 	Mouse: using default window
195.0007 	EXP 	window1: recordFrameIntervals = False
195.1656 	EXP 	window1: recordFrameIntervals = True
195.3503 	DEBUG 	Screen (0) actual frame rate measured at 59.62
195.3504 	EXP 	window1: recordFrameIntervals = False
195.3534 	EXP 	Created FIXATION CROSS = TextStim(alignHoriz='center', alignVert='center', antialias=True, autoLog=True, bold=False, color='lightGrey', colorSpace='named', contrast=1.0, depth=0.0, flipHoriz=False, flipVert=False, font='Arial', fontFiles=[], height=2, italic=False, name='FIXATION CROSS', opacity=1.0, ori=0, pos=array([0., 0.]), rgb=array([211., 211., 211.]), text='+', units='deg', win=Window(...), wrapWidth=15.0)
195.3555 	EXP 	Created CATEGORY CUE: Place = ImageStim(autoLog=True, color=array([1., 1., 1.]), colorSpace='rgb', contrast=1.0, depth=0, flipHoriz=False, flipVert=False, image='../../stim/cue/Place.png', interpolate=False, mask=None, maskParams=None, name='CATEGORY CUE: Place', opacity=1.0, ori=0.0, pos=array([0., 0.]), size=array([2., 2.]), texRes=128, units='deg', win=Window(...))
195.3588 	EXP 	Created SIDE CUE: < = TextStim(alignHoriz='center', alignVert='center', antialias=True, autoLog=True, bold=False, color='lightGrey', colorSpace='named', contrast=1.0, depth=0.0, flipHoriz=False, flipVert=False, font='Arial', fontFiles=[], height=2, italic=False, name='SIDE CUE: <', opacity=1.0, ori=0, pos=array([0., 0.]), rgb=array([211., 211., 211.]), text='<', units='deg', win=Window(...), wrapWidth=15.0)
195.3863 	EXP 	CATEGORY CUE: Place: pos = array([0., 2.])
195.3863 	EXP 	SIDE CUE: <: pos = array([0., 0.])
195.3863 	EXP 	CATEGORY CUE: Place: autoDraw = True
195.3863 	EXP 	SIDE CUE: <: autoDraw = True
196.9011 	EXP 	CATEGORY CUE: Place: autoDraw = False
196.9011 	EXP 	SIDE CUE: <: autoDraw = False
196.9011 	EXP 	FIXATION CROSS: autoDraw = True
196.9207 	EXP 	Created CUED COMPOSITE ../../stim/practice_mem_composite/00051931230fb_sunaadakyricvbjhamx.jpg = ImageStim(autoLog=True, color=array([1., 1., 1.]), colorSpace='rgb', contrast=1.0, depth=0, flipHoriz=False, flipVert=False, image=str(...), interpolate=False, mask=None, maskParams=None, name=str(...), opacity=1.0, ori=0.0, pos=array([0., 0.]), size=array([7., 7.]), texRes=128, units='deg', win=Window(...))
196.9251 	EXP 	Created UNCUED COMPOSITE ../../stim/practice_mem_composite/00052931230fa_sunaadneptrbqhkzwag.jpg = ImageStim(autoLog=True, color=array([1., 1., 1.]), colorSpace='rgb', contrast=1.0, depth=0, flipHoriz=False, flipVert=False, image=str(...), interpolate=False, mask=None, maskParams=None, name=str(...), opacity=1.0, ori=0.0, pos=array([0., 0.]), size=array([7., 7.]), texRes=128, units='deg', win=Window(...))
196.9375 	EXP 	Created CUED COMPOSITE ../../stim/practice_mem_composite/00053931230fb_sunaadsmjtmardsqqro.jpg = ImageStim(autoLog=True, color=array([1., 1., 1.]), colorSpace='rgb', contrast=1.0, depth=0, flipHoriz=False, flipVert=False, image=str(...), interpolate=False, mask=None, maskParams=None, name=str(...), opacity=1.0, ori=0.0, pos=array([0., 0.]), size=array([7., 7.]), texRes=128, units='deg', win=Window(...))
196.9422 	EXP 	Created UNCUED COMPOSITE ../../stim/practice_mem_composite/00056931230facopy_sunaadtdbzhuhsbihxq.jpg = ImageStim(autoLog=True, color=array([1., 1., 1.]), colorSpace='rgb', contrast=1.0, depth=0, flipHoriz=False, flipVert=False, image=str(...), interpolate=False, mask=None, maskParams=None, name=str(...), opacity=1.0, ori=0.0, pos=array([0., 0.]), size=array([7., 7.]), texRes=128, units='deg', win=Window(...))
196.9467 	EXP 	Created CUED COMPOSITE ../../stim/practice_mem_composite/00058931230fa_sunaaebjpeispxohmfv.jpg = ImageStim(autoLog=True, color=array([1., 1., 1.]), colorSpace='rgb', contrast=1.0, depth=0, flipHoriz=False, flipVert=False, image=str(...), interpolate=False, mask=None, maskParams=None, name=str(...), opacity=1.0, ori=0.0, pos=array([0., 0.]), size=array([7., 7.]), texRes=128, units='deg', win=Window(...))
196.9514 	EXP 	Created UNCUED COMPOSITE ../../stim/practice_mem_composite/00059931230fb_sunaaebuzkvqtkqiact.jpg = ImageStim(autoLog=True, color=array([1., 1., 1.]), colorSpace='rgb', contrast=1.0, depth=0, flipHoriz=False, flipVert=False, image=str(...), interpolate=False, mask=None, maskParams=None, name=str(...), opacity=1.0, ori=0.0, pos=array([0., 0.]), size=array([7., 7.]), texRes=128, units='deg', win=Window(...))
197.9045 	EXP 	CUED COMPOSITE ../../stim/practice_mem_composite/00051931230fb_sunaadakyricvbjhamx.jpg: pos = array([-8.,  0.])
197.9045 	EXP 	UNCUED COMPOSITE ../../stim/practice_mem_composite/00052931230fa_sunaadneptrbqhkzwag.jpg: pos = array([8., 0.])
197.9045 	EXP 	CUED COMPOSITE ../../stim/practice_mem_composite/00053931230fb_sunaadsmjtmardsqqro.jpg: pos = array([-8.,  0.])
197.9045 	EXP 	UNCUED COMPOSITE ../../stim/practice_mem_composite/00056931230facopy_sunaadtdbzhuhsbihxq.jpg: pos = array([8., 0.])
197.9045 	EXP 	CUED COMPOSITE ../../stim/practice_mem_composite/00058931230fa_sunaaebjpeispxohmfv.jpg: pos = array([-8.,  0.])
197.9045 	EXP 	UNCUED COMPOSITE ../../stim/practice_mem_composite/00059931230fb_sunaaebuzkvqtkqiact.jpg: pos = array([8., 0.])
197.9045 	EXP 	CUED COMPOSITE ../../stim/practice_mem_composite/00051931230fb_sunaadakyricvbjhamx.jpg: autoDraw = True
197.9045 	EXP 	UNCUED COMPOSITE ../../stim/practice_mem_composite/00052931230fa_sunaadneptrbqhkzwag.jpg: autoDraw = True
197.9081 	EXP 	Created ATTENTION PROBE = TextStim(alignHoriz='center', alignVert='center', antialias=True, autoLog=True, bold=False, color='lightGrey', colorSpace='named', contrast=1.0, depth=0.0, flipHoriz=False, flipVert=False, font='Arial', fontFiles=[], height=2, italic=False, name='ATTENTION PROBE', opacity=1.0, ori=0, pos=array([0., 0.]), rgb=array([211., 211., 211.]), text='x', units='deg', win=Window(...), wrapWidth=15.0)
200.9189 	EXP 	ATTENTION PROBE: pos = array([-8.,  0.])
200.9189 	EXP 	ATTENTION PROBE: autoDraw = True
200.9189 	EXP 	CUED COMPOSITE ../../stim/practice_mem_composite/00051931230fb_sunaadakyricvbjhamx.jpg: autoDraw = False
200.9189 	EXP 	UNCUED COMPOSITE ../../stim/practice_mem_composite/00052931230fa_sunaadneptrbqhkzwag.jpg: autoDraw = False
201.8770 	DATA 	Keypress: num_1
205.5807 	DATA 	Keypress: num_1
207.5488 	DATA 	Keypress: num_3
214.7488 	DATA 	Keypress: num_1
220.1167 	DATA 	Keypress: num_1
225.4367 	DATA 	Keypress: num_1
228.7887 	DATA 	Keypress: 1
228.8281 	EXP 	ATTENTION PROBE: autoDraw = False
228.8281 	EXP 	WIN FLIP : ATTENTION PROBE OFF
229.8321 	EXP 	CUED COMPOSITE ../../stim/practice_mem_composite/00053931230fb_sunaadsmjtmardsqqro.jpg: autoDraw = True
229.8321 	EXP 	UNCUED COMPOSITE ../../stim/practice_mem_composite/00056931230facopy_sunaadtdbzhuhsbihxq.jpg: autoDraw = True
229.8350 	EXP 	Created ATTENTION PROBE = TextStim(alignHoriz='center', alignVert='center', antialias=True, autoLog=True, bold=False, color='lightGrey', colorSpace='named', contrast=1.0, depth=0.0, flipHoriz=False, flipVert=False, font='Arial', fontFiles=[], height=2, italic=False, name='ATTENTION PROBE', opacity=1.0, ori=0, pos=array([0., 0.]), rgb=array([211., 211., 211.]), text='x', units='deg', win=Window(...), wrapWidth=15.0)
232.8460 	EXP 	ATTENTION PROBE: pos = array([8., 0.])
232.8460 	EXP 	ATTENTION PROBE: autoDraw = True
232.8460 	EXP 	CUED COMPOSITE ../../stim/practice_mem_composite/00053931230fb_sunaadsmjtmardsqqro.jpg: autoDraw = False
232.8460 	EXP 	UNCUED COMPOSITE ../../stim/practice_mem_composite/00056931230facopy_sunaadtdbzhuhsbihxq.jpg: autoDraw = False
234.0286 	DATA 	Keypress: 1
234.0627 	EXP 	ATTENTION PROBE: autoDraw = False
234.0627 	EXP 	WIN FLIP : ATTENTION PROBE OFF
235.0665 	EXP 	CUED COMPOSITE ../../stim/practice_mem_composite/00058931230fa_sunaaebjpeispxohmfv.jpg: autoDraw = True
235.0665 	EXP 	UNCUED COMPOSITE ../../stim/practice_mem_composite/00059931230fb_sunaaebuzkvqtkqiact.jpg: autoDraw = True
235.0700 	EXP 	Created ATTENTION PROBE = TextStim(alignHoriz='center', alignVert='center', antialias=True, autoLog=True, bold=False, color='lightGrey', colorSpace='named', contrast=1.0, depth=0.0, flipHoriz=False, flipVert=False, font='Arial', fontFiles=[], height=2, italic=False, name='ATTENTION PROBE', opacity=1.0, ori=0, pos=array([0., 0.]), rgb=array([211., 211., 211.]), text='o', units='deg', win=Window(...), wrapWidth=15.0)
238.0809 	EXP 	ATTENTION PROBE: pos = array([-8.,  0.])
238.0809 	EXP 	ATTENTION PROBE: autoDraw = True
238.0809 	EXP 	CUED COMPOSITE ../../stim/practice_mem_composite/00058931230fa_sunaaebjpeispxohmfv.jpg: autoDraw = False
238.0809 	EXP 	UNCUED COMPOSITE ../../stim/practice_mem_composite/00059931230fb_sunaaebuzkvqtkqiact.jpg: autoDraw = False
238.9568 	DATA 	Keypress: 3
238.9812 	EXP 	ATTENTION PROBE: autoDraw = False
238.9812 	EXP 	WIN FLIP : ATTENTION PROBE OFF
239.1763 	EXP 	Created unnamed TextStim = TextStim(alignHoriz='center', alignVert='center', antialias=True, autoLog=True, bold=False, color=array([1., 1., 1.]), colorSpace='rgb', contrast=1.0, depth=0, flipHoriz=False, flipVert=False, font='', fontFiles=[], height=1.0, italic=False, name='unnamed TextStim', opacity=1.0, ori=0.0, pos=array([0., 0.]), rgb=array([1., 1., 1.]), text=newstr(...), units='deg', win=Window(...), wrapWidth=40)
239.2017 	EXP 	FIXATION CROSS: autoDraw = False
239.2017 	EXP 	unnamed TextStim: autoDraw = True
242.7407 	DATA 	Keypress: 1
242.7661 	EXP 	unnamed TextStim: autoDraw = False
242.7661 	INFO 	Mouse: using default window
242.7691 	EXP 	Created FIXATION CROSS = TextStim(alignHoriz='center', alignVert='center', antialias=True, autoLog=True, bold=False, color='lightGrey', colorSpace='named', contrast=1.0, depth=0.0, flipHoriz=False, flipVert=False, font='Arial', fontFiles=[], height=2, italic=False, name='FIXATION CROSS', opacity=1.0, ori=0, pos=array([0., 0.]), rgb=array([211., 211., 211.]), text='+', units='deg', win=Window(...), wrapWidth=15.0)
242.7692 	EXP 	window1: recordFrameIntervals = False
242.9316 	EXP 	window1: recordFrameIntervals = True
243.1190 	DEBUG 	Screen (0) actual frame rate measured at 58.67
243.1190 	EXP 	window1: recordFrameIntervals = False
243.1221 	EXP 	Created FIXATION CROSS = TextStim(alignHoriz='center', alignVert='center', antialias=True, autoLog=True, bold=False, color='lightGrey', colorSpace='named', contrast=1.0, depth=0.0, flipHoriz=False, flipVert=False, font='Arial', fontFiles=[], height=2, italic=False, name='FIXATION CROSS', opacity=1.0, ori=0, pos=array([0., 0.]), rgb=array([211., 211., 211.]), text='+', units='deg', win=Window(...), wrapWidth=15.0)
243.1391 	EXP 	Created MEMORY IMAGE ../../stim/practice_mem_single/00038940128facopy.jpg = ImageStim(autoLog=True, color=array([1., 1., 1.]), colorSpace='rgb', contrast=1.0, depth=0, flipHoriz=False, flipVert=False, image=str(...), interpolate=False, mask=None, maskParams=None, name=str(...), opacity=1.0, ori=0.0, pos=array([0., 0.]), size=array([7., 7.]), texRes=128, units='deg', win=Window(...))
243.1488 	EXP 	Created MEMORY IMAGE ../../stim/practice_mem_single/sunaackkibslwddpycb.jpg = ImageStim(autoLog=True, color=array([1., 1., 1.]), colorSpace='rgb', contrast=1.0, depth=0, flipHoriz=False, flipVert=False, image=str(...), interpolate=False, mask=None, maskParams=None, name=str(...), opacity=1.0, ori=0.0, pos=array([0., 0.]), size=array([7., 7.]), texRes=128, units='deg', win=Window(...))
243.1529 	EXP 	Created MEMORY IMAGE ../../stim/practice_mem_single/sunaaebuzkvqtkqiact.jpg = ImageStim(autoLog=True, color=array([1., 1., 1.]), colorSpace='rgb', contrast=1.0, depth=0, flipHoriz=False, flipVert=False, image=str(...), interpolate=False, mask=None, maskParams=None, name=str(...), opacity=1.0, ori=0.0, pos=array([0., 0.]), size=array([7., 7.]), texRes=128, units='deg', win=Window(...))
243.1567 	EXP 	Created MEMORY IMAGE ../../stim/practice_mem_single/00053931230fb.jpg = ImageStim(autoLog=True, color=array([1., 1., 1.]), colorSpace='rgb', contrast=1.0, depth=0, flipHoriz=False, flipVert=False, image=str(...), interpolate=False, mask=None, maskParams=None, name=str(...), opacity=1.0, ori=0.0, pos=array([0., 0.]), size=array([7., 7.]), texRes=128, units='deg', win=Window(...))
243.1697 	EXP 	MEMORY IMAGE ../../stim/practice_mem_single/00038940128facopy.jpg: pos = array([0., 0.])
243.1697 	EXP 	MEMORY IMAGE ../../stim/practice_mem_single/sunaackkibslwddpycb.jpg: pos = array([0., 0.])
243.1697 	EXP 	MEMORY IMAGE ../../stim/practice_mem_single/sunaaebuzkvqtkqiact.jpg: pos = array([0., 0.])
243.1697 	EXP 	MEMORY IMAGE ../../stim/practice_mem_single/00053931230fb.jpg: pos = array([0., 0.])
243.1697 	EXP 	FIXATION CROSS: autoDraw = True
243.1697 	EXP 	WIN FLIP : FIXATION ON
243.2494 	EXP 	Created unnamed RatingScale = RatingScale(acceptKeys=['return'], acceptPreText=UNKNOWN, acceptSize=UNKNOWN, acceptText=UNKNOWN, autoLog=True, choices=False, depth=0, disappear=False, flipVert=False, high=4, kwargs=UNKNOWN, labels=list(...), leftKeys=['left'], lineColor='White', low=1, marker=ShapeStim(...), markerColor='Black', markerExpansion=UNKNOWN, markerStart=0, maxTime=2.0, minTime=0.0, mouseOnly=False, name='unnamed RatingScale', noMouse=True, pos=[0.0, -0.42], precision=1, respKeys=['1', '2', '3', '4'], rightKeys=['right'], scale=str(...), self=UNKNOWN, showAccept=False, showValue=True, singleClick=True, size=0.6, skipKeys=['tab'], stretch=1.0, textColor='LightGray', textFont='Helvetica Bold', textSize=0.12, tickHeight=1.0, tickMarks=3.0, win=Window(...))
244.1996 	EXP 	FIXATION CROSS: autoDraw = False
244.1996 	EXP 	unnamed RatingScale: flipVert = False
244.1996 	EXP 	unnamed RatingScale: autoLog = True
244.1996 	EXP 	unnamed RatingScale: autoDraw = True
244.1996 	EXP 	MEMORY IMAGE ../../stim/practice_mem_single/00038940128facopy.jpg: autoDraw = True
244.1996 	EXP 	WIN FLIP : FIXATION OFF, SCALE AND MEMORY ON
246.1692 	EXP 	WIN FLIP : SCALE AND MEMORY OFF, FIXATION ON
246.1692 	EXP 	unnamed RatingScale: autoDraw = False
246.1692 	EXP 	MEMORY IMAGE ../../stim/practice_mem_single/00038940128facopy.jpg: autoDraw = False
246.1692 	EXP 	FIXATION CROSS: autoDraw = True
246.2132 	EXP 	Created unnamed RatingScale = RatingScale(acceptKeys=['return'], acceptPreText=UNKNOWN, acceptSize=UNKNOWN, acceptText=UNKNOWN, autoLog=True, choices=False, depth=0, disappear=False, flipVert=False, high=4, kwargs=UNKNOWN, labels=list(...), leftKeys=['left'], lineColor='White', low=1, marker=ShapeStim(...), markerColor='Black', markerExpansion=UNKNOWN, markerStart=0, maxTime=2.0, minTime=0.0, mouseOnly=False, name='unnamed RatingScale', noMouse=True, pos=[0.0, -0.42], precision=1, respKeys=['1', '2', '3', '4'], rightKeys=['right'], scale=str(...), self=UNKNOWN, showAccept=False, showValue=True, singleClick=True, size=0.6, skipKeys=['tab'], stretch=1.0, textColor='LightGray', textFont='Helvetica Bold', textSize=0.12, tickHeight=1.0, tickMarks=3.0, win=Window(...))
247.1711 	EXP 	FIXATION CROSS: autoDraw = False
247.1711 	EXP 	unnamed RatingScale: flipVert = False
247.1711 	EXP 	unnamed RatingScale: autoLog = True
247.1711 	EXP 	unnamed RatingScale: autoDraw = True
247.1711 	EXP 	MEMORY IMAGE ../../stim/practice_mem_single/sunaackkibslwddpycb.jpg: autoDraw = True
247.1711 	EXP 	WIN FLIP : FIXATION OFF, SCALE AND MEMORY ON
249.1663 	EXP 	WIN FLIP : SCALE AND MEMORY OFF, FIXATION ON
249.1663 	EXP 	unnamed RatingScale: autoDraw = False
249.1663 	EXP 	MEMORY IMAGE ../../stim/practice_mem_single/sunaackkibslwddpycb.jpg: autoDraw = False
249.1663 	EXP 	FIXATION CROSS: autoDraw = True
249.2104 	EXP 	Created unnamed RatingScale = RatingScale(acceptKeys=['return'], acceptPreText=UNKNOWN, acceptSize=UNKNOWN, acceptText=UNKNOWN, autoLog=True, choices=False, depth=0, disappear=False, flipVert=False, high=4, kwargs=UNKNOWN, labels=list(...), leftKeys=['left'], lineColor='White', low=1, marker=ShapeStim(...), markerColor='Black', markerExpansion=UNKNOWN, markerStart=0, maxTime=2.0, minTime=0.0, mouseOnly=False, name='unnamed RatingScale', noMouse=True, pos=[0.0, -0.42], precision=1, respKeys=['1', '2', '3', '4'], rightKeys=['right'], scale=str(...), self=UNKNOWN, showAccept=False, showValue=True, singleClick=True, size=0.6, skipKeys=['tab'], stretch=1.0, textColor='LightGray', textFont='Helvetica Bold', textSize=0.12, tickHeight=1.0, tickMarks=3.0, win=Window(...))
250.1848 	EXP 	FIXATION CROSS: autoDraw = False
250.1848 	EXP 	unnamed RatingScale: flipVert = False
250.1848 	EXP 	unnamed RatingScale: autoLog = True
250.1848 	EXP 	unnamed RatingScale: autoDraw = True
250.1848 	EXP 	MEMORY IMAGE ../../stim/practice_mem_single/sunaaebuzkvqtkqiact.jpg: autoDraw = True
250.1848 	EXP 	WIN FLIP : FIXATION OFF, SCALE AND MEMORY ON
252.1555 	EXP 	WIN FLIP : SCALE AND MEMORY OFF, FIXATION ON
252.1555 	EXP 	unnamed RatingScale: autoDraw = False
252.1555 	EXP 	MEMORY IMAGE ../../stim/practice_mem_single/sunaaebuzkvqtkqiact.jpg: autoDraw = False
252.1555 	EXP 	FIXATION CROSS: autoDraw = True
252.1997 	EXP 	Created unnamed RatingScale = RatingScale(acceptKeys=['return'], acceptPreText=UNKNOWN, acceptSize=UNKNOWN, acceptText=UNKNOWN, autoLog=True, choices=False, depth=0, disappear=False, flipVert=False, high=4, kwargs=UNKNOWN, labels=list(...), leftKeys=['left'], lineColor='White', low=1, marker=ShapeStim(...), markerColor='Black', markerExpansion=UNKNOWN, markerStart=0, maxTime=2.0, minTime=0.0, mouseOnly=False, name='unnamed RatingScale', noMouse=True, pos=[0.0, -0.42], precision=1, respKeys=['1', '2', '3', '4'], rightKeys=['right'], scale=str(...), self=UNKNOWN, showAccept=False, showValue=True, singleClick=True, size=0.6, skipKeys=['tab'], stretch=1.0, textColor='LightGray', textFont='Helvetica Bold', textSize=0.12, tickHeight=1.0, tickMarks=3.0, win=Window(...))
253.1557 	EXP 	FIXATION CROSS: autoDraw = False
253.1557 	EXP 	unnamed RatingScale: flipVert = False
253.1557 	EXP 	unnamed RatingScale: autoLog = True
253.1557 	EXP 	unnamed RatingScale: autoDraw = True
253.1557 	EXP 	MEMORY IMAGE ../../stim/practice_mem_single/00053931230fb.jpg: autoDraw = True
253.1557 	EXP 	WIN FLIP : FIXATION OFF, SCALE AND MEMORY ON
255.1538 	EXP 	WIN FLIP : SCALE AND MEMORY OFF, FIXATION ON
255.1538 	EXP 	unnamed RatingScale: autoDraw = False
255.1538 	EXP 	MEMORY IMAGE ../../stim/practice_mem_single/00053931230fb.jpg: autoDraw = False
255.1538 	EXP 	FIXATION CROSS: autoDraw = True
255.1538 	EXP 	FIXATION CROSS: autoDraw = False
255.1538 	EXP 	WIN FLIP : FIXATION OFF
255.1548 	INFO 	PRACTICE END: 1571000697.7
255.1995 	EXP 	Created INSTRCUCTION TEXT = TextStim(alignHoriz='center', alignVert='center', antialias=True, autoLog=True, bold=False, color=array([1., 1., 1.]), colorSpace='rgb', contrast=1.0, depth=0, flipHoriz=False, flipVert=False, font='', fontFiles=[], height=1.0, italic=False, name='INSTRCUCTION TEXT', opacity=1.0, ori=0.0, pos=array([0., 0.]), rgb=array([1., 1., 1.]), text=newstr(...), units='deg', win=Window(...), wrapWidth=40)
255.2234 	EXP 	INSTRCUCTION TEXT: autoDraw = True
260.6686 	DATA 	Keypress: 1
261.9592 	EXP 	window1: mouseVisible = True
