3.8078 	ERROR 	Requested audio device 'auto' that is not available on this hardware. The 'audioDevice' preference should be one of ['Built-in Output']
7.9116 	EXP 	Created window1 = Window(allowGUI=True, allowStencil=False, autoLog=True, bitsMode=UNKNOWN, blendMode='avg', color=array([ 0.,  0.,  0.]), colorSpace='rgb', fullscr=UNKNOWN, gamma=None, lms=UNKNOWN, monitor=<psychopy.monitors.calibTools.Monitor object at 0x114974c90>, multiSample=False, name='window1', numSamples=2, pos=[0, 0], screen=0, size=array([1680, 1050]), stereo=False, units=u'norm', useFBO=True, useRetina=False, viewOri=0.0, viewPos=None, viewScale=None, waitBlanking=True, winType='pyglet')
7.9117 	EXP 	window1: recordFrameIntervals = False
8.0770 	EXP 	window1: recordFrameIntervals = True
8.2603 	EXP 	window1: recordFrameIntervals = False
8.3635 	EXP 	Created rating = RatingScale(acceptKeys=['return'], acceptPreText=UNKNOWN, acceptSize=UNKNOWN, acceptText=u'accept?', autoLog=True, choices=False, depth=0, disappear=False, flipVert=False, high=4, kwargs=UNKNOWN, labels=list(...), leftKeys=['left'], lineColor='White', low=1, marker=ShapeStim(...), markerColor='DarkBlue', markerExpansion=UNKNOWN, markerStart=None, maxTime=0.0, minTime=0.4, mouseOnly=False, name='rating', noMouse=False, pos=[0.0, -0.4], precision=1, respKeys=['1', '2', '3', '4'], rightKeys=['right'], scale=u'', self=UNKNOWN, showAccept=True, showValue=True, singleClick=False, size=0.6, skipKeys=['tab'], stretch=1.0, textColor='LightGray', textFont='Helvetica Bold', textSize=0.12, tickHeight=1.0, tickMarks=3.0, win=Window(...))
8.3640 	EXP 	RatingScale rating: reset()
8.3714 	EXP 	window1: blendMode = 'avg'
8.3722 	EXP 	window1: blendMode = 'avg'
8.3731 	EXP 	window1: blendMode = 'avg'
8.3945 	EXP 	rating: flipVert = False
8.3945 	EXP 	rating: autoLog = True
8.3945 	EXP 	rating: autoDraw = True
8.3961 	EXP 	window1: blendMode = 'avg'
8.3967 	EXP 	window1: blendMode = 'avg'
8.3972 	EXP 	window1: blendMode = 'avg'
8.4131 	EXP 	window1: blendMode = 'avg'
8.4137 	EXP 	window1: blendMode = 'avg'
8.4143 	EXP 	window1: blendMode = 'avg'
8.4283 	EXP 	window1: blendMode = 'avg'
8.4289 	EXP 	window1: blendMode = 'avg'
8.4294 	EXP 	window1: blendMode = 'avg'
8.4451 	EXP 	window1: blendMode = 'avg'
8.4457 	EXP 	window1: blendMode = 'avg'
8.4463 	EXP 	window1: blendMode = 'avg'
8.4622 	EXP 	window1: blendMode = 'avg'
8.4628 	EXP 	window1: blendMode = 'avg'
8.4633 	EXP 	window1: blendMode = 'avg'
8.4782 	EXP 	window1: blendMode = 'avg'
8.4788 	EXP 	window1: blendMode = 'avg'
8.4794 	EXP 	window1: blendMode = 'avg'
8.4949 	EXP 	window1: blendMode = 'avg'
8.4955 	EXP 	window1: blendMode = 'avg'
8.4961 	EXP 	window1: blendMode = 'avg'
8.5118 	EXP 	window1: blendMode = 'avg'
8.5124 	EXP 	window1: blendMode = 'avg'
8.5129 	EXP 	window1: blendMode = 'avg'
8.5282 	EXP 	window1: blendMode = 'avg'
8.5288 	EXP 	window1: blendMode = 'avg'
8.5294 	EXP 	window1: blendMode = 'avg'
8.5455 	EXP 	window1: blendMode = 'avg'
8.5461 	EXP 	window1: blendMode = 'avg'
8.5466 	EXP 	window1: blendMode = 'avg'
8.5618 	EXP 	window1: blendMode = 'avg'
8.5624 	EXP 	window1: blendMode = 'avg'
8.5629 	EXP 	window1: blendMode = 'avg'
8.5783 	EXP 	window1: blendMode = 'avg'
8.5789 	EXP 	window1: blendMode = 'avg'
8.5795 	EXP 	window1: blendMode = 'avg'
8.5951 	EXP 	window1: blendMode = 'avg'
8.5957 	EXP 	window1: blendMode = 'avg'
8.5963 	EXP 	window1: blendMode = 'avg'
8.6117 	EXP 	window1: blendMode = 'avg'
8.6123 	EXP 	window1: blendMode = 'avg'
8.6129 	EXP 	window1: blendMode = 'avg'
8.6285 	EXP 	window1: blendMode = 'avg'
8.6291 	EXP 	window1: blendMode = 'avg'
8.6296 	EXP 	window1: blendMode = 'avg'
8.6449 	EXP 	window1: blendMode = 'avg'
8.6456 	EXP 	window1: blendMode = 'avg'
8.6461 	EXP 	window1: blendMode = 'avg'
8.6619 	EXP 	window1: blendMode = 'avg'
8.6625 	EXP 	window1: blendMode = 'avg'
8.6631 	EXP 	window1: blendMode = 'avg'
8.6782 	EXP 	window1: blendMode = 'avg'
8.6788 	EXP 	window1: blendMode = 'avg'
8.6794 	EXP 	window1: blendMode = 'avg'
8.6950 	EXP 	window1: blendMode = 'avg'
8.6956 	EXP 	window1: blendMode = 'avg'
8.6962 	EXP 	window1: blendMode = 'avg'
8.7117 	EXP 	window1: blendMode = 'avg'
8.7123 	EXP 	window1: blendMode = 'avg'
8.7129 	EXP 	window1: blendMode = 'avg'
8.7285 	EXP 	window1: blendMode = 'avg'
8.7291 	EXP 	window1: blendMode = 'avg'
8.7297 	EXP 	window1: blendMode = 'avg'
8.7452 	EXP 	window1: blendMode = 'avg'
8.7458 	EXP 	window1: blendMode = 'avg'
8.7464 	EXP 	window1: blendMode = 'avg'
8.7612 	EXP 	window1: blendMode = 'avg'
8.7618 	EXP 	window1: blendMode = 'avg'
8.7624 	EXP 	window1: blendMode = 'avg'
8.7781 	EXP 	window1: blendMode = 'avg'
8.7787 	EXP 	window1: blendMode = 'avg'
8.7793 	EXP 	window1: blendMode = 'avg'
8.7949 	EXP 	window1: blendMode = 'avg'
8.7955 	EXP 	window1: blendMode = 'avg'
8.7961 	EXP 	window1: blendMode = 'avg'
8.8115 	EXP 	window1: blendMode = 'avg'
8.8121 	EXP 	window1: blendMode = 'avg'
8.8127 	EXP 	window1: blendMode = 'avg'
8.8285 	EXP 	window1: blendMode = 'avg'
8.8290 	EXP 	window1: blendMode = 'avg'
8.8296 	EXP 	window1: blendMode = 'avg'
8.8450 	EXP 	window1: blendMode = 'avg'
8.8457 	EXP 	window1: blendMode = 'avg'
8.8462 	EXP 	window1: blendMode = 'avg'
8.8616 	EXP 	window1: blendMode = 'avg'
8.8622 	EXP 	window1: blendMode = 'avg'
8.8627 	EXP 	window1: blendMode = 'avg'
8.8785 	EXP 	window1: blendMode = 'avg'
8.8791 	EXP 	window1: blendMode = 'avg'
8.8796 	EXP 	window1: blendMode = 'avg'
8.8951 	EXP 	window1: blendMode = 'avg'
8.8957 	EXP 	window1: blendMode = 'avg'
8.8963 	EXP 	window1: blendMode = 'avg'
8.9118 	EXP 	window1: blendMode = 'avg'
8.9123 	EXP 	window1: blendMode = 'avg'
8.9129 	EXP 	window1: blendMode = 'avg'
8.9284 	EXP 	window1: blendMode = 'avg'
8.9290 	EXP 	window1: blendMode = 'avg'
8.9295 	EXP 	window1: blendMode = 'avg'
8.9449 	EXP 	window1: blendMode = 'avg'
8.9455 	EXP 	window1: blendMode = 'avg'
8.9461 	EXP 	window1: blendMode = 'avg'
8.9617 	EXP 	window1: blendMode = 'avg'
8.9623 	EXP 	window1: blendMode = 'avg'
8.9632 	EXP 	window1: blendMode = 'avg'
8.9785 	EXP 	window1: blendMode = 'avg'
8.9791 	EXP 	window1: blendMode = 'avg'
8.9797 	EXP 	window1: blendMode = 'avg'
8.9952 	EXP 	window1: blendMode = 'avg'
8.9958 	EXP 	window1: blendMode = 'avg'
8.9964 	EXP 	window1: blendMode = 'avg'
9.0116 	EXP 	window1: blendMode = 'avg'
9.0122 	EXP 	window1: blendMode = 'avg'
9.0128 	EXP 	window1: blendMode = 'avg'
9.0287 	EXP 	window1: blendMode = 'avg'
9.0293 	EXP 	window1: blendMode = 'avg'
9.0298 	EXP 	window1: blendMode = 'avg'
9.0449 	EXP 	window1: blendMode = 'avg'
9.0455 	EXP 	window1: blendMode = 'avg'
9.0461 	EXP 	window1: blendMode = 'avg'
9.0615 	EXP 	window1: blendMode = 'avg'
9.0621 	EXP 	window1: blendMode = 'avg'
9.0627 	EXP 	window1: blendMode = 'avg'
9.0784 	EXP 	window1: blendMode = 'avg'
9.0790 	EXP 	window1: blendMode = 'avg'
9.0796 	EXP 	window1: blendMode = 'avg'
9.0949 	EXP 	window1: blendMode = 'avg'
9.0955 	EXP 	window1: blendMode = 'avg'
9.0961 	EXP 	window1: blendMode = 'avg'
9.1117 	EXP 	window1: blendMode = 'avg'
9.1123 	EXP 	window1: blendMode = 'avg'
9.1129 	EXP 	window1: blendMode = 'avg'
9.1284 	EXP 	window1: blendMode = 'avg'
9.1289 	EXP 	window1: blendMode = 'avg'
9.1295 	EXP 	window1: blendMode = 'avg'
9.1449 	EXP 	window1: blendMode = 'avg'
9.1455 	EXP 	window1: blendMode = 'avg'
9.1461 	EXP 	window1: blendMode = 'avg'
9.1617 	EXP 	window1: blendMode = 'avg'
9.1623 	EXP 	window1: blendMode = 'avg'
9.1629 	EXP 	window1: blendMode = 'avg'
9.1784 	EXP 	window1: blendMode = 'avg'
9.1790 	EXP 	window1: blendMode = 'avg'
9.1796 	EXP 	window1: blendMode = 'avg'
9.1949 	EXP 	window1: blendMode = 'avg'
9.1955 	EXP 	window1: blendMode = 'avg'
9.1961 	EXP 	window1: blendMode = 'avg'
9.2118 	EXP 	window1: blendMode = 'avg'
9.2125 	EXP 	window1: blendMode = 'avg'
9.2131 	EXP 	window1: blendMode = 'avg'
9.2284 	EXP 	window1: blendMode = 'avg'
9.2290 	EXP 	window1: blendMode = 'avg'
9.2295 	EXP 	window1: blendMode = 'avg'
9.2448 	EXP 	window1: blendMode = 'avg'
9.2454 	EXP 	window1: blendMode = 'avg'
9.2458 	EXP 	window1: blendMode = 'avg'
9.2617 	EXP 	window1: blendMode = 'avg'
9.2622 	EXP 	window1: blendMode = 'avg'
9.2627 	EXP 	window1: blendMode = 'avg'
9.2784 	EXP 	window1: blendMode = 'avg'
9.2790 	EXP 	window1: blendMode = 'avg'
9.2795 	EXP 	window1: blendMode = 'avg'
9.2950 	EXP 	window1: blendMode = 'avg'
9.2956 	EXP 	window1: blendMode = 'avg'
9.2962 	EXP 	window1: blendMode = 'avg'
9.3116 	EXP 	window1: blendMode = 'avg'
9.3122 	EXP 	window1: blendMode = 'avg'
9.3128 	EXP 	window1: blendMode = 'avg'
9.3282 	EXP 	window1: blendMode = 'avg'
9.3288 	EXP 	window1: blendMode = 'avg'
9.3294 	EXP 	window1: blendMode = 'avg'
9.3451 	EXP 	window1: blendMode = 'avg'
9.3457 	EXP 	window1: blendMode = 'avg'
9.3463 	EXP 	window1: blendMode = 'avg'
9.3618 	EXP 	window1: blendMode = 'avg'
9.3624 	EXP 	window1: blendMode = 'avg'
9.3630 	EXP 	window1: blendMode = 'avg'
9.3793 	EXP 	window1: blendMode = 'avg'
9.3799 	EXP 	window1: blendMode = 'avg'
9.3805 	EXP 	window1: blendMode = 'avg'
9.3953 	EXP 	window1: blendMode = 'avg'
9.3957 	EXP 	window1: blendMode = 'avg'
9.3963 	EXP 	window1: blendMode = 'avg'
9.4118 	EXP 	window1: blendMode = 'avg'
9.4124 	EXP 	window1: blendMode = 'avg'
9.4130 	EXP 	window1: blendMode = 'avg'
9.4284 	EXP 	window1: blendMode = 'avg'
9.4290 	EXP 	window1: blendMode = 'avg'
9.4296 	EXP 	window1: blendMode = 'avg'
9.4451 	EXP 	window1: blendMode = 'avg'
9.4456 	EXP 	window1: blendMode = 'avg'
9.4462 	EXP 	window1: blendMode = 'avg'
9.4613 	EXP 	window1: blendMode = 'avg'
9.4619 	EXP 	window1: blendMode = 'avg'
9.4625 	EXP 	window1: blendMode = 'avg'
9.4789 	EXP 	window1: blendMode = 'avg'
9.4795 	EXP 	window1: blendMode = 'avg'
9.4800 	EXP 	window1: blendMode = 'avg'
9.4957 	EXP 	window1: blendMode = 'avg'
9.4963 	EXP 	window1: blendMode = 'avg'
9.4969 	EXP 	window1: blendMode = 'avg'
9.5147 	DATA 	Keypress: 2
9.5160 	EXP 	window1: blendMode = 'avg'
9.5165 	EXP 	window1: blendMode = 'avg'
9.5170 	EXP 	window1: blendMode = 'avg'
9.5284 	EXP 	window1: blendMode = 'avg'
9.5290 	EXP 	window1: blendMode = 'avg'
9.5296 	EXP 	window1: blendMode = 'avg'
9.5453 	EXP 	window1: blendMode = 'avg'
9.5457 	EXP 	window1: blendMode = 'avg'
9.5461 	EXP 	window1: blendMode = 'avg'
9.5611 	EXP 	window1: blendMode = 'avg'
9.5615 	EXP 	window1: blendMode = 'avg'
9.5618 	EXP 	window1: blendMode = 'avg'
9.5786 	EXP 	window1: blendMode = 'avg'
9.5792 	EXP 	window1: blendMode = 'avg'
9.5797 	EXP 	window1: blendMode = 'avg'
9.5951 	EXP 	window1: blendMode = 'avg'
9.5956 	EXP 	window1: blendMode = 'avg'
9.5962 	EXP 	window1: blendMode = 'avg'
9.6126 	EXP 	window1: blendMode = 'avg'
9.6132 	EXP 	window1: blendMode = 'avg'
9.6138 	EXP 	window1: blendMode = 'avg'
9.6284 	EXP 	window1: blendMode = 'avg'
9.6289 	EXP 	window1: blendMode = 'avg'
9.6295 	EXP 	window1: blendMode = 'avg'
9.6452 	EXP 	window1: blendMode = 'avg'
9.6457 	EXP 	window1: blendMode = 'avg'
9.6463 	EXP 	window1: blendMode = 'avg'
9.6615 	EXP 	window1: blendMode = 'avg'
9.6621 	EXP 	window1: blendMode = 'avg'
9.6627 	EXP 	window1: blendMode = 'avg'
9.6783 	EXP 	window1: blendMode = 'avg'
9.6789 	EXP 	window1: blendMode = 'avg'
9.6794 	EXP 	window1: blendMode = 'avg'
9.6959 	EXP 	window1: blendMode = 'avg'
9.6965 	EXP 	window1: blendMode = 'avg'
9.6970 	EXP 	window1: blendMode = 'avg'
9.7132 	EXP 	window1: blendMode = 'avg'
9.7138 	EXP 	window1: blendMode = 'avg'
9.7144 	EXP 	window1: blendMode = 'avg'
9.7285 	EXP 	window1: blendMode = 'avg'
9.7291 	EXP 	window1: blendMode = 'avg'
9.7296 	EXP 	window1: blendMode = 'avg'
9.7451 	EXP 	window1: blendMode = 'avg'
9.7457 	EXP 	window1: blendMode = 'avg'
9.7463 	EXP 	window1: blendMode = 'avg'
9.7620 	EXP 	window1: blendMode = 'avg'
9.7625 	EXP 	window1: blendMode = 'avg'
9.7629 	EXP 	window1: blendMode = 'avg'
9.7782 	EXP 	window1: blendMode = 'avg'
9.7788 	EXP 	window1: blendMode = 'avg'
9.7794 	EXP 	window1: blendMode = 'avg'
9.7959 	EXP 	window1: blendMode = 'avg'
9.7965 	EXP 	window1: blendMode = 'avg'
9.7969 	EXP 	window1: blendMode = 'avg'
9.8118 	EXP 	window1: blendMode = 'avg'
9.8124 	EXP 	window1: blendMode = 'avg'
9.8129 	EXP 	window1: blendMode = 'avg'
9.8284 	EXP 	window1: blendMode = 'avg'
9.8290 	EXP 	window1: blendMode = 'avg'
9.8296 	EXP 	window1: blendMode = 'avg'
9.8448 	EXP 	window1: blendMode = 'avg'
9.8454 	EXP 	window1: blendMode = 'avg'
9.8460 	EXP 	window1: blendMode = 'avg'
9.8617 	EXP 	window1: blendMode = 'avg'
9.8623 	EXP 	window1: blendMode = 'avg'
9.8628 	EXP 	window1: blendMode = 'avg'
9.8783 	EXP 	window1: blendMode = 'avg'
9.8789 	EXP 	window1: blendMode = 'avg'
9.8795 	EXP 	window1: blendMode = 'avg'
9.8947 	EXP 	window1: blendMode = 'avg'
9.8954 	EXP 	window1: blendMode = 'avg'
9.8960 	EXP 	window1: blendMode = 'avg'
9.9117 	EXP 	window1: blendMode = 'avg'
9.9123 	EXP 	window1: blendMode = 'avg'
9.9129 	EXP 	window1: blendMode = 'avg'
9.9284 	EXP 	window1: blendMode = 'avg'
9.9290 	EXP 	window1: blendMode = 'avg'
9.9296 	EXP 	window1: blendMode = 'avg'
9.9452 	EXP 	window1: blendMode = 'avg'
9.9457 	EXP 	window1: blendMode = 'avg'
9.9463 	EXP 	window1: blendMode = 'avg'
9.9618 	EXP 	window1: blendMode = 'avg'
9.9624 	EXP 	window1: blendMode = 'avg'
9.9630 	EXP 	window1: blendMode = 'avg'
9.9785 	EXP 	window1: blendMode = 'avg'
9.9791 	EXP 	window1: blendMode = 'avg'
9.9797 	EXP 	window1: blendMode = 'avg'
9.9949 	EXP 	window1: blendMode = 'avg'
9.9955 	EXP 	window1: blendMode = 'avg'
9.9960 	EXP 	window1: blendMode = 'avg'
10.0118 	EXP 	window1: blendMode = 'avg'
10.0124 	EXP 	window1: blendMode = 'avg'
10.0129 	EXP 	window1: blendMode = 'avg'
10.0284 	EXP 	window1: blendMode = 'avg'
10.0290 	EXP 	window1: blendMode = 'avg'
10.0296 	EXP 	window1: blendMode = 'avg'
10.0452 	EXP 	window1: blendMode = 'avg'
10.0457 	EXP 	window1: blendMode = 'avg'
10.0463 	EXP 	window1: blendMode = 'avg'
10.0619 	EXP 	window1: blendMode = 'avg'
10.0626 	EXP 	window1: blendMode = 'avg'
10.0633 	EXP 	window1: blendMode = 'avg'
10.0781 	EXP 	window1: blendMode = 'avg'
10.0787 	EXP 	window1: blendMode = 'avg'
10.0793 	EXP 	window1: blendMode = 'avg'
10.0950 	EXP 	window1: blendMode = 'avg'
10.0956 	EXP 	window1: blendMode = 'avg'
10.0962 	EXP 	window1: blendMode = 'avg'
10.1114 	EXP 	window1: blendMode = 'avg'
10.1121 	EXP 	window1: blendMode = 'avg'
10.1128 	EXP 	window1: blendMode = 'avg'
10.1282 	EXP 	window1: blendMode = 'avg'
10.1288 	EXP 	window1: blendMode = 'avg'
10.1293 	EXP 	window1: blendMode = 'avg'
10.1449 	EXP 	window1: blendMode = 'avg'
10.1455 	EXP 	window1: blendMode = 'avg'
10.1461 	EXP 	window1: blendMode = 'avg'
10.1617 	EXP 	window1: blendMode = 'avg'
10.1623 	EXP 	window1: blendMode = 'avg'
10.1629 	EXP 	window1: blendMode = 'avg'
10.1784 	EXP 	window1: blendMode = 'avg'
10.1790 	EXP 	window1: blendMode = 'avg'
10.1795 	EXP 	window1: blendMode = 'avg'
10.1949 	EXP 	window1: blendMode = 'avg'
10.1955 	EXP 	window1: blendMode = 'avg'
10.1961 	EXP 	window1: blendMode = 'avg'
10.2117 	EXP 	window1: blendMode = 'avg'
10.2122 	EXP 	window1: blendMode = 'avg'
10.2128 	EXP 	window1: blendMode = 'avg'
10.2287 	EXP 	window1: blendMode = 'avg'
10.2292 	EXP 	window1: blendMode = 'avg'
10.2298 	EXP 	window1: blendMode = 'avg'
10.2449 	EXP 	window1: blendMode = 'avg'
10.2455 	EXP 	window1: blendMode = 'avg'
10.2461 	EXP 	window1: blendMode = 'avg'
10.2618 	EXP 	window1: blendMode = 'avg'
10.2624 	EXP 	window1: blendMode = 'avg'
10.2629 	EXP 	window1: blendMode = 'avg'
10.2786 	EXP 	window1: blendMode = 'avg'
10.2792 	EXP 	window1: blendMode = 'avg'
10.2798 	EXP 	window1: blendMode = 'avg'
10.2944 	EXP 	window1: blendMode = 'avg'
10.2949 	EXP 	window1: blendMode = 'avg'
10.2953 	EXP 	window1: blendMode = 'avg'
10.3124 	EXP 	window1: blendMode = 'avg'
10.3129 	EXP 	window1: blendMode = 'avg'
10.3134 	EXP 	window1: blendMode = 'avg'
10.3288 	EXP 	window1: blendMode = 'avg'
10.3294 	EXP 	window1: blendMode = 'avg'
10.3300 	EXP 	window1: blendMode = 'avg'
10.3451 	EXP 	window1: blendMode = 'avg'
10.3457 	EXP 	window1: blendMode = 'avg'
10.3462 	EXP 	window1: blendMode = 'avg'
10.3618 	EXP 	window1: blendMode = 'avg'
10.3624 	EXP 	window1: blendMode = 'avg'
10.3629 	EXP 	window1: blendMode = 'avg'
10.3784 	EXP 	window1: blendMode = 'avg'
10.3790 	EXP 	window1: blendMode = 'avg'
10.3796 	EXP 	window1: blendMode = 'avg'
10.3951 	EXP 	window1: blendMode = 'avg'
10.3957 	EXP 	window1: blendMode = 'avg'
10.3963 	EXP 	window1: blendMode = 'avg'
10.4117 	EXP 	window1: blendMode = 'avg'
10.4123 	EXP 	window1: blendMode = 'avg'
10.4129 	EXP 	window1: blendMode = 'avg'
10.4285 	EXP 	window1: blendMode = 'avg'
10.4291 	EXP 	window1: blendMode = 'avg'
10.4297 	EXP 	window1: blendMode = 'avg'
10.4448 	EXP 	window1: blendMode = 'avg'
10.4455 	EXP 	window1: blendMode = 'avg'
10.4460 	EXP 	window1: blendMode = 'avg'
10.4614 	EXP 	window1: blendMode = 'avg'
10.4618 	EXP 	window1: blendMode = 'avg'
10.4623 	EXP 	window1: blendMode = 'avg'
10.4786 	EXP 	window1: blendMode = 'avg'
10.4791 	EXP 	window1: blendMode = 'avg'
10.4797 	EXP 	window1: blendMode = 'avg'
10.4948 	EXP 	window1: blendMode = 'avg'
10.4954 	EXP 	window1: blendMode = 'avg'
10.4960 	EXP 	window1: blendMode = 'avg'
10.5118 	EXP 	window1: blendMode = 'avg'
10.5124 	EXP 	window1: blendMode = 'avg'
10.5129 	EXP 	window1: blendMode = 'avg'
10.5294 	EXP 	window1: blendMode = 'avg'
10.5300 	EXP 	window1: blendMode = 'avg'
10.5306 	EXP 	window1: blendMode = 'avg'
10.5450 	EXP 	window1: blendMode = 'avg'
10.5456 	EXP 	window1: blendMode = 'avg'
10.5462 	EXP 	window1: blendMode = 'avg'
10.5618 	EXP 	window1: blendMode = 'avg'
10.5623 	EXP 	window1: blendMode = 'avg'
10.5629 	EXP 	window1: blendMode = 'avg'
10.5789 	EXP 	window1: blendMode = 'avg'
10.5795 	EXP 	window1: blendMode = 'avg'
10.5800 	EXP 	window1: blendMode = 'avg'
10.5948 	EXP 	window1: blendMode = 'avg'
10.5953 	EXP 	window1: blendMode = 'avg'
10.5958 	EXP 	window1: blendMode = 'avg'
10.6114 	EXP 	window1: blendMode = 'avg'
10.6120 	EXP 	window1: blendMode = 'avg'
10.6126 	EXP 	window1: blendMode = 'avg'
10.6289 	EXP 	window1: blendMode = 'avg'
10.6294 	EXP 	window1: blendMode = 'avg'
10.6300 	EXP 	window1: blendMode = 'avg'
10.6461 	EXP 	window1: blendMode = 'avg'
10.6467 	EXP 	window1: blendMode = 'avg'
10.6473 	EXP 	window1: blendMode = 'avg'
10.6617 	EXP 	window1: blendMode = 'avg'
10.6623 	EXP 	window1: blendMode = 'avg'
10.6628 	EXP 	window1: blendMode = 'avg'
10.6784 	EXP 	window1: blendMode = 'avg'
10.6790 	EXP 	window1: blendMode = 'avg'
10.6796 	EXP 	window1: blendMode = 'avg'
10.6951 	EXP 	window1: blendMode = 'avg'
10.6956 	EXP 	window1: blendMode = 'avg'
10.6962 	EXP 	window1: blendMode = 'avg'
10.7116 	EXP 	window1: blendMode = 'avg'
10.7122 	EXP 	window1: blendMode = 'avg'
10.7127 	EXP 	window1: blendMode = 'avg'
10.7290 	EXP 	window1: blendMode = 'avg'
10.7295 	EXP 	window1: blendMode = 'avg'
10.7300 	EXP 	window1: blendMode = 'avg'
10.7449 	EXP 	window1: blendMode = 'avg'
10.7455 	EXP 	window1: blendMode = 'avg'
10.7461 	EXP 	window1: blendMode = 'avg'
10.7618 	EXP 	window1: blendMode = 'avg'
10.7624 	EXP 	window1: blendMode = 'avg'
10.7629 	EXP 	window1: blendMode = 'avg'
10.7791 	EXP 	window1: blendMode = 'avg'
10.7797 	EXP 	window1: blendMode = 'avg'
10.7803 	EXP 	window1: blendMode = 'avg'
10.7950 	EXP 	window1: blendMode = 'avg'
10.7955 	EXP 	window1: blendMode = 'avg'
10.7960 	EXP 	window1: blendMode = 'avg'
10.8117 	EXP 	window1: blendMode = 'avg'
10.8123 	EXP 	window1: blendMode = 'avg'
10.8129 	EXP 	window1: blendMode = 'avg'
10.8296 	EXP 	window1: blendMode = 'avg'
10.8302 	EXP 	window1: blendMode = 'avg'
10.8307 	EXP 	window1: blendMode = 'avg'
10.8446 	EXP 	window1: blendMode = 'avg'
10.8452 	EXP 	window1: blendMode = 'avg'
10.8458 	EXP 	window1: blendMode = 'avg'
10.8618 	EXP 	window1: blendMode = 'avg'
10.8623 	EXP 	window1: blendMode = 'avg'
10.8629 	EXP 	window1: blendMode = 'avg'
10.8785 	EXP 	window1: blendMode = 'avg'
10.8790 	EXP 	window1: blendMode = 'avg'
10.8796 	EXP 	window1: blendMode = 'avg'
10.8948 	EXP 	window1: blendMode = 'avg'
10.8954 	EXP 	window1: blendMode = 'avg'
10.8960 	EXP 	window1: blendMode = 'avg'
10.9118 	EXP 	window1: blendMode = 'avg'
10.9123 	EXP 	window1: blendMode = 'avg'
10.9129 	EXP 	window1: blendMode = 'avg'
10.9292 	EXP 	window1: blendMode = 'avg'
10.9298 	EXP 	window1: blendMode = 'avg'
10.9303 	EXP 	window1: blendMode = 'avg'
10.9459 	EXP 	window1: blendMode = 'avg'
10.9464 	EXP 	window1: blendMode = 'avg'
10.9470 	EXP 	window1: blendMode = 'avg'
10.9617 	EXP 	window1: blendMode = 'avg'
10.9622 	EXP 	window1: blendMode = 'avg'
10.9628 	EXP 	window1: blendMode = 'avg'
10.9784 	EXP 	window1: blendMode = 'avg'
10.9790 	EXP 	window1: blendMode = 'avg'
10.9796 	EXP 	window1: blendMode = 'avg'
10.9951 	EXP 	window1: blendMode = 'avg'
10.9957 	EXP 	window1: blendMode = 'avg'
10.9963 	EXP 	window1: blendMode = 'avg'
11.0117 	EXP 	window1: blendMode = 'avg'
11.0123 	EXP 	window1: blendMode = 'avg'
11.0128 	EXP 	window1: blendMode = 'avg'
11.0285 	EXP 	window1: blendMode = 'avg'
11.0291 	EXP 	window1: blendMode = 'avg'
11.0297 	EXP 	window1: blendMode = 'avg'
11.0447 	EXP 	window1: blendMode = 'avg'
11.0452 	EXP 	window1: blendMode = 'avg'
11.0458 	EXP 	window1: blendMode = 'avg'
11.0617 	EXP 	window1: blendMode = 'avg'
11.0623 	EXP 	window1: blendMode = 'avg'
11.0629 	EXP 	window1: blendMode = 'avg'
11.0784 	EXP 	window1: blendMode = 'avg'
11.0789 	EXP 	window1: blendMode = 'avg'
11.0795 	EXP 	window1: blendMode = 'avg'
11.0951 	EXP 	window1: blendMode = 'avg'
11.0957 	EXP 	window1: blendMode = 'avg'
11.0963 	EXP 	window1: blendMode = 'avg'
11.1117 	EXP 	window1: blendMode = 'avg'
11.1123 	EXP 	window1: blendMode = 'avg'
11.1128 	EXP 	window1: blendMode = 'avg'
11.1284 	EXP 	window1: blendMode = 'avg'
11.1290 	EXP 	window1: blendMode = 'avg'
11.1296 	EXP 	window1: blendMode = 'avg'
11.1450 	EXP 	window1: blendMode = 'avg'
11.1456 	EXP 	window1: blendMode = 'avg'
11.1462 	EXP 	window1: blendMode = 'avg'
11.1622 	EXP 	window1: blendMode = 'avg'
11.1628 	EXP 	window1: blendMode = 'avg'
11.1634 	EXP 	window1: blendMode = 'avg'
11.1784 	EXP 	window1: blendMode = 'avg'
11.1789 	EXP 	window1: blendMode = 'avg'
11.1795 	EXP 	window1: blendMode = 'avg'
11.1949 	EXP 	window1: blendMode = 'avg'
11.1955 	EXP 	window1: blendMode = 'avg'
11.1961 	EXP 	window1: blendMode = 'avg'
11.2117 	EXP 	window1: blendMode = 'avg'
11.2124 	EXP 	window1: blendMode = 'avg'
11.2131 	EXP 	window1: blendMode = 'avg'
11.2292 	EXP 	window1: blendMode = 'avg'
11.2298 	EXP 	window1: blendMode = 'avg'
11.2304 	EXP 	window1: blendMode = 'avg'
11.2451 	EXP 	window1: blendMode = 'avg'
11.2457 	EXP 	window1: blendMode = 'avg'
11.2463 	EXP 	window1: blendMode = 'avg'
11.2615 	EXP 	window1: blendMode = 'avg'
11.2621 	EXP 	window1: blendMode = 'avg'
11.2626 	EXP 	window1: blendMode = 'avg'
11.2782 	EXP 	window1: blendMode = 'avg'
11.2788 	EXP 	window1: blendMode = 'avg'
11.2794 	EXP 	window1: blendMode = 'avg'
11.2951 	EXP 	window1: blendMode = 'avg'
11.2957 	EXP 	window1: blendMode = 'avg'
11.2962 	EXP 	window1: blendMode = 'avg'
11.3117 	EXP 	window1: blendMode = 'avg'
11.3123 	EXP 	window1: blendMode = 'avg'
11.3129 	EXP 	window1: blendMode = 'avg'
11.3283 	EXP 	window1: blendMode = 'avg'
11.3289 	EXP 	window1: blendMode = 'avg'
11.3295 	EXP 	window1: blendMode = 'avg'
11.3448 	EXP 	window1: blendMode = 'avg'
11.3454 	EXP 	window1: blendMode = 'avg'
11.3460 	EXP 	window1: blendMode = 'avg'
11.3628 	EXP 	window1: blendMode = 'avg'
11.3634 	EXP 	window1: blendMode = 'avg'
11.3640 	EXP 	window1: blendMode = 'avg'
11.3784 	EXP 	window1: blendMode = 'avg'
11.3790 	EXP 	window1: blendMode = 'avg'
11.3795 	EXP 	window1: blendMode = 'avg'
11.3953 	EXP 	window1: blendMode = 'avg'
11.3959 	EXP 	window1: blendMode = 'avg'
11.3965 	EXP 	window1: blendMode = 'avg'
11.4118 	EXP 	window1: blendMode = 'avg'
11.4124 	EXP 	window1: blendMode = 'avg'
11.4128 	EXP 	window1: blendMode = 'avg'
11.4283 	EXP 	window1: blendMode = 'avg'
11.4289 	EXP 	window1: blendMode = 'avg'
11.4294 	EXP 	window1: blendMode = 'avg'
11.4451 	EXP 	window1: blendMode = 'avg'
11.4457 	EXP 	window1: blendMode = 'avg'
11.4463 	EXP 	window1: blendMode = 'avg'
11.4617 	EXP 	window1: blendMode = 'avg'
11.4623 	EXP 	window1: blendMode = 'avg'
11.4628 	EXP 	window1: blendMode = 'avg'
11.4784 	EXP 	window1: blendMode = 'avg'
11.4789 	EXP 	window1: blendMode = 'avg'
11.4794 	EXP 	window1: blendMode = 'avg'
11.4949 	EXP 	window1: blendMode = 'avg'
11.4955 	EXP 	window1: blendMode = 'avg'
11.4960 	EXP 	window1: blendMode = 'avg'
11.5115 	EXP 	window1: blendMode = 'avg'
11.5121 	EXP 	window1: blendMode = 'avg'
11.5127 	EXP 	window1: blendMode = 'avg'
11.5285 	EXP 	window1: blendMode = 'avg'
11.5291 	EXP 	window1: blendMode = 'avg'
11.5297 	EXP 	window1: blendMode = 'avg'
11.5449 	EXP 	window1: blendMode = 'avg'
11.5455 	EXP 	window1: blendMode = 'avg'
11.5461 	EXP 	window1: blendMode = 'avg'
11.5615 	EXP 	window1: blendMode = 'avg'
11.5621 	EXP 	window1: blendMode = 'avg'
11.5627 	EXP 	window1: blendMode = 'avg'
11.5788 	EXP 	window1: blendMode = 'avg'
11.5794 	EXP 	window1: blendMode = 'avg'
11.5799 	EXP 	window1: blendMode = 'avg'
11.5960 	EXP 	window1: blendMode = 'avg'
11.5966 	EXP 	window1: blendMode = 'avg'
11.5971 	EXP 	window1: blendMode = 'avg'
11.6117 	EXP 	window1: blendMode = 'avg'
11.6123 	EXP 	window1: blendMode = 'avg'
11.6127 	EXP 	window1: blendMode = 'avg'
11.6281 	EXP 	window1: blendMode = 'avg'
11.6287 	EXP 	window1: blendMode = 'avg'
11.6291 	EXP 	window1: blendMode = 'avg'
11.6459 	EXP 	window1: blendMode = 'avg'
11.6465 	EXP 	window1: blendMode = 'avg'
11.6470 	EXP 	window1: blendMode = 'avg'
11.6616 	EXP 	window1: blendMode = 'avg'
11.6622 	EXP 	window1: blendMode = 'avg'
11.6628 	EXP 	window1: blendMode = 'avg'
11.6790 	EXP 	window1: blendMode = 'avg'
11.6795 	EXP 	window1: blendMode = 'avg'
11.6800 	EXP 	window1: blendMode = 'avg'
11.6948 	EXP 	window1: blendMode = 'avg'
11.6954 	EXP 	window1: blendMode = 'avg'
11.6960 	EXP 	window1: blendMode = 'avg'
11.7114 	EXP 	window1: blendMode = 'avg'
11.7120 	EXP 	window1: blendMode = 'avg'
11.7125 	EXP 	window1: blendMode = 'avg'
11.7282 	EXP 	window1: blendMode = 'avg'
11.7288 	EXP 	window1: blendMode = 'avg'
11.7293 	EXP 	window1: blendMode = 'avg'
11.7451 	EXP 	window1: blendMode = 'avg'
11.7457 	EXP 	window1: blendMode = 'avg'
11.7463 	EXP 	window1: blendMode = 'avg'
11.7618 	EXP 	window1: blendMode = 'avg'
11.7624 	EXP 	window1: blendMode = 'avg'
11.7630 	EXP 	window1: blendMode = 'avg'
11.7782 	EXP 	window1: blendMode = 'avg'
11.7788 	EXP 	window1: blendMode = 'avg'
11.7794 	EXP 	window1: blendMode = 'avg'
11.7950 	EXP 	window1: blendMode = 'avg'
11.7956 	EXP 	window1: blendMode = 'avg'
11.7962 	EXP 	window1: blendMode = 'avg'
11.8115 	EXP 	window1: blendMode = 'avg'
11.8121 	EXP 	window1: blendMode = 'avg'
11.8127 	EXP 	window1: blendMode = 'avg'
11.8283 	EXP 	window1: blendMode = 'avg'
11.8289 	EXP 	window1: blendMode = 'avg'
11.8295 	EXP 	window1: blendMode = 'avg'
11.8458 	EXP 	window1: blendMode = 'avg'
11.8465 	EXP 	window1: blendMode = 'avg'
11.8470 	EXP 	window1: blendMode = 'avg'
11.8618 	EXP 	window1: blendMode = 'avg'
11.8624 	EXP 	window1: blendMode = 'avg'
11.8629 	EXP 	window1: blendMode = 'avg'
11.8784 	EXP 	window1: blendMode = 'avg'
11.8791 	EXP 	window1: blendMode = 'avg'
11.8797 	EXP 	window1: blendMode = 'avg'
11.8950 	EXP 	window1: blendMode = 'avg'
11.8956 	EXP 	window1: blendMode = 'avg'
11.8962 	EXP 	window1: blendMode = 'avg'
11.9121 	EXP 	window1: blendMode = 'avg'
11.9126 	EXP 	window1: blendMode = 'avg'
11.9132 	EXP 	window1: blendMode = 'avg'
11.9283 	EXP 	window1: blendMode = 'avg'
11.9289 	EXP 	window1: blendMode = 'avg'
11.9294 	EXP 	window1: blendMode = 'avg'
11.9448 	EXP 	window1: blendMode = 'avg'
11.9454 	EXP 	window1: blendMode = 'avg'
11.9460 	EXP 	window1: blendMode = 'avg'
11.9617 	EXP 	window1: blendMode = 'avg'
11.9623 	EXP 	window1: blendMode = 'avg'
11.9628 	EXP 	window1: blendMode = 'avg'
11.9791 	EXP 	window1: blendMode = 'avg'
11.9797 	EXP 	window1: blendMode = 'avg'
11.9802 	EXP 	window1: blendMode = 'avg'
11.9949 	EXP 	window1: blendMode = 'avg'
11.9955 	EXP 	window1: blendMode = 'avg'
11.9961 	EXP 	window1: blendMode = 'avg'
12.0118 	EXP 	window1: blendMode = 'avg'
12.0124 	EXP 	window1: blendMode = 'avg'
12.0130 	EXP 	window1: blendMode = 'avg'
12.0284 	EXP 	window1: blendMode = 'avg'
12.0290 	EXP 	window1: blendMode = 'avg'
12.0296 	EXP 	window1: blendMode = 'avg'
12.0460 	EXP 	window1: blendMode = 'avg'
12.0466 	EXP 	window1: blendMode = 'avg'
12.0471 	EXP 	window1: blendMode = 'avg'
12.0612 	EXP 	window1: blendMode = 'avg'
12.0617 	EXP 	window1: blendMode = 'avg'
12.0623 	EXP 	window1: blendMode = 'avg'
12.0793 	EXP 	window1: blendMode = 'avg'
12.0799 	EXP 	window1: blendMode = 'avg'
12.0805 	EXP 	window1: blendMode = 'avg'
12.0958 	EXP 	window1: blendMode = 'avg'
12.0964 	EXP 	window1: blendMode = 'avg'
12.0970 	EXP 	window1: blendMode = 'avg'
12.1118 	EXP 	window1: blendMode = 'avg'
12.1124 	EXP 	window1: blendMode = 'avg'
12.1129 	EXP 	window1: blendMode = 'avg'
12.1282 	EXP 	window1: blendMode = 'avg'
12.1288 	EXP 	window1: blendMode = 'avg'
12.1293 	EXP 	window1: blendMode = 'avg'
12.1451 	EXP 	window1: blendMode = 'avg'
12.1457 	EXP 	window1: blendMode = 'avg'
12.1462 	EXP 	window1: blendMode = 'avg'
12.1620 	EXP 	window1: blendMode = 'avg'
12.1626 	EXP 	window1: blendMode = 'avg'
12.1632 	EXP 	window1: blendMode = 'avg'
12.1784 	EXP 	window1: blendMode = 'avg'
12.1790 	EXP 	window1: blendMode = 'avg'
12.1796 	EXP 	window1: blendMode = 'avg'
12.1948 	EXP 	window1: blendMode = 'avg'
12.1953 	EXP 	window1: blendMode = 'avg'
12.1958 	EXP 	window1: blendMode = 'avg'
12.2117 	EXP 	window1: blendMode = 'avg'
12.2123 	EXP 	window1: blendMode = 'avg'
12.2129 	EXP 	window1: blendMode = 'avg'
12.2284 	EXP 	window1: blendMode = 'avg'
12.2290 	EXP 	window1: blendMode = 'avg'
12.2296 	EXP 	window1: blendMode = 'avg'
12.2448 	EXP 	window1: blendMode = 'avg'
12.2454 	EXP 	window1: blendMode = 'avg'
12.2460 	EXP 	window1: blendMode = 'avg'
12.2622 	EXP 	window1: blendMode = 'avg'
12.2627 	EXP 	window1: blendMode = 'avg'
12.2633 	EXP 	window1: blendMode = 'avg'
12.2784 	EXP 	window1: blendMode = 'avg'
12.2790 	EXP 	window1: blendMode = 'avg'
12.2796 	EXP 	window1: blendMode = 'avg'
12.2951 	EXP 	window1: blendMode = 'avg'
12.2957 	EXP 	window1: blendMode = 'avg'
12.2963 	EXP 	window1: blendMode = 'avg'
12.3117 	EXP 	window1: blendMode = 'avg'
12.3123 	EXP 	window1: blendMode = 'avg'
12.3129 	EXP 	window1: blendMode = 'avg'
12.3282 	EXP 	window1: blendMode = 'avg'
12.3288 	EXP 	window1: blendMode = 'avg'
12.3294 	EXP 	window1: blendMode = 'avg'
12.3451 	EXP 	window1: blendMode = 'avg'
12.3457 	EXP 	window1: blendMode = 'avg'
12.3462 	EXP 	window1: blendMode = 'avg'
12.3618 	EXP 	window1: blendMode = 'avg'
12.3624 	EXP 	window1: blendMode = 'avg'
12.3630 	EXP 	window1: blendMode = 'avg'
12.3784 	EXP 	window1: blendMode = 'avg'
12.3790 	EXP 	window1: blendMode = 'avg'
12.3796 	EXP 	window1: blendMode = 'avg'
12.3948 	EXP 	window1: blendMode = 'avg'
12.3955 	EXP 	window1: blendMode = 'avg'
12.3960 	EXP 	window1: blendMode = 'avg'
12.4126 	EXP 	window1: blendMode = 'avg'
12.4131 	EXP 	window1: blendMode = 'avg'
12.4137 	EXP 	window1: blendMode = 'avg'
12.4277 	EXP 	window1: blendMode = 'avg'
12.4282 	EXP 	window1: blendMode = 'avg'
12.4287 	EXP 	window1: blendMode = 'avg'
12.4458 	EXP 	window1: blendMode = 'avg'
12.4463 	EXP 	window1: blendMode = 'avg'
12.4469 	EXP 	window1: blendMode = 'avg'
12.4613 	EXP 	window1: blendMode = 'avg'
12.4619 	EXP 	window1: blendMode = 'avg'
12.4624 	EXP 	window1: blendMode = 'avg'
12.4780 	EXP 	window1: blendMode = 'avg'
12.4787 	EXP 	window1: blendMode = 'avg'
12.4792 	EXP 	window1: blendMode = 'avg'
12.4950 	EXP 	window1: blendMode = 'avg'
12.4956 	EXP 	window1: blendMode = 'avg'
12.4962 	EXP 	window1: blendMode = 'avg'
12.5128 	EXP 	window1: blendMode = 'avg'
12.5134 	EXP 	window1: blendMode = 'avg'
12.5140 	EXP 	window1: blendMode = 'avg'
12.5285 	EXP 	window1: blendMode = 'avg'
12.5292 	EXP 	window1: blendMode = 'avg'
12.5299 	EXP 	window1: blendMode = 'avg'
12.5448 	EXP 	window1: blendMode = 'avg'
12.5454 	EXP 	window1: blendMode = 'avg'
12.5459 	EXP 	window1: blendMode = 'avg'
12.5615 	EXP 	window1: blendMode = 'avg'
12.5621 	EXP 	window1: blendMode = 'avg'
12.5627 	EXP 	window1: blendMode = 'avg'
12.5786 	EXP 	window1: blendMode = 'avg'
12.5791 	EXP 	window1: blendMode = 'avg'
12.5797 	EXP 	window1: blendMode = 'avg'
12.5952 	EXP 	window1: blendMode = 'avg'
12.5957 	EXP 	window1: blendMode = 'avg'
12.5962 	EXP 	window1: blendMode = 'avg'
12.6111 	EXP 	window1: blendMode = 'avg'
12.6116 	EXP 	window1: blendMode = 'avg'
12.6122 	EXP 	window1: blendMode = 'avg'
12.6279 	EXP 	window1: blendMode = 'avg'
12.6284 	EXP 	window1: blendMode = 'avg'
12.6289 	EXP 	window1: blendMode = 'avg'
12.6447 	EXP 	window1: blendMode = 'avg'
12.6451 	EXP 	window1: blendMode = 'avg'
12.6456 	EXP 	window1: blendMode = 'avg'
12.6618 	EXP 	window1: blendMode = 'avg'
12.6622 	EXP 	window1: blendMode = 'avg'
12.6627 	EXP 	window1: blendMode = 'avg'
12.6787 	EXP 	window1: blendMode = 'avg'
12.6793 	EXP 	window1: blendMode = 'avg'
12.6798 	EXP 	window1: blendMode = 'avg'
12.6954 	EXP 	window1: blendMode = 'avg'
12.6959 	EXP 	window1: blendMode = 'avg'
12.6965 	EXP 	window1: blendMode = 'avg'
12.7116 	EXP 	window1: blendMode = 'avg'
12.7121 	EXP 	window1: blendMode = 'avg'
12.7125 	EXP 	window1: blendMode = 'avg'
12.7287 	EXP 	window1: blendMode = 'avg'
12.7292 	EXP 	window1: blendMode = 'avg'
12.7298 	EXP 	window1: blendMode = 'avg'
12.7450 	EXP 	window1: blendMode = 'avg'
12.7456 	EXP 	window1: blendMode = 'avg'
12.7461 	EXP 	window1: blendMode = 'avg'
12.7624 	EXP 	window1: blendMode = 'avg'
12.7629 	EXP 	window1: blendMode = 'avg'
12.7635 	EXP 	window1: blendMode = 'avg'
12.7784 	EXP 	window1: blendMode = 'avg'
12.7790 	EXP 	window1: blendMode = 'avg'
12.7796 	EXP 	window1: blendMode = 'avg'
12.7960 	DATA 	Keypress: return
12.7971 	EXP 	window1: blendMode = 'avg'
12.7976 	EXP 	window1: blendMode = 'avg'
12.7981 	EXP 	window1: blendMode = 'avg'
12.7995 	DATA 	RatingScale rating: (key response) rating=2
12.7997 	DATA 	RatingScale rating: rating RT=4.435
12.7997 	DATA 	RatingScale rating: history=[(None, 0.0), (2, 1.153), (2, 4.435)]
12.8277 	EXP 	window1: mouseVisible = True
