0.0002 	WARNING 	warning
0.0002 	EXP 	experiment
0.0002 	DATA 	data
0.0002 	INFO 	info
0.0002 	INFO 	current time: 1574183008.12
18.3769 	DEBUG 	handleLineEditChange: inputFieldName=1. age, type=<type 'str'>, value=1
18.4887 	DEBUG 	handleLineEditChange: inputFieldName=1. age, type=<type 'str'>, value=19
23.9087 	DEBUG 	handleCurrentIndexChanged: inputFieldName=2. sex:, selected=Female, type: <type 'str'>
29.1388 	DEBUG 	handleCurrentIndexChanged: inputFieldName=3. Are you hispanic or latino?, selected=No, type: <type 'str'>
31.3620 	DEBUG 	handleCheckboxChange: inputFieldName=Black or African American, checked=True
37.3589 	DEBUG 	handleCurrentIndexChanged: inputFieldName=5. Highest Degree Achieved:, selected=high school graduate, type: <type 'str'>
43.3292 	DEBUG 	handleCurrentIndexChanged: inputFieldName=(e.g. dyslexia, uncorrected far-sightedness, etc.), selected=No, type: <type 'str'>
46.8527 	DEBUG 	handleCurrentIndexChanged: inputFieldName=7. Do you have normal color vision?, selected=Yes, type: <type 'str'>
51.1460 	DEBUG 	handleCurrentIndexChanged: inputFieldName=affect your memory or attention?, selected=No, type: <type 'str'>
55.4166 	DEBUG 	handleLineEditChange: inputFieldName=you get last night? (enter only a number), type=<type 'str'>, value=7
58.2564 	DEBUG 	handleLineEditChange: inputFieldName=have you had today? (enter only a number), type=<type 'str'>, value=0
64.7127 	DEBUG 	handleCurrentIndexChanged: inputFieldName=12. How alert are you feeling?:, selected=Neutral, type: <type 'str'>
67.1493 	INFO 	Loaded monitor calibration from ['2016_07_13 13:20']
67.1526 	WARNING 	User requested fullscreen with size [1024  768], but screen is actually [2048, 1152]. Using actual size
67.7323 	EXP 	Created window1 = Window(allowGUI=True, allowStencil=False, args=UNKNOWN, autoLog=True, bitsMode=UNKNOWN, blendMode='avg', color='black', colorSpace='named', fullscr=UNKNOWN, gamma=None, kwargs=UNKNOWN, lms=UNKNOWN, monitor=<psychopy.monitors.calibTools.Monitor object at 0x10c4f3910>, multiSample=False, name='window1', numSamples=2, pos=[-1024, -576], screen=0, size=array([4096, 2304]), stereo=False, units='deg', useFBO=False, useRetina=True, viewOri=0.0, viewPos=None, viewScale=None, waitBlanking=True, winType=u'pyglet')
67.7324 	EXP 	window1: recordFrameIntervals = False
67.8959 	EXP 	window1: recordFrameIntervals = True
68.0792 	DEBUG 	Screen (0) actual frame rate measured at 59.93
68.0792 	EXP 	window1: recordFrameIntervals = False
68.0793 	INFO 	Mouse: using default window
68.2925 	EXP 	Created unnamed TextStim = TextStim(alignHoriz='center', alignVert='center', antialias=True, autoLog=True, bold=False, color=array([1., 1., 1.]), colorSpace='rgb', contrast=1.0, depth=0, flipHoriz=False, flipVert=False, font='', fontFiles=[], height=1.0, italic=False, name='unnamed TextStim', opacity=1.0, ori=0.0, pos=array([0., 0.]), rgb=array([1., 1., 1.]), text=newstr(...), units='deg', win=Window(...), wrapWidth=40)
68.3193 	EXP 	unnamed TextStim: autoDraw = True
79.3295 	DATA 	Keypress: return
79.3764 	EXP 	unnamed TextStim: autoDraw = False
79.4663 	EXP 	Created unnamed TextStim = TextStim(alignHoriz='center', alignVert='center', antialias=True, autoLog=True, bold=False, color=array([1., 1., 1.]), colorSpace='rgb', contrast=1.0, depth=0, flipHoriz=False, flipVert=False, font='', fontFiles=[], height=1.0, italic=False, name='unnamed TextStim', opacity=1.0, ori=0.0, pos=array([0., 0.]), rgb=array([1., 1., 1.]), text=newstr(...), units='deg', win=Window(...), wrapWidth=40)
79.5362 	EXP 	Created MEMORY IMAGE ../../stim/practice_composite/00002940128fb_sunaaacnosloariecpa.jpg = ImageStim(autoLog=True, color=array([1., 1., 1.]), colorSpace='rgb', contrast=1.0, depth=0, flipHoriz=False, flipVert=False, image=str(...), interpolate=False, mask=None, maskParams=None, name=str(...), opacity=1.0, ori=0.0, pos=array([0., 0.]), size=array([7., 7.]), texRes=128, units='deg', win=Window(...))
79.5804 	EXP 	MEMORY IMAGE ../../stim/practice_composite/00002940128fb_sunaaacnosloariecpa.jpg: pos = array([0., 0.])
79.5804 	EXP 	unnamed TextStim: autoDraw = True
79.5804 	EXP 	MEMORY IMAGE ../../stim/practice_composite/00002940128fb_sunaaacnosloariecpa.jpg: autoDraw = True
88.8323 	DATA 	Keypress: return
88.8828 	EXP 	unnamed TextStim: autoDraw = False
88.8828 	EXP 	MEMORY IMAGE ../../stim/practice_composite/00002940128fb_sunaaacnosloariecpa.jpg: autoDraw = False
88.9582 	EXP 	Created unnamed TextStim = TextStim(alignHoriz='center', alignVert='center', antialias=True, autoLog=True, bold=False, color=array([1., 1., 1.]), colorSpace='rgb', contrast=1.0, depth=0, flipHoriz=False, flipVert=False, font='', fontFiles=[], height=1.0, italic=False, name='unnamed TextStim', opacity=1.0, ori=0.0, pos=array([0., 0.]), rgb=array([1., 1., 1.]), text=newstr(...), units='deg', win=Window(...), wrapWidth=40)
88.9767 	EXP 	Created MEMORY IMAGE ../../stim/practice_composite/00003941121fa_sunaaaenaoynzhoyheo.jpg = ImageStim(autoLog=True, color=array([1., 1., 1.]), colorSpace='rgb', contrast=1.0, depth=0, flipHoriz=False, flipVert=False, image=str(...), interpolate=False, mask=None, maskParams=None, name=str(...), opacity=1.0, ori=0.0, pos=array([0., 0.]), size=array([7., 7.]), texRes=128, units='deg', win=Window(...))
89.0131 	EXP 	MEMORY IMAGE ../../stim/practice_composite/00003941121fa_sunaaaenaoynzhoyheo.jpg: pos = array([0., 0.])
89.0131 	EXP 	unnamed TextStim: autoDraw = True
89.0131 	EXP 	MEMORY IMAGE ../../stim/practice_composite/00003941121fa_sunaaaenaoynzhoyheo.jpg: autoDraw = True
97.5844 	DATA 	Keypress: return
97.6329 	EXP 	unnamed TextStim: autoDraw = False
97.6329 	EXP 	MEMORY IMAGE ../../stim/practice_composite/00003941121fa_sunaaaenaoynzhoyheo.jpg: autoDraw = False
97.6964 	EXP 	Created unnamed TextStim = TextStim(alignHoriz='center', alignVert='center', antialias=True, autoLog=True, bold=False, color=array([1., 1., 1.]), colorSpace='rgb', contrast=1.0, depth=0, flipHoriz=False, flipVert=False, font='', fontFiles=[], height=1.0, italic=False, name='unnamed TextStim', opacity=1.0, ori=0.0, pos=array([0., 0.]), rgb=array([1., 1., 1.]), text=newstr(...), units='deg', win=Window(...), wrapWidth=40)
97.7007 	EXP 	Created MEMORY IMAGE ../../stim/practice_composite/00013931230fb_sunaaasertfihkcjvdd.jpg = ImageStim(autoLog=True, color=array([1., 1., 1.]), colorSpace='rgb', contrast=1.0, depth=0, flipHoriz=False, flipVert=False, image=str(...), interpolate=False, mask=None, maskParams=None, name=str(...), opacity=1.0, ori=0.0, pos=array([0., 0.]), size=array([7., 7.]), texRes=128, units='deg', win=Window(...))
97.7487 	EXP 	MEMORY IMAGE ../../stim/practice_composite/00013931230fb_sunaaasertfihkcjvdd.jpg: pos = array([0., 0.])
97.7487 	EXP 	unnamed TextStim: autoDraw = True
97.7487 	EXP 	MEMORY IMAGE ../../stim/practice_composite/00013931230fb_sunaaasertfihkcjvdd.jpg: autoDraw = True
106.6486 	DATA 	Keypress: return
106.6833 	EXP 	unnamed TextStim: autoDraw = False
106.6833 	EXP 	MEMORY IMAGE ../../stim/practice_composite/00013931230fb_sunaaasertfihkcjvdd.jpg: autoDraw = False
106.8241 	EXP 	Created unnamed TextStim = TextStim(alignHoriz='center', alignVert='center', antialias=True, autoLog=True, bold=False, color=array([1., 1., 1.]), colorSpace='rgb', contrast=1.0, depth=0, flipHoriz=False, flipVert=False, font='', fontFiles=[], height=1.0, italic=False, name='unnamed TextStim', opacity=1.0, ori=0.0, pos=array([0., 0.]), rgb=array([1., 1., 1.]), text=newstr(...), units='deg', win=Window(...), wrapWidth=40)
106.8664 	EXP 	unnamed TextStim: autoDraw = True
118.1682 	DATA 	Keypress: return
118.2000 	EXP 	unnamed TextStim: autoDraw = False
118.2311 	EXP 	Created unnamed TextStim = TextStim(alignHoriz='center', alignVert='center', antialias=True, autoLog=True, bold=False, color=array([1., 1., 1.]), colorSpace='rgb', contrast=1.0, depth=0, flipHoriz=False, flipVert=False, font='', fontFiles=[], height=1.0, italic=False, name='unnamed TextStim', opacity=1.0, ori=0.0, pos=array([0., 0.]), rgb=array([1., 1., 1.]), text=newstr(...), units='deg', win=Window(...), wrapWidth=40)
118.2357 	EXP 	Created CUED COMPOSITE ../../stim/practice_composite/00020931230fa_sunaaaysslbipsngfqb.jpg = ImageStim(autoLog=True, color=array([1., 1., 1.]), colorSpace='rgb', contrast=1.0, depth=0, flipHoriz=False, flipVert=False, image=str(...), interpolate=False, mask=None, maskParams=None, name=str(...), opacity=1.0, ori=0.0, pos=array([0., 0.]), size=array([7., 7.]), texRes=128, units='deg', win=Window(...))
118.2524 	EXP 	Created UNCUED COMPOSITE ../../stim/practice_composite/00019940128facopy_sunaaaxdnsxxacahnmy.jpg = ImageStim(autoLog=True, color=array([1., 1., 1.]), colorSpace='rgb', contrast=1.0, depth=0, flipHoriz=False, flipVert=False, image=str(...), interpolate=False, mask=None, maskParams=None, name=str(...), opacity=1.0, ori=0.0, pos=array([0., 0.]), size=array([7., 7.]), texRes=128, units='deg', win=Window(...))
118.2608 	EXP 	Created fixation_cross = TextStim(alignHoriz='center', alignVert='center', antialias=True, autoLog=True, bold=False, color='lightGrey', colorSpace='named', contrast=1.0, depth=0.0, flipHoriz=False, flipVert=False, font='Arial', fontFiles=[], height=2, italic=False, name='fixation_cross', opacity=1.0, ori=0, pos=array([0., 0.]), rgb=array([211., 211., 211.]), text='+', units='deg', win=Window(...), wrapWidth=15.0)
118.3039 	EXP 	CUED COMPOSITE ../../stim/practice_composite/00020931230fa_sunaaaysslbipsngfqb.jpg: pos = array([8., 0.])
118.3039 	EXP 	UNCUED COMPOSITE ../../stim/practice_composite/00019940128facopy_sunaaaxdnsxxacahnmy.jpg: pos = array([-8.,  0.])
118.3039 	EXP 	unnamed TextStim: autoDraw = True
118.3039 	EXP 	CUED COMPOSITE ../../stim/practice_composite/00020931230fa_sunaaaysslbipsngfqb.jpg: autoDraw = True
118.3039 	EXP 	UNCUED COMPOSITE ../../stim/practice_composite/00019940128facopy_sunaaaxdnsxxacahnmy.jpg: autoDraw = True
118.3039 	EXP 	fixation_cross: autoDraw = True
126.9682 	DATA 	Keypress: return
127.0062 	EXP 	unnamed TextStim: autoDraw = False
127.0062 	EXP 	CUED COMPOSITE ../../stim/practice_composite/00020931230fa_sunaaaysslbipsngfqb.jpg: autoDraw = False
127.0062 	EXP 	UNCUED COMPOSITE ../../stim/practice_composite/00019940128facopy_sunaaaxdnsxxacahnmy.jpg: autoDraw = False
127.0062 	EXP 	fixation_cross: autoDraw = False
127.0642 	EXP 	Created unnamed TextStim = TextStim(alignHoriz='center', alignVert='center', antialias=True, autoLog=True, bold=False, color=array([1., 1., 1.]), colorSpace='rgb', contrast=1.0, depth=0, flipHoriz=False, flipVert=False, font='', fontFiles=[], height=1.0, italic=False, name='unnamed TextStim', opacity=1.0, ori=0.0, pos=array([0., 0.]), rgb=array([1., 1., 1.]), text=newstr(...), units='deg', win=Window(...), wrapWidth=40)
127.1064 	EXP 	unnamed TextStim: autoDraw = True
131.5601 	DATA 	Keypress: return
131.6036 	EXP 	unnamed TextStim: autoDraw = False
131.6349 	EXP 	Created unnamed TextStim = TextStim(alignHoriz='center', alignVert='center', antialias=True, autoLog=True, bold=False, color=array([1., 1., 1.]), colorSpace='rgb', contrast=1.0, depth=0, flipHoriz=False, flipVert=False, font='', fontFiles=[], height=1.0, italic=False, name='unnamed TextStim', opacity=1.0, ori=0.0, pos=array([0., 0.]), rgb=array([1., 1., 1.]), text=newstr(...), units='deg', win=Window(...), wrapWidth=40)
131.6391 	EXP 	Created CUED COMPOSITE ../../stim/practice_composite/00029940128facopy_sunaachpigfklgkuoyg.jpg = ImageStim(autoLog=True, color=array([1., 1., 1.]), colorSpace='rgb', contrast=1.0, depth=0, flipHoriz=False, flipVert=False, image=str(...), interpolate=False, mask=None, maskParams=None, name=str(...), opacity=1.0, ori=0.0, pos=array([0., 0.]), size=array([7., 7.]), texRes=128, units='deg', win=Window(...))
131.6629 	EXP 	Created UNCUED COMPOSITE ../../stim/practice_composite/00028940128fa_sunaabndtdcvlfkqgad.jpg = ImageStim(autoLog=True, color=array([1., 1., 1.]), colorSpace='rgb', contrast=1.0, depth=0, flipHoriz=False, flipVert=False, image=str(...), interpolate=False, mask=None, maskParams=None, name=str(...), opacity=1.0, ori=0.0, pos=array([0., 0.]), size=array([7., 7.]), texRes=128, units='deg', win=Window(...))
131.6661 	EXP 	Created fixation_cross = TextStim(alignHoriz='center', alignVert='center', antialias=True, autoLog=True, bold=False, color='lightGrey', colorSpace='named', contrast=1.0, depth=0.0, flipHoriz=False, flipVert=False, font='Arial', fontFiles=[], height=2, italic=False, name='fixation_cross', opacity=1.0, ori=0, pos=array([0., 0.]), rgb=array([211., 211., 211.]), text='+', units='deg', win=Window(...), wrapWidth=15.0)
131.7067 	EXP 	CUED COMPOSITE ../../stim/practice_composite/00029940128facopy_sunaachpigfklgkuoyg.jpg: pos = array([8., 0.])
131.7067 	EXP 	UNCUED COMPOSITE ../../stim/practice_composite/00028940128fa_sunaabndtdcvlfkqgad.jpg: pos = array([-8.,  0.])
131.7067 	EXP 	unnamed TextStim: autoDraw = True
131.7067 	EXP 	CUED COMPOSITE ../../stim/practice_composite/00029940128facopy_sunaachpigfklgkuoyg.jpg: autoDraw = True
131.7067 	EXP 	UNCUED COMPOSITE ../../stim/practice_composite/00028940128fa_sunaabndtdcvlfkqgad.jpg: autoDraw = True
131.7067 	EXP 	fixation_cross: autoDraw = True
138.4162 	DATA 	Keypress: return
138.4593 	EXP 	unnamed TextStim: autoDraw = False
138.4593 	EXP 	CUED COMPOSITE ../../stim/practice_composite/00029940128facopy_sunaachpigfklgkuoyg.jpg: autoDraw = False
138.4593 	EXP 	UNCUED COMPOSITE ../../stim/practice_composite/00028940128fa_sunaabndtdcvlfkqgad.jpg: autoDraw = False
138.4593 	EXP 	fixation_cross: autoDraw = False
138.6842 	EXP 	Created unnamed TextStim = TextStim(alignHoriz='center', alignVert='center', antialias=True, autoLog=True, bold=False, color=array([1., 1., 1.]), colorSpace='rgb', contrast=1.0, depth=0, flipHoriz=False, flipVert=False, font='', fontFiles=[], height=1.0, italic=False, name='unnamed TextStim', opacity=1.0, ori=0.0, pos=array([0., 0.]), rgb=array([1., 1., 1.]), text=newstr(...), units='deg', win=Window(...), wrapWidth=40)
138.6864 	EXP 	Created CATEGORY CUE = ImageStim(autoLog=True, color=array([1., 1., 1.]), colorSpace='rgb', contrast=1.0, depth=0, flipHoriz=False, flipVert=False, image='../../stim/cue/Face.png', interpolate=False, mask=None, maskParams=None, name='CATEGORY CUE', opacity=1.0, ori=0.0, pos=array([0., 0.]), size=array([2., 2.]), texRes=128, units='deg', win=Window(...))
138.6886 	EXP 	Created CATEGORY CUE = ImageStim(autoLog=True, color=array([1., 1., 1.]), colorSpace='rgb', contrast=1.0, depth=0, flipHoriz=False, flipVert=False, image='../../stim/cue/Place.png', interpolate=False, mask=None, maskParams=None, name='CATEGORY CUE', opacity=1.0, ori=0.0, pos=array([0., 0.]), size=array([2., 2.]), texRes=128, units='deg', win=Window(...))
138.7399 	EXP 	CATEGORY CUE: pos = array([2.5, 0. ])
138.7399 	EXP 	CATEGORY CUE: pos = array([-2.5,  0. ])
138.7399 	EXP 	unnamed TextStim: autoDraw = True
138.7399 	EXP 	CATEGORY CUE: autoDraw = True
138.7399 	EXP 	CATEGORY CUE: autoDraw = True
161.4880 	DATA 	Keypress: return
161.5298 	EXP 	unnamed TextStim: autoDraw = False
161.5298 	EXP 	CATEGORY CUE: autoDraw = False
161.5298 	EXP 	CATEGORY CUE: autoDraw = False
161.5301 	INFO 	Mouse: using default window
161.5302 	EXP 	window1: recordFrameIntervals = False
161.6860 	EXP 	window1: recordFrameIntervals = True
161.8713 	DEBUG 	Screen (0) actual frame rate measured at 59.20
161.8714 	EXP 	window1: recordFrameIntervals = False
161.8744 	EXP 	Created fixation_cross = TextStim(alignHoriz='center', alignVert='center', antialias=True, autoLog=True, bold=False, color='lightGrey', colorSpace='named', contrast=1.0, depth=0.0, flipHoriz=False, flipVert=False, font='Arial', fontFiles=[], height=2, italic=False, name='fixation_cross', opacity=1.0, ori=0, pos=array([0., 0.]), rgb=array([211., 211., 211.]), text='+', units='deg', win=Window(...), wrapWidth=15.0)
161.8906 	EXP 	Created CUED COMPOSITE ../../stim/practice_composite/00043931230fb_sunaacmaxjsazeyhcxg.jpg = ImageStim(autoLog=True, color=array([1., 1., 1.]), colorSpace='rgb', contrast=1.0, depth=0, flipHoriz=False, flipVert=False, image=str(...), interpolate=False, mask=None, maskParams=None, name=str(...), opacity=1.0, ori=0.0, pos=array([0., 0.]), size=array([7., 7.]), texRes=128, units='deg', win=Window(...))
161.8952 	EXP 	Created UNCUED COMPOSITE ../../stim/practice_composite/00044931230fa_sunaacrdvqhwlheysdg.jpg = ImageStim(autoLog=True, color=array([1., 1., 1.]), colorSpace='rgb', contrast=1.0, depth=0, flipHoriz=False, flipVert=False, image=str(...), interpolate=False, mask=None, maskParams=None, name=str(...), opacity=1.0, ori=0.0, pos=array([0., 0.]), size=array([7., 7.]), texRes=128, units='deg', win=Window(...))
161.8997 	EXP 	Created CUED COMPOSITE ../../stim/practice_composite/00046931230fa_sunaacslnbvidxeazyx.jpg = ImageStim(autoLog=True, color=array([1., 1., 1.]), colorSpace='rgb', contrast=1.0, depth=0, flipHoriz=False, flipVert=False, image=str(...), interpolate=False, mask=None, maskParams=None, name=str(...), opacity=1.0, ori=0.0, pos=array([0., 0.]), size=array([7., 7.]), texRes=128, units='deg', win=Window(...))
161.9089 	EXP 	Created UNCUED COMPOSITE ../../stim/practice_composite/00047931230fb_sunaactrphdtpvplkkz.jpg = ImageStim(autoLog=True, color=array([1., 1., 1.]), colorSpace='rgb', contrast=1.0, depth=0, flipHoriz=False, flipVert=False, image=str(...), interpolate=False, mask=None, maskParams=None, name=str(...), opacity=1.0, ori=0.0, pos=array([0., 0.]), size=array([7., 7.]), texRes=128, units='deg', win=Window(...))
161.9200 	EXP 	Created CUED COMPOSITE ../../stim/practice_composite/00049931230facopy_sunaacxaszsngweyrkv.jpg = ImageStim(autoLog=True, color=array([1., 1., 1.]), colorSpace='rgb', contrast=1.0, depth=0, flipHoriz=False, flipVert=False, image=str(...), interpolate=False, mask=None, maskParams=None, name=str(...), opacity=1.0, ori=0.0, pos=array([0., 0.]), size=array([7., 7.]), texRes=128, units='deg', win=Window(...))
161.9273 	EXP 	Created UNCUED COMPOSITE ../../stim/practice_composite/00050931230facopy_sunaaczmpbmprzjcofd.jpg = ImageStim(autoLog=True, color=array([1., 1., 1.]), colorSpace='rgb', contrast=1.0, depth=0, flipHoriz=False, flipVert=False, image=str(...), interpolate=False, mask=None, maskParams=None, name=str(...), opacity=1.0, ori=0.0, pos=array([0., 0.]), size=array([7., 7.]), texRes=128, units='deg', win=Window(...))
161.9294 	EXP 	Created unnamed ImageStim = ImageStim(autoLog=True, color=array([1., 1., 1.]), colorSpace='rgb', contrast=1.0, depth=0, flipHoriz=False, flipVert=False, image='../../stim/cue/Place.png', interpolate=False, mask=None, maskParams=None, name='unnamed ImageStim', opacity=1.0, ori=0.0, pos=array([0., 0.]), size=array([2., 2.]), texRes=128, units='deg', win=Window(...))
161.9329 	EXP 	Created cue_side = TextStim(alignHoriz='center', alignVert='center', antialias=True, autoLog=True, bold=False, color='lightGrey', colorSpace='named', contrast=1.0, depth=0.0, flipHoriz=False, flipVert=False, font='Arial', fontFiles=[], height=2, italic=False, name='cue_side', opacity=1.0, ori=0, pos=array([0., 0.]), rgb=array([211., 211., 211.]), text='<', units='deg', win=Window(...), wrapWidth=15.0)
161.9588 	EXP 	CUED COMPOSITE ../../stim/practice_composite/00043931230fb_sunaacmaxjsazeyhcxg.jpg: pos = array([8., 0.])
161.9588 	EXP 	UNCUED COMPOSITE ../../stim/practice_composite/00044931230fa_sunaacrdvqhwlheysdg.jpg: pos = array([-8.,  0.])
161.9588 	EXP 	CUED COMPOSITE ../../stim/practice_composite/00046931230fa_sunaacslnbvidxeazyx.jpg: pos = array([8., 0.])
161.9588 	EXP 	UNCUED COMPOSITE ../../stim/practice_composite/00047931230fb_sunaactrphdtpvplkkz.jpg: pos = array([-8.,  0.])
161.9588 	EXP 	CUED COMPOSITE ../../stim/practice_composite/00049931230facopy_sunaacxaszsngweyrkv.jpg: pos = array([8., 0.])
161.9588 	EXP 	UNCUED COMPOSITE ../../stim/practice_composite/00050931230facopy_sunaaczmpbmprzjcofd.jpg: pos = array([-8.,  0.])
161.9588 	EXP 	unnamed ImageStim: pos = array([0., 2.])
161.9588 	EXP 	cue_side: pos = array([0., 0.])
161.9588 	EXP 	fixation_cross: autoDraw = False
161.9588 	EXP 	unnamed ImageStim: autoDraw = True
161.9588 	EXP 	cue_side: autoDraw = True
161.9588 	EXP 	FIXATION OFF, CUES ON
163.4598 	EXP 	unnamed ImageStim: autoDraw = False
163.4598 	EXP 	cue_side: autoDraw = False
163.4598 	EXP 	fixation_cross: autoDraw = True
163.4598 	EXP 	CUES OFF, FIXATION ON
164.4599 	EXP 	CUED COMPOSITE ../../stim/practice_composite/00043931230fb_sunaacmaxjsazeyhcxg.jpg: autoDraw = True
164.4599 	EXP 	UNCUED COMPOSITE ../../stim/practice_composite/00044931230fa_sunaacrdvqhwlheysdg.jpg: autoDraw = True
164.4599 	EXP 	FIXATION OFF, COMPOSITES ON
167.4827 	EXP 	CUED COMPOSITE ../../stim/practice_composite/00043931230fb_sunaacmaxjsazeyhcxg.jpg: autoDraw = False
167.4827 	EXP 	UNCUED COMPOSITE ../../stim/practice_composite/00044931230fa_sunaacrdvqhwlheysdg.jpg: autoDraw = False
167.4827 	EXP 	COMPOSITES OFF
168.4771 	EXP 	Created unnamed ImageStim = ImageStim(autoLog=True, color=array([1., 1., 1.]), colorSpace='rgb', contrast=1.0, depth=0, flipHoriz=False, flipVert=False, image='../../stim/cue/Face.png', interpolate=False, mask=None, maskParams=None, name='unnamed ImageStim', opacity=1.0, ori=0.0, pos=array([0., 0.]), size=array([2., 2.]), texRes=128, units='deg', win=Window(...))
168.4800 	EXP 	Created cue_side = TextStim(alignHoriz='center', alignVert='center', antialias=True, autoLog=True, bold=False, color='lightGrey', colorSpace='named', contrast=1.0, depth=0.0, flipHoriz=False, flipVert=False, font='Arial', fontFiles=[], height=2, italic=False, name='cue_side', opacity=1.0, ori=0, pos=array([0., 0.]), rgb=array([211., 211., 211.]), text='<', units='deg', win=Window(...), wrapWidth=15.0)
168.5154 	EXP 	unnamed ImageStim: pos = array([0., 2.])
168.5154 	EXP 	cue_side: pos = array([0., 0.])
168.5154 	EXP 	fixation_cross: autoDraw = False
168.5154 	EXP 	unnamed ImageStim: autoDraw = True
168.5154 	EXP 	cue_side: autoDraw = True
168.5154 	EXP 	FIXATION OFF, CUES ON
170.0326 	EXP 	unnamed ImageStim: autoDraw = False
170.0326 	EXP 	cue_side: autoDraw = False
170.0326 	EXP 	fixation_cross: autoDraw = True
170.0326 	EXP 	CUES OFF, FIXATION ON
171.0526 	EXP 	CUED COMPOSITE ../../stim/practice_composite/00046931230fa_sunaacslnbvidxeazyx.jpg: autoDraw = True
171.0526 	EXP 	UNCUED COMPOSITE ../../stim/practice_composite/00047931230fb_sunaactrphdtpvplkkz.jpg: autoDraw = True
171.0526 	EXP 	FIXATION OFF, COMPOSITES ON
174.0829 	EXP 	CUED COMPOSITE ../../stim/practice_composite/00046931230fa_sunaacslnbvidxeazyx.jpg: autoDraw = False
174.0829 	EXP 	UNCUED COMPOSITE ../../stim/practice_composite/00047931230fb_sunaactrphdtpvplkkz.jpg: autoDraw = False
174.0829 	EXP 	COMPOSITES OFF
175.0694 	EXP 	Created unnamed ImageStim = ImageStim(autoLog=True, color=array([1., 1., 1.]), colorSpace='rgb', contrast=1.0, depth=0, flipHoriz=False, flipVert=False, image='../../stim/cue/Place.png', interpolate=False, mask=None, maskParams=None, name='unnamed ImageStim', opacity=1.0, ori=0.0, pos=array([0., 0.]), size=array([2., 2.]), texRes=128, units='deg', win=Window(...))
175.0724 	EXP 	Created cue_side = TextStim(alignHoriz='center', alignVert='center', antialias=True, autoLog=True, bold=False, color='lightGrey', colorSpace='named', contrast=1.0, depth=0.0, flipHoriz=False, flipVert=False, font='Arial', fontFiles=[], height=2, italic=False, name='cue_side', opacity=1.0, ori=0, pos=array([0., 0.]), rgb=array([211., 211., 211.]), text='<', units='deg', win=Window(...), wrapWidth=15.0)
175.1156 	EXP 	unnamed ImageStim: pos = array([0., 2.])
175.1156 	EXP 	cue_side: pos = array([0., 0.])
175.1156 	EXP 	fixation_cross: autoDraw = False
175.1156 	EXP 	unnamed ImageStim: autoDraw = True
175.1156 	EXP 	cue_side: autoDraw = True
175.1156 	EXP 	FIXATION OFF, CUES ON
176.6376 	EXP 	unnamed ImageStim: autoDraw = False
176.6376 	EXP 	cue_side: autoDraw = False
176.6376 	EXP 	fixation_cross: autoDraw = True
176.6376 	EXP 	CUES OFF, FIXATION ON
177.6672 	EXP 	CUED COMPOSITE ../../stim/practice_composite/00049931230facopy_sunaacxaszsngweyrkv.jpg: autoDraw = True
177.6672 	EXP 	UNCUED COMPOSITE ../../stim/practice_composite/00050931230facopy_sunaaczmpbmprzjcofd.jpg: autoDraw = True
177.6672 	EXP 	FIXATION OFF, COMPOSITES ON
180.6880 	EXP 	CUED COMPOSITE ../../stim/practice_composite/00049931230facopy_sunaacxaszsngweyrkv.jpg: autoDraw = False
180.6880 	EXP 	UNCUED COMPOSITE ../../stim/practice_composite/00050931230facopy_sunaaczmpbmprzjcofd.jpg: autoDraw = False
180.6880 	EXP 	COMPOSITES OFF
181.8205 	EXP 	Created unnamed TextStim = TextStim(alignHoriz='center', alignVert='center', antialias=True, autoLog=True, bold=False, color=array([1., 1., 1.]), colorSpace='rgb', contrast=1.0, depth=0, flipHoriz=False, flipVert=False, font='', fontFiles=[], height=1.0, italic=False, name='unnamed TextStim', opacity=1.0, ori=0.0, pos=array([0., 0.]), rgb=array([1., 1., 1.]), text=newstr(...), units='deg', win=Window(...), wrapWidth=40)
181.8681 	EXP 	fixation_cross: autoDraw = False
181.8681 	EXP 	unnamed TextStim: autoDraw = True
196.4331 	DATA 	Keypress: 1
196.4753 	EXP 	unnamed TextStim: autoDraw = False
196.4757 	INFO 	Mouse: using default window
196.4758 	EXP 	window1: recordFrameIntervals = False
196.6937 	EXP 	window1: recordFrameIntervals = True
196.8778 	DEBUG 	Screen (0) actual frame rate measured at 59.65
196.8778 	EXP 	window1: recordFrameIntervals = False
196.8808 	EXP 	Created fixation_cross = TextStim(alignHoriz='center', alignVert='center', antialias=True, autoLog=True, bold=False, color='lightGrey', colorSpace='named', contrast=1.0, depth=0.0, flipHoriz=False, flipVert=False, font='Arial', fontFiles=[], height=2, italic=False, name='fixation_cross', opacity=1.0, ori=0, pos=array([0., 0.]), rgb=array([211., 211., 211.]), text='+', units='deg', win=Window(...), wrapWidth=15.0)
196.9003 	EXP 	Created CUED COMPOSITE ../../stim/practice_mem_composite/00051931230fb_sunaadakyricvbjhamx.jpg = ImageStim(autoLog=True, color=array([1., 1., 1.]), colorSpace='rgb', contrast=1.0, depth=0, flipHoriz=False, flipVert=False, image=str(...), interpolate=False, mask=None, maskParams=None, name=str(...), opacity=1.0, ori=0.0, pos=array([0., 0.]), size=array([7., 7.]), texRes=128, units='deg', win=Window(...))
196.9049 	EXP 	Created UNCUED COMPOSITE ../../stim/practice_mem_composite/00052931230fa_sunaadneptrbqhkzwag.jpg = ImageStim(autoLog=True, color=array([1., 1., 1.]), colorSpace='rgb', contrast=1.0, depth=0, flipHoriz=False, flipVert=False, image=str(...), interpolate=False, mask=None, maskParams=None, name=str(...), opacity=1.0, ori=0.0, pos=array([0., 0.]), size=array([7., 7.]), texRes=128, units='deg', win=Window(...))
196.9420 	EXP 	Created CUED COMPOSITE ../../stim/practice_mem_composite/00053931230fb_sunaadsmjtmardsqqro.jpg = ImageStim(autoLog=True, color=array([1., 1., 1.]), colorSpace='rgb', contrast=1.0, depth=0, flipHoriz=False, flipVert=False, image=str(...), interpolate=False, mask=None, maskParams=None, name=str(...), opacity=1.0, ori=0.0, pos=array([0., 0.]), size=array([7., 7.]), texRes=128, units='deg', win=Window(...))
196.9467 	EXP 	Created UNCUED COMPOSITE ../../stim/practice_mem_composite/00056931230facopy_sunaadtdbzhuhsbihxq.jpg = ImageStim(autoLog=True, color=array([1., 1., 1.]), colorSpace='rgb', contrast=1.0, depth=0, flipHoriz=False, flipVert=False, image=str(...), interpolate=False, mask=None, maskParams=None, name=str(...), opacity=1.0, ori=0.0, pos=array([0., 0.]), size=array([7., 7.]), texRes=128, units='deg', win=Window(...))
196.9512 	EXP 	Created CUED COMPOSITE ../../stim/practice_mem_composite/00058931230fa_sunaaebjpeispxohmfv.jpg = ImageStim(autoLog=True, color=array([1., 1., 1.]), colorSpace='rgb', contrast=1.0, depth=0, flipHoriz=False, flipVert=False, image=str(...), interpolate=False, mask=None, maskParams=None, name=str(...), opacity=1.0, ori=0.0, pos=array([0., 0.]), size=array([7., 7.]), texRes=128, units='deg', win=Window(...))
196.9556 	EXP 	Created UNCUED COMPOSITE ../../stim/practice_mem_composite/00059931230fb_sunaaebuzkvqtkqiact.jpg = ImageStim(autoLog=True, color=array([1., 1., 1.]), colorSpace='rgb', contrast=1.0, depth=0, flipHoriz=False, flipVert=False, image=str(...), interpolate=False, mask=None, maskParams=None, name=str(...), opacity=1.0, ori=0.0, pos=array([0., 0.]), size=array([7., 7.]), texRes=128, units='deg', win=Window(...))
196.9577 	EXP 	Created unnamed ImageStim = ImageStim(autoLog=True, color=array([1., 1., 1.]), colorSpace='rgb', contrast=1.0, depth=0, flipHoriz=False, flipVert=False, image='../../stim/cue/Place.png', interpolate=False, mask=None, maskParams=None, name='unnamed ImageStim', opacity=1.0, ori=0.0, pos=array([0., 0.]), size=array([2., 2.]), texRes=128, units='deg', win=Window(...))
196.9609 	EXP 	Created cue_side = TextStim(alignHoriz='center', alignVert='center', antialias=True, autoLog=True, bold=False, color='lightGrey', colorSpace='named', contrast=1.0, depth=0.0, flipHoriz=False, flipVert=False, font='Arial', fontFiles=[], height=2, italic=False, name='cue_side', opacity=1.0, ori=0, pos=array([0., 0.]), rgb=array([211., 211., 211.]), text='<', units='deg', win=Window(...), wrapWidth=15.0)
196.9848 	EXP 	CUED COMPOSITE ../../stim/practice_mem_composite/00051931230fb_sunaadakyricvbjhamx.jpg: pos = array([8., 0.])
196.9848 	EXP 	UNCUED COMPOSITE ../../stim/practice_mem_composite/00052931230fa_sunaadneptrbqhkzwag.jpg: pos = array([-8.,  0.])
196.9848 	EXP 	CUED COMPOSITE ../../stim/practice_mem_composite/00053931230fb_sunaadsmjtmardsqqro.jpg: pos = array([8., 0.])
196.9848 	EXP 	UNCUED COMPOSITE ../../stim/practice_mem_composite/00056931230facopy_sunaadtdbzhuhsbihxq.jpg: pos = array([-8.,  0.])
196.9848 	EXP 	CUED COMPOSITE ../../stim/practice_mem_composite/00058931230fa_sunaaebjpeispxohmfv.jpg: pos = array([8., 0.])
196.9848 	EXP 	UNCUED COMPOSITE ../../stim/practice_mem_composite/00059931230fb_sunaaebuzkvqtkqiact.jpg: pos = array([-8.,  0.])
196.9848 	EXP 	unnamed ImageStim: pos = array([0., 2.])
196.9848 	EXP 	cue_side: pos = array([0., 0.])
196.9848 	EXP 	fixation_cross: autoDraw = False
196.9848 	EXP 	unnamed ImageStim: autoDraw = True
196.9848 	EXP 	cue_side: autoDraw = True
196.9848 	EXP 	FIXATION OFF, CUES ON
198.4842 	EXP 	unnamed ImageStim: autoDraw = False
198.4842 	EXP 	cue_side: autoDraw = False
198.4842 	EXP 	fixation_cross: autoDraw = True
198.4842 	EXP 	CUES OFF, FIXATION ON
199.4843 	EXP 	CUED COMPOSITE ../../stim/practice_mem_composite/00051931230fb_sunaadakyricvbjhamx.jpg: autoDraw = True
199.4843 	EXP 	UNCUED COMPOSITE ../../stim/practice_mem_composite/00052931230fa_sunaadneptrbqhkzwag.jpg: autoDraw = True
199.4843 	EXP 	FIXATION OFF, COMPOSITES ON
199.4882 	EXP 	Created posner = TextStim(alignHoriz='center', alignVert='center', antialias=True, autoLog=True, bold=False, color='lightGrey', colorSpace='named', contrast=1.0, depth=0.0, flipHoriz=False, flipVert=False, font='Arial', fontFiles=[], height=2, italic=False, name='posner', opacity=1.0, ori=0, pos=array([0., 0.]), rgb=array([211., 211., 211.]), text='o', units='deg', win=Window(...), wrapWidth=15.0)
202.5095 	EXP 	posner: pos = array([-8.,  0.])
202.5095 	EXP 	posner: autoDraw = True
202.5095 	EXP 	CUED COMPOSITE ../../stim/practice_mem_composite/00051931230fb_sunaadakyricvbjhamx.jpg: autoDraw = False
202.5095 	EXP 	UNCUED COMPOSITE ../../stim/practice_mem_composite/00052931230fa_sunaadneptrbqhkzwag.jpg: autoDraw = False
202.5095 	EXP 	COMPOSITES OFF
203.6802 	DATA 	Keypress: 1
203.7268 	EXP 	posner: autoDraw = False
203.7268 	EXP 	WIN FLIP : ATTENTION PROBE OFF
204.7333 	EXP 	Created unnamed ImageStim = ImageStim(autoLog=True, color=array([1., 1., 1.]), colorSpace='rgb', contrast=1.0, depth=0, flipHoriz=False, flipVert=False, image='../../stim/cue/Face.png', interpolate=False, mask=None, maskParams=None, name='unnamed ImageStim', opacity=1.0, ori=0.0, pos=array([0., 0.]), size=array([2., 2.]), texRes=128, units='deg', win=Window(...))
204.7367 	EXP 	Created cue_side = TextStim(alignHoriz='center', alignVert='center', antialias=True, autoLog=True, bold=False, color='lightGrey', colorSpace='named', contrast=1.0, depth=0.0, flipHoriz=False, flipVert=False, font='Arial', fontFiles=[], height=2, italic=False, name='cue_side', opacity=1.0, ori=0, pos=array([0., 0.]), rgb=array([211., 211., 211.]), text='>', units='deg', win=Window(...), wrapWidth=15.0)
204.7719 	EXP 	unnamed ImageStim: pos = array([0., 2.])
204.7719 	EXP 	cue_side: pos = array([0., 0.])
204.7719 	EXP 	fixation_cross: autoDraw = False
204.7719 	EXP 	unnamed ImageStim: autoDraw = True
204.7719 	EXP 	cue_side: autoDraw = True
204.7719 	EXP 	FIXATION OFF, CUES ON
206.2938 	EXP 	unnamed ImageStim: autoDraw = False
206.2938 	EXP 	cue_side: autoDraw = False
206.2938 	EXP 	fixation_cross: autoDraw = True
206.2938 	EXP 	CUES OFF, FIXATION ON
207.3242 	EXP 	CUED COMPOSITE ../../stim/practice_mem_composite/00053931230fb_sunaadsmjtmardsqqro.jpg: autoDraw = True
207.3242 	EXP 	UNCUED COMPOSITE ../../stim/practice_mem_composite/00056931230facopy_sunaadtdbzhuhsbihxq.jpg: autoDraw = True
207.3242 	EXP 	FIXATION OFF, COMPOSITES ON
207.3281 	EXP 	Created posner = TextStim(alignHoriz='center', alignVert='center', antialias=True, autoLog=True, bold=False, color='lightGrey', colorSpace='named', contrast=1.0, depth=0.0, flipHoriz=False, flipVert=False, font='Arial', fontFiles=[], height=2, italic=False, name='posner', opacity=1.0, ori=0, pos=array([0., 0.]), rgb=array([211., 211., 211.]), text='x', units='deg', win=Window(...), wrapWidth=15.0)
210.3389 	EXP 	posner: pos = array([-8.,  0.])
210.3389 	EXP 	posner: autoDraw = True
210.3389 	EXP 	CUED COMPOSITE ../../stim/practice_mem_composite/00053931230fb_sunaadsmjtmardsqqro.jpg: autoDraw = False
210.3389 	EXP 	UNCUED COMPOSITE ../../stim/practice_mem_composite/00056931230facopy_sunaadtdbzhuhsbihxq.jpg: autoDraw = False
210.3389 	EXP 	COMPOSITES OFF
211.3601 	DATA 	Keypress: 1
211.3916 	EXP 	posner: autoDraw = False
211.3916 	EXP 	WIN FLIP : ATTENTION PROBE OFF
212.3776 	EXP 	Created unnamed ImageStim = ImageStim(autoLog=True, color=array([1., 1., 1.]), colorSpace='rgb', contrast=1.0, depth=0, flipHoriz=False, flipVert=False, image='../../stim/cue/Place.png', interpolate=False, mask=None, maskParams=None, name='unnamed ImageStim', opacity=1.0, ori=0.0, pos=array([0., 0.]), size=array([2., 2.]), texRes=128, units='deg', win=Window(...))
212.3806 	EXP 	Created cue_side = TextStim(alignHoriz='center', alignVert='center', antialias=True, autoLog=True, bold=False, color='lightGrey', colorSpace='named', contrast=1.0, depth=0.0, flipHoriz=False, flipVert=False, font='Arial', fontFiles=[], height=2, italic=False, name='cue_side', opacity=1.0, ori=0, pos=array([0., 0.]), rgb=array([211., 211., 211.]), text='>', units='deg', win=Window(...), wrapWidth=15.0)
212.4291 	EXP 	unnamed ImageStim: pos = array([0., 2.])
212.4291 	EXP 	cue_side: pos = array([0., 0.])
212.4291 	EXP 	fixation_cross: autoDraw = False
212.4291 	EXP 	unnamed ImageStim: autoDraw = True
212.4291 	EXP 	cue_side: autoDraw = True
212.4291 	EXP 	FIXATION OFF, CUES ON
213.9626 	EXP 	unnamed ImageStim: autoDraw = False
213.9626 	EXP 	cue_side: autoDraw = False
213.9626 	EXP 	fixation_cross: autoDraw = True
213.9626 	EXP 	CUES OFF, FIXATION ON
214.9941 	EXP 	CUED COMPOSITE ../../stim/practice_mem_composite/00058931230fa_sunaaebjpeispxohmfv.jpg: autoDraw = True
214.9941 	EXP 	UNCUED COMPOSITE ../../stim/practice_mem_composite/00059931230fb_sunaaebuzkvqtkqiact.jpg: autoDraw = True
214.9941 	EXP 	FIXATION OFF, COMPOSITES ON
214.9983 	EXP 	Created posner = TextStim(alignHoriz='center', alignVert='center', antialias=True, autoLog=True, bold=False, color='lightGrey', colorSpace='named', contrast=1.0, depth=0.0, flipHoriz=False, flipVert=False, font='Arial', fontFiles=[], height=2, italic=False, name='posner', opacity=1.0, ori=0, pos=array([0., 0.]), rgb=array([211., 211., 211.]), text='o', units='deg', win=Window(...), wrapWidth=15.0)
218.0281 	EXP 	posner: pos = array([8., 0.])
218.0281 	EXP 	posner: autoDraw = True
218.0281 	EXP 	CUED COMPOSITE ../../stim/practice_mem_composite/00058931230fa_sunaaebjpeispxohmfv.jpg: autoDraw = False
218.0281 	EXP 	UNCUED COMPOSITE ../../stim/practice_mem_composite/00059931230fb_sunaaebuzkvqtkqiact.jpg: autoDraw = False
218.0281 	EXP 	COMPOSITES OFF
218.6481 	DATA 	Keypress: 3
218.6916 	EXP 	posner: autoDraw = False
218.6916 	EXP 	WIN FLIP : ATTENTION PROBE OFF
219.8784 	EXP 	Created unnamed TextStim = TextStim(alignHoriz='center', alignVert='center', antialias=True, autoLog=True, bold=False, color=array([1., 1., 1.]), colorSpace='rgb', contrast=1.0, depth=0, flipHoriz=False, flipVert=False, font='', fontFiles=[], height=1.0, italic=False, name='unnamed TextStim', opacity=1.0, ori=0.0, pos=array([0., 0.]), rgb=array([1., 1., 1.]), text=newstr(...), units='deg', win=Window(...), wrapWidth=40)
219.9111 	EXP 	fixation_cross: autoDraw = False
219.9111 	EXP 	unnamed TextStim: autoDraw = True
229.8319 	DATA 	Keypress: 3
229.8829 	EXP 	unnamed TextStim: autoDraw = False
229.8831 	INFO 	Mouse: using default window
229.8867 	EXP 	Created fixation_cross = TextStim(alignHoriz='center', alignVert='center', antialias=True, autoLog=True, bold=False, color='lightGrey', colorSpace='named', contrast=1.0, depth=0.0, flipHoriz=False, flipVert=False, font='Arial', fontFiles=[], height=2, italic=False, name='fixation_cross', opacity=1.0, ori=0, pos=array([0., 0.]), rgb=array([211., 211., 211.]), text='+', units='deg', win=Window(...), wrapWidth=15.0)
229.8867 	EXP 	window1: recordFrameIntervals = False
230.0685 	EXP 	window1: recordFrameIntervals = True
230.2537 	DEBUG 	Screen (0) actual frame rate measured at 59.10
230.2538 	EXP 	window1: recordFrameIntervals = False
230.2569 	EXP 	Created fixation_cross = TextStim(alignHoriz='center', alignVert='center', antialias=True, autoLog=True, bold=False, color='lightGrey', colorSpace='named', contrast=1.0, depth=0.0, flipHoriz=False, flipVert=False, font='Arial', fontFiles=[], height=2, italic=False, name='fixation_cross', opacity=1.0, ori=0, pos=array([0., 0.]), rgb=array([211., 211., 211.]), text='+', units='deg', win=Window(...), wrapWidth=15.0)
230.2876 	EXP 	Created MEMORY IMAGE ../../stim/practice_mem_single/00053931230fb.jpg = ImageStim(autoLog=True, color=array([1., 1., 1.]), colorSpace='rgb', contrast=1.0, depth=0, flipHoriz=False, flipVert=False, image=str(...), interpolate=False, mask=None, maskParams=None, name=str(...), opacity=1.0, ori=0.0, pos=array([0., 0.]), size=array([7., 7.]), texRes=128, units='deg', win=Window(...))
230.2961 	EXP 	Created MEMORY IMAGE ../../stim/practice_mem_single/00038940128facopy.jpg = ImageStim(autoLog=True, color=array([1., 1., 1.]), colorSpace='rgb', contrast=1.0, depth=0, flipHoriz=False, flipVert=False, image=str(...), interpolate=False, mask=None, maskParams=None, name=str(...), opacity=1.0, ori=0.0, pos=array([0., 0.]), size=array([7., 7.]), texRes=128, units='deg', win=Window(...))
230.3013 	EXP 	Created MEMORY IMAGE ../../stim/practice_mem_single/sunaaebuzkvqtkqiact.jpg = ImageStim(autoLog=True, color=array([1., 1., 1.]), colorSpace='rgb', contrast=1.0, depth=0, flipHoriz=False, flipVert=False, image=str(...), interpolate=False, mask=None, maskParams=None, name=str(...), opacity=1.0, ori=0.0, pos=array([0., 0.]), size=array([7., 7.]), texRes=128, units='deg', win=Window(...))
230.3245 	EXP 	Created MEMORY IMAGE ../../stim/practice_mem_single/sunaackkibslwddpycb.jpg = ImageStim(autoLog=True, color=array([1., 1., 1.]), colorSpace='rgb', contrast=1.0, depth=0, flipHoriz=False, flipVert=False, image=str(...), interpolate=False, mask=None, maskParams=None, name=str(...), opacity=1.0, ori=0.0, pos=array([0., 0.]), size=array([7., 7.]), texRes=128, units='deg', win=Window(...))
230.3425 	EXP 	MEMORY IMAGE ../../stim/practice_mem_single/00053931230fb.jpg: pos = array([0., 0.])
230.3425 	EXP 	MEMORY IMAGE ../../stim/practice_mem_single/00038940128facopy.jpg: pos = array([0., 0.])
230.3425 	EXP 	MEMORY IMAGE ../../stim/practice_mem_single/sunaaebuzkvqtkqiact.jpg: pos = array([0., 0.])
230.3425 	EXP 	MEMORY IMAGE ../../stim/practice_mem_single/sunaackkibslwddpycb.jpg: pos = array([0., 0.])
230.3425 	EXP 	fixation_cross: autoDraw = True
230.3425 	EXP 	WIN FLIP : FIXATION ON
230.4158 	EXP 	Created unnamed RatingScale = RatingScale(acceptKeys=['return'], acceptPreText=UNKNOWN, acceptSize=UNKNOWN, acceptText=UNKNOWN, autoLog=True, choices=False, depth=0, disappear=False, flipVert=False, high=4, kwargs=UNKNOWN, labels=list(...), leftKeys=['left'], lineColor='White', low=1, marker=ShapeStim(...), markerColor='Black', markerExpansion=UNKNOWN, markerStart=0, maxTime=2.0, minTime=0.0, mouseOnly=False, name='unnamed RatingScale', noMouse=True, pos=[0.0, -0.42], precision=1, respKeys=['1', '2', '3', '4'], rightKeys=['right'], scale=str(...), self=UNKNOWN, showAccept=False, showValue=True, singleClick=True, size=0.6, skipKeys=['tab'], stretch=1.0, textColor='LightGray', textFont='Helvetica Bold', textSize=0.12, tickHeight=1.0, tickMarks=3.0, win=Window(...))
231.3592 	EXP 	fixation_cross: autoDraw = False
231.3592 	EXP 	unnamed RatingScale: flipVert = False
231.3592 	EXP 	unnamed RatingScale: autoLog = True
231.3592 	EXP 	unnamed RatingScale: autoDraw = True
231.3592 	EXP 	MEMORY IMAGE ../../stim/practice_mem_single/00053931230fb.jpg: autoDraw = True
231.3592 	EXP 	WIN FLIP : FIXATION OFF, SCALE AND MEMORY ON
233.2062 	DATA 	Keypress: 1
233.2066 	DATA 	RatingScale unnamed RatingScale: (key single-click) rating=1
233.2066 	DATA 	RatingScale unnamed RatingScale: rating RT=1.880
233.2066 	DATA 	RatingScale unnamed RatingScale: history=[(None, 0.0), (1, 1.88)]
233.3406 	EXP 	WIN FLIP : SCALE AND MEMORY OFF, FIXATION ON
233.3406 	EXP 	unnamed RatingScale: autoDraw = False
233.3406 	EXP 	MEMORY IMAGE ../../stim/practice_mem_single/00053931230fb.jpg: autoDraw = False
233.3406 	EXP 	fixation_cross: autoDraw = True
233.3864 	EXP 	Created unnamed RatingScale = RatingScale(acceptKeys=['return'], acceptPreText=UNKNOWN, acceptSize=UNKNOWN, acceptText=UNKNOWN, autoLog=True, choices=False, depth=0, disappear=False, flipVert=False, high=4, kwargs=UNKNOWN, labels=list(...), leftKeys=['left'], lineColor='White', low=1, marker=ShapeStim(...), markerColor='Black', markerExpansion=UNKNOWN, markerStart=0, maxTime=2.0, minTime=0.0, mouseOnly=False, name='unnamed RatingScale', noMouse=True, pos=[0.0, -0.42], precision=1, respKeys=['1', '2', '3', '4'], rightKeys=['right'], scale=str(...), self=UNKNOWN, showAccept=False, showValue=True, singleClick=True, size=0.6, skipKeys=['tab'], stretch=1.0, textColor='LightGray', textFont='Helvetica Bold', textSize=0.12, tickHeight=1.0, tickMarks=3.0, win=Window(...))
234.3427 	EXP 	fixation_cross: autoDraw = False
234.3427 	EXP 	unnamed RatingScale: flipVert = False
234.3427 	EXP 	unnamed RatingScale: autoLog = True
234.3427 	EXP 	unnamed RatingScale: autoDraw = True
234.3427 	EXP 	MEMORY IMAGE ../../stim/practice_mem_single/00038940128facopy.jpg: autoDraw = True
234.3427 	EXP 	WIN FLIP : FIXATION OFF, SCALE AND MEMORY ON
236.3423 	EXP 	WIN FLIP : SCALE AND MEMORY OFF, FIXATION ON
236.3423 	EXP 	unnamed RatingScale: autoDraw = False
236.3423 	EXP 	MEMORY IMAGE ../../stim/practice_mem_single/00038940128facopy.jpg: autoDraw = False
236.3423 	EXP 	fixation_cross: autoDraw = True
236.3865 	EXP 	Created unnamed RatingScale = RatingScale(acceptKeys=['return'], acceptPreText=UNKNOWN, acceptSize=UNKNOWN, acceptText=UNKNOWN, autoLog=True, choices=False, depth=0, disappear=False, flipVert=False, high=4, kwargs=UNKNOWN, labels=list(...), leftKeys=['left'], lineColor='White', low=1, marker=ShapeStim(...), markerColor='Black', markerExpansion=UNKNOWN, markerStart=0, maxTime=2.0, minTime=0.0, mouseOnly=False, name='unnamed RatingScale', noMouse=True, pos=[0.0, -0.42], precision=1, respKeys=['1', '2', '3', '4'], rightKeys=['right'], scale=str(...), self=UNKNOWN, showAccept=False, showValue=True, singleClick=True, size=0.6, skipKeys=['tab'], stretch=1.0, textColor='LightGray', textFont='Helvetica Bold', textSize=0.12, tickHeight=1.0, tickMarks=3.0, win=Window(...))
237.1272 	DATA 	Keypress: 2
237.3433 	EXP 	fixation_cross: autoDraw = False
237.3433 	EXP 	unnamed RatingScale: flipVert = False
237.3433 	EXP 	unnamed RatingScale: autoLog = True
237.3433 	EXP 	unnamed RatingScale: autoDraw = True
237.3433 	EXP 	MEMORY IMAGE ../../stim/practice_mem_single/sunaaebuzkvqtkqiact.jpg: autoDraw = True
237.3433 	EXP 	WIN FLIP : FIXATION OFF, SCALE AND MEMORY ON
238.9623 	DATA 	Keypress: 2
238.9627 	DATA 	RatingScale unnamed RatingScale: (key single-click) rating=2
238.9627 	DATA 	RatingScale unnamed RatingScale: rating RT=1.637
238.9628 	DATA 	RatingScale unnamed RatingScale: history=[(None, 0.0), (2, 1.637)]
239.3393 	EXP 	WIN FLIP : SCALE AND MEMORY OFF, FIXATION ON
239.3393 	EXP 	unnamed RatingScale: autoDraw = False
239.3393 	EXP 	MEMORY IMAGE ../../stim/practice_mem_single/sunaaebuzkvqtkqiact.jpg: autoDraw = False
239.3393 	EXP 	fixation_cross: autoDraw = True
239.3860 	EXP 	Created unnamed RatingScale = RatingScale(acceptKeys=['return'], acceptPreText=UNKNOWN, acceptSize=UNKNOWN, acceptText=UNKNOWN, autoLog=True, choices=False, depth=0, disappear=False, flipVert=False, high=4, kwargs=UNKNOWN, labels=list(...), leftKeys=['left'], lineColor='White', low=1, marker=ShapeStim(...), markerColor='Black', markerExpansion=UNKNOWN, markerStart=0, maxTime=2.0, minTime=0.0, mouseOnly=False, name='unnamed RatingScale', noMouse=True, pos=[0.0, -0.42], precision=1, respKeys=['1', '2', '3', '4'], rightKeys=['right'], scale=str(...), self=UNKNOWN, showAccept=False, showValue=True, singleClick=True, size=0.6, skipKeys=['tab'], stretch=1.0, textColor='LightGray', textFont='Helvetica Bold', textSize=0.12, tickHeight=1.0, tickMarks=3.0, win=Window(...))
240.3435 	EXP 	fixation_cross: autoDraw = False
240.3435 	EXP 	unnamed RatingScale: flipVert = False
240.3435 	EXP 	unnamed RatingScale: autoLog = True
240.3435 	EXP 	unnamed RatingScale: autoDraw = True
240.3435 	EXP 	MEMORY IMAGE ../../stim/practice_mem_single/sunaackkibslwddpycb.jpg: autoDraw = True
240.3435 	EXP 	WIN FLIP : FIXATION OFF, SCALE AND MEMORY ON
241.5651 	DATA 	Keypress: 2
241.5655 	DATA 	RatingScale unnamed RatingScale: (key single-click) rating=2
241.5655 	DATA 	RatingScale unnamed RatingScale: rating RT=1.242
241.5655 	DATA 	RatingScale unnamed RatingScale: history=[(None, 0.0), (2, 1.242)]
242.3385 	EXP 	WIN FLIP : SCALE AND MEMORY OFF, FIXATION ON
242.3385 	EXP 	unnamed RatingScale: autoDraw = False
242.3385 	EXP 	MEMORY IMAGE ../../stim/practice_mem_single/sunaackkibslwddpycb.jpg: autoDraw = False
242.3385 	EXP 	fixation_cross: autoDraw = True
242.3385 	EXP 	fixation_cross: autoDraw = False
242.3385 	EXP 	WIN FLIP : FIXATION OFF
242.3862 	EXP 	Created unnamed TextStim = TextStim(alignHoriz='center', alignVert='center', antialias=True, autoLog=True, bold=False, color=array([1., 1., 1.]), colorSpace='rgb', contrast=1.0, depth=0, flipHoriz=False, flipVert=False, font='', fontFiles=[], height=1.0, italic=False, name='unnamed TextStim', opacity=1.0, ori=0.0, pos=array([0., 0.]), rgb=array([1., 1., 1.]), text=newstr(...), units='deg', win=Window(...), wrapWidth=40)
242.4121 	EXP 	unnamed TextStim: autoDraw = True
313.6072 	DATA 	Keypress: return
314.9114 	EXP 	window1: mouseVisible = True
